1.19633 0
1.19939 0.00305953
1.19801 0.00224175
1.19638 0.00226864
1.19835 0.00263616
1.19827 0.00215374
1.19753 0.0019652
1.19726 0.00172311
1.19751 0.0015399
1.199 0.00203121
1.1979 0.00214119
1.19771 0.00196416
1.1986 0.00201418
1.19817 0.00191499
1.19891 0.00192995
1.199 0.00180766
1.1988 0.00170905
1.19933 0.00169465
1.19894 0.00164929
1.19945 0.00164605
1.1992 0.00158579
1.19914 0.00151332
1.19946 0.00148164
1.19937 0.00142138
1.19957 0.00137765
1.19951 0.00132477
1.19933 0.00128728
1.1996 0.00126874
1.19921 0.00128607
1.19935 0.00125086
1.19963 0.00124119
1.19987 0.00122683
1.20002 0.00119784
1.19988 0.00116993
1.20016 0.00116809
1.20004 0.00114085
1.19987 0.00112344
1.19983 0.00109419
1.20003 0.00108453
1.20005 0.0010573
1.20004 0.00103126
1.20007 0.0010068
1.20022 0.000995606
1.20026 0.000973452
1.20001 0.000983125
1.2001 0.000965821
1.20024 0.000955366
1.19997 0.000975263
1.19992 0.000956624
1.19993 0.000937376
1.19983 0.000924372
1.20004 0.000930538
1.20004 0.000912826
1.20001 0.000896437
1.20002 0.000880026
1.20002 0.000864202
1.19998 0.000849784
1.20019 0.000859435
1.2002 0.000844917
1.20026 0.000832418
1.20021 0.000820121
1.20026 0.000808366
1.20029 0.000795951
1.20017 0.000791578
1.2003 0.00078924
1.20037 0.00078047
1.20038 0.000768846
1.20035 0.000758138
1.2003 0.000749237
1.20035 0.000740352
1.20039 0.000730822
1.20035 0.000721416
1.20032 0.000712161
1.20038 0.000705439
1.20032 0.000698614
1.20031 0.000689466
1.2003 0.000680537
1.20024 0.000674892
1.2003 0.000669461
1.20033 0.000661537
1.20029 0.000654232
1.20028 0.000646283
1.20026 0.000638829
1.20025 0.000631306
1.20021 0.000624868
1.20019 0.000618015
1.20023 0.00061214
1.20032 0.000611622
1.20028 0.000605751
1.20032 0.000600505
1.20034 0.000594152
1.20043 0.000593863
1.20039 0.000588867
1.20025 0.000599149
1.20018 0.000597028
1.20018 0.000590808
1.20031 0.000598042
1.20025 0.000594708
1.20029 0.000590089
1.2003 0.00058432
