-7.52429 0
-7.52682 0.00253886
-7.52492 0.00240003
-7.52313 0.00246917
-7.52513 0.00276568
-7.52502 0.00226077
-7.52411 0.00211565
-7.52376 0.00186567
-7.52402 0.00166598
-7.52551 0.00210519
-7.52446 0.00217262
-7.52422 0.00199752
-7.52514 0.00205374
-7.52458 0.0019839
-7.52538 0.00201471
-7.52548 0.00188727
-7.52534 0.00177844
-7.52585 0.00175141
-7.52544 0.00170655
-7.52598 0.00170832
-7.52576 0.00163932
-7.52579 0.00156333
-7.52617 0.00154109
-7.52608 0.00147862
-7.52629 0.00143358
-7.52623 0.00137845
-7.52612 0.00133066
-7.5264 0.00131137
-7.526 0.00132822
-7.52617 0.00129437
-7.52646 0.00128528
-7.52671 0.0012697
-7.52682 0.00123607
-7.52668 0.00120827
-7.52695 0.00120443
-7.52683 0.00117695
-7.52665 0.00115777
-7.52661 0.00112761
-7.5268 0.00111371
-7.52682 0.00108584
-7.52678 0.00106008
-7.52681 0.00103505
-7.52694 0.00101954
-7.52698 0.000996794
-7.52673 0.00100482
-7.52681 0.00098601
-7.52695 0.000974114
-7.52668 0.000991856
-7.52662 0.000972935
-7.52662 0.000953278
-7.52653 0.000939013
-7.52677 0.000951352
-7.52676 0.000933252
-7.52671 0.000917496
-7.52668 0.000900962
-7.52669 0.000884751
-7.52662 0.000871645
-7.52683 0.000882217
-7.52685 0.00086734
-7.52693 0.000855936
-7.52688 0.000842806
-7.52693 0.000830269
-7.52696 0.00081767
-7.52686 0.000811334
-7.527 0.000811948
-7.52709 0.000804304
-7.52711 0.000792538
-7.52706 0.00078278
-7.527 0.000773418
-7.52706 0.000764202
-7.52709 0.000754148
-7.52706 0.000744187
-7.52704 0.000734282
-7.52708 0.000725487
-7.527 0.00072048
-7.52699 0.000710973
-7.52698 0.000701733
-7.52691 0.000696157
-7.52697 0.00068959
-7.52698 0.000681005
-7.52696 0.000672803
-7.52694 0.000664797
-7.52692 0.00065708
-7.52692 0.000649244
-7.52688 0.000642483
-7.52686 0.000635479
-7.5269 0.000629606
-7.52699 0.000629486
-7.52695 0.000623502
-7.527 0.000617854
-7.527 0.000611089
-7.52707 0.000608314
-7.52703 0.00060331
-7.52689 0.000612358
-7.52682 0.000610352
-7.52682 0.000603961
-7.52695 0.000611867
-7.52689 0.000608631
-7.52694 0.000604626
-7.52696 0.000599056
