7.49634 0
7.6126 0.116268
7.59537 0.0693037
7.64103 0.0669777
7.66 0.0552397
7.69232 0.0554861
7.66918 0.05229
7.62603 0.0625554
7.63855 0.0565723
7.66358 0.0564527
7.69612 0.0605513
7.66944 0.0613782
7.66703 0.056511
7.66653 0.0523214
7.6609 0.049033
7.65214 0.0466954
7.65438 0.0439199
7.66901 0.0439155
7.66863 0.0415416
7.67294 0.0396448
7.67387 0.0377212
7.65526 0.0404935
7.66432 0.0397384
7.65415 0.039383
7.6555 0.0377992
7.66988 0.0390594
7.68272 0.0397173
7.67173 0.0398206
7.66509 0.0389923
7.66172 0.0378208
7.66523 0.0367484
7.66715 0.0356332
7.65773 0.0357984
7.66731 0.0360285
7.6681 0.0349927
7.66575 0.0340873
7.66652 0.0331622
7.66968 0.0324314
7.66872 0.0316033
7.67388 0.0312323
7.67506 0.0304839
7.68178 0.0304986
7.66699 0.0332513
7.66546 0.0325229
7.67362 0.0328225
7.6781 0.0324121
7.67479 0.0318871
7.67764 0.031345
7.67204 0.0312042
7.67431 0.0306575
7.67199 0.0301395
7.67227 0.0295555
7.67303 0.0290025
7.67814 0.0289156
7.67753 0.0283915
7.67163 0.0284985
7.67379 0.0280774
7.67605 0.0276815
7.67217 0.0274829
7.66792 0.0273537
7.66474 0.0270891
7.67138 0.0274635
7.6759 0.0273997
7.67172 0.02729
7.66974 0.0269397
7.67593 0.0272417
7.67013 0.0274532
7.67231 0.027134
7.67269 0.0267407
7.67489 0.0264473
7.67775 0.0262285
7.68226 0.0262524
7.67061 0.0283927
7.66766 0.0281607
7.67291 0.0282744
7.67495 0.027974
7.67711 0.0276924
7.67624 0.027349
7.67217 0.0273053
7.67264 0.026966
7.66259 0.0284634
7.66746 0.0285321
7.67103 0.028412
7.67186 0.028084
7.66782 0.0280436
7.67272 0.0281455
7.67663 0.0280933
7.67732 0.0277808
7.67564 0.0275181
7.67611 0.0272146
7.676 0.0269142
7.67326 0.0267608
7.6712 0.0265512
7.6718 0.0262739
7.67771 0.0266605
7.67999 0.0264795
7.6743 0.0268158
7.67282 0.0265819
7.67513 0.0264136
7.67654 0.0261862
