0.824357 0
0.811682 0.0126747
0.813865 0.00763649
0.805992 0.00954684
0.802671 0.00810633
0.797669 0.00829633
0.799529 0.00725411
0.805199 0.00846232
0.804111 0.00754196
0.800998 0.00742914
0.796169 0.00827539
0.799672 0.00832715
0.800152 0.00767487
0.800303 0.00710716
0.800997 0.00665271
0.801923 0.0062915
0.801779 0.00591158
0.799674 0.00595759
0.799477 0.00563877
0.798558 0.0054278
0.798498 0.00516321
0.801037 0.00553928
0.799811 0.00543317
0.801303 0.00541156
0.801237 0.00519101
0.799356 0.00533039
0.797629 0.00541214
0.799087 0.00541534
0.800047 0.00531273
0.800592 0.00516145
0.80014 0.00501261
0.799899 0.0048594
0.801157 0.00487499
0.799962 0.00487817
0.800034 0.00473729
0.800608 0.00463943
0.800549 0.00451268
0.799991 0.00442764
0.800025 0.00431275
0.799397 0.00425017
0.799343 0.00414557
0.798555 0.00412152
0.800638 0.00453143
0.801055 0.00444684
0.799919 0.00449281
0.79922 0.00444941
0.799762 0.00438736
0.799496 0.00430324
0.800377 0.00430559
0.800136 0.00422545
0.800495 0.00415725
0.80048 0.00407655
0.800325 0.0040019
0.799685 0.00397893
0.799776 0.00390698
0.800629 0.00393037
0.800367 0.00386969
0.799966 0.00382349
0.800472 0.0037921
0.801044 0.00377192
0.801455 0.00373223
0.800681 0.00375215
0.800186 0.00372516
0.80071 0.00370373
0.800985 0.00365668
0.800183 0.00368913
0.801022 0.00372928
0.80078 0.003682
0.800642 0.00363087
0.800385 0.00358787
0.800091 0.00354914
0.799448 0.00355808
0.801001 0.00383744
0.801442 0.00381073
0.800797 0.00381437
0.800545 0.00377229
0.800141 0.00374484
0.800146 0.00369652
0.800689 0.0036896
0.800607 0.00364413
0.801848 0.00380701
0.801095 0.00383498
0.800649 0.00381468
0.800598 0.00376935
0.801203 0.00377357
0.800532 0.00378921
0.799972 0.00378703
0.799901 0.00374444
0.800132 0.00370934
0.800012 0.00366985
0.79999 0.00362937
0.80029 0.00360225
0.800515 0.00357036
0.800412 0.00353367
0.799648 0.00357863
0.799394 0.00355029
0.800213 0.00360769
0.800412 0.00357625
0.80007 0.00355644
0.79992 0.0035239
