0.0115332	0	0
0.0345996	0	0
0.0576661	0	0
0.0807325	0	0
0.103799	0	0
0.126865	0	0
0.149932	0	0
0.172998	0	0
0.196065	0	0
0.219131	0	0
0.242198	0	0
0.265264	0	0
0.28833	0	0
0.311397	0	0
0.334463	0	0
0.35753	0	0
0.380596	0	0
0.403663	0	0
0.426729	0	0
0.449795	0	0
0.472862	0	0
0.495928	0	0
0.518995	0	0
0.542061	0	0
0.565128	0	0
0.588194	0	0
0.61126	0	0
0.634327	0	0
0.657393	0	0
0.68046	0	0
0.703526	0	0
0.726593	0	0
0.749659	0	0
0.772725	0	0
0.795792	0	0
0.818858	0	0
0.841925	0	0
0.864991	0	0
0.888058	0	0
0.911124	0.00307821	0.000827889
0.93419	0.0477144	0.00353157
0.957257	0.308275	0.00836197
0.980323	1.02667	0.012571
1.00339	2.26161	0.0189149
1.02646	3.61523	0.0235293
1.04952	4.59473	0.0260871
1.07259	4.90608	0.0272366
1.09566	4.49777	0.0290777
1.11872	3.64436	0.0273452
1.14179	2.6373	0.0204792
1.16485	1.79153	0.0176928
1.18792	1.15274	0.0125079
1.21099	0.664107	0.0110126
1.23405	0.365273	0.00807975
1.25712	0.179193	0.00604522
1.28019	0.0939098	0.00454815
1.30325	0.0557368	0.00363361
1.32632	0.0498862	0.00334424
1.34939	0.0658978	0.00331235
1.37245	0.11066	0.00413807
1.39552	0.192384	0.00581198
1.41859	0.311346	0.0065506
1.44165	0.454207	0.00753428
1.46472	0.631975	0.00784825
1.48778	0.797012	0.00815414
1.51085	0.920535	0.00945601
1.53392	0.947091	0.0114056
1.55698	0.916937	0.00964613
1.58005	0.784536	0.00827279
1.60312	0.62219	0.00762495
1.62618	0.470673	0.00609346
1.64925	0.333351	0.00609982
1.67232	0.228855	0.0054119
1.69538	0.199393	0.00530177
1.71845	0.272647	0.00586475
1.74152	0.462791	0.00766028
1.76458	0.785096	0.0109215
1.78765	1.21012	0.0106724
1.81071	1.73776	0.00939495
1.83378	2.22552	0.0124459
1.85685	2.57737	0.0175108
1.87991	2.67617	0.0158979
1.90298	2.51135	0.0147743
1.92605	2.12922	0.0120796
1.94911	1.66757	0.00950489
1.97218	1.19791	0.00875827
1.99525	0.826365	0.00798745
2.01831	0.573463	0.00791688
2.04138	0.453847	0.00761737
2.06445	0.482	0.006538
2.08751	0.614175	0.00631136
2.11058	0.775614	0.00650746
2.13364	0.908162	0.0066468
2.15671	0.985659	0.00784029
2.17978	0.997106	0.00827643
2.20284	0.90543	0.00682476
2.22591	0.781346	0.00599633
2.24898	0.676386	0.00571613
2.27204	0.590244	0.00683736
2.29511	0.595342	0.00725022
