-3.77824 0
-3.77809 0.000149902
-3.77867 0.000595149
-3.77935 0.000799572
-3.77924 0.000630421
-3.77872 0.000730283
-3.7782 0.000802819
-3.77787 0.000770207
-3.77737 0.000848353
-3.7771 0.000802319
-3.77724 0.000738099
-3.77734 0.000680575
-3.7775 0.000646547
-3.77775 0.000648144
-3.77796 0.000639713
-3.77816 0.000630576
-3.77806 0.000600713
-3.77812 0.000570153
-3.77801 0.000550442
-3.77802 0.000522228
-3.77808 0.000500097
-3.77813 0.000480083
-3.77817 0.000460598
-3.7783 0.000458718
-3.77825 0.000443194
-3.77834 0.000435034
-3.77851 0.000454845
-3.77859 0.000445008
-3.77876 0.000461482
-3.77877 0.000446039
-3.77889 0.000446619
-3.77888 0.000432494
-3.77886 0.000419854
-3.77893 0.000413753
-3.77902 0.000411184
-3.7791 0.000408648
-3.77899 0.000412195
-3.7789 0.000412845
-3.77883 0.000408023
-3.77882 0.000397732
-3.77883 0.000388054
-3.77889 0.000382891
-3.77895 0.000379298
-3.77893 0.000371177
-3.77898 0.000365923
-3.779 0.000358717
-3.77909 0.000362306
-3.77914 0.000357456
-3.77913 0.000350173
-3.77913 0.000343098
-3.77924 0.000355012
-3.77929 0.000351266
-3.77936 0.000350874
-3.77941 0.00034787
-3.77948 0.000350029
-3.77948 0.000343745
-3.77947 0.000337701
-3.77956 0.000342521
-3.7796 0.000339535
-3.77968 0.000343583
-3.77973 0.000341296
-3.77973 0.000335762
-3.77971 0.00033112
-3.77965 0.00033068
-3.77963 0.000326569
-3.77962 0.000321587
-3.77961 0.000317002
-3.77962 0.000312482
-3.7796 0.000309082
-3.7796 0.000304789
-3.7796 0.000300533
-3.77957 0.00029796
-3.7795 0.000301228
-3.77943 0.000305779
-3.7794 0.000303574
-3.77935 0.000302285
-3.77932 0.000300505
-3.77931 0.000296915
-3.77929 0.000293807
-3.77931 0.000291056
-3.77929 0.000287975
-3.77931 0.000285062
-3.77935 0.000284032
-3.77938 0.000283064
-3.77942 0.000282512
-3.77947 0.000283804
-3.77951 0.000282568
-3.77951 0.000279346
-3.77952 0.000276789
-3.77954 0.000274042
-3.77956 0.000271646
-3.77953 0.000270051
-3.77958 0.000271933
-3.7796 0.000269959
-3.77958 0.000267808
-3.77962 0.000267455
-3.77962 0.000264716
-3.77963 0.000262036
-3.77964 0.000259713
-3.77964 0.000257105
