1.63075 0
1.50916 0.121596
1.53961 0.0765232
1.60041 0.0813953
1.6298 0.0695614
1.68776 0.0811477
1.70908 0.0718209
1.67244 0.0721908
1.67555 0.0637425
1.70209 0.0628866
1.74179 0.0693688
1.74166 0.0633249
1.73795 0.0583685
1.71297 0.0595338
1.66878 0.0708824
1.63659 0.0737055
1.63323 0.0693155
1.63187 0.0653654
1.62846 0.0619233
1.62847 0.0587456
1.63377 0.0561286
1.64472 0.0546265
1.65423 0.053056
1.63824 0.0532534
1.61782 0.0550088
1.63023 0.0542877
1.63605 0.0525611
1.62505 0.0518288
1.62246 0.0500771
1.63664 0.0504162
1.64225 0.0490845
1.64048 0.0475589
1.6391 0.0461157
1.62997 0.0456622
1.62924 0.0443444
1.62744 0.0431325
1.63628 0.0428723
1.63744 0.0417451
1.63672 0.040667
1.63912 0.03971
1.64569 0.0392818
1.64104 0.0386153
1.62743 0.0400886
1.62286 0.0394325
1.62192 0.0385577
1.62615 0.0379469
1.62305 0.0372601
1.61817 0.0368011
1.61427 0.0362521
1.616 0.0355615
1.61007 0.0353571
1.5953 0.0376871
1.57856 0.0405815
1.57871 0.0398231
1.57368 0.0394147
1.57235 0.038727
1.58151 0.0391271
1.58848 0.0390743
1.58936 0.0384164
1.59123 0.0378168
1.5888 0.0372712
1.58774 0.0366803
1.58461 0.0362288
1.57581 0.0367291
1.58078 0.0364998
1.58335 0.0360344
1.58378 0.0354952
1.57708 0.0356065
1.58059 0.0352625
1.58563 0.0351174
1.58868 0.0347533
1.58633 0.0343478
1.58456 0.0339201
1.58044 0.0337114
1.57547 0.0336273
1.5749 0.0331867
1.57579 0.0327649
1.57775 0.0324013
1.58243 0.0323299
1.58193 0.0319272
1.58166 0.0315317
1.57842 0.0313134
1.57783 0.0309394
1.57913 0.0305961
1.58249 0.0304203
1.58804 0.0305732
1.5847 0.0304036
1.58393 0.0300662
1.58675 0.0298603
1.58735 0.0295327
1.58526 0.029281
1.58606 0.0289722
1.58946 0.0288593
1.58118 0.0297267
1.57694 0.0297162
1.5747 0.0294901
1.56999 0.0295611
1.56841 0.0293008
1.56801 0.029006
1.56534 0.0288388
