-5.4191 0
-5.43857 0.0194704
-5.42802 0.0154164
-5.41947 0.0138549
-5.42469 0.0119355
-5.42026 0.0107064
-5.42004 0.00905117
-5.43075 0.0132733
-5.42982 0.0117428
-5.42443 0.0118091
-5.41629 0.0134253
-5.41859 0.0124696
-5.41845 0.0114712
-5.42073 0.0108635
-5.42739 0.0121092
-5.43224 0.0123215
-5.43028 0.0117391
-5.42894 0.0111484
-5.42934 0.010553
-5.42868 0.0100336
-5.42648 0.00979259
-5.42344 0.00981852
-5.42112 0.00966688
-5.42472 0.00993376
-5.42874 0.0103397
-5.42439 0.0108449
-5.42197 0.0107123
-5.42364 0.0104577
-5.42354 0.0100912
-5.42009 0.0103422
-5.41879 0.0100879
-5.41851 0.00977159
-5.41774 0.00950188
-5.41941 0.0093691
-5.41954 0.00909829
-5.4202 0.00886683
-5.41797 0.008908
-5.41816 0.00867254
-5.41919 0.00850957
-5.42005 0.00833838
-5.4193 0.00816628
-5.42045 0.00805134
-5.42379 0.00854317
-5.42473 0.0083995
-5.42475 0.00821075
-5.42324 0.00817234
-5.42384 0.00801924
-5.42502 0.00793826
-5.4258 0.0078141
-5.42478 0.00772387
-5.42527 0.0075867
-5.42784 0.00787178
-5.43108 0.00837163
-5.42985 0.00830702
-5.43044 0.00817615
-5.43032 0.00802971
-5.4281 0.00819427
-5.42683 0.00815055
-5.42708 0.00801503
-5.4265 0.00790137
-5.42678 0.00777567
-5.42644 0.00765665
-5.4266 0.00753575
-5.42848 0.0076514
-5.42722 0.00763658
-5.42712 0.00752071
-5.42729 0.00740959
-5.42919 0.00754258
-5.42852 0.00746257
-5.42759 0.00741348
-5.4271 0.0073246
-5.42788 0.007264
-5.42808 0.0071666
-5.42902 0.00713072
-5.43038 0.00716578
-5.43055 0.00707287
-5.4304 0.00698197
-5.42993 0.00690767
-5.42869 0.00693165
-5.42896 0.00684957
-5.4291 0.00676605
-5.42986 0.00672548
-5.42958 0.00664983
-5.42899 0.00659658
-5.42816 0.00657103
-5.42678 0.00664026
-5.42748 0.00660091
-5.42744 0.00652556
-5.42659 0.00650826
-5.42655 0.00643568
-5.42733 0.00641233
-5.42732 0.00634225
-5.42644 0.00633514
-5.42833 0.00654681
-5.42887 0.00649947
-5.42886 0.00643141
-5.42962 0.00641028
-5.42999 0.006355
-5.43054 0.00631467
-5.43177 0.00637132
