1.09391 0
1.10699 0.0130802
1.09956 0.0105912
1.09341 0.00969327
1.09697 0.00830983
1.09436 0.00726974
1.09456 0.00614721
1.10192 0.00908515
1.10164 0.00801729
1.09821 0.0079468
1.0927 0.00905791
1.09417 0.00839828
1.09397 0.007728
1.09533 0.0072825
1.09962 0.00802735
1.10272 0.0081237
1.10148 0.0077312
1.10055 0.00734894
1.10089 0.00695973
1.10044 0.00661777
1.09894 0.00647116
1.09688 0.00650552
1.09529 0.00641409
1.09762 0.00656508
1.10033 0.00685634
1.09737 0.00722176
1.09564 0.00716158
1.0967 0.00698287
1.09652 0.00674017
1.09421 0.00690943
1.09327 0.00674967
1.09308 0.00653786
1.09259 0.00635601
1.09366 0.00625806
1.09368 0.00607667
1.09406 0.00591804
1.09265 0.00592727
1.09284 0.00577241
1.09357 0.00566984
1.09415 0.00555619
1.09365 0.00544219
1.09437 0.0053604
1.09656 0.00567246
1.0972 0.00557895
1.09718 0.00545359
1.09616 0.00543184
1.0965 0.00532599
1.09725 0.00526832
1.09778 0.00518669
1.0971 0.00512723
1.09735 0.00503193
1.09904 0.00521369
1.10115 0.0055332
1.10029 0.00549659
1.10064 0.00540671
1.10056 0.00530984
1.09908 0.00542097
1.09818 0.00540219
1.09832 0.00531157
1.09788 0.00524067
1.09803 0.00515629
1.09781 0.00507732
1.09793 0.00499748
1.09922 0.00508514
1.0984 0.00507292
1.09833 0.00499593
1.09845 0.00492233
1.09971 0.00501003
1.09928 0.00495546
1.09866 0.00492398
1.09834 0.00486475
1.09888 0.00482699
1.09905 0.00476372
1.09973 0.00474668
1.10066 0.00477464
1.1008 0.00471345
1.10072 0.00465243
1.10042 0.00460235
1.09961 0.00461606
1.09977 0.00456083
1.09988 0.00450548
1.10037 0.00447715
1.10015 0.0044279
1.09974 0.00439477
1.09916 0.00438121
1.0982 0.00443454
1.09865 0.00440584
1.09862 0.00435553
1.09804 0.00434551
1.09801 0.00429711
1.09851 0.00427994
1.09853 0.00423318
1.09791 0.00423318
1.09915 0.00436949
1.09952 0.00433894
1.09949 0.0042936
1.1 0.00427908
1.10024 0.004242
1.1006 0.00421428
1.10142 0.00425178
