-7.69898
-7.64744
-7.71907
-7.63079
-7.57041
-7.5433
-7.56317
-7.51429
-7.48342
-7.4666
-7.47481
-7.44023
-7.41998
-7.34007
-7.35757
-7.4878
-7.52443
-7.48588
-7.62248
-7.64348
-7.60401
-7.58783
-7.49018
-7.49555
-7.4807
-7.51058
-7.50517
-7.5041
-7.51178
-7.38935
-7.37179
-7.44106
-7.42147
-7.54251
-7.55956
-7.53136
-7.52271
-7.49848
-7.59835
-7.52319
-7.55317
-7.55906
-7.5852
-7.523
-7.58817
-7.54272
-7.55204
-7.52966
-7.51332
-7.58915
-7.66007
-7.59991
-7.6351
-7.59327
-7.5932
-7.6164
-7.63028
-7.60564
-7.6174
-7.59913
-7.53433
-7.57699
-7.58133
-7.45525
-7.49451
-7.50649
-7.53303
-7.60852
-7.61817
-7.53052
-7.46772
-7.47977
-7.43403
-7.43588
-7.46463
-7.50512
-7.49983
-7.49703
-7.46253
-7.42564
-7.41373
-7.31275
-7.33327
-7.40821
-7.40793
-7.49218
-7.5915
-7.5904
-7.58165
-7.65603
-7.67155
-7.73364
-7.70794
-7.63416
-7.64288
-7.67907
-7.65307
-7.67458
-7.68082
-7.61228
-7.65195
-7.63934
-7.68629
-7.66058
-7.56632
-7.47822
-7.51363
-7.53671
-7.46517
-7.47106
-7.64792
-7.60616
-7.65635
-7.55566
-7.63379
-7.66616
-7.63383
-7.54485
-7.61412
-7.62258
-7.58746
-7.4662
-7.50535
-7.47001
-7.56379
-7.52439
-7.49058
-7.53885
-7.45221
-7.49772
-7.54514
-7.63362
-7.61958
-7.57061
-7.60852
-7.64309
-7.63237
-7.6316
-7.64656
-7.60153
-7.53851
-7.59328
-7.61202
-7.65465
-7.58805
-7.61724
-7.64873
-7.61386
-7.58413
-7.63269
-7.61516
-7.6029
-7.61312
-7.61679
-7.59364
-7.51878
-7.46698
-7.4703
-7.5073
-7.51589
-7.52051
-7.5274
-7.49262
-7.59755
-7.63496
-7.66494
-7.67368
-7.68637
-7.66786
-7.64878
-7.58785
-7.52943
-7.55498
-7.5382
-7.53573
-7.52752
-7.50823
-7.52942
-7.47962
-7.48608
-7.52686
-7.49814
-7.51437
-7.5131
-7.42026
-7.46442
-7.48128
-7.50757
-7.47553
-7.48204
-7.4769
-7.45293
-7.45135
-7.45372
-7.48874
-7.55049
-7.44913
-7.4363
-7.43633
-7.44981
-7.51204
-7.50247
-7.57281
-7.55541
-7.62485
-7.62812
-7.61289
-7.68002
-7.62397
-7.56693
-7.63332
-7.58939
-7.58351
-7.59856
-7.55251
-7.56304
-7.49263
-7.44973
-7.40158
-7.43988
-7.4229
-7.43647
-7.37234
-7.48374
-7.51376
-7.48467
-7.48483
-7.39369
-7.39976
-7.38491
-7.43948
-7.4472
-7.42912
-7.40886
-7.47794
-7.47811
-7.46745
-7.42608
-7.44506
-7.48219
-7.46381
-7.41907
-7.4656
-7.40439
-7.37979
-7.36951
-7.32567
-7.27473
-7.2638
-7.37295
-7.40669
-7.46728
-7.43472
-7.473
-7.50896
-7.44346
-7.41373
-7.57345
-7.57104
-7.45098
-7.41789
-7.54816
-7.59926
-7.5591
-7.61314
-7.65219
-7.60606
-7.54649
-7.49895
-7.52306
-7.55109
-7.56934
-7.51753
-7.52486
-7.55566
-7.61441
-7.48523
-7.51202
-7.51167
-7.46866
-7.42683
-7.46178
-7.46492
-7.4212
-7.4783
-7.47305
-7.45892
-7.46075
-7.48576
-7.55447
-7.47845
-7.4235
-7.36735
-7.39532
-7.51086
-7.48562
-7.42114
-7.54115
-7.56671
-7.55415
-7.55045
-7.48155
-7.47676
-7.41874
-7.50367
-7.51888
-7.46814
-7.47971
-7.56102
-7.60256
-7.59375
-7.67633
-7.62541
-7.54502
-7.57326
-7.53037
-7.55458
-7.64689
-7.65587
-7.69783
-7.75909
-7.71297
-7.73839
-7.71369
-7.71652
-7.81323
-7.81651
-7.77469
-7.77359
-7.76429
-7.65499
-7.57777
-7.54304
-7.52401
-7.53156
-7.46049
-7.4383
-7.38958
-7.41799
-7.54755
-7.61805
-7.67713
-7.5959
-7.597
-7.66726
-7.60907
-7.5157
-7.5269
-7.5319
-7.60932
-7.55951
-7.6313
-7.64329
-7.59434
-7.56233
-7.6059
-7.59354
-7.71459
-7.6547
-7.64275
-7.64964
-7.69749
-7.67549
-7.66961
-7.633
-7.57384
-7.55266
-7.63781
-7.68551
-7.62944
-7.59743
-7.59389
-7.56599
-7.67831
-7.66994
-7.69841
-7.63816
-7.56443
-7.48028
-7.45723
-7.38494
-7.44404
-7.44055
-7.40441
-7.42445
-7.36809
-7.394
-7.39639
-7.37361
-7.53344
-7.52509
-7.58758
-7.61464
-7.57268
-7.56161
-7.53103
-7.56204
-7.50692
-7.44264
-7.4731
-7.48651
-7.57492
-7.51738
-7.51019
-7.50542
-7.55251
-7.46421
-7.45776
-7.43506
-7.44759
-7.49072
-7.46483
-7.47079
-7.48817
-7.55732
-7.60058
-7.64088
-7.74446
-7.67328
-7.70491
-7.69784
-7.67653
-7.65718
-7.63431
-7.57068
-7.61033
-7.61483
-7.63458
-7.75832
-7.68195
-7.62451
-7.68335
-7.62881
-7.61734
-7.59612
-7.62097
-7.65094
-7.59582
-7.58304
-7.5799
-7.53781
-7.5765
-7.6008
-7.53463
-7.53758
-7.54725
-7.52355
-7.44765
-7.41328
-7.3539
-7.37545
-7.46588
-7.5905
-7.57123
-7.61529
-7.6069
-7.68946
-7.66702
-7.61837
-7.58198
-7.58416
-7.51612
-7.5336
-7.6496
-7.5992
-7.58877
-7.53556
-7.48431
-7.53698
-7.5424
-7.62424
-7.54823
-7.59351
-7.48976
-7.50822
-7.49882
-7.44564
-7.42529
-7.54644
-7.50676
-7.5103
-7.45702
-7.46176
-7.47082
-7.34419
-7.35445
-7.40751
-7.50693
-7.50678
-7.45842
-7.42776
-7.48211
-7.46188
-7.51172
-7.52194
-7.54906
-7.54263
-7.60668
-7.51739
-7.60292
-7.59009
-7.5738
-7.61549
-7.55037
-7.53241
-7.5422
-7.46052
-7.51945
-7.60476
-7.61254
-7.52701
-7.52167
-7.57992
-7.66968
-7.62539
-7.61372
-7.58332
-7.53192
-7.45894
-7.44997
-7.3567
-7.31137
-7.34672
-7.30934
-7.5253
-7.49758
-7.54756
-7.58624
-7.50482
-7.48494
-7.56723
-7.4829
-7.48842
-7.50921
-7.47824
-7.40313
-7.49985
-7.45041
-7.45988
-7.44528
-7.50088
-7.50964
-7.5053
-7.44156
-7.43141
-7.40218
-7.43556
-7.47711
-7.48225
-7.46442
-7.46595
-7.50824
-7.53441
-7.49821
-7.44004
-7.49461
-7.51879
-7.59466
-7.40481
-7.35345
-7.3424
-7.46974
-7.36647
-7.41254
-7.43614
-7.53007
-7.4826
-7.56867
-7.57321
-7.63162
-7.66655
-7.62747
-7.56953
-7.47584
-7.40718
-7.40531
-7.43022
-7.40277
-7.34586
-7.34312
-7.40238
-7.47789
-7.49483
-7.48563
-7.47611
-7.45506
-7.4922
-7.4895
-7.55082
-7.50324
-7.61505
-7.58728
-7.65277
-7.73713
-7.71249
-7.72089
-7.69573
-7.68946
-7.61523
-7.58977
-7.56299
-7.67213
-7.67098
-7.67458
-7.6934
-7.71018
-7.6555
-7.69832
-7.64684
-7.74172
-7.65151
-7.61739
-7.54688
-7.56379
-7.64763
-7.66034
-7.65838
-7.66471
-7.64388
-7.60903
-7.61282
-7.57119
-7.55651
-7.59592
-7.55281
-7.47107
-7.44479
-7.42272
-7.42083
-7.44973
-7.44592
-7.40257
-7.48848
-7.53324
-7.57173
-7.60103
-7.66079
-7.56216
-7.58536
-7.59916
-7.52352
-7.53694
-7.47102
-7.5605
-7.47414
-7.48475
-7.46209
-7.43538
-7.41387
-7.39668
-7.50557
-7.52866
-7.53628
-7.53868
-7.44401
-7.4361
-7.50251
-7.55889
-7.59434
-7.50051
-7.45635
-7.40315
-7.46435
-7.43814
-7.47407
-7.45633
-7.53766
-7.49568
-7.54055
-7.59352
-7.60777
-7.61937
-7.59068
-7.62439
-7.62181
-7.52436
-7.51528
-7.5075
-7.52868
-7.51328
-7.48236
-7.52949
-7.55481
-7.59298
-7.57972
-7.58239
-7.57774
-7.61249
-7.52191
-7.55527
-7.54545
-7.5999
-7.60753
-7.54897
-7.60302
-7.56636
-7.49357
-7.52184
-7.61197
-7.57293
-7.53739
-7.53563
-7.55566
-7.60475
-7.61142
-7.70055
-7.71156
-7.68003
-7.59875
-7.57199
-7.601
-7.5979
-7.59959
-7.59192
-7.56922
-7.61241
-7.52852
-7.51845
-7.47725
-7.456
-7.52325
-7.49522
-7.4913
-7.58542
-7.57759
-7.48564
-7.53622
-7.4841
-7.5035
-7.53886
-7.59463
-7.59985
-7.56548
-7.50869
-7.52866
-7.54268
-7.61804
-7.57921
-7.55361
-7.46005
-7.5371
-7.57122
-7.57788
-7.61867
-7.63902
-7.61256
-7.58867
-7.62558
-7.67687
-7.74912
-7.73744
-7.65661
-7.54673
-7.62695
-7.67246
-7.67791
-7.62686
-7.72373
-7.72113
-7.72506
-7.71516
-7.70689
-7.66418
-7.69442
-7.64767
-7.67364
-7.62453
-7.59585
-7.64035
-7.51296
-7.4358
-7.38612
-7.46669
-7.58199
-7.5159
-7.53065
-7.54487
-7.53847
-7.60969
-7.6312
-7.56158
-7.53379
-7.5754
-7.62242
-7.68253
-7.67965
-7.70736
-7.78542
-7.76796
-7.79774
-7.75392
-7.75242
-7.70591
-7.66161
-7.62059
-7.60364
-7.67143
-7.65143
-7.672
-7.65371
-7.61584
-7.60173
-7.62065
-7.5536
-7.56809
-7.54933
-7.52305
-7.49509
-7.54616
-7.51315
-7.52127
-7.53918
-7.57395
-7.50423
-7.47599
-7.52469
-7.4452
-7.57079
-7.54425
-7.55255
-7.53257
-7.51412
-7.51228
-7.50067
-7.48611
-7.46096
-7.51273
-7.42943
-7.45695
-7.49528
-7.41499
-7.44608
-7.53869
-7.55304
-7.52463
-7.53375
-7.52075
-7.50075
-7.56959
-7.62492
-7.67151
-7.62872
-7.58243
-7.5656
-7.58242
-7.49773
-7.41609
-7.4219
-7.4377
-7.46006
-7.43149
-7.52475
-7.55598
-7.56272
-7.48948
-7.47144
-7.49188
-7.52196
-7.49557
-7.52146
-7.50526
-7.54417
-7.5278
-7.44844
-7.41706
-7.45516
-7.39843
-7.37597
-7.31028
-7.38109
-7.42093
-7.45699
-7.44426
-7.50516
-7.54909
-7.4693
-7.57561
-7.60622
-7.62517
-7.67522
-7.71865
-7.69476
-7.68712
-7.69608
-7.7141
-7.67579
-7.64744
-7.63415
-7.631
-7.54314
-7.45005
-7.46944
-7.51004
-7.5652
-7.53801
-7.54284
-7.53602
-7.56427
-7.55655
-7.61336
-7.6185
-7.62576
-7.59569
-7.56039
-7.5646
-7.51784
-7.57241
-7.531
-7.50767
-7.48238
-7.50444
-7.47118
-7.51472
-7.55179
-7.59218
-7.65523
-7.62298
-7.54785
-7.52914
-7.53023
-7.57426
-7.52861
-7.55728
-7.50575
-7.54397
-7.55101
-7.56551
-7.60942
-7.56378
-7.52915
-7.66326
-7.67019
-7.59716
-7.5368
-7.49112
-7.4958
-7.64577
-7.55152
-7.49703
-7.52733
-7.55619
-7.62846
-7.66479
-7.62953
-7.55769
-7.59336
-7.60436
-7.58052
-7.60774
-7.61971
-7.62785
-7.61553
-7.58541
-7.60163
-7.54954
-7.56769
-7.59343
-7.46032
-7.40937
-7.44146
-7.42406
-7.40408
-7.41344
-7.48604
-7.48242
-7.54762
-7.60485
-7.57482
-7.55225
-7.5223
-7.54803
-7.53518
-7.4672
-7.37574
-7.36768
-7.35354
-7.44229
-7.46604
-7.45438
-7.517
-7.43131
-7.51372
-7.43608
-7.42111
-7.46472
-7.49091
-7.47361
-7.48212
-7.44648
-7.40826
-7.38548
-7.41926
-7.44979
-7.46733
-7.44269
-7.36684
-7.4546
-7.38258
-7.37337
-7.35254
-7.30465
-7.26806
-7.3631
-7.35582
-7.45077
-7.51772
-7.49101
-7.36103
-7.48449
-7.45313
-7.50384
-7.49304
-7.42359
-7.49492
-7.50487
-7.45731
-7.30184
-7.345
-7.36549
-7.427
-7.40988
-7.46813
-7.5153
-7.52125
-7.51868
-7.54615
-7.4579
-7.48115
-7.46334
-7.40432
-7.52157
-7.56957
-7.53134
-7.55239
-7.56518
-7.53949
-7.50886
-7.49008
-7.5177
-7.49628
-7.48874
-7.40579
-7.53375
-7.5607
-7.49949
-7.59005
-7.47321
-7.44387
-7.44308
-7.4853
-7.45683
-7.36912
-7.39869
-7.42188
-7.43124
-7.5238
-7.60644
-7.57863
-7.56997
-7.65691
-7.66715
-7.70223
-7.6892
-7.72182
-7.72895
-7.67304
-7.55205
-7.55624
-7.5813
-7.64492
-7.62956
-7.63138
-7.51746
-7.53086
-7.52626
-7.44887
-7.50227
-7.56027
-7.5659
-7.56389
-7.5441
-7.5955
-7.63053
-7.57623
-7.56489
-7.50948
-7.55245
-7.52264
-7.51527
-7.50465
-7.54428
-7.44085
-7.47387
-7.50282
-7.46848
-7.45279
-7.38674
-7.38217
-7.41876
-7.39342
-7.48107
-7.5247
-7.56441
-7.46948
-7.41305
-7.39613
-7.37885
-7.48498
-7.53952
-7.52607
-7.50834
-7.52526
-7.61004
-7.65422
-7.62046
-7.65981
-7.67723
-7.72155
-7.59283
-7.61945
-7.51426
-7.48006
-7.49359
-7.55517
-7.58193
-7.61595
-7.69336
-7.63916
-7.55111
-7.62984
-7.69314
-7.66326
-7.57292
-7.60777
-7.58599
-7.56234
-7.57342
-7.61038
-7.62033
-7.65176
-7.60852
-7.63253
-7.62469
-7.62162
-7.60416
-7.65432
-7.64574
-7.7311
-7.68322
-7.59209
-7.5693
-7.54714
-7.55261
-7.54147
-7.58045
-7.59472
-7.55677
-7.43777
-7.48553
-7.51756
-7.60391
-7.58164
-7.55411
-7.6808
-7.63627
-7.56272
-7.5919
-7.54736
-7.63463
-7.58141
-7.54182
-7.47475
-7.5612
-7.589
-7.62431
-7.60979
-7.61757
-7.65298
-7.59326
-7.62834
-7.66109
-7.59542
-7.52571
-7.56311
-7.58822
-7.58021
-7.62898
-7.80631
-7.74991
-7.7857
-7.805
-7.74046
-7.71603
-7.76628
-7.72217
-7.78528
-7.77017
-7.72922
-7.69294
-7.61625
-7.6245
-7.59952
-7.52731
-7.53302
-7.50002
-7.5502
-7.54134
-7.60263
-7.60776
-7.62888
-7.63269
-7.61309
-7.45397
-7.45098
-7.48596
-7.51181
-7.50898
-7.48338
-7.51587
-7.53636
-7.60758
-7.5524
-7.63525
-7.59144
-7.61358
-7.67411
-7.64068
-7.58919
-7.63503
-7.6046
-7.56325
-7.56889
-7.65217
-7.58997
-7.55907
-7.59954
-7.61335
-7.59888
-7.58036
-7.60576
-7.47495
-7.55054
-7.48889
-7.51348
-7.45651
-7.56121
-7.50727
-7.49095
-7.56091
-7.58384
-7.56126
-7.5333
-7.525
-7.5614
-7.49532
-7.41963
-7.35242
-7.38676
-7.50422
-7.55277
-7.47882
-7.49097
-7.57938
-7.50925
-7.54443
-7.50817
-7.51506
-7.54001
-7.51625
-7.49331
-7.50567
-7.52529
-7.54143
-7.59369
-7.61979
-7.6816
-7.60076
-7.67005
-7.72504
-7.70938
-7.71996
-7.68449
-7.70823
-7.64281
-7.68714
-7.65529
-7.72159
-7.76897
-7.68732
-7.70564
-7.66616
-7.70472
-7.6952
-7.73679
-7.70726
-7.69224
-7.64185
-7.60813
-7.58212
-7.50875
-7.47877
-7.51463
-7.46857
-7.46458
-7.47727
-7.42808
-7.46851
-7.41452
-7.48238
-7.58702
-7.59677
-7.55996
-7.56515
-7.56771
-7.56749
-7.59284
-7.58699
-7.49871
-7.45885
-7.52164
-7.44804
-7.47735
-7.49745
-7.53479
-7.52557
-7.47248
-7.54146
-7.50761
-7.49381
-7.53589
-7.51045
-7.4961
-7.48315
-7.44333
-7.44047
-7.48494
-7.55887
-7.61824
-7.56002
-7.542
-7.61916
-7.67575
-7.64158
-7.60521
-7.60334
-7.57785
-7.65436
-7.60169
-7.57393
-7.52964
-7.69944
-7.70936
-7.72088
-7.66889
-7.61733
-7.6564
-7.5444
-7.50286
-7.57336
-7.56084
-7.5576
-7.54094
-7.59299
-7.52526
-7.63717
-7.68294
-7.65718
-7.59031
-7.53742
-7.50457
-7.46569
-7.52689
-7.55011
-7.56754
-7.63488
-7.57604
-7.58017
-7.61108
-7.66808
-7.56141
-7.62271
-7.57596
-7.61334
-7.55338
-7.61892
-7.6179
-7.6641
-7.69885
-7.63501
-7.64618
-7.65112
-7.57301
-7.55713
-7.58169
-7.62334
-7.60187
-7.59972
-7.57969
-7.59811
-7.55234
-7.63173
-7.53619
-7.57326
-7.64894
-7.64265
-7.57193
-7.58941
-7.61089
-7.56867
-7.54778
-7.56515
-7.51913
-7.51428
-7.48714
-7.45137
-7.52657
-7.50716
-7.39273
-7.41556
-7.49977
-7.53357
-7.57504
-7.49135
-7.43392
-7.46119
-7.47232
-7.50563
-7.48576
-7.4397
-7.47085
-7.44088
-7.51782
-7.55763
-7.4474
-7.58856
-7.53304
-7.51501
-7.46157
-7.53432
-7.55051
-7.5805
-7.50821
-7.40036
-7.38526
-7.47269
-7.54541
-7.54862
-7.5427
-7.61888
-7.58955
-7.55153
-7.5531
-7.60602
-7.62261
-7.64745
-7.526
-7.52728
-7.58782
-7.57229
-7.48589
-7.38878
-7.49135
-7.43408
-7.44863
-7.38808
-7.39753
-7.4226
-7.46537
-7.51723
-7.41619
-7.42688
-7.35094
-7.36378
-7.35464
-7.34352
-7.29189
-7.4137
-7.43805
-7.38265
-7.4335
-7.41685
-7.42155
-7.38434
-7.41713
-7.40841
-7.36956
-7.44623
-7.4047
-7.36282
-7.45472
-7.46963
-7.52612
-7.47839
-7.54924
-7.57259
-7.55568
-7.49516
-7.5221
-7.39703
-7.39805
-7.45263
-7.49796
-7.46677
-7.55424
-7.47823
-7.47506
-7.54407
-7.52725
-7.53945
-7.52392
-7.47144
-7.48116
-7.47489
-7.50245
-7.52567
-7.50997
-7.57924
-7.51604
-7.43554
-7.5923
-7.60352
-7.57536
-7.55504
-7.51316
-7.56699
-7.49202
-7.48185
-7.51022
-7.50656
-7.57605
-7.49127
-7.49816
-7.48343
-7.42203
-7.53269
-7.4824
-7.5452
-7.55362
-7.4484
-7.54056
-7.6003
-7.62609
-7.65069
-7.54696
-7.43409
-7.51475
-7.53523
-7.50854
-7.47319
-7.54757
-7.51179
-7.46732
-7.37339
-7.4506
-7.4618
-7.518
-7.59311
-7.58454
-7.50256
-7.46243
-7.4831
-7.43922
-7.52868
-7.46724
-7.44772
-7.46998
-7.42801
-7.36721
-7.43297
-7.42156
-7.41268
-7.40144
-7.4339
-7.45076
-7.52799
-7.50802
-7.5047
-7.56274
-7.51894
-7.52926
-7.53497
-7.51748
-7.54934
-7.47991
-7.50211
-7.53586
-7.61555
-7.64039
-7.60267
-7.50208
-7.49973
-7.51281
-7.54708
-7.57313
-7.63608
-7.56773
-7.53477
-7.59783
-7.54149
-7.59516
-7.59727
-7.63986
-7.62342
-7.57843
-7.56133
-7.57463
-7.57334
-7.51082
-7.52418
-7.57008
-7.47834
-7.48485
-7.4576
-7.55339
-7.56764
-7.58997
-7.58481
-7.62041
-7.628
-7.66368
-7.59165
-7.55518
-7.55125
-7.57703
-7.55564
-7.5177
-7.57377
-7.49001
-7.47721
-7.48829
-7.51226
-7.51219
-7.54312
-7.59271
-7.6534
-7.66806
-7.67694
-7.68415
-7.67625
-7.61019
-7.63674
-7.60055
-7.55827
-7.58975
-7.59244
-7.61034
-7.62515
-7.68246
-7.68138
-7.61588
-7.59471
-7.65062
-7.57807
-7.55432
-7.65227
-7.61384
-7.5662
-7.5265
-7.54545
-7.49374
-7.59661
-7.56178
-7.49868
-7.59158
-7.56243
-7.57386
-7.57114
-7.57674
-7.6137
-7.5963
-7.56961
-7.61811
-7.55702
-7.55117
-7.59745
-7.62784
-7.68534
-7.6511
-7.57103
-7.57753
-7.659
-7.5376
-7.49196
-7.51473
-7.46715
-7.56838
-7.57967
-7.5952
-7.53946
-7.59316
-7.62573
-7.5945
-7.67461
-7.61311
-7.64586
-7.69198
-7.69493
-7.66006
-7.64819
-7.63053
-7.63794
-7.61747
-7.63344
-7.60843
-7.64005
-7.52242
-7.62686
-7.57013
-7.51134
-7.4912
-7.53562
-7.4386
-7.46728
-7.52606
-7.61138
-7.61424
-7.52768
-7.57711
-7.64383
-7.62509
-7.60673
-7.67504
-7.70877
-7.68474
-7.56081
-7.60372
-7.61371
-7.56072
-7.51604
-7.58818
-7.59819
-7.65247
-7.66675
-7.64579
-7.55819
-7.6039
-7.58808
-7.53995
-7.61867
-7.60902
-7.68616
-7.69747
-7.67462
-7.55545
-7.50792
-7.52544
-7.56827
-7.51528
-7.57936
-7.64444
-7.68108
-7.71109
-7.70141
-7.79525
-7.787
-7.78015
-7.70687
-7.68058
-7.72935
-7.70093
-7.58268
-7.56154
-7.51425
-7.48539
-7.59597
-7.6387
-7.61086
-7.65847
-7.60853
-7.59439
-7.56103
-7.56518
-7.53967
-7.54403
-7.45997
-7.48169
-7.33958
-7.38647
-7.46292
-7.53737
-7.63931
-7.58414
-7.59708
-7.58864
-7.61932
-7.56764
-7.594
-7.5511
-7.54914
-7.50544
-7.51891
-7.51083
-7.58968
-7.65002
-7.62368
-7.63859
-7.63002
-7.6683
-7.6258
-7.65704
-7.60828
-7.61102
-7.54716
-7.60029
-7.57601
-7.54854
-7.5923
-7.72248
-7.69717
-7.63949
-7.57742
-7.58414
-7.50177
-7.44702
-7.47228
-7.48267
-7.52366
-7.40265
-7.3033
-7.33713
-7.37983
-7.37049
-7.35486
-7.40215
-7.41179
-7.43205
-7.40844
-7.37915
-7.50621
-7.479
-7.57433
-7.52487
-7.53453
-7.49269
-7.60621
-7.56165
-7.56917
-7.57512
-7.57145
-7.5891
-7.54643
-7.66521
-7.64544
-7.6564
-7.58511
-7.54522
-7.56046
-7.61744
-7.64096
-7.64579
-7.69423
-7.60986
-7.51603
-7.56895
-7.6298
-7.67492
-7.82829
-7.67485
-7.66854
-7.66651
-7.62441
-7.59082
-7.66606
-7.61929
-7.57776
-7.45843
-7.47469
-7.49866
-7.46113
-7.49126
-7.45462
-7.36921
-7.39499
-7.45687
-7.50992
-7.57973
-7.46038
-7.50888
-7.47749
-7.4922
-7.4866
-7.50348
-7.53633
-7.52497
-7.48541
-7.49156
-7.49829
-7.54044
-7.56378
-7.62309
-7.61327
-7.59745
-7.57082
-7.58845
-7.5292
-7.451
-7.51387
-7.50585
-7.51785
-7.52468
-7.46789
-7.43894
-7.52089
-7.48164
-7.42557
-7.42205
-7.39022
-7.34251
-7.38072
-7.44596
-7.48403
-7.54536
-7.45895
-7.48101
-7.4075
-7.33995
-7.33187
-7.40113
-7.45524
-7.45686
-7.4431
-7.48995
-7.50118
-7.56945
-7.55561
-7.5364
-7.47756
-7.43494
-7.45112
-7.5258
-7.50731
-7.45151
-7.44944
-7.41011
-7.47795
-7.46042
-7.40614
-7.47754
-7.46471
-7.4547
-7.5131
-7.4165
-7.45751
-7.48203
-7.52874
-7.41481
-7.25456
-7.30016
-7.35256
-7.33275
-7.38514
-7.40374
-7.49594
-7.58615
-7.54182
-7.63424
-7.62982
-7.66944
-7.56901
-7.56724
-7.49939
-7.49621
-7.37415
-7.31801
-7.23463
-7.28006
-7.35559
-7.35605
-7.35811
-7.41031
-7.43997
-7.46358
-7.53056
-7.58266
-7.57026
-7.59876
-7.63346
-7.53326
-7.52712
-7.61412
-7.57194
-7.59982
-7.52839
-7.51863
-7.58824
-7.5652
-7.55594
-7.54936
-7.53701
-7.63641
-7.62315
-7.61459
-7.64834
-7.63018
-7.69384
-7.67754
-7.62586
-7.66841
-7.62398
-7.5711
-7.52587
-7.52907
-7.57826
-7.60753
-7.56434
-7.57007
-7.48897
-7.53776
-7.4877
-7.56298
-7.67921
-7.68694
-7.67072
-7.65567
-7.5636
-7.58585
-7.5661
-7.55273
-7.64913
-7.7415
-7.72125
-7.63493
-7.68397
-7.56581
-7.61217
-7.58015
-7.61759
-7.57291
-7.5641
-7.65606
-7.5876
-7.62393
-7.57212
-7.50024
-7.53639
-7.49444
-7.50794
-7.57597
-7.59235
-7.62134
-7.59045
-7.54285
-7.49153
-7.4964
-7.4694
-7.47673
-7.53448
-7.45655
-7.33999
-7.40718
-7.39693
-7.36784
-7.44484
-7.5357
-7.53825
-7.65502
-7.60917
-7.60539
-7.60913
-7.62254
-7.65187
-7.65333
-7.66491
-7.66225
-7.59331
-7.53332
-7.57117
-7.51315
-7.56348
-7.45941
-7.45945
-7.52711
-7.59402
-7.47375
-7.50184
-7.51716
-7.62875
-7.60083
-7.62593
-7.6074
-7.6437
-7.6193
-7.56657
-7.59311
-7.64706
-7.58521
-7.59509
-7.50017
-7.48517
-7.50593
-7.4668
-7.5531
-7.55899
-7.58338
-7.52222
-7.60497
-7.57461
-7.60449
-7.53909
-7.60849
-7.57397
-7.58401
-7.55343
-7.55913
-7.59408
-7.57667
-7.57126
-7.53471
-7.53908
-7.45358
-7.40506
-7.44964
-7.5086
-7.49679
-7.45742
-7.52732
-7.57139
-7.55565
-7.53935
-7.49071
-7.45993
-7.49838
-7.62117
-7.61035
-7.62388
-7.62954
-7.5888
-7.67752
-7.66235
-7.63361
-7.62509
-7.64386
-7.53047
-7.5144
-7.48027
-7.44767
-7.46618
-7.55382
-7.55107
-7.45396
-7.42922
-7.43727
-7.38166
-7.31791
-7.35454
-7.36472
-7.34948
-7.43272
-7.44148
-7.45397
-7.47997
-7.44276
-7.49758
-7.53676
-7.47656
-7.52235
-7.49521
-7.38658
-7.37786
-7.37589
-7.34065
-7.49063
-7.49277
-7.41844
-7.49166
-7.40314
-7.46983
-7.34997
-7.375
-7.40757
-7.45004
-7.44049
-7.49607
-7.4332
-7.46391
-7.42292
-7.44452
-7.44996
-7.45588
-7.54705
-7.4643
-7.47004
-7.42767
-7.38892
-7.40048
-7.41359
-7.52243
-7.48109
-7.49261
-7.49982
-7.45504
-7.4976
-7.45497
-7.45576
-7.43084
-7.44399
-7.3944
-7.30629
-7.29653
-7.4083
-7.44159
-7.34403
-7.35171
-7.29154
-7.42376
-7.43597
-7.43153
-7.56224
-7.56966
-7.60592
-7.60804
-7.58906
-7.54877
-7.55024
-7.56408
-7.53852
-7.4956
-7.38876
-7.46743
-7.48821
-7.5192
-7.6214
-7.60508
-7.61087
-7.54436
-7.47778
-7.48805
-7.51025
-7.50092
-7.57767
-7.60412
-7.54521
-7.5576
-7.54243
-7.53769
-7.56735
-7.59939
-7.54509
-7.49614
-7.44817
-7.49319
-7.56561
-7.57057
-7.58001
-7.57218
-7.57017
-7.5802
-7.57649
-7.61949
-7.56104
-7.55717
-7.53033
-7.54491
-7.56073
-7.49788
-7.45456
-7.39312
-7.44725
-7.33937
-7.39931
-7.4219
-7.51442
-7.52261
-7.61594
-7.62991
-7.59497
-7.43182
-7.40326
-7.44478
-7.40669
-7.36215
-7.35905
-7.36534
-7.43266
-7.44382
-7.49034
-7.56325
-7.55897
-7.50187
-7.54082
-7.59067
-7.57982
-7.58849
-7.55342
-7.50546
-7.54594
-7.58439
-7.61154
-7.53518
-7.62507
-7.512
-7.50054
-7.51234
-7.52764
-7.45591
-7.49633
-7.50163
-7.43194
-7.46428
-7.42133
-7.35232
-7.39708
-7.4624
-7.40459
-7.4319
-7.47827
-7.59611
-7.6498
-7.63314
-7.61229
-7.58905
-7.51955
-7.37443
-7.41018
-7.40547
-7.46617
-7.49658
-7.48875
-7.48558
-7.48694
-7.61599
-7.67441
-7.58727
-7.60453
-7.65172
-7.64549
-7.66455
-7.61626
-7.63742
-7.57032
-7.64971
-7.60594
-7.60126
-7.44771
-7.58296
-7.55023
-7.49811
-7.42656
-7.43637
-7.47414
-7.5568
-7.54335
-7.49004
-7.43004
-7.51646
-7.44956
-7.46607
-7.51697
-7.53141
-7.53793
-7.54017
-7.56987
-7.5372
-7.56887
-7.53614
-7.52544
-7.50521
-7.4751
-7.47295
-7.50965
-7.4683
-7.44823
-7.48888
-7.43315
-7.37693
-7.35142
-7.35023
-7.35833
-7.4069
-7.48257
-7.36234
-7.42543
-7.35321
-7.41617
-7.41467
-7.36473
-7.32858
-7.33636
-7.29241
-7.25626
-7.29611
-7.30241
-7.28434
-7.30333
-7.33771
-7.32607
-7.2393
-7.37399
-7.35322
-7.37948
-7.44881
-7.46015
-7.39466
-7.48431
-7.51373
-7.47525
-7.45946
-7.48176
-7.45655
-7.4518
-7.491
-7.51277
-7.54411
-7.49681
-7.42612
-7.46913
-7.45962
-7.44543
-7.44463
-7.60252
-7.56366
-7.53835
-7.43924
-7.55027
-7.58217
-7.53621
-7.54314
-7.54174
-7.56363
-7.51926
-7.52271
-7.51462
-7.50477
-7.49304
-7.46119
-7.499
-7.41447
-7.47731
-7.47977
-7.5584
-7.53782
-7.46958
-7.51802
-7.48783
-7.58391
-7.6011
-7.53915
-7.57284
-7.61597
-7.62668
-7.56829
-7.52151
-7.52047
-7.58931
-7.54543
-7.51473
-7.46549
-7.43547
-7.42481
-7.4354
-7.469
-7.3323
-7.43312
-7.5193
-7.49532
-7.5741
-7.51299
-7.4649
-7.47022
-7.43656
-7.41522
-7.3611
-7.39045
-7.40979
-7.4337
-7.47342
-7.3798
-7.45398
-7.45597
-7.44178
-7.43967
-7.38959
-7.38934
-7.41145
-7.4399
-7.37197
-7.45123
-7.48593
-7.50664
-7.5185
-7.4895
-7.59626
-7.60738
-7.50114
-7.46043
-7.42779
-7.44963
-7.45413
-7.47033
-7.53732
-7.59861
-7.58805
-7.52029
-7.56937
-7.48546
-7.505
-7.57214
-7.54917
-7.57757
-7.60664
-7.50577
-7.40868
-7.46447
-7.4159
-7.38816
-7.38862
-7.43188
-7.44332
-7.44549
-7.49617
-7.42293
-7.42985
-7.44247
-7.40368
-7.38434
-7.4945
-7.44017
-7.43077
-7.4929
-7.55054
-7.42243
-7.48302
-7.59768
-7.58761
-7.59646
-7.52556
-7.55168
-7.5316
-7.46679
-7.4825
-7.44956
-7.46132
-7.49473
-7.52562
-7.48318
-7.53284
-7.5674
-7.6384
-7.6752
-7.64245
-7.70011
-7.6865
-7.64448
-7.63473
-7.62773
-7.66316
-7.66814
-7.62856
-7.55561
-7.53388
-7.53399
-7.43038
-7.39574
-7.47383
-7.46031
-7.38634
-7.45957
-7.43021
-7.43064
-7.40243
-7.34863
-7.3846
-7.3357
-7.40697
-7.43887
-7.42129
-7.45707
-7.50665
-7.44277
-7.46949
-7.5186
-7.4788
-7.55221
-7.59961
-7.65522
-7.66055
-7.57337
-7.61714
-7.59882
-7.59183
-7.5952
-7.53114
-7.46764
-7.36973
-7.48721
-7.43942
-7.45742
-7.33694
-7.38584
-7.41044
-7.45255
-7.39616
-7.47869
-7.51242
-7.59286
-7.5461
-7.55158
-7.5458
-7.43626
-7.47125
-7.45917
-7.51058
-7.50316
-7.50928
-7.48989
-7.46425
-7.45721
-7.47263
-7.59637
-7.56747
-7.53512
-7.50926
-7.6379
-7.62732
-7.49727
-7.50611
-7.49583
-7.5244
-7.52309
-7.48453
-7.50627
-7.5626
-7.57996
-7.62069
-7.61741
-7.67122
-7.59015
-7.60395
-7.64109
-7.65924
-7.64381
-7.62382
-7.7027
-7.66969
-7.68788
-7.57896
-7.56258
-7.57332
-7.54608
-7.50877
-7.56642
-7.5388
-7.60562
-7.5371
-7.53687
-7.54842
-7.55879
-7.67023
-7.62259
-7.61439
-7.53702
-7.57933
-7.5641
-7.54649
-7.55614
-7.63376
-7.57504
-7.57938
-7.56394
-7.60143
-7.57901
-7.54186
-7.54908
-7.53811
-7.4505
-7.3846
-7.34625
-7.46844
-7.45153
-7.50729
-7.56875
-7.54699
-7.57506
-7.48755
-7.48822
-7.48134
-7.49416
-7.43587
-7.32354
-7.34992
-7.40842
-7.42666
-7.50581
-7.50998
-7.41078
-7.49147
-7.56195
-7.50999
-7.51915
-7.53396
-7.57251
-7.53871
-7.55827
-7.54672
-7.60152
-7.52952
-7.51711
-7.51837
-7.52059
-7.46707
-7.57218
-7.64334
-7.62479
-7.64937
-7.72528
-7.64237
-7.62304
-7.52623
-7.46923
-7.43481
-7.3745
-7.37737
-7.43751
-7.42118
-7.48284
-7.5475
-7.55527
-7.58054
-7.59122
-7.5656
-7.50686
-7.56486
-7.51068
-7.59165
-7.60664
-7.60455
-7.57629
-7.51533
-7.51774
-7.5587
-7.52765
-7.60071
-7.63568
-7.65014
-7.63556
-7.64807
-7.58417
-7.58005
-7.61714
-7.59163
-7.59703
-7.56347
-7.59892
-7.57907
-7.51955
-7.48836
-7.49504
-7.4806
-7.54127
-7.54788
-7.5365
-7.59878
-7.63172
-7.65817
-7.69275
-7.69671
-7.62717
-7.6205
-7.5504
-7.57132
-7.52244
-7.57763
-7.56195
-7.64567
-7.64156
-7.73721
-7.76249
-7.75564
-7.73661
-7.64817
-7.60319
-7.63001
-7.6819
-7.66898
-7.67235
-7.6656
-7.73497
-7.74937
-7.72075
-7.69748
-7.69778
-7.70467
-7.74496
-7.7291
-7.63539
-7.55612
-7.56346
-7.57808
-7.55042
-7.60478
-7.63351
-7.66492
-7.6065
-7.55211
-7.60012
-7.68329
-7.60336
-7.54502
-7.55552
-7.54715
-7.61633
-7.63454
-7.64133
-7.57417
-7.58841
-7.6111
-7.67193
-7.68538
-7.71132
-7.67869
-7.71349
-7.6824
-7.58286
-7.57664
-7.59322
-7.56767
-7.55261
-7.46463
-7.46327
-7.49624
-7.52954
-7.54555
-7.53989
-7.59521
-7.47477
-7.43312
-7.46161
-7.47528
-7.56991
-7.51708
-7.54299
-7.58736
-7.52207
-7.5701
-7.62282
-7.55737
-7.45278
-7.42452
-7.38727
-7.42149
-7.45538
-7.51829
-7.57945
-7.5723
-7.55225
-7.54264
-7.56762
-7.60845
-7.59382
-7.65213
-7.68955
-7.75527
-7.69344
-7.72664
-7.70512
-7.63962
-7.6452
-7.69644
-7.58347
-7.48588
-7.47018
-7.45811
-7.42675
-7.48483
-7.45554
-7.43376
-7.54922
-7.52375
-7.52085
-7.51421
-7.58314
-7.60326
-7.61092
-7.60796
-7.58608
-7.56335
-7.56907
-7.59727
-7.60055
-7.58651
-7.47272
-7.52018
-7.46284
-7.46962
-7.56501
-7.62955
-7.64581
-7.5985
-7.58784
-7.54262
-7.51523
-7.51032
-7.50546
-7.55035
-7.51472
-7.50534
-7.45017
-7.48094
-7.44539
-7.44451
-7.45746
-7.44572
-7.46457
-7.46641
-7.55225
-7.46826
-7.47282
-7.34443
-7.31479
-7.32296
-7.31047
-7.23658
-7.24015
-7.39563
-7.38463
-7.40294
-7.385
-7.37179
-7.37485
-7.35031
-7.27947
-7.31431
-7.33789
-7.35283
-7.39532
-7.38912
-7.40673
-7.49575
-7.52753
-7.49629
-7.5032
-7.49933
-7.54555
-7.52011
-7.58572
-7.51508
-7.52202
-7.60359
-7.64698
-7.64136
-7.56585
-7.62064
-7.63451
-7.5731
-7.49304
-7.4371
-7.48616
-7.51719
-7.60193
-7.5628
-7.48898
-7.62287
-7.62578
-7.59252
-7.59497
-7.6366
-7.61833
-7.63244
-7.5949
-7.57096
-7.56343
-7.54901
-7.50754
-7.52864
-7.5959
-7.59981
-7.59843
-7.58398
-7.59078
-7.59928
-7.62169
-7.56375
-7.53325
-7.54661
-7.53677
-7.54539
-7.547
-7.47618
-7.50598
-7.58026
-7.59625
-7.59913
-7.64821
-7.59717
-7.62468
-7.63765
-7.57084
-7.5816
-7.60912
-7.57885
-7.5311
-7.55217
-7.48901
-7.5332
-7.53013
-7.53439
-7.52435
-7.55483
-7.47621
-7.56944
-7.54754
-7.5683
-7.52934
-7.60174
-7.57684
-7.65705
-7.65014
-7.5726
-7.59438
-7.70451
-7.72264
-7.68599
-7.67388
-7.64294
-7.60953
-7.66833
-7.65934
-7.62859
-7.57573
-7.56935
-7.49569
-7.5208
-7.63062
-7.60023
-7.58652
-7.63669
-7.60713
-7.57993
-7.60024
-7.62438
-7.65147
-7.69232
-7.67845
-7.56414
-7.59264
-7.55438
-7.51865
-7.52033
-7.54782
-7.56924
-7.59829
-7.55078
-7.56924
-7.66913
-7.65245
-7.65982
-7.68838
-7.63442
-7.60689
-7.6872
-7.65623
-7.65837
-7.5215
-7.56132
-7.59162
-7.65077
-7.64951
-7.57981
-7.62465
-7.59033
-7.54351
-7.49291
-7.41575
-7.41507
-7.46644
-7.4543
-7.40482
-7.42172
-7.42902
-7.49004
-7.48817
-7.43517
-7.39035
-7.41424
-7.45079
-7.50272
-7.54257
-7.4304
-7.51893
-7.59873
-7.58917
-7.59282
-7.58131
-7.59398
-7.58205
-7.59753
-7.57788
-7.53179
-7.54234
-7.46715
-7.37769
-7.40906
-7.40691
-7.36416
-7.46502
-7.52428
-7.55961
-7.55537
-7.50322
-7.50586
-7.49805
-7.4448
-7.37399
-7.47199
-7.58484
-7.54306
-7.56957
-7.65879
-7.6147
-7.65406
-7.74278
-7.71419
-7.66608
-7.60528
-7.68104
-7.67786
-7.64261
-7.50266
-7.49982
-7.49087
-7.54311
-7.58694
-7.6032
-7.53626
-7.34486
-7.3899
-7.45515
-7.4649
-7.41981
-7.41216
-7.34295
-7.31301
-7.3157
-7.32775
-7.33956
-7.25979
-7.28923
-7.38167
-7.41958
-7.40132
-7.47107
-7.39175
-7.36304
-7.44697
-7.53512
-7.55616
-7.62208
-7.58918
-7.51111
-7.51937
-7.52214
-7.57529
-7.54027
-7.58708
-7.63014
-7.70284
-7.68968
-7.68069
-7.63446
-7.6375
-7.69392
-7.70711
-7.67602
-7.6502
-7.65838
-7.61315
-7.65721
-7.62813
-7.64043
-7.57407
-7.61322
-7.63216
-7.59818
-7.6221
-7.47288
-7.43257
-7.48381
-7.52349
-7.55826
-7.50362
-7.49305
-7.41044
-7.35277
-7.38474
-7.3902
-7.42244
-7.45187
-7.49575
-7.60268
-7.57382
-7.35282
-7.33548
-7.25819
-7.34639
-7.38251
-7.42508
-7.53534
-7.47993
-7.50704
-7.49403
-7.56906
-7.53254
-7.49688
-7.5063
-7.53626
-7.4895
-7.48934
-7.43638
-7.42727
-7.37915
-7.44809
-7.51731
-7.51409
-7.56702
-7.54539
-7.58197
-7.60662
-7.57088
-7.54162
-7.47207
-7.48209
-7.48487
-7.47375
-7.56592
-7.47563
-7.51724
-7.60129
-7.63098
-7.58044
-7.571
-7.57932
-7.61583
-7.57183
-7.5419
-7.46093
-7.3451
-7.34268
-7.48923
-7.56998
-7.62628
-7.68161
-7.62927
-7.64356
-7.61074
-7.65271
-7.59913
-7.62428
-7.63938
-7.55513
-7.48862
-7.53471
-7.50757
-7.45766
-7.40957
-7.44834
-7.44899
-7.48528
-7.49733
-7.39346
-7.29605
-7.34046
-7.33093
-7.36434
-7.37682
-7.40658
-7.38385
-7.48086
-7.52637
-7.4911
-7.51387
-7.46878
-7.45425
-7.54725
-7.52018
-7.57179
-7.54413
-7.56175
-7.59685
-7.57156
-7.58466
-7.59436
-7.53533
-7.60747
-7.46586
-7.47328
-7.45495
-7.59195
-7.50488
-7.5445
-7.6042
-7.61128
-7.63786
-7.61007
-7.55909
-7.52933
-7.6294
-7.54519
-7.56634
-7.55555
-7.56822
-7.57526
-7.66203
-7.65848
-7.6407
-7.56878
-7.64468
-7.62305
-7.60542
-7.66295
-7.60872
-7.55419
-7.55828
-7.55195
-7.53792
-7.61877
-7.60332
-7.62234
-7.60861
-7.52124
-7.53477
-7.50008
-7.60262
-7.54928
-7.44493
-7.42998
-7.42698
-7.42126
-7.47781
-7.48201
-7.42464
-7.43279
-7.41427
-7.51617
-7.59128
-7.49173
-7.46623
-7.44153
-7.41747
-7.38704
-7.44383
-7.57074
-7.51161
-7.57702
-7.59367
-7.58342
-7.53581
-7.52306
-7.54711
-7.5564
-7.53185
-7.44788
-7.56657
-7.57529
-7.52501
-7.51116
-7.53592
-7.53507
-7.59624
-7.53421
-7.4979
-7.42786
-7.42934
-7.4464
-7.52539
-7.55369
-7.57201
-7.59346
-7.52141
-7.4796
-7.48272
-7.58914
-7.58853
-7.60914
-7.55014
-7.60113
-7.65941
-7.6874
-7.58508
-7.45389
-7.52497
-7.55597
-7.56476
-7.61982
-7.62188
-7.70173
-7.6792
-7.6576
-7.63268
-7.6184
-7.58502
-7.62388
-7.60825
-7.58704
-7.62612
-7.57947
-7.54717
-7.59555
-7.58217
-7.56709
-7.57071
-7.55825
-7.55966
-7.44237
-7.52232
-7.53119
-7.50733
-7.50461
-7.52869
-7.4629
-7.48372
-7.53576
-7.56037
-7.56842
-7.58196
-7.53902
-7.43467
-7.47128
-7.48478
-7.42943
-7.4217
-7.43185
-7.52708
-7.52785
-7.49883
-7.47345
-7.53107
-7.46174
-7.48489
-7.42974
-7.40403
-7.42123
-7.50541
-7.6008
-7.55549
-7.59318
-7.5762
-7.5447
-7.55013
-7.62285
-7.57578
-7.534
-7.42838
-7.54234
-7.58112
-7.5876
-7.57637
-7.45429
-7.46339
-7.53629
-7.52948
-7.60925
-7.57406
-7.55521
-7.48624
-7.47655
-7.484
-7.53034
-7.55287
-7.6025
-7.61044
-7.64587
-7.64834
-7.62981
-7.69828
-7.63849
-7.63449
-7.56511
-7.54069
-7.53567
-7.56001
-7.60417
-7.57176
-7.57433
-7.5937
-7.55016
-7.52986
-7.51735
-7.45327
-7.49486
-7.47306
-7.49623
-7.56974
-7.44247
-7.50682
-7.52993
-7.48397
-7.45466
-7.42626
-7.44003
-7.38645
-7.32982
-7.33962
-7.39698
-7.33529
-7.35926
-7.40478
-7.39446
-7.43343
-7.48898
-7.45455
-7.49932
-7.45126
-7.49337
-7.54472
-7.54642
-7.54022
-7.4801
-7.46917
-7.52041
-7.59592
-7.68769
-7.65345
-7.68463
-7.69298
-7.64098
-7.71366
-7.63116
-7.63551
-7.66836
-7.65601
-7.62105
-7.58359
-7.61327
-7.52297
-7.45353
-7.54157
-7.59913
-7.56244
-7.57239
-7.49136
-7.47487
-7.5216
-7.58839
-7.54942
-7.52208
-7.46857
-7.49962
-7.47289
-7.4705
-7.51942
-7.49901
-7.4887
-7.49995
-7.54047
-7.60348
-7.52061
-7.52222
-7.48711
-7.47095
-7.49519
-7.49724
-7.45189
-7.42413
-7.41697
-7.40328
-7.47755
-7.45682
-7.53855
-7.53069
-7.50823
-7.57372
-7.51534
-7.49628
-7.49122
-7.49031
-7.48411
-7.47735
-7.40661
-7.46257
-7.48161
-7.56331
-7.48108
-7.4994
-7.49672
-7.5203
-7.55638
-7.65745
-7.60292
-7.58242
-7.59666
-7.59527
-7.56141
-7.59445
-7.57949
-7.6259
-7.66522
-7.62395
-7.58674
-7.53429
-7.52027
-7.57042
-7.52022
-7.48027
-7.55676
-7.56362
-7.55804
-7.63575
-7.68095
-7.68202
-7.60395
-7.64721
-7.59798
-7.63861
-7.63813
-7.68365
-7.7382
-7.65503
-7.64197
-7.56612
-7.60347
-7.62659
-7.63564
-7.65181
-7.58792
-7.50373
-7.51894
-7.61872
-7.62744
-7.63986
-7.65253
-7.57912
-7.61115
-7.59161
-7.61479
-7.65302
-7.57085
-7.5424
-7.54158
-7.53429
-7.58968
-7.59296
-7.51517
-7.51708
-7.60235
-7.60909
-7.60567
-7.62151
-7.64392
-7.68063
-7.62408
-7.53033
-7.54629
-7.59591
-7.57282
-7.59249
-7.57159
-7.49402
-7.5727
-7.55984
-7.54414
-7.62225
-7.60186
-7.67369
-7.61865
-7.67914
-7.61464
-7.71681
-7.72605
-7.64916
-7.68814
-7.58897
-7.62047
-7.64611
-7.67551
-7.65298
-7.69208
-7.70943
-7.67964
-7.6407
-7.55949
-7.64544
-7.55045
-7.55685
-7.4867
-7.5123
-7.5887
-7.463
-7.64104
-7.62693
-7.68144
-7.71162
-7.7199
-7.6908
-7.63375
-7.62439
-7.70219
-7.65144
-7.70551
-7.7144
-7.6978
-7.7576
-7.67529
-7.65672
-7.71083
-7.65935
-7.67486
-7.63482
-7.64138
-7.65804
-7.53568
-7.61353
-7.6186
-7.60941
-7.63023
-7.6289
-7.60962
-7.46215
-7.42591
-7.52048
-7.6329
-7.65044
-7.7045
-7.67957
-7.68707
-7.55739
-7.50546
-7.61698
-7.58451
-7.61807
-7.66126
-7.6009
-7.608
-7.61304
-7.6039
-7.67385
-7.68538
-7.63896
-7.65419
-7.70821
-7.66227
-7.59408
-7.57476
-7.58896
-7.52184
-7.48481
-7.44869
-7.46283
-7.45147
-7.54026
-7.57703
-7.62022
-7.61468
-7.63188
-7.6547
-7.62816
-7.61632
-7.73277
-7.67069
-7.6419
-7.64621
-7.63864
-7.59918
-7.60724
-7.59535
-7.66937
-7.66058
-7.54821
-7.52613
-7.50037
-7.4953
-7.63211
-7.71557
-7.76946
-7.68533
-7.62979
-7.50856
-7.53881
-7.55206
-7.45379
-7.48938
-7.48798
-7.54423
-7.52876
-7.53463
-7.58744
-7.46687
-7.47202
-7.54476
-7.49374
-7.44603
-7.4517
-7.4625
-7.51689
-7.54742
-7.45652
-7.4503
-7.46852
-7.47874
-7.45567
-7.41852
-7.45099
-7.49052
-7.59176
-7.56038
-7.47131
-7.48912
-7.37518
-7.33697
-7.35015
-7.30817
-7.32793
-7.34761
-7.32565
-7.38625
-7.38443
-7.37518
-7.36076
-7.38433
-7.42417
-7.51527
-7.5348
-7.51149
-7.53265
-7.55986
-7.57509
-7.65294
-7.58481
-7.57583
-7.54148
-7.51739
-7.47968
-7.47575
-7.48214
-7.34462
-7.37399
-7.43048
-7.50389
-7.60426
-7.48559
-7.51757
-7.56628
-7.59131
-7.60581
-7.54569
-7.59523
-7.5581
-7.47452
-7.48849
-7.55016
-7.64166
-7.59025
-7.52942
-7.50868
-7.39889
-7.36798
-7.39392
-7.44183
-7.48153
-7.41303
-7.43259
-7.41203
-7.46431
-7.56388
-7.61001
-7.62032
-7.64738
-7.71357
-7.6411
-7.60591
-7.57642
-7.58735
-7.64721
-7.66325
-7.6196
-7.59454
-7.60284
-7.56422
-7.553
-7.56179
-7.49232
-7.42315
-7.52846
-7.53563
-7.46813
-7.45428
-7.51755
-7.49401
-7.50902
-7.46512
-7.46374
-7.50729
-7.44053
-7.48681
-7.4841
-7.55368
-7.52083
-7.45012
-7.37514
-7.37651
-7.30885
-7.40433
-7.39173
-7.36532
-7.38489
-7.34695
-7.38544
-7.41784
-7.48428
-7.52168
-7.54104
-7.43521
-7.4438
-7.50577
-7.46937
-7.34663
-7.36731
-7.42078
-7.39185
-7.42667
-7.47045
-7.43256
-7.46387
-7.4412
-7.5078
-7.47872
-7.45341
-7.52281
-7.55427
-7.51167
-7.49578
-7.42041
-7.48344
-7.55038
-7.50348
-7.49171
-7.4193
-7.42394
-7.3438
-7.40143
-7.41144
-7.44107
-7.42791
-7.54708
-7.56143
-7.51474
-7.55547
-7.56779
-7.52128
-7.53067
-7.50457
-7.44664
-7.41207
-7.42449
-7.44395
-7.39926
-7.28685
-7.38783
-7.37448
-7.41249
-7.36164
-7.42578
-7.41626
-7.35959
-7.38031
-7.38711
-7.45127
-7.45596
-7.41236
-7.46739
-7.49676
-7.4584
-7.41443
-7.45178
-7.47049
-7.45743
-7.46734
-7.56665
-7.57959
-7.5489
-7.55035
-7.5141
-7.53043
-7.56885
-7.58676
-7.58264
-7.50995
-7.48184
-7.58156
-7.57102
-7.60718
-7.58736
-7.54295
-7.57297
-7.4759
-7.51214
-7.4841
-7.41469
-7.48069
-7.43431
-7.44543
-7.39129
-7.429
-7.49589
-7.48799
-7.44365
-7.44298
-7.37624
-7.40238
-7.45428
-7.51623
-7.48363
-7.51428
-7.50201
-7.46575
-7.44161
-7.45946
-7.50168
-7.52995
-7.52472
-7.50875
-7.49596
-7.46233
-7.50212
-7.44138
-7.38892
-7.48677
-7.43398
-7.48572
-7.46861
-7.48422
-7.4197
-7.45438
-7.50324
-7.53128
-7.63638
-7.60032
-7.56226
-7.57345
-7.54593
-7.59142
-7.60009
-7.55636
-7.63241
-7.61829
-7.5839
-7.6395
-7.65642
-7.67335
-7.66209
-7.65335
-7.60912
-7.47042
-7.41454
-7.47865
-7.42845
-7.54464
-7.49068
-7.5377
-7.59932
-7.59452
-7.66424
-7.54446
-7.46581
-7.53696
-7.64912
-7.67315
-7.59328
-7.55115
-7.63852
-7.66607
-7.67203
-7.71459
-7.63239
-7.46071
-7.43725
-7.48371
-7.47055
-7.51815
-7.42279
-7.41041
-7.44055
-7.51207
-7.50654
-7.49127
-7.49213
-7.49829
-7.5274
-7.51676
-7.5418
-7.52763
-7.46433
-7.48717
-7.56956
-7.63715
-7.55782
-7.46746
-7.49402
-7.44633
-7.53405
-7.53092
-7.57465
-7.55618
-7.64653
-7.66529
-7.70375
-7.63032
-7.59665
-7.59744
-7.5296
-7.5546
-7.60085
-7.65942
-7.64813
-7.60683
-7.52102
-7.54159
-7.55351
-7.5783
-7.58473
-7.52173
-7.45584
-7.46762
-7.45584
-7.48029
-7.56663
-7.55357
-7.58057
-7.54385
-7.5905
-7.59173
-7.69291
-7.70299
-7.69519
-7.69256
-7.66284
-7.69311
-7.71402
-7.71716
-7.7739
-7.76545
-7.73019
-7.74067
-7.70713
-7.731
-7.70776
-7.67535
-7.59246
-7.60622
-7.62559
-7.68662
-7.65491
-7.70815
-7.74506
-7.6151
-7.53768
-7.57045
-7.5789
-7.56392
-7.51179
-7.59292
-7.60183
-7.60841
-7.54935
-7.53929
-7.54188
-7.59345
-7.62126
-7.68284
-7.6592
-7.69674
-7.68548
-7.6905
-7.70922
-7.60124
-7.62243
-7.52664
-7.53324
-7.6051
-7.57401
-7.55598
-7.59556
-7.66297
-7.60909
-7.5975
-7.55423
-7.48019
-7.55733
-7.59832
-7.64751
-7.58817
-7.6491
-7.53657
-7.60648
-7.51245
-7.53975
-7.53266
-7.69743
-7.66493
-7.69217
-7.7373
-7.70243
-7.59342
-7.61957
-7.62294
-7.59884
-7.64146
-7.68876
-7.64431
-7.73716
-7.80406
-7.71902
-7.58842
-7.50726
-7.61604
-7.54085
-7.4339
-7.36291
-7.39493
-7.50585
-7.46204
-7.45701
-7.49372
-7.49563
-7.6022
-7.64695
-7.6716
-7.69275
-7.69699
-7.6299
-7.71284
-7.69545
-7.69968
-7.65926
-7.59427
-7.67477
-7.6919
-7.61202
-7.6266
-7.63782
-7.58705
-7.50676
-7.49444
-7.45196
-7.49481
-7.57894
-7.46623
-7.57901
-7.65566
-7.64891
-7.5968
-7.61547
-7.69817
-7.60147
-7.61831
-7.52084
-7.59567
-7.60491
-7.70755
-7.72122
-7.71327
-7.67627
-7.73157
-7.67731
-7.66623
-7.58231
-7.54617
-7.53727
-7.58231
-7.58429
-7.50151
-7.49795
-7.57511
-7.60483
-7.5283
-7.53118
-7.55611
-7.59075
-7.55377
-7.49802
-7.57584
-7.54845
-7.51921
-7.5309
-7.54029
-7.47922
-7.43123
-7.46253
-7.40292
-7.50275
-7.50677
-7.55796
-7.52021
-7.53302
-7.57996
-7.50113
-7.54693
-7.6134
-7.62039
-7.63737
-7.58735
-7.5447
-7.52815
-7.49469
-7.44923
-7.42802
-7.46122
-7.36682
-7.34923
-7.40242
-7.38129
-7.4071
-7.42585
-7.47621
-7.53082
-7.45389
-7.46898
-7.51913
-7.43019
-7.46188
-7.46127
-7.46726
-7.46
-7.47691
-7.54118
-7.588
-7.62179
-7.47688
-7.45148
-7.44623
-7.42237
-7.49241
-7.54659
-7.53243
-7.51164
-7.55215
-7.48
-7.48814
-7.52815
-7.5307
-7.53043
-7.51268
-7.51505
-7.49161
-7.62402
-7.64928
-7.64845
-7.64243
-7.61714
-7.63968
-7.5553
-7.57369
-7.62471
-7.64348
-7.66021
-7.63154
-7.61186
-7.63032
-7.61941
-7.6685
-7.64143
-7.602
-7.56407
-7.57116
-7.49523
-7.55122
-7.60824
-7.57123
-7.63494
-7.59329
-7.55739
-7.55955
-7.54781
-7.47781
-7.48422
-7.53071
-7.52451
-7.52465
-7.57335
-7.59713
-7.62088
-7.64685
-7.66553
-7.74262
-7.68734
-7.69604
-7.65733
-7.59824
-7.56011
-7.52088
-7.5623
-7.5631
-7.6326
-7.58572
-7.58843
-7.59354
-7.67144
-7.67416
-7.69014
-7.59734
-7.64405
-7.69614
-7.55917
-7.51725
-7.53137
-7.54506
-7.53119
-7.52751
-7.56444
-7.56808
-7.61493
-7.54386
-7.60003
-7.47483
-7.58597
-7.60626
-7.65293
-7.55534
-7.51893
-7.56335
-7.59306
-7.58836
-7.5743
-7.6598
-7.57842
-7.6038
-7.59171
-7.59005
-7.61071
-7.62074
-7.62872
-7.64285
-7.68472
-7.63412
-7.5961
-7.64535
-7.60401
-7.61412
-7.53392
-7.52453
-7.50164
-7.59502
-7.65202
-7.69642
-7.68405
-7.74388
-7.64581
-7.51627
-7.49894
-7.56858
-7.5778
-7.66039
-7.64787
-7.59789
-7.57431
-7.65281
-7.48713
-7.50522
-7.48785
-7.43075
-7.43031
-7.495
-7.43614
-7.43012
-7.486
-7.53663
-7.48612
-7.50423
-7.53345
-7.53576
-7.55053
-7.42048
-7.46898
-7.52292
-7.50679
-7.55057
-7.52231
-7.47223
-7.5214
-7.57634
-7.57773
-7.53335
-7.56686
-7.55756
-7.5635
-7.60937
-7.51451
-7.54131
-7.48174
-7.41764
-7.49508
-7.48567
-7.4896
-7.42827
-7.39491
-7.43305
-7.42775
-7.4421
-7.60336
-7.59828
-7.5677
-7.58579
-7.60713
-7.62834
-7.52793
-7.59628
-7.68172
-7.69643
-7.64026
-7.62235
-7.62601
-7.57232
-7.52818
-7.47763
-7.37435
-7.43402
-7.54099
-7.60619
-7.56839
-7.55324
-7.58251
-7.53044
-7.52032
-7.49542
-7.57837
-7.56797
-7.5974
-7.58022
-7.54798
-7.56068
-7.6597
-7.51732
-7.55152
-7.67664
-7.72161
-7.63925
-7.68504
-7.71087
-7.58861
-7.60806
-7.59278
-7.56552
-7.51212
-7.58181
-7.53896
-7.4375
-7.57793
-7.49065
-7.55081
-7.47384
-7.48417
-7.46628
-7.4766
-7.49493
-7.51251
-7.53018
-7.53366
-7.6973
-7.7542
-7.70973
-7.6267
-7.66337
-7.64634
-7.57016
-7.58449
-7.6286
-7.58933
-7.61546
-7.69463
-7.7185
-7.6536
-7.67909
-7.72696
-7.67334
-7.62209
-7.59149
-7.59768
-7.61362
-7.68843
-7.6208
-7.49556
-7.51339
-7.57032
-7.50751
-7.59574
-7.56619
-7.53461
-7.53412
-7.57775
-7.51374
-7.59384
-7.65292
-7.75345
-7.75875
-7.73856
-7.6651
-7.62466
-7.59113
-7.66878
-7.61978
-7.72115
-7.71958
-7.72537
-7.67903
-7.66405
-7.60054
-7.60964
-7.50324
-7.52636
-7.4245
-7.48778
-7.46894
-7.50392
-7.51516
-7.4959
-7.46973
-7.47941
-7.48686
-7.53776
-7.43721
-7.42036
-7.41988
-7.4705
-7.48296
-7.55827
-7.5975
-7.57305
-7.59077
-7.57401
-7.65251
-7.58571
-7.61574
-7.59117
-7.54618
-7.54563
-7.51197
-7.55433
-7.49487
-7.4071
-7.30234
-7.39636
-7.34335
-7.3905
-7.5416
-7.57338
-7.57678
-7.54323
-7.53169
-7.61422
-7.5431
-7.55575
-7.4831
-7.43389
-7.46885
-7.49156
-7.5729
-7.54595
-7.54082
-7.4924
-7.48222
-7.55647
-7.55645
-7.46633
-7.45844
-7.47266
-7.52706
-7.60115
-7.50514
-7.54541
-7.49417
-7.56071
-7.63823
-7.69695
-7.57576
-7.52321
-7.54723
-7.43796
-7.57252
-7.5992
-7.60406
-7.61556
-7.59982
-7.55062
-7.54659
-7.52532
-7.5282
-7.53462
-7.49605
-7.56235
-7.49747
-7.51683
-7.53901
-7.54922
-7.54535
-7.5617
-7.53297
-7.4424
-7.46332
-7.47631
-7.49145
-7.48151
-7.50287
-7.45877
-7.43052
-7.438
-7.39853
-7.41057
-7.4474
-7.42147
-7.50771
-7.56766
-7.46261
-7.52654
-7.48055
-7.54861
-7.53196
-7.53226
-7.4617
-7.48203
-7.41724
-7.51069
-7.466
-7.50881
-7.54308
-7.54836
-7.62832
-7.64344
-7.67766
-7.64258
-7.65732
-7.53522
-7.52928
-7.44052
-7.52839
-7.50653
-7.49359
-7.53773
-7.51134
-7.54811
-7.58307
-7.58686
-7.61071
-7.62896
-7.62265
-7.60517
-7.6542
-7.5201
-7.54162
-7.48964
-7.52695
-7.58881
-7.58484
-7.45241
-7.48499
-7.41729
-7.40984
-7.52302
-7.49763
-7.47034
-7.37762
-7.35959
-7.44984
-7.37338
-7.42727
-7.38163
-7.47077
-7.47278
-7.54853
-7.56929
-7.56946
-7.52226
-7.51423
-7.56187
-7.55052
-7.55116
-7.65644
-7.65036
-7.60406
-7.56556
-7.59022
-7.60666
-7.55042
-7.60054
-7.59154
-7.49102
-7.43399
-7.45143
-7.48986
-7.46249
-7.53494
-7.53102
-7.54527
-7.48449
-7.51549
-7.46308
-7.34898
-7.34971
-7.40357
-7.33977
-7.36254
-7.26772
-7.24722
-7.39284
-7.36355
-7.41018
-7.39605
-7.42711
-7.50009
-7.50857
-7.52858
-7.42794
-7.4896
-7.42298
-7.41753
-7.40662
-7.31223
-7.31869
-7.40493
-7.42401
-7.48402
-7.47792
-7.53068
-7.45627
-7.35821
-7.40137
-7.4447
-7.45969
-7.44281
-7.45885
-7.49519
-7.53523
-7.48117
-7.4182
-7.43237
-7.42049
-7.38606
-7.44321
-7.44139
-7.44333
-7.44817
-7.48074
-7.39604
-7.41927
-7.42171
-7.49927
-7.46433
-7.46838
-7.55395
-7.55507
-7.50263
-7.44525
-7.45906
-7.4054
-7.34319
-7.32995
-7.44256
-7.49211
-7.55459
-7.65234
-7.68663
-7.61707
-7.59017
-7.48156
-7.46457
-7.39368
-7.50345
-7.59616
-7.55884
-7.55845
-7.59725
-7.55758
-7.5438
-7.60055
-7.55676
-7.5588
-7.59334
-7.59853
-7.52357
-7.53608
-7.48241
-7.47796
-7.52804
-7.5531
-7.60833
-7.55119
-7.5067
-7.4763
-7.38532
-7.4558
-7.4636
-7.42646
-7.44985
-7.52888
-7.53682
-7.58233
-7.63604
-7.63698
-7.59195
-7.53496
-7.41417
-7.40191
-7.50835
-7.49567
-7.48958
-7.49906
-7.44404
-7.476
-7.5168
-7.56362
-7.60648
-7.59304
-7.56209
-7.51875
-7.44749
-7.44936
-7.42243
-7.52747
-7.48303
-7.48102
-7.48547
-7.54836
-7.57172
-7.63609
-7.67741
-7.65391
-7.63698
-7.59651
-7.54774
-7.48611
-7.56367
-7.48037
-7.5651
-7.51994
-7.57608
-7.55769
-7.56828
-7.4914
-7.58592
-7.64075
-7.61634
-7.66858
-7.69318
-7.6231
-7.67093
-7.63894
-7.59483
-7.64779
-7.65675
-7.59254
-7.65618
-7.64581
-7.64563
-7.55281
-7.626
-7.5825
-7.49409
-7.56711
-7.61132
-7.56878
-7.54408
-7.42743
-7.40947
-7.47743
-7.42091
-7.46592
-7.53523
-7.53846
-7.50795
-7.51412
-7.44337
-7.47662
-7.54712
-7.52072
-7.54801
-7.51801
-7.42412
-7.44817
-7.49864
-7.44017
-7.53029
-7.57493
-7.61101
-7.61258
-7.58196
-7.60127
-7.51094
-7.43529
-7.50105
-7.55921
-7.59743
-7.64776
-7.63478
-7.53555
-7.50765
-7.48258
-7.45419
-7.48076
-7.50832
-7.62338
-7.61025
-7.58777
-7.5797
-7.60096
-7.56624
-7.53629
-7.54901
-7.50135
-7.51035
-7.5741
-7.61488
-7.57056
-7.50899
-7.61787
-7.53003
-7.50491
-7.48031
-7.56342
-7.57446
-7.57341
-7.49644
-7.50339
-7.61423
-7.65206
-7.67133
-7.70678
-7.70881
-7.67163
-7.62251
-7.73002
-7.72315
-7.6723
-7.67651
-7.66052
-7.66493
-7.66618
-7.71165
-7.74181
-7.76055
-7.63017
-7.5401
-7.53819
-7.56525
-7.57648
-7.56429
-7.51347
-7.53164
-7.48288
-7.51071
-7.56312
-7.56823
-7.54633
-7.4907
-7.53022
-7.57649
-7.56846
-7.47821
-7.4557
-7.54486
-7.52344
-7.52937
-7.48798
-7.53976
-7.39464
-7.48752
-7.49835
-7.46464
-7.4793
-7.42937
-7.44859
-7.5106
-7.51444
-7.5107
-7.48738
-7.48441
-7.48638
-7.46618
-7.4128
-7.47692
-7.51236
-7.4993
-7.52171
-7.51993
-7.50128
-7.52101
-7.50822
-7.48747
-7.43434
-7.45377
-7.53108
-7.49777
-7.55652
-7.64439
-7.58403
-7.48113
-7.42259
-7.49622
-7.50784
-7.49132
-7.58819
-7.58758
-7.70646
-7.69836
-7.59463
-7.59486
-7.6258
-7.70067
-7.6373
-7.54558
-7.55561
-7.47079
-7.4475
-7.42925
-7.42734
-7.42819
-7.45933
-7.4896
-7.47934
-7.52315
-7.57142
-7.5744
-7.51047
-7.58436
-7.56902
-7.57414
-7.58273
-7.55492
-7.48169
-7.42547
-7.36967
-7.39269
-7.41215
-7.39135
-7.3967
-7.4985
-7.54928
-7.51748
-7.53523
-7.57018
-7.68035
-7.65985
-7.64895
-7.64377
-7.55856
-7.50912
-7.52852
-7.48465
-7.46123
-7.4324
-7.37704
-7.37044
-7.32923
-7.37325
-7.48101
-7.43183
-7.5049
-7.46097
-7.47729
-7.58572
-7.62914
-7.57703
-7.54676
-7.44024
-7.53755
-7.52914
-7.57969
-7.47027
-7.46669
-7.58264
-7.52059
-7.54431
-7.55325
-7.51517
-7.56497
-7.61079
-7.62278
-7.56131
-7.55404
-7.5902
-7.65969
-7.6475
-7.68325
-7.66853
-7.61141
-7.59711
-7.56475
-7.56125
-7.54129
-7.49737
-7.51571
-7.56805
-7.57485
-7.57411
-7.55653
-7.5634
-7.5282
-7.61559
-7.53527
-7.54255
-7.61728
-7.57162
-7.55925
-7.57354
-7.53164
-7.45892
-7.58823
-7.58371
-7.56113
-7.59184
-7.58699
-7.60804
-7.6727
-7.62047
-7.58205
-7.5971
-7.55018
-7.53507
-7.51675
-7.51165
-7.47387
-7.43868
-7.46528
-7.4873
-7.54723
-7.62858
-7.63999
-7.60434
-7.5655
-7.48741
-7.60983
-7.53345
-7.54631
-7.59016
-7.48407
-7.34752
-7.34312
-7.39512
-7.43296
-7.38747
-7.41822
-7.36789
-7.38599
-7.37648
-7.46495
-7.47453
-7.537
-7.52133
-7.55375
-7.49682
-7.46664
-7.47622
-7.48544
-7.50719
-7.57989
-7.58083
-7.55417
-7.49794
-7.52539
-7.68514
-7.5972
-7.66981
-7.59276
-7.62096
-7.57141
-7.54657
-7.56988
-7.53292
-7.56949
-7.55409
-7.54586
-7.51818
-7.57253
-7.64049
-7.61945
-7.55698
-7.52442
-7.5303
-7.50442
-7.44106
-7.50932
-7.5572
-7.52024
-7.4551
-7.49664
-7.59958
-7.59564
-7.53769
-7.50441
-7.58524
-7.57963
-7.53707
-7.55299
-7.50006
-7.49984
-7.53949
-7.56491
-7.55528
-7.54541
-7.69361
-7.72021
-7.73444
-7.73893
-7.73419
-7.72476
-7.62169
-7.63935
-7.64754
-7.61531
-7.61971
-7.61881
-7.70728
-7.65882
-7.58274
-7.59119
-7.60718
-7.54772
-7.59999
-7.65816
-7.62975
-7.67571
-7.61005
-7.62044
-7.72475
-7.67823
-7.60882
-7.65797
-7.63807
-7.59197
-7.56845
-7.44323
-7.46978
-7.45267
-7.54657
-7.62625
-7.57034
-7.53537
-7.54978
-7.46918
-7.46556
-7.5161
-7.52517
-7.53494
-7.42982
-7.46098
-7.41142
-7.45783
-7.48091
-7.5138
-7.5129
-7.53731
-7.59481
-7.53987
-7.56222
-7.60945
-7.54032
-7.56793
-7.5147
-7.47467
-7.4658
-7.50646
-7.5631
-7.50541
-7.47272
-7.52338
-7.55351
-7.54487
-7.51478
-7.49059
-7.45114
-7.49148
-7.45791
-7.41222
-7.42004
-7.41267
-7.39208
-7.36879
-7.45698
-7.34594
-7.35744
-7.43592
-7.37868
-7.46235
-7.53761
-7.6061
-7.66254
-7.67402
-7.66524
-7.61128
-7.58089
-7.56829
-7.56096
-7.53468
-7.66797
-7.60458
-7.52848
-7.58987
-7.54752
-7.65391
-7.63174
-7.64335
-7.69495
-7.68383
-7.67851
-7.65827
-7.5688
-7.55941
-7.59831
-7.59702
-7.60072
-7.59277
-7.65938
-7.62178
-7.5265
-7.4711
-7.56786
-7.68658
-7.74297
-7.76834
-7.68176
-7.63196
-7.62119
-7.61354
-7.58419
-7.5746
-7.53541
-7.58931
-7.62248
-7.60627
-7.59273
-7.60813
-7.61362
-7.64256
-7.60207
-7.68176
-7.56248
-7.61074
-7.63892
-7.59818
-7.60153
-7.58994
-7.55605
-7.46715
-7.48909
-7.41002
-7.49525
-7.4854
-7.52847
-7.53339
-7.52162
-7.48746
-7.53741
-7.48397
-7.48704
-7.50196
-7.45414
-7.44638
-7.50153
-7.58137
-7.5953
-7.5682
-7.51917
-7.58794
-7.53813
-7.61159
-7.68113
-7.66782
-7.67022
-7.65949
-7.62176
-7.55843
-7.56683
-7.49264
-7.45816
-7.39238
-7.36052
-7.3739
-7.46287
-7.40242
-7.40369
-7.33629
-7.37402
-7.44069
-7.46597
-7.56593
-7.53301
-7.52292
-7.57772
-7.59123
-7.61049
-7.5572
-7.50179
-7.48145
-7.52066
-7.54438
-7.56062
-7.53517
-7.59351
-7.52463
-7.52491
-7.50933
-7.52499
-7.57292
-7.57259
-7.62739
-7.63699
-7.6957
-7.66163
-7.65139
-7.61188
-7.62777
-7.54067
-7.54823
-7.48606
-7.46553
-7.45413
-7.54998
-7.59575
-7.60409
-7.63718
-7.7006
-7.73746
-7.67069
-7.70418
-7.6612
-7.69623
-7.67498
-7.63669
-7.71489
-7.696
-7.7193
-7.76452
-7.60671
-7.66305
-7.66778
-7.68112
-7.63382
-7.63591
-7.68544
-7.64683
-7.65534
-7.61613
-7.68524
-7.68125
-7.67324
-7.73071
-7.7537
-7.78726
-7.82078
-7.79094
-7.67655
-7.62685
-7.6175
-7.52357
-7.4793
-7.52166
-7.56105
-7.61731
-7.59301
-7.57317
-7.61012
-7.55684
-7.49794
-7.51055
-7.5054
-7.52223
-7.46212
-7.54967
-7.57937
-7.55097
-7.57562
-7.51152
-7.5092
-7.50768
-7.54446
-7.47638
-7.50589
-7.58323
-7.53008
-7.52114
-7.49971
-7.53231
-7.59454
-7.65437
-7.66757
-7.5904
-7.48734
-7.50504
-7.46152
-7.5673
-7.60018
-7.64596
-7.63317
-7.62278
-7.64264
-7.65638
-7.71588
-7.65813
-7.66962
-7.72005
-7.73805
-7.70028
-7.68021
-7.6163
-7.65513
-7.60715
-7.60756
-7.53679
-7.60436
-7.51307
-7.6239
-7.61905
-7.6032
-7.59875
-7.54974
-7.58159
-7.56018
-7.64772
-7.61421
-7.6879
-7.62196
-7.57637
-7.56895
-7.55852
-7.62106
-7.48202
-7.49186
-7.55262
-7.51633
-7.59075
-7.60893
-7.60122
-7.61083
-7.5635
-7.55417
-7.6283
-7.62965
-7.60661
-7.6675
-7.63623
-7.4493
-7.42224
-7.48166
-7.5562
-7.54225
-7.51748
-7.59993
-7.51495
-7.58036
-7.51024
-7.51668
-7.51355
-7.51429
-7.41497
-7.40142
-7.39896
-7.41896
-7.40798
-7.44101
-7.55929
-7.60708
-7.63
-7.68467
-7.59314
-7.47858
-7.44001
-7.51975
-7.45698
-7.48887
-7.5363
-7.58811
-7.63721
-7.66482
-7.79369
-7.69795
-7.72568
-7.77608
-7.74201
-7.71225
-7.71161
-7.65897
-7.68206
-7.71589
-7.68758
-7.65678
-7.62943
-7.56876
-7.65618
-7.59891
-7.58693
-7.594
-7.65908
-7.6139
-7.68732
-7.75438
-7.71328
-7.72991
-7.69871
-7.6843
-7.71245
-7.67256
-7.61809
-7.60804
-7.62787
-7.67533
-7.61654
-7.63633
-7.59555
-7.6083
-7.5147
-7.49468
-7.40792
-7.41875
-7.44831
-7.52657
-7.56165
-7.54346
-7.54953
-7.52174
-7.58851
-7.56725
-7.63704
-7.71286
-7.68356
-7.66647
-7.63935
-7.57227
-7.56715
-7.53446
-7.57059
-7.60649
-7.53569
-7.55711
-7.57744
-7.60258
-7.60255
-7.50392
-7.50385
-7.42856
-7.57966
-7.55887
-7.46721
-7.4485
-7.51592
-7.58833
-7.623
-7.52891
-7.49955
-7.56161
-7.47692
-7.46356
-7.44445
-7.49742
-7.57385
-7.44767
-7.53923
-7.48242
-7.57838
-7.47634
-7.54651
-7.43416
-7.53466
-7.55971
-7.54172
-7.56478
-7.55395
-7.53525
-7.68107
-7.69304
-7.68118
-7.65759
-7.71685
-7.64692
-7.62087
-7.64713
-7.60747
-7.6031
-7.55617
-7.51645
-7.56336
-7.54927
-7.55961
-7.53411
-7.52933
-7.5068
-7.54762
-7.5499
-7.51048
-7.53136
-7.58593
-7.54619
-7.56917
-7.52212
-7.47782
-7.47574
-7.63356
-7.5963
-7.58914
-7.46825
-7.5182
-7.49304
-7.52564
-7.51752
-7.48995
-7.52825
-7.58239
-7.69592
-7.61307
-7.61987
-7.61879
-7.61158
-7.70199
-7.70782
-7.61488
-7.62121
-7.5248
-7.52616
-7.59918
-7.48395
-7.54424
-7.50833
-7.47409
-7.45498
-7.45014
-7.35972
-7.34965
-7.41414
-7.39002
-7.42546
-7.33028
-7.38645
-7.43255
-7.48455
-7.39787
-7.42767
-7.46306
-7.3881
-7.35804
-7.35685
-7.31438
-7.38925
-7.44861
-7.43045
-7.49161
-7.52569
-7.51552
-7.60187
-7.52711
-7.57621
-7.56637
-7.52999
-7.48522
-7.50098
-7.48185
-7.47073
-7.44497
-7.47631
-7.43992
-7.5229
-7.50918
-7.47725
-7.4912
-7.58375
-7.64364
-7.63956
-7.65655
-7.6079
-7.67626
-7.64052
-7.58637
-7.49061
-7.58222
-7.57158
-7.59937
-7.57326
-7.60476
-7.48648
-7.49118
-7.4535
-7.47053
-7.53367
-7.57889
-7.49971
-7.37529
-7.49231
-7.43797
-7.40757
-7.55147
-7.57719
-7.617
-7.6705
-7.69791
-7.64236
-7.59103
-7.58909
-7.64333
-7.57776
-7.65913
-7.58333
-7.57865
-7.61815
-7.58863
-7.55238
-7.5538
-7.56555
-7.49237
-7.43046
-7.54293
-7.62946
-7.59898
-7.57167
-7.56518
-7.61378
-7.61218
-7.64651
-7.63146
-7.50967
-7.56687
-7.5234
-7.49201
-7.51039
-7.46888
-7.52096
-7.58024
-7.59428
-7.59521
-7.56227
-7.53627
-7.62293
-7.5162
-7.66424
-7.67588
-7.68388
-7.67588
-7.62787
-7.62225
-7.5526
-7.60162
-7.58405
-7.56028
-7.54473
-7.53938
-7.49366
-7.46245
-7.49678
-7.51885
-7.49404
-7.49304
-7.46244
-7.51467
-7.41637
-7.56904
-7.55363
-7.5591
-7.54137
-7.55713
-7.54219
-7.52061
-7.41864
-7.4117
-7.3641
-7.34393
-7.31754
-7.35198
-7.43804
-7.49944
-7.53264
-7.60954
-7.41054
-7.47258
-7.32105
-7.31867
-7.31307
-7.33679
-7.35986
-7.41315
-7.4262
-7.42354
-7.40894
-7.44893
-7.42049
-7.43177
-7.49298
-7.62947
-7.54381
-7.57021
-7.46088
-7.36817
-7.55944
-7.63583
-7.59505
-7.58506
-7.57123
-7.52619
-7.56076
-7.62515
-7.68133
-7.72331
-7.71468
-7.71048
-7.68183
-7.69701
-7.69266
-7.59527
-7.46617
-7.44145
-7.47666
-7.54476
-7.54794
-7.49215
-7.46324
-7.49876
-7.59091
-7.47814
-7.44576
-7.44639
-7.49482
-7.44759
-7.49507
-7.49025
-7.4884
-7.48806
-7.49608
-7.45069
-7.48746
-7.49765
-7.46939
-7.4007
-7.38594
-7.46881
-7.5195
-7.51736
-7.45919
-7.41028
-7.44899
-7.38816
-7.44019
-7.46813
-7.43402
-7.49627
-7.45977
-7.40002
-7.41873
-7.42598
-7.39455
-7.37252
-7.3814
-7.4285
-7.51948
-7.52929
-7.53846
-7.59457
-7.65717
-7.67011
-7.70384
-7.67906
-7.67672
-7.64701
-7.64257
-7.66102
-7.63526
-7.63195
-7.67242
-7.66424
-7.67359
-7.62519
-7.57327
-7.53923
-7.58885
-7.59767
-7.70495
-7.66661
-7.59134
-7.57977
-7.59248
-7.54707
-7.61924
-7.66121
-7.68018
-7.6475
-7.6281
-7.63187
-7.63672
-7.66899
-7.6534
-7.61921
-7.55527
-7.57892
-7.54662
-7.49681
-7.61438
-7.67855
-7.67224
-7.72551
-7.63371
-7.58672
-7.60311
-7.63487
-7.67127
-7.62513
-7.62718
-7.68075
-7.66932
-7.67407
-7.66603
-7.63439
-7.60265
-7.67587
-7.60208
-7.57967
-7.62592
-7.57682
-7.57987
-7.51667
-7.49587
-7.56337
-7.65934
-7.58744
-7.595
-7.58411
-7.60171
-7.64283
-7.76693
-7.73003
-7.66756
-7.60829
-7.66575
-7.60854
-7.57012
-7.49031
-7.43282
-7.37873
-7.37566
-7.30966
-7.35068
-7.31239
-7.34286
-7.49832
-7.56994
-7.56959
-7.62036
-7.57017
-7.48936
-7.46788
-7.48167
-7.53854
-7.60025
-7.58459
-7.54473
-7.51105
-7.5295
-7.54709
-7.54783
-7.61548
-7.61676
-7.62157
-7.56868
-7.57698
-7.59884
-7.54634
-7.43538
-7.50203
-7.52787
-7.49766
-7.50084
-7.44563
-7.41495
-7.49262
-7.54701
-7.58792
-7.71621
-7.61456
-7.59374
-7.67665
-7.61277
-7.58312
-7.60891
-7.56598
-7.57298
-7.56933
-7.52412
-7.58747
-7.56416
-7.50734
-7.49749
-7.50716
-7.60647
-7.63222
-7.62825
-7.65552
-7.60414
-7.54185
-7.55242
-7.539
-7.5494
-7.48511
-7.45889
-7.51157
-7.51947
-7.49128
-7.43366
-7.44116
-7.52616
-7.45545
-7.39087
-7.41156
-7.43961
-7.39261
-7.46329
-7.59193
-7.5821
-7.57513
-7.56565
-7.57984
-7.58872
-7.53398
-7.58884
-7.55524
-7.54912
-7.56943
-7.5387
-7.58943
-7.63664
-7.57143
-7.62364
-7.58612
-7.59128
-7.57903
-7.60777
-7.65636
-7.58724
-7.6415
-7.52171
-7.55278
-7.57835
-7.51354
-7.57113
-7.54688
-7.6235
-7.56253
-7.48279
-7.47596
-7.53602
-7.56654
-7.62783
-7.6175
-7.64942
-7.6575
-7.67817
-7.62574
-7.57605
-7.43153
-7.51547
-7.59665
-7.66815
-7.7155
-7.71804
-7.59213
-7.60227
-7.56297
-7.56605
-7.59781
-7.64106
-7.53536
-7.5914
-7.58131
-7.60258
-7.60267
-7.63556
-7.55467
-7.48546
-7.50913
-7.51386
-7.53506
-7.5076
-7.524
-7.52508
-7.60081
-7.59498
-7.46612
-7.52508
-7.43023
-7.432
-7.47643
-7.50033
-7.46705
-7.44855
-7.32274
-7.41763
-7.39225
-7.46336
-7.41829
-7.51831
-7.4949
-7.49374
-7.51387
-7.52549
-7.52548
-7.59485
-7.5389
-7.59787
-7.55721
-7.53559
-7.53283
-7.53691
-7.55819
-7.54645
-7.47322
-7.51019
-7.48345
-7.46776
-7.35244
-7.31472
-7.35595
-7.42979
-7.43139
-7.39923
-7.4418
-7.43005
-7.49037
-7.40338
-7.51372
-7.45868
-7.55466
-7.67735
-7.66486
-7.66833
-7.61981
-7.5749
-7.52653
-7.5014
-7.52072
-7.59062
-7.58882
-7.61458
-7.6621
-7.69119
-7.63482
-7.65263
-7.60589
-7.64191
-7.60012
-7.55031
-7.64224
-7.63679
-7.61189
-7.61326
-7.59293
-7.57565
-7.55642
-7.58954
-7.53989
-7.4308
-7.46828
-7.43074
-7.50095
-7.44046
-7.51959
-7.56002
-7.57322
-7.60457
-7.55656
-7.58566
-7.66528
-7.66178
-7.64389
-7.71787
-7.68343
-7.65529
-7.61875
-7.64932
-7.60314
-7.53717
-7.51918
-7.58199
-7.51607
-7.51823
-7.50448
-7.45646
-7.54968
-7.55418
-7.54631
-7.62294
-7.64792
-7.64036
-7.65587
-7.62905
-7.57849
-7.62712
-7.55679
-7.56404
-7.58667
-7.60535
-7.52949
-7.53434
-7.56873
-7.58903
-7.47194
-7.48861
-7.55867
-7.54764
-7.53648
-7.66089
-7.64532
-7.62241
-7.62437
-7.52531
-7.61603
-7.6756
-7.63877
-7.62849
-7.56239
-7.67396
-7.67018
-7.66438
-7.64413
-7.62115
-7.59875
-7.63108
-7.55196
-7.4957
-7.54228
-7.50779
-7.56966
-7.48648
-7.53408
-7.43542
-7.39567
-7.38695
-7.53287
-7.52415
-7.5416
-7.49908
-7.43863
-7.48326
-7.49308
-7.52487
-7.5416
-7.52298
-7.51705
-7.5073
-7.50311
-7.51255
-7.49614
-7.54519
-7.501
-7.48833
-7.52869
-7.43814
-7.58603
-7.45272
-7.54485
-7.59588
-7.55871
-7.64398
-7.6105
-7.59715
-7.67447
-7.7186
-7.64052
-7.70652
-7.68455
-7.70942
-7.5598
-7.59484
-7.52684
-7.60214
-7.52322
-7.54893
-7.58506
-7.51566
-7.52548
-7.60546
-7.56537
-7.53149
-7.50334
-7.53197
-7.54165
-7.4935
-7.60749
-7.60774
-7.59295
-7.52948
-7.58584
-7.478
-7.51242
-7.47589
-7.51576
-7.52202
-7.50062
-7.55614
-7.61354
-7.62309
-7.57044
-7.6407
-7.59497
-7.56323
-7.54674
-7.52778
-7.54961
-7.47305
-7.35691
-7.5507
-7.55453
-7.47993
-7.53508
-7.56754
-7.59563
-7.57129
-7.64626
-7.57029
-7.54764
-7.47051
-7.48773
-7.48772
-7.58822
-7.5346
-7.47983
-7.47137
-7.45934
-7.43782
-7.44472
-7.39046
-7.37911
-7.38999
-7.38834
-7.50968
-7.53418
-7.48554
-7.56881
-7.46472
-7.41554
-7.46965
-7.43737
-7.46057
-7.45302
-7.50187
-7.46232
-7.43524
-7.4662
-7.45429
-7.45441
-7.40489
-7.42778
-7.40297
-7.48776
-7.50868
-7.41557
-7.38534
-7.43489
-7.37289
-7.3785
-7.37332
-7.39251
-7.43129
-7.34102
-7.43558
-7.51729
-7.57208
-7.45577
-7.48971
-7.46882
-7.40966
-7.47578
-7.50181
-7.47272
-7.47907
-7.48981
-7.52731
-7.56351
-7.59358
-7.60857
-7.64503
-7.72905
-7.70349
-7.58533
-7.5546
-7.47234
-7.48862
-7.50522
-7.54471
-7.54709
-7.60384
-7.61309
-7.58618
-7.57549
-7.64868
-7.56736
-7.52382
-7.54588
-7.66454
-7.73573
-7.63603
-7.62016
-7.6573
-7.59596
-7.62096
-7.70515
-7.67555
-7.63308
-7.54017
-7.56039
-7.57574
-7.55579
-7.56656
-7.58021
-7.56764
-7.60213
-7.50891
-7.51535
-7.61141
-7.53548
-7.57098
-7.61738
-7.63086
-7.60363
-7.64743
-7.65706
-7.6261
-7.57255
-7.57282
-7.55347
-7.55909
-7.59555
-7.69313
-7.76954
-7.76264
-7.79455
-7.77643
-7.7625
-7.72794
-7.72907
-7.75792
-7.70768
-7.69866
-7.61
-7.52642
-7.56223
-7.59199
-7.57572
-7.54874
-7.56147
-7.47667
-7.46112
-7.54332
-7.50452
-7.50952
-7.56118
-7.5308
-7.58829
-7.60847
-7.68217
-7.62443
-7.67792
-7.6522
-7.57496
-7.57026
-7.56878
-7.56158
-7.63172
-7.55024
-7.5828
-7.58051
-7.57618
-7.62762
-7.65605
-7.63856
-7.70914
-7.70573
-7.76081
-7.72694
-7.70936
-7.70389
-7.73312
-7.68737
-7.6705
-7.7402
-7.67701
-7.63781
-7.66777
-7.67674
-7.67843
-7.66493
-7.69381
-7.61036
-7.61559
-7.53969
-7.5342
-7.4886
-7.42952
-7.5791
-7.60083
-7.5972
-7.55928
-7.56965
-7.57249
-7.49282
-7.61129
-7.52814
-7.48525
-7.49717
-7.54999
-7.53566
-7.53436
-7.52428
-7.5178
-7.50839
-7.52284
-7.59185
-7.61017
-7.63797
-7.59113
-7.52841
-7.52761
-7.43424
-7.51513
-7.55818
-7.49641
-7.56324
-7.61785
-7.59581
-7.57726
-7.58779
-7.50682
-7.58064
-7.59991
-7.67484
-7.65664
-7.63533
-7.44968
-7.35515
-7.38838
-7.35155
-7.44796
-7.46431
-7.49412
-7.50687
-7.57582
-7.58407
-7.53546
-7.59097
-7.5609
-7.60517
-7.60215
-7.50349
-7.53043
-7.57753
-7.5162
-7.51334
-7.60894
-7.57408
-7.59925
-7.60965
-7.60635
-7.53903
-7.49268
-7.50212
-7.46755
-7.39213
-7.57551
-7.55558
-7.53218
-7.56551
-7.48934
-7.51206
-7.58453
-7.53942
-7.55153
-7.52935
-7.55188
-7.56237
-7.52422
-7.53741
-7.49514
-7.52489
-7.60975
-7.596
-7.56008
-7.55837
-7.59469
-7.62383
-7.64958
-7.56612
-7.63909
-7.62198
-7.67064
-7.65161
-7.61288
-7.58896
-7.58721
-7.56872
-7.62731
-7.6069
-7.47548
-7.50596
-7.52293
-7.51085
-7.49702
-7.50733
-7.54561
-7.48034
-7.53837
-7.58107
-7.55565
-7.52335
-7.53121
-7.5037
-7.44992
-7.51865
-7.51942
-7.56485
-7.57163
-7.50068
-7.46463
-7.42043
-7.48641
-7.48758
-7.51045
-7.55905
-7.6404
-7.62172
-7.57913
-7.51145
-7.57771
-7.54689
-7.45049
-7.44717
-7.50445
-7.50802
-7.52362
-7.43851
-7.45538
-7.41805
-7.35564
-7.37734
-7.43813
-7.41514
-7.46555
-7.44306
-7.48771
-7.4777
-7.58761
-7.59444
-7.65803
-7.63236
-7.63265
-7.60301
-7.53713
-7.55499
-7.54793
-7.57972
-7.56466
-7.62041
-7.54973
-7.65988
-7.64286
-7.54495
-7.5206
-7.53937
-7.60153
-7.59822
-7.61818
-7.63329
-7.57461
-7.65439
-7.52246
-7.51392
-7.45455
-7.46587
-7.54776
-7.5951
-7.50761
-7.44856
-7.39884
-7.47468
-7.51386
-7.48216
-7.48226
-7.4878
-7.47864
-7.48624
-7.51396
-7.52563
-7.49482
-7.49466
-7.53483
-7.47565
-7.44337
-7.43656
-7.52677
-7.48238
-7.50649
-7.39716
-7.41878
-7.49597
-7.50832
-7.44287
-7.40037
-7.5055
-7.53753
-7.52332
-7.57425
-7.51267
-7.52458
-7.62734
-7.65217
-7.56774
-7.53209
-7.44429
-7.36216
-7.43383
-7.41283
-7.54768
-7.51423
-7.44611
-7.4836
-7.5098
-7.50325
-7.61419
-7.51618
-7.60158
-7.62389
-7.6661
-7.66648
-7.67938
-7.67723
-7.66097
-7.73796
-7.71063
-7.65912
-7.59399
-7.65605
-7.65871
-7.64488
-7.63408
-7.71467
-7.72779
-7.6911
-7.62132
-7.646
-7.72146
-7.70437
-7.67023
-7.68223
-7.71062
-7.74412
-7.73779
-7.70696
-7.69183
-7.62417
-7.62914
-7.64133
-7.61944
-7.60915
-7.62735
-7.56966
-7.64269
-7.62998
-7.58371
-7.55265
-7.57348
-7.59395
-7.55829
-7.50491
-7.5821
-7.58146
-7.6162
-7.63219
-7.57443
-7.65834
-7.64481
-7.67881
-7.76312
-7.71309
-7.6551
-7.56479
-7.54011
-7.55913
-7.65581
-7.59941
-7.63756
-7.47466
-7.52645
-7.5359
-7.50178
-7.49292
-7.47401
-7.43344
-7.48227
-7.56846
-7.47015
-7.48962
-7.40222
-7.33348
-7.44294
-7.45653
-7.39645
-7.33173
-7.39449
-7.36472
-7.43802
-7.36898
-7.47953
-7.56553
-7.56559
-7.52483
-7.51633
-7.51722
-7.54064
-7.48482
-7.47915
-7.39109
-7.34223
-7.30986
-7.33891
-7.34314
-7.42205
-7.51696
-7.47736
-7.48019
-7.46494
-7.39811
-7.44935
-7.4537
-7.47447
-7.47032
-7.4558
-7.48828
-7.42811
-7.47922
-7.471
-7.46547
-7.4539
-7.41724
-7.38876
-7.37073
-7.34383
-7.40256
-7.36457
-7.40692
-7.47042
-7.4553
-7.41147
-7.40378
-7.41975
-7.47472
-7.39283
-7.35627
-7.35572
-7.45039
-7.4558
-7.44614
-7.43159
-7.43822
-7.35265
-7.33147
-7.39832
-7.35399
-7.22697
-7.32307
-7.24513
-7.32194
-7.31917
-7.3334
-7.30488
-7.34868
-7.41385
-7.38271
-7.42606
-7.49454
-7.48249
-7.57876
-7.50366
-7.46149
-7.35271
-7.40196
-7.40894
-7.50226
-7.51468
-7.46382
-7.47216
-7.53646
-7.58888
-7.62706
-7.70749
-7.73113
-7.67593
-7.71011
-7.69308
-7.69909
-7.65088
-7.71495
-7.70142
-7.66903
-7.68764
-7.67166
-7.66369
-7.64404
-7.58617
-7.57757
-7.55525
-7.48346
-7.42915
-7.42694
-7.50938
-7.46423
-7.50798
-7.45298
-7.54822
-7.50483
-7.55501
-7.41319
-7.43329
-7.45478
-7.45982
-7.5005
-7.39317
-7.40268
-7.48733
-7.53938
-7.5824
-7.55685
-7.52777
-7.53519
-7.51492
-7.50465
-7.5508
-7.59877
-7.68544
-7.66432
-7.65772
-7.67647
-7.66697
-7.62075
-7.61183
-7.59509
-7.63269
-7.5919
-7.62411
-7.57785
-7.61199
-7.60226
-7.64945
-7.60555
-7.54919
-7.5811
-7.55326
-7.59878
-7.56837
-7.57192
-7.59327
-7.61239
-7.49016
-7.52333
-7.57823
-7.59618
-7.58656
-7.57657
-7.57653
-7.53819
-7.58888
-7.6129
-7.62678
-7.61671
-7.59199
-7.56678
-7.56018
-7.54225
-7.59436
-7.57296
-7.5804
-7.37434
-7.43638
-7.48899
-7.51696
-7.5783
-7.596
-7.61531
-7.51696
-7.51726
-7.50788
-7.48887
-7.5551
-7.60059
-7.61843
-7.56348
-7.53923
-7.63821
-7.59619
-7.59615
-7.54754
-7.5431
-7.57933
-7.56731
-7.57755
-7.66528
-7.62322
-7.60996
-7.63214
-7.64528
-7.68839
-7.64746
-7.69616
-7.68495
-7.66811
-7.66631
-7.65801
-7.66311
-7.64953
-7.60311
-7.56555
-7.4946
-7.46795
-7.50543
-7.5392
-7.60502
-7.56982
-7.52882
-7.45594
-7.48888
-7.53114
-7.45898
-7.5387
-7.52776
-7.51804
-7.44538
-7.55233
-7.5681
-7.54055
-7.49867
-7.46939
-7.40874
-7.50689
-7.4585
-7.40144
-7.43229
-7.4722
-7.45742
-7.4493
-7.41931
-7.5274
-7.50935
-7.56776
-7.61444
-7.53551
-7.49305
-7.615
-7.6612
-7.67956
-7.66753
-7.66816
-7.62009
-7.62214
-7.58858
-7.62068
-7.4951
-7.56507
-7.59225
-7.5322
-7.53936
-7.46316
-7.5062
-7.56942
-7.48748
-7.48072
-7.43639
-7.46059
-7.50824
-7.43674
-7.45183
-7.4621
-7.42258
-7.47074
-7.47231
-7.43927
-7.40698
-7.35859
-7.40333
-7.48537
-7.47417
-7.49856
-7.50459
-7.53788
-7.49598
-7.55311
-7.48273
-7.51606
-7.53364
-7.46482
-7.43722
-7.43404
-7.46213
-7.46052
-7.48256
-7.48769
-7.50776
-7.51279
-7.60636
-7.63801
-7.65226
-7.64984
-7.60894
-7.56349
-7.52298
-7.54486
-7.55369
-7.54992
-7.50675
-7.60624
-7.57819
-7.51189
-7.54464
-7.5107
-7.47335
-7.48354
-7.45379
-7.45652
-7.44881
-7.40085
-7.52805
-7.41205
-7.50998
-7.49361
-7.52556
-7.52895
-7.40764
-7.43685
-7.46546
-7.49003
-7.3967
-7.45135
-7.48526
-7.42746
-7.47559
-7.57345
-7.61759
-7.5463
-7.56699
-7.56205
-7.51863
-7.50809
-7.58673
-7.58154
-7.61755
-7.58492
-7.48301
-7.45572
-7.4883
-7.52613
-7.55134
-7.56076
-7.53398
-7.53668
-7.58429
-7.55447
-7.55691
-7.54825
-7.51314
-7.5248
-7.46707
-7.56126
-7.54057
-7.57501
-7.5915
-7.64206
-7.59012
-7.57785
-7.48435
-7.47836
-7.51904
-7.57252
-7.56703
-7.58075
-7.61334
-7.54348
-7.52834
-7.59607
-7.65417
-7.60255
-7.48961
-7.54656
-7.60625
-7.60025
-7.57584
-7.59628
-7.5385
-7.51431
-7.41836
-7.43288
-7.37313
-7.43924
-7.41831
-7.45397
-7.40336
-7.40952
-7.45544
-7.43406
-7.43827
-7.47826
-7.42251
-7.30328
-7.41183
-7.43942
-7.47798
-7.51346
-7.49816
-7.49627
-7.51083
-7.54088
-7.60938
-7.58633
-7.50006
-7.39137
-7.47851
-7.40555
-7.39677
-7.52614
-7.50824
-7.45579
-7.38411
-7.36423
-7.34615
-7.4032
-7.42802
-7.40704
-7.45851
-7.44322
-7.37849
-7.44219
-7.45936
-7.46864
-7.50403
-7.505
-7.49628
-7.46117
-7.47774
-7.51737
-7.55526
-7.62695
-7.50639
-7.58225
-7.64594
-7.6191
-7.53256
-7.49071
-7.56075
-7.49996
-7.5613
-7.48958
-7.46441
-7.44709
-7.44438
-7.49557
-7.47701
-7.51812
-7.54388
-7.47293
-7.40411
-7.53199
-7.5251
-7.56484
-7.5884
-7.5476
-7.57555
-7.64859
-7.67873
-7.67473
-7.67102
-7.65289
-7.6925
-7.6842
-7.61293
-7.61788
-7.63431
-7.68282
-7.76187
-7.75945
-7.71387
-7.70145
-7.69323
-7.6268
-7.52603
-7.51173
-7.53709
-7.61418
-7.55183
-7.59379
-7.60779
-7.64721
-7.62627
-7.62775
-7.63228
-7.70764
-7.71593
-7.75721
-7.78652
-7.80848
-7.82839
-7.74228
-7.77753
-7.75753
-7.79511
-7.81406
-7.81735
-7.69875
-7.69817
-7.72605
-7.70268
-7.65569
-7.67419
-7.73233
-7.76765
-7.72873
-7.72568
-7.70506
-7.70565
-7.67129
-7.63053
-7.53401
-7.46804
-7.48557
-7.53891
-7.60811
-7.60075
-7.65265
-7.67366
-7.57421
-7.57705
-7.52969
-7.55888
-7.56245
-7.51776
-7.47162
-7.57457
-7.46411
-7.51897
-7.51889
-7.54979
-7.57486
-7.59983
-7.61744
-7.66814
-7.62189
-7.53917
-7.55317
-7.60252
-7.65912
-7.61205
-7.60154
-7.57266
-7.59463
-7.6518
-7.60356
-7.56336
-7.53846
-7.5137
-7.51747
-7.61104
-7.55125
-7.52581
-7.53844
-7.4056
-7.53208
-7.49222
-7.49206
-7.4845
-7.55018
-7.50882
-7.52212
-7.49759
-7.47132
-7.44545
-7.46407
-7.38992
-7.4413
-7.50165
-7.52463
-7.56252
-7.56706
-7.465
-7.46886
-7.42749
-7.57401
-7.63867
-7.58907
-7.55547
-7.57585
-7.53271
-7.50239
-7.45695
-7.42307
-7.40525
-7.38566
-7.36099
-7.35234
-7.48733
-7.46404
-7.56201
-7.55476
-7.4866
-7.47043
-7.49474
-7.49253
-7.45516
-7.46409
-7.50375
-7.45293
-7.45179
-7.50174
-7.38627
-7.38059
-7.34837
-7.35748
-7.441
-7.46381
-7.4782
-7.49601
-7.49326
-7.49828
-7.43351
-7.4408
-7.44031
-7.45906
-7.45931
-7.42249
-7.44299
-7.52184
-7.47132
-7.4539
-7.46844
-7.50589
-7.55428
-7.60169
-7.60843
-7.54275
-7.6299
-7.59372
-7.54729
-7.47905
-7.57325
-7.56558
-7.66549
-7.67128
-7.6504
-7.67875
-7.62841
-7.53834
-7.68277
-7.60296
-7.58793
-7.56855
-7.60038
-7.57359
-7.5917
-7.57579
-7.58631
-7.57589
-7.4783
-7.55883
-7.67278
-7.61942
-7.67068
-7.68974
-7.52014
-7.59687
-7.56058
-7.60191
-7.58815
-7.59714
-7.59405
-7.50354
-7.53742
-7.49107
-7.58795
-7.62535
-7.6337
-7.62606
-7.52093
-7.49067
-7.50326
-7.44085
-7.47731
-7.48069
-7.49264
-7.52863
-7.51169
-7.56335
-7.49665
-7.43235
-7.50277
-7.49425
-7.49352
-7.48957
-7.41308
-7.39298
-7.50406
-7.44451
-7.42505
-7.47226
-7.58595
-7.65281
-7.6174
-7.67557
-7.62034
-7.57158
-7.59
-7.51025
-7.4736
-7.44205
-7.43985
-7.57246
-7.54806
-7.48006
-7.50813
-7.49463
-7.52009
-7.64384
-7.62296
-7.72326
-7.69444
-7.65718
-7.62569
-7.72583
-7.69206
-7.70386
-7.74639
-7.63939
-7.63817
-7.57937
-7.62042
-7.62021
-7.60651
-7.61748
-7.6225
-7.6283
-7.59689
-7.53028
-7.4777
-7.48572
-7.47647
-7.48367
-7.4024
-7.4034
-7.32349
-7.34829
-7.34597
-7.38136
-7.34998
-7.35352
-7.36111
-7.35948
-7.38591
-7.43918
-7.37903
-7.35453
-7.35777
-7.41683
-7.4512
-7.46409
-7.48018
-7.43199
-7.41324
-7.44235
-7.46585
-7.45665
-7.43308
-7.33315
-7.408
-7.3874
-7.31095
-7.26895
-7.24865
-7.32859
-7.33182
-7.32877
-7.26631
-7.30865
-7.33277
-7.38188
-7.36251
-7.35961
-7.34946
-7.4091
-7.40271
-7.36294
-7.48474
-7.49172
-7.46592
-7.46972
-7.52678
-7.56681
-7.57288
-7.53066
-7.51199
-7.44329
-7.56384
-7.48908
-7.44994
-7.52178
-7.54062
-7.56139
-7.54413
-7.54493
-7.59388
-7.58619
-7.51735
-7.53395
-7.4666
-7.4184
-7.39131
-7.36719
-7.42509
-7.43545
-7.41327
-7.41834
-7.39256
-7.3972
-7.32995
-7.33027
-7.32338
-7.35434
-7.39198
-7.35682
-7.42803
-7.50184
-7.50064
-7.46495
-7.49244
-7.41116
-7.4768
-7.44496
-7.36048
-7.34963
-7.32913
-7.44257
-7.4974
-7.48664
-7.49324
-7.39269
-7.37809
-7.4006
-7.44772
-7.48578
-7.4929
-7.53303
-7.50261
-7.49779
-7.57047
-7.63956
-7.56296
-7.56586
-7.5043
-7.48887
-7.48643
-7.53604
-7.64218
-7.63339
-7.69475
-7.62035
-7.59654
-7.54583
-7.59439
-7.47957
-7.48357
-7.55517
-7.6116
-7.49859
-7.46679
-7.51649
-7.5182
-7.56563
-7.51925
-7.48132
-7.45002
-7.5032
-7.4945
-7.45239
-7.54763
-7.52567
-7.4586
-7.51011
-7.49659
-7.54016
-7.51977
-7.477
-7.52741
-7.4826
-7.59561
-7.5372
-7.5208
-7.48215
-7.43442
-7.52545
-7.37343
-7.43819
-7.4772
-7.50354
-7.56043
-7.52839
-7.48655
-7.51802
-7.53906
-7.50583
-7.52447
-7.5505
-7.63631
-7.59868
-7.58159
-7.62356
-7.60548
-7.58724
-7.46917
-7.40317
-7.40943
-7.42589
-7.33313
-7.37824
-7.38194
-7.39516
-7.35131
-7.45177
-7.39728
-7.49114
-7.48961
-7.55112
-7.49146
-7.56648
-7.54267
-7.47284
-7.52604
-7.5608
-7.50212
-7.47556
-7.55677
-7.60117
-7.55404
-7.49802
-7.47015
-7.50212
-7.40892
-7.33257
-7.33437
-7.26272
-7.2505
-7.23297
-7.31267
-7.35751
-7.42788
-7.44122
-7.38398
-7.41768
-7.37984
-7.40691
-7.44906
-7.42877
-7.45284
-7.48075
-7.5378
-7.45017
-7.45439
-7.51192
-7.49802
-7.43553
-7.3736
-7.45471
-7.42887
-7.51539
-7.4544
-7.46229
-7.53341
-7.56775
-7.5071
-7.38141
-7.48092
-7.41479
-7.48435
-7.50287
-7.45886
-7.49798
-7.50007
-7.46108
-7.58794
-7.57609
-7.56492
-7.6027
-7.57039
-7.59948
-7.58567
-7.6227
-7.56241
-7.53614
-7.55706
-7.55424
-7.61187
-7.59693
-7.58855
-7.58175
-7.59247
-7.60939
-7.53281
-7.51302
-7.55359
-7.54063
-7.51445
-7.44756
-7.39433
-7.42884
-7.44381
-7.46329
-7.43543
-7.50221
-7.41651
-7.47004
-7.50679
-7.53795
-7.58081
-7.5953
-7.61769
-7.65625
-7.59764
-7.66013
-7.67287
-7.64802
-7.60253
-7.69497
-7.71691
-7.7151
-7.65166
-7.58317
-7.57044
-7.4456
-7.49013
-7.45971
-7.49322
-7.40672
-7.52575
-7.38926
-7.48015
-7.48742
-7.42198
-7.46346
-7.51971
-7.53818
-7.446
-7.48093
-7.47933
-7.48635
-7.4801
-7.49294
-7.52132
-7.49355
-7.45501
-7.56051
-7.49868
-7.56163
-7.44531
-7.39119
-7.48911
-7.51067
-7.52331
-7.51146
-7.51551
-7.46527
-7.48553
-7.49224
-7.4767
-7.46028
-7.52805
-7.56041
-7.55911
-7.63931
-7.62314
-7.60408
-7.59236
-7.59203
-7.6585
-7.71983
-7.59612
-7.60896
-7.68152
-7.64959
-7.62752
-7.65417
-7.67279
-7.62225
-7.62397
-7.6145
-7.64492
-7.65463
-7.63565
-7.55474
-7.60509
-7.63195
-7.61128
-7.53905
-7.54397
-7.6152
-7.69128
-7.62697
-7.60277
-7.59234
-7.62596
-7.6216
-7.59304
-7.59511
-7.5758
-7.57365
-7.6639
-7.61811
-7.60323
-7.67504
-7.6475
-7.66857
-7.61882
-7.62627
-7.61959
-7.58006
-7.70309
-7.68595
-7.6268
-7.57717
-7.55043
-7.50008
-7.51172
-7.53558
-7.57517
-7.56516
-7.59866
-7.5904
-7.56116
-7.55166
-7.5959
-7.54439
-7.52357
-7.59581
-7.64142
-7.57566
-7.52811
-7.55849
-7.53807
-7.46039
-7.40264
-7.45761
-7.49071
-7.47776
-7.54792
-7.47505
-7.50861
-7.5989
-7.45339
-7.43834
-7.56983
-7.5046
-7.52491
-7.53666
-7.57882
-7.5776
-7.52363
-7.45764
-7.55015
-7.58592
-7.52516
-7.51088
-7.47841
-7.53599
-7.60198
-7.57985
-7.56016
-7.63728
-7.57142
-7.61752
-7.6661
-7.67784
-7.63851
-7.60299
-7.56451
-7.55013
-7.63729
-7.6611
-7.72978
-7.74424
-7.71727
-7.63313
-7.65035
-7.61602
-7.66763
-7.60158
-7.6441
-7.61569
-7.60884
-7.63096
-7.55665
-7.5516
-7.62553
-7.71763
-7.60365
-7.61133
-7.73043
-7.73984
-7.77932
-7.7394
-7.71471
-7.74265
-7.68541
-7.70802
-7.67573
-7.70429
-7.72049
-7.67538
-7.60459
-7.64837
-7.69881
-7.64466
-7.60543
-7.63046
-7.6052
-7.59182
-7.50962
-7.52239
-7.50588
-7.51098
-7.52753
-7.52071
-7.50789
-7.47451
-7.45134
-7.40345
-7.45565
-7.54961
-7.53979
-7.42598
-7.37494
-7.36816
-7.38295
-7.47072
-7.4033
-7.47143
-7.39339
-7.42665
-7.45328
-7.44903
-7.44505
-7.32905
-7.3352
-7.35074
-7.26322
-7.27688
-7.35115
-7.37964
-7.44144
-7.46647
-7.51024
-7.48017
-7.52782
-7.56663
-7.56264
-7.58644
-7.53113
-7.50682
-7.5653
-7.53979
-7.53613
-7.51201
-7.52423
-7.596
-7.55248
-7.51881
-7.49583
-7.4458
-7.4714
-7.50649
-7.39859
-7.38802
-7.3536
-7.27464
-7.4023
-7.41363
-7.35174
-7.32785
-7.42816
-7.43735
-7.42322
-7.38865
-7.37378
-7.49338
-7.47698
-7.47663
-7.50243
-7.55779
-7.6025
-7.58086
-7.60035
-7.54523
-7.56472
-7.50238
-7.49615
-7.5099
-7.50838
-7.5656
-7.5536
-7.5886
-7.54891
-7.5792
-7.56473
-7.57309
-7.66243
-7.71841
-7.73466
-7.80341
-7.76485
-7.7876
-7.68661
-7.71981
-7.80608
-7.80413
-7.77253
-7.74867
-7.6854
-7.69473
-7.71859
-7.70797
-7.64567
-7.6389
-7.60674
-7.62179
-7.61021
-7.62931
-7.6531
-7.62416
-7.69218
-7.59709
-7.67786
-7.61732
-7.61547
-7.62756
-7.59496
-7.53279
-7.57877
-7.62193
-7.57576
-7.58864
-7.47731
-7.43409
-7.40718
-7.52053
-7.54751
-7.64863
-7.56611
-7.4913
-7.55857
-7.57316
-7.63419
-7.59962
-7.59839
-7.61054
-7.59809
-7.6485
-7.54719
-7.55145
-7.53554
-7.4717
-7.42824
-7.51078
-7.50244
-7.51668
-7.49935
-7.54507
-7.59838
-7.66735
-7.55834
-7.48856
-7.5757
-7.54695
-7.4847
-7.43862
-7.47286
-7.55641
-7.54849
-7.55619
-7.56975
-7.57469
-7.4895
-7.43363
-7.43768
-7.38403
-7.36948
-7.38634
-7.39414
-7.53703
-7.56441
-7.56356
-7.58104
-7.62753
-7.58734
-7.55311
-7.5604
-7.55006
-7.56356
-7.6042
-7.6675
-7.64332
-7.54646
-7.59661
-7.57673
-7.58234
-7.61493
-7.61031
-7.65088
-7.63074
-7.54046
-7.59531
-7.58369
-7.56818
-7.55368
-7.56061
-7.46306
-7.57773
-7.55857
-7.56498
-7.5539
-7.53986
-7.54827
-7.53352
-7.5524
-7.58932
-7.62021
-7.63931
-7.63664
-7.59224
-7.58727
-7.62264
-7.71903
-7.72399
-7.63775
-7.52952
-7.54472
-7.55442
-7.50327
-7.49799
-7.54637
-7.55656
-7.63726
-7.70397
-7.69774
-7.64426
-7.66301
-7.55937
-7.58161
-7.54807
-7.51807
-7.5868
-7.55858
-7.60583
-7.61135
-7.60289
-7.62622
-7.60742
-7.62707
-7.54514
-7.55907
-7.60362
-7.54208
-7.4657
-7.54604
-7.46715
-7.58614
-7.6196
-7.63691
-7.59822
-7.68966
-7.62639
-7.70217
-7.60436
-7.62848
-7.59978
-7.61518
-7.6114
-7.63857
-7.66905
-7.66752
-7.68748
-7.6266
-7.58907
-7.56133
-7.57238
-7.60708
-7.52997
-7.49636
-7.52624
-7.57028
-7.54837
-7.57692
-7.46564
-7.47459
-7.47967
-7.52323
-7.56643
-7.55675
-7.54042
-7.50243
-7.52557
-7.44541
-7.42044
-7.46135
-7.47501
-7.48573
-7.53429
-7.59629
-7.57579
-7.53041
-7.5558
-7.47398
-7.49415
-7.5059
-7.51416
-7.57417
-7.63538
-7.66649
-7.54366
-7.57952
-7.52983
-7.48571
-7.51464
-7.44634
-7.46243
-7.43316
-7.40669
-7.55083
-7.47335
-7.49572
-7.53559
-7.56364
-7.54989
-7.58963
-7.55512
-7.55269
-7.6505
-7.65726
-7.63905
-7.67734
-7.66636
-7.63866
-7.6313
-7.56691
-7.66694
-7.66197
-7.67257
-7.70288
-7.65498
-7.63805
-7.60132
-7.53153
-7.50281
-7.52948
-7.48172
-7.41872
-7.49267
-7.60427
-7.61033
-7.61327
-7.60115
-7.66002
-7.61164
-7.66853
-7.7265
-7.68052
-7.72697
-7.75588
-7.75096
-7.70231
-7.66864
-7.62846
-7.64693
-7.63602
-7.66238
-7.69145
-7.52714
-7.54467
-7.57989
-7.52052
-7.54955
-7.53838
-7.50662
-7.54373
-7.51883
-7.56763
-7.59503
-7.63016
-7.61002
-7.64049
-7.64024
-7.61393
-7.63962
-7.5466
-7.56392
-7.57246
-7.57228
-7.61002
-7.58424
-7.61575
-7.68214
-7.68804
-7.71893
-7.66673
-7.63067
-7.63289
-7.60608
-7.59756
-7.65462
-7.61318
-7.62149
-7.56811
-7.67187
-7.71109
-7.62706
-7.55672
-7.64432
-7.58787
-7.62179
-7.58767
-7.58363
-7.50725
-7.41795
-7.41186
-7.42837
-7.36093
-7.44408
-7.53547
-7.50381
-7.59715
-7.62079
-7.60398
-7.51409
-7.57081
-7.52044
-7.59044
-7.64841
-7.68849
-7.62631
-7.62608
-7.62429
-7.63036
-7.54969
-7.52042
-7.51517
-7.58029
-7.59878
-7.53137
-7.54673
-7.58202
-7.5578
-7.58965
-7.70347
-7.71209
-7.64352
-7.68236
-7.67579
-7.63125
-7.61204
-7.60294
-7.52911
-7.58164
-7.55158
-7.55967
-7.55756
-7.61365
-7.4917
-7.48344
-7.50142
-7.54972
-7.60055
-7.73556
-7.68942
-7.66562
-7.7353
-7.71773
-7.66947
-7.56444
-7.48675
-7.47928
-7.46796
-7.57939
-7.53936
-7.59299
-7.58211
-7.65993
-7.63075
-7.56133
-7.61634
-7.58603
-7.45015
-7.53777
-7.56786
-7.5351
-7.60367
-7.61082
-7.55729
-7.56284
-7.58347
-7.57297
-7.54892
-7.55245
-7.45918
-7.55343
-7.64083
-7.61882
-7.56614
-7.54699
-7.55529
-7.55538
-7.59164
-7.59687
-7.65096
-7.54276
-7.48085
-7.44882
-7.53565
-7.54502
-7.5655
-7.52036
-7.50093
-7.42525
-7.4431
-7.46795
-7.47886
-7.46442
-7.53163
-7.46014
-7.40732
-7.36154
-7.38866
-7.49588
-7.47166
-7.53856
-7.48451
-7.51378
-7.50586
-7.54553
-7.5595
-7.49485
-7.54612
-7.56396
-7.54744
-7.57042
-7.56902
-7.57389
-7.57882
-7.46537
-7.49995
-7.37691
-7.44922
-7.42224
-7.40099
-7.46927
-7.54044
-7.49541
-7.50732
-7.52008
-7.48393
-7.51605
-7.56538
-7.57257
-7.5151
-7.55498
-7.53465
-7.53238
-7.55177
-7.50794
-7.42598
-7.50066
-7.51616
-7.50684
-7.5166
-7.43792
-7.41311
-7.37974
-7.40191
-7.3729
-7.3992
-7.43099
-7.52506
-7.59408
-7.60678
-7.51323
-7.54876
-7.50013
-7.55336
-7.48797
-7.58341
-7.61554
-7.66603
-7.62542
-7.56747
-7.5999
-7.59276
-7.60117
-7.5347
-7.51415
-7.48252
-7.55444
-7.5695
-7.51709
-7.56875
-7.57606
-7.60749
-7.48814
-7.48726
-7.48091
-7.48926
-7.48352
-7.44823
-7.46545
-7.49477
-7.44728
-7.49481
-7.50032
-7.53473
-7.52504
-7.52049
-7.54485
-7.57683
-7.64901
-7.62182
-7.62714
-7.70599
-7.7751
-7.72045
-7.72729
-7.70354
-7.67749
-7.70393
-7.64088
-7.70654
-7.67965
-7.64723
-7.63492
-7.63668
-7.66686
-7.6314
-7.6572
-7.68275
-7.64643
-7.642
-7.63437
-7.56386
-7.53024
-7.48906
-7.47396
-7.44759
-7.4903
-7.59031
-7.54973
-7.62676
-7.59796
-7.58614
-7.60488
-7.67439
-7.62824
-7.6392
-7.55687
-7.54664
-7.5115
-7.53213
-7.49602
-7.53632
-7.54577
-7.54426
-7.53835
-7.50266
-7.46422
-7.4991
-7.5373
-7.41488
-7.45941
-7.51589
-7.5655
-7.43706
-7.53083
-7.45866
-7.3727
-7.37359
-7.44789
-7.48761
-7.51879
-7.55139
-7.54749
-7.55452
-7.59662
-7.64373
-7.54911
-7.5644
-7.55074
-7.51428
-7.55047
-7.48238
-7.53325
-7.60594
-7.50974
-7.63369
-7.65465
-7.67532
-7.65491
-7.61669
-7.66061
-7.63636
-7.64166
-7.64863
-7.58066
-7.6478
-7.66334
-7.63902
-7.62659
-7.56353
-7.60272
-7.57953
-7.50719
-7.50026
-7.55017
-7.59403
-7.56692
-7.62285
-7.61514
-7.53514
-7.57014
-7.61373
-7.58007
-7.55693
-7.58515
-7.59736
-7.61443
-7.55486
-7.53602
-7.62001
-7.59101
-7.56512
-7.55032
-7.51121
-7.46936
-7.47365
-7.49169
-7.52361
-7.53232
-7.49783
-7.47251
-7.49207
-7.44121
-7.35833
-7.36683
-7.51002
-7.5419
-7.6234
-7.58007
-7.57899
-7.53977
-7.58353
-7.60808
-7.61939
-7.63822
-7.63834
-7.58935
-7.56308
-7.59329
-7.47162
-7.54448
-7.52903
-7.55314
-7.5177
-7.56537
-7.62342
-7.6482
-7.6433
-7.65064
-7.61826
-7.68204
-7.66795
-7.74747
-7.71363
-7.7128
-7.7103
-7.6872
-7.68052
-7.52229
-7.47649
-7.44764
-7.47457
-7.64746
-7.68103
-7.71322
-7.74711
-7.7236
-7.66319
-7.60465
-7.59933
-7.60945
-7.59673
-7.57355
-7.56264
-7.49604
-7.53301
-7.53332
-7.43699
-7.40144
-7.4166
-7.5006
-7.47923
-7.46198
-7.3929
-7.38706
-7.42114
-7.44286
-7.49245
-7.50902
-7.38629
-7.40861
-7.45372
-7.51193
-7.45643
-7.56475
-7.5389
-7.53004
-7.50001
-7.55275
-7.49404
-7.55556
-7.57743
-7.5381
-7.59656
-7.61737
-7.63893
-7.60708
-7.58305
-7.57872
-7.53836
-7.55228
-7.61444
-7.68489
-7.69984
-7.63713
-7.59944
-7.60498
-7.58579
-7.60424
-7.58249
-7.56192
-7.67462
-7.64232
-7.68248
-7.67648
-7.6742
-7.70192
-7.726
-7.74972
-7.63923
-7.61201
-7.6308
-7.64863
-7.61185
-7.6004
-7.62047
-7.62966
-7.62334
-7.65768
-7.61231
-7.63888
-7.59863
-7.58435
-7.59392
-7.60419
-7.57103
-7.52833
-7.56646
-7.53396
-7.48361
-7.57347
-7.66304
-7.67974
-7.63122
-7.63284
-7.58537
-7.48871
-7.49114
-7.49513
-7.47216
-7.48192
-7.4756
-7.43659
-7.51821
-7.46254
-7.43464
-7.4269
-7.40095
-7.39738
-7.45496
-7.38547
-7.34356
-7.3915
-7.3839
-7.39687
-7.42287
-7.37799
-7.35232
-7.34527
-7.42148
-7.40945
-7.43571
-7.47153
-7.46075
-7.57132
-7.52422
-7.56487
-7.61769
-7.66074
-7.63579
-7.60655
-7.59208
-7.56427
-7.56267
-7.45785
-7.44457
-7.36142
-7.34171
-7.35788
-7.38304
-7.43531
-7.40793
-7.54424
-7.53059
-7.56932
-7.63577
-7.60659
-7.54453
-7.48786
-7.55692
-7.59628
-7.56581
-7.52281
-7.59229
-7.53966
-7.55975
-7.47635
-7.43913
-7.50297
-7.47152
-7.51435
-7.55657
-7.58308
-7.5494
-7.57029
-7.58379
-7.58178
-7.57854
-7.58623
-7.60204
-7.59228
-7.58363
-7.62929
-7.63536
-7.67474
-7.65164
-7.68432
-7.69415
-7.71446
-7.67402
-7.723
-7.70237
-7.64829
-7.62634
-7.51239
-7.49033
-7.60347
-7.55423
-7.61058
-7.64986
-7.60189
-7.67811
-7.6983
-7.64039
-7.60539
-7.55734
-7.56463
-7.55631
-7.55358
-7.61611
-7.67422
-7.68585
-7.63363
-7.57734
-7.56345
-7.56691
-7.61426
-7.55074
-7.54247
-7.4523
-7.53853
-7.56444
-7.50927
-7.47003
-7.53669
-7.51482
-7.43012
-7.44134
-7.45544
-7.48456
-7.55384
-7.56241
-7.55181
-7.50903
-7.52532
-7.51374
-7.50947
-7.42034
-7.34388
-7.33286
-7.33364
-7.38759
-7.54573
-7.55122
-7.45974
-7.37271
-7.46667
-7.5068
-7.49966
-7.38078
-7.38627
-7.43371
-7.40899
-7.49318
-7.58575
-7.53289
-7.57436
-7.52949
-7.53062
-7.49808
-7.50234
-7.6414
-7.6074
-7.56528
-7.60422
-7.62951
-7.62575
-7.5864
-7.53681
-7.44619
-7.48393
-7.44752
-7.42492
-7.37233
-7.40267
-7.48344
-7.44487
-7.38295
-7.51279
-7.54386
-7.61134
-7.52164
-7.51402
-7.52434
-7.52816
-7.47061
-7.57646
-7.5878
-7.5762
-7.54004
-7.55423
-7.58401
-7.64455
-7.64903
-7.65908
-7.70244
-7.6459
-7.69326
-7.70961
-7.61402
-7.60109
-7.58589
-7.54552
-7.53876
-7.61026
-7.55901
-7.50093
-7.5186
-7.45741
-7.51636
-7.42162
-7.42112
-7.39877
-7.43416
-7.51313
-7.42477
-7.4275
-7.40318
-7.44742
-7.42931
-7.33507
-7.41945
-7.31807
-7.28742
-7.16262
-7.34842
-7.42342
-7.43224
-7.55359
-7.66505
-7.61241
-7.52295
-7.58498
-7.66007
-7.67122
-7.69912
-7.64784
-7.62899
-7.58146
-7.5304
-7.53924
-7.62728
-7.59068
-7.58144
-7.54489
-7.52809
-7.57909
-7.71367
-7.67264
-7.68157
-7.61895
-7.52408
-7.57318
-7.52549
-7.52092
-7.57038
-7.54102
-7.56563
-7.60953
-7.52439
-7.48869
-7.44161
-7.40433
-7.38215
-7.44381
-7.42221
-7.48397
-7.41575
-7.44332
-7.4574
-7.40854
-7.41119
-7.41787
-7.50427
-7.55704
-7.42461
-7.43985
-7.50403
-7.44716
-7.52164
-7.43385
-7.45329
-7.40085
-7.43552
-7.43601
-7.48091
-7.46902
-7.42178
-7.47161
-7.5618
-7.53666
-7.56033
-7.55752
-7.5149
-7.41123
-7.453
-7.53155
-7.54421
-7.56867
-7.49557
-7.45256
-7.44711
-7.4289
-7.37999
-7.38349
-7.34949
-7.43935
-7.55917
-7.54142
-7.54038
-7.50716
-7.52954
-7.49194
-7.46874
-7.57604
-7.55937
-7.45882
-7.49463
-7.50294
-7.4366
-7.50154
-7.50425
-7.43955
-7.45889
-7.48171
-7.50121
-7.46156
-7.41144
-7.44171
-7.46796
-7.46894
-7.43454
-7.49098
-7.52272
-7.4994
-7.57646
-7.51661
-7.60984
-7.57343
-7.62196
-7.55018
-7.60527
-7.6787
-7.69466
-7.5171
-7.56244
-7.54799
-7.61589
-7.563
-7.57292
-7.53241
-7.50761
-7.48249
-7.50351
-7.49746
-7.42214
-7.4752
-7.52312
-7.50215
-7.63475
-7.66637
-7.69806
-7.59355
-7.55319
-7.58088
-7.6259
-7.62462
-7.71222
-7.59103
-7.52538
-7.53127
-7.53854
-7.58364
-7.55373
-7.59089
-7.58658
-7.59708
-7.55136
-7.45934
-7.43218
-7.41857
-7.41333
-7.45096
-7.38191
-7.37601
-7.4346
-7.43839
-7.47619
-7.44321
-7.57351
-7.56965
-7.53305
-7.53231
-7.61659
-7.57079
-7.48137
-7.43434
-7.40269
-7.51178
-7.53549
-7.52024
-7.45648
-7.48988
-7.50512
-7.46901
-7.49868
-7.59304
-7.54794
-7.53985
-7.46294
-7.47164
-7.54829
-7.49893
-7.45745
-7.48183
-7.51819
-7.50488
-7.44637
-7.41453
-7.43358
-7.44944
-7.52542
-7.47168
-7.50108
-7.46186
-7.4062
-7.39652
-7.44732
-7.48438
-7.4762
-7.50351
-7.51633
-7.55617
-7.57469
-7.60183
-7.60677
-7.59685
-7.64187
-7.64034
-7.59411
-7.63014
-7.64017
-7.66665
-7.67235
-7.63807
-7.62875
-7.71699
-7.66077
-7.73834
-7.68627
-7.71066
-7.7622
-7.71981
-7.73648
-7.73235
-7.71663
-7.71419
-7.70891
-7.65975
-7.67316
-7.72145
-7.78857
-7.74088
-7.78132
-7.6928
-7.66673
-7.73962
-7.77726
-7.78214
-7.71013
-7.72615
-7.66267
-7.62142
-7.57771
-7.55891
-7.58508
-7.71634
-7.67162
-7.66727
-7.70537
-7.67805
-7.59266
-7.55856
-7.55013
-7.60164
-7.59737
-7.59084
-7.58107
-7.57634
-7.55686
-7.51018
-7.47802
-7.52042
-7.58427
-7.5601
-7.5494
-7.48119
-7.50355
-7.37165
-7.39131
-7.40889
-7.43939
-7.35837
-7.4056
-7.48343
-7.54763
-7.54191
-7.50841
-7.4821
-7.47881
-7.46309
-7.50932
-7.59676
-7.61982
-7.60474
-7.52768
-7.53382
-7.56796
-7.53421
-7.51516
-7.53543
-7.4323
-7.48001
-7.57297
-7.53938
-7.58078
-7.52605
-7.46086
-7.49026
-7.54236
-7.62149
-7.60089
-7.63686
-7.66293
-7.67468
-7.56877
-7.61562
-7.61175
-7.56249
-7.60743
-7.69553
-7.67497
-7.65142
-7.61661
-7.56724
-7.61771
-7.72219
-7.62328
-7.68946
-7.68711
-7.71667
-7.71061
-7.67927
-7.61437
-7.56525
-7.58568
-7.62996
-7.53399
-7.53095
-7.55835
-7.58575
-7.57661
-7.54909
-7.59612
-7.59799
-7.63969
-7.6008
-7.62384
-7.58016
-7.64018
-7.64431
-7.66346
-7.63021
-7.58617
-7.63516
-7.57183
-7.5753
-7.52332
-7.52951
-7.48089
-7.48642
-7.48909
-7.45244
-7.49098
-7.42119
-7.44987
-7.43319
-7.51341
-7.58808
-7.55782
-7.58813
-7.57353
-7.57219
-7.57222
-7.54632
-7.43758
-7.49408
-7.5028
-7.42986
-7.52854
-7.48243
-7.48726
-7.52733
-7.46167
-7.42055
-7.48192
-7.43173
-7.41481
-7.3693
-7.40074
-7.44096
-7.44361
-7.4951
-7.48652
-7.53248
-7.54623
-7.47852
-7.53076
-7.59707
-7.52629
-7.43071
-7.34672
-7.27848
-7.32278
-7.4013
-7.37111
-7.32845
-7.40316
-7.54458
-7.5575
-7.53603
-7.57397
-7.63884
-7.61448
-7.60357
-7.61326
-7.57961
-7.59667
-7.50455
-7.48876
-7.53723
-7.54282
-7.44895
-7.48151
-7.48789
-7.47005
-7.46368
-7.46701
-7.58319
-7.51991
-7.53398
-7.56138
-7.49582
-7.57493
-7.62952
-7.56706
-7.5717
-7.54186
-7.48699
-7.49596
-7.52293
-7.55896
-7.58502
-7.60289
-7.58367
-7.57019
-7.50457
-7.5003
-7.50554
-7.59658
-7.55785
-7.58491
-7.59033
-7.59795
-7.60981
-7.60553
-7.5276
-7.39947
-7.45446
-7.47484
-7.37493
-7.43203
-7.50645
-7.51833
-7.54385
-7.56989
-7.67362
-7.70163
-7.71103
-7.68475
-7.65752
-7.64342
-7.65364
-7.59679
-7.55803
-7.55549
-7.67996
-7.63088
-7.63212
-7.6667
-7.59666
-7.58819
-7.62496
-7.53264
-7.55241
-7.54564
-7.54599
-7.53622
-7.62445
-7.63542
-7.5805
-7.57836
-7.57693
-7.59665
-7.64957
-7.65517
-7.57703
-7.57187
-7.57293
-7.56575
-7.55445
-7.51489
-7.54537
-7.58402
-7.57431
-7.53982
-7.53401
-7.5503
-7.56513
-7.65582
-7.68032
-7.61759
-7.51808
-7.47084
-7.47714
-7.48853
-7.48687
-7.57374
-7.55417
-7.61984
-7.7606
-7.70683
-7.69808
-7.70843
-7.68975
-7.69654
-7.66412
-7.62533
-7.55111
-7.58405
-7.58792
-7.63713
-7.58025
-7.50915
-7.57595
-7.50886
-7.60312
-7.54558
-7.59588
-7.59805
-7.59853
-7.61935
-7.59382
-7.59257
-7.60315
-7.5806
-7.51882
-7.48805
-7.4238
-7.55969
-7.44013
-7.47457
-7.46919
-7.50616
-7.63909
-7.63301
-7.59742
-7.58124
-7.63628
-7.55367
-7.55097
-7.58861
-7.57211
-7.5661
-7.54967
-7.47218
-7.50033
-7.54452
-7.52073
-7.50365
-7.5851
-7.56529
-7.50598
-7.53324
-7.41777
-7.49666
-7.53806
-7.66385
-7.65098
-7.7012
-7.82461
-7.80139
-7.71174
-7.7138
-7.63572
-7.69899
-7.60654
-7.54799
-7.61917
-7.55381
-7.54257
-7.54112
-7.48096
-7.54262
-7.53076
-7.51905
-7.55727
-7.58597
-7.61566
-7.6293
-7.66858
-7.65508
-7.61588
-7.63271
-7.63842
-7.65346
-7.54814
-7.54227
-7.60639
-7.52916
-7.52108
-7.46266
-7.48186
-7.44812
-7.43951
-7.48458
-7.51058
-7.55935
-7.60512
-7.6088
-7.65512
-7.53943
-7.52272
-7.51111
-7.55893
-7.62941
-7.58714
-7.625
-7.64429
-7.65111
-7.66999
-7.66895
-7.68212
-7.73665
-7.78361
-7.69666
-7.70311
-7.7052
-7.56605
-7.51361
-7.51631
-7.45586
-7.44628
-7.49933
-7.56416
-7.6059
-7.59356
-7.6218
-7.52054
-7.62847
-7.63323
-7.59126
-7.52332
-7.44793
-7.4459
-7.4412
-7.43713
-7.59125
-7.56037
-7.57091
-7.53128
-7.50577
-7.58657
-7.58102
-7.62615
-7.60892
-7.60577
-7.54358
-7.57136
-7.65569
-7.62596
-7.59297
-7.56433
-7.50543
-7.52608
-7.60611
-7.61182
-7.58587
-7.64546
-7.55706
-7.50483
-7.53724
-7.58882
-7.54128
-7.55827
-7.53339
-7.58033
-7.5848
-7.53681
-7.48576
-7.4857
-7.508
-7.51663
-7.54826
-7.54916
-7.60126
-7.63529
-7.54972
-7.6059
-7.61423
-7.55189
-7.47538
-7.51047
-7.53837
-7.59819
-7.58321
-7.5767
-7.62415
-7.6814
-7.73219
-7.67153
-7.69885
-7.70869
-7.65047
-7.58875
-7.61547
-7.67612
-7.70085
-7.74983
-7.63822
-7.64385
