6.74634
7.03182
6.61367
7.12261
7.43526
7.61581
7.50872
7.73968
7.94489
8.05255
7.98942
8.18635
8.34758
8.79044
8.65446
7.91357
7.67102
7.93826
7.1533
7.03844
7.26896
7.36628
7.89512
7.85991
7.93035
7.77497
7.79485
7.80247
7.75294
8.44185
8.55749
8.18334
8.28774
7.62488
7.58164
7.7805
7.85597
7.90273
7.34676
7.76428
7.61531
7.58387
7.41261
7.78369
7.40501
7.66183
7.61519
7.71827
7.78009
7.36093
6.99422
7.29505
7.11694
7.35242
7.36572
7.17643
7.07709
7.24238
7.19102
7.27259
7.65623
7.4044
7.38477
8.0945
7.85334
7.77083
7.60974
7.19607
7.15399
7.66358
8.00346
7.9288
8.1638
8.18716
8.02495
7.82964
7.81673
7.84269
7.99712
8.18784
8.27431
8.83612
8.71985
8.30971
8.33065
7.86131
7.30171
7.33951
7.36835
6.9623
6.89101
6.53217
6.72495
7.1414
7.09203
6.88782
7.00738
6.89907
6.83703
7.22026
7.02025
7.08888
6.83032
6.97534
7.46375
8.00567
7.78993
7.67128
8.05114
7.99392
7.00341
7.24379
6.96807
7.49919
7.09269
6.8949
7.06968
7.61763
7.25321
7.20301
7.3613
8.06627
7.81113
7.98519
7.48989
7.72121
7.90465
7.63806
8.10425
7.82039
7.58289
7.11826
7.16607
7.45385
7.24725
7.03625
7.09408
7.1318
7.03593
7.31921
7.68101
7.35563
7.26002
6.9877
7.36971
7.18372
6.98274
7.2058
7.37402
7.11481
7.20204
7.29493
7.24654
7.1827
7.32181
7.74495
8.06802
8.05291
7.82867
7.76542
7.73934
7.7079
7.88611
7.31232
7.09484
6.96359
6.87857
6.84972
6.94854
7.02829
7.36046
7.682
7.55287
7.64355
7.67176
7.71244
7.81235
7.67325
7.94843
7.90272
7.67377
7.86014
7.74549
7.78084
8.28928
8.0194
7.94155
7.83826
8.04124
8.03248
8.04541
8.13251
8.15015
8.10144
7.90765
7.56891
8.14925
8.22375
8.20516
8.16043
7.82132
7.83583
7.44023
7.52716
7.12918
7.10249
7.18066
6.85786
7.18417
7.49106
7.11987
7.33761
7.37828
7.3203
7.56284
7.49968
7.90342
8.17704
8.39997
8.17901
8.25083
8.16429
8.53183
7.90986
7.76918
7.91584
7.90192
8.39179
8.33891
8.41199
8.14197
8.1205
8.18878
8.3051
7.90594
7.93086
7.99791
8.24265
8.14521
7.935
8.07248
8.3329
8.13068
8.47855
8.60099
8.64527
8.87668
9.09654
9.15839
8.52549
8.33961
8.01921
8.22397
8.01084
7.77411
8.14626
8.34406
7.41354
7.4331
8.11521
8.2879
7.53842
7.26564
7.50151
7.23289
6.99895
7.28477
7.5841
7.87496
7.74279
7.59052
7.47093
7.75179
7.70906
7.53912
7.21498
7.89504
7.79409
7.78307
8.031
8.2558
8.05234
8.00756
8.26233
7.93824
7.99496
8.06281
8.04461
7.90194
7.49323
7.95339
8.25078
8.56086
8.4002
7.7349
7.87904
8.27947
7.65177
7.51942
7.58515
7.56708
7.94263
7.9706
8.30487
7.882
7.78029
8.04746
7.97891
7.50618
7.2907
7.34419
6.88349
7.16723
7.60785
7.4904
7.67031
7.5377
7.04771
6.97925
6.74967
6.38204
6.67652
6.53652
6.65885
6.61893
6.07836
6.06561
6.3116
6.31516
6.33151
6.97992
7.38913
7.63583
7.72614
7.68228
8.08676
8.21406
8.488
8.29832
7.56684
7.14364
6.8618
7.30983
7.32239
6.91035
7.24107
7.74352
7.65393
7.63039
7.23683
7.49466
7.09795
7.01586
7.31604
7.49448
7.24284
7.31872
6.65341
7.0125
7.07415
7.08748
6.79393
6.89046
6.9007
7.12631
7.44523
7.57396
7.11404
6.85426
7.14431
7.3294
7.34008
7.50124
6.87365
6.90872
6.75051
7.11352
7.51747
7.97808
8.1062
8.51065
8.18089
8.2186
8.39851
8.25669
8.55797
8.42905
8.43456
8.60379
7.69442
7.74693
7.34777
7.20962
7.43613
7.53315
7.68028
7.50843
7.80983
8.14872
7.97843
7.90723
7.42079
7.76554
7.83916
7.84011
7.57899
8.08778
8.0575
8.22833
8.15508
7.89518
8.00526
7.98128
7.90112
7.53699
7.28017
7.05082
6.48558
6.88597
6.71749
6.73638
6.8192
6.94454
7.08293
7.48115
7.29436
7.25208
7.12742
6.47986
6.88437
7.17924
6.83789
7.14807
7.18751
7.3008
7.21146
7.05996
7.32978
7.40118
7.43269
7.69947
7.49259
7.32232
7.68829
7.65362
7.59438
7.65158
8.08248
8.25651
8.58718
8.52688
8.03241
7.34471
7.46168
7.16265
7.22178
6.75523
6.87997
7.18468
7.41241
7.36899
7.76465
7.6959
7.06838
7.33065
7.35952
7.64479
7.9057
7.60801
7.62056
7.17531
7.61404
7.34734
7.91009
7.82474
7.88154
8.18019
8.2801
7.58714
7.78947
7.78559
8.10936
8.04839
7.98116
8.69183
8.6517
8.32775
7.76068
7.76757
8.06555
8.25707
7.9305
8.07274
7.80248
7.72975
7.58437
7.60386
7.22052
7.68263
7.218
7.30869
7.41093
7.18654
7.54718
7.64916
7.58769
8.03983
7.71179
7.21669
7.17214
7.67102
7.70198
7.3859
6.8883
7.13468
7.18177
7.34048
7.68359
8.04869
8.11805
8.672
8.90249
8.67343
8.92412
7.71932
7.83085
7.55915
7.33958
7.83017
7.96408
7.51663
7.98911
8.00157
7.8734
8.03469
8.47633
7.90554
8.15311
8.0422
8.15964
7.86944
7.78014
7.83307
8.1891
8.22259
8.42588
8.22828
7.96392
7.94442
8.02704
8.01703
7.74977
7.65604
7.82391
8.19672
7.91531
7.7798
7.3607
8.38094
8.61507
8.69959
7.96174
8.58892
8.3056
8.19455
7.66509
7.92453
7.49007
7.42767
7.1067
6.93975
7.09412
7.41253
7.9682
8.3862
8.33949
8.23957
8.41971
8.69021
8.67877
8.39678
7.97465
7.86884
7.96018
7.96804
8.09885
7.90967
7.91773
7.58518
7.84286
7.17863
7.32525
6.97808
6.4879
6.64333
6.61549
6.78259
6.79664
7.21503
7.40427
7.54125
6.8958
6.88797
6.8538
6.75864
6.68367
6.96557
6.74428
7.04341
6.56404
7.09394
7.23671
7.6358
7.51964
7.07429
6.97793
6.99091
6.93154
7.04996
7.27001
7.25392
7.49605
7.53471
7.28507
7.52948
7.93746
8.13817
8.28681
8.29876
8.13704
8.16594
8.37109
7.89286
7.66286
7.49461
7.32864
6.98784
7.52481
7.3756
7.30127
7.74608
7.64113
8.01865
7.5553
8.04024
7.97356
8.14013
8.31236
8.39803
8.46312
7.85809
7.72978
7.65393
7.6616
8.13847
8.17168
7.82374
7.52981
7.36361
7.89931
8.10003
8.38171
8.07334
8.1977
7.98053
8.08741
7.60209
7.84805
7.58776
7.3092
7.22518
7.15771
7.33211
7.18096
7.18406
7.7305
7.77588
7.84744
7.72366
7.79435
7.96522
7.73823
7.62531
7.39661
7.44705
7.40811
7.44587
7.24506
7.76359
7.55949
7.60778
7.30194
7.24915
7.57921
7.24658
7.48315
7.91445
7.74819
7.24275
7.48268
7.62259
7.62697
7.55217
7.25239
7.24031
6.7584
6.67721
6.84442
7.34489
7.45541
7.30589
7.31499
7.34953
7.37834
7.4473
7.19583
7.67281
7.74142
8.0136
8.1201
7.79319
7.9447
7.96482
7.39837
7.40512
7.86663
7.58631
7.87823
7.7625
7.60492
7.3098
7.31516
7.49936
7.81574
7.69769
7.63461
7.24484
7.46438
7.608
8.10876
7.68527
7.46269
7.4351
7.19274
7.0586
7.19253
7.29901
7.15299
6.86664
6.49163
6.54855
6.95003
7.60597
7.16139
6.8998
6.84352
7.14096
6.60009
6.64567
6.60998
6.6492
6.71357
6.95263
6.81653
7.02296
6.86545
7.16912
7.31102
7.07118
7.77271
8.19165
8.48573
8.04351
7.4089
7.77662
7.6855
7.62134
7.6365
7.22784
7.09282
7.4825
7.62173
7.38966
7.13236
6.84145
6.86651
6.69782
6.25531
6.35798
6.21906
6.48569
6.47954
6.7629
6.98248
7.21989
7.27739
6.89558
6.99159
6.89185
6.97998
7.17161
7.26434
7.15888
7.56001
7.46609
7.55692
7.7187
7.8749
7.56593
7.76383
7.70719
7.59158
7.41451
7.79868
7.96395
7.69146
8.09705
7.44462
7.61384
7.54638
7.66879
7.75578
7.7841
7.83848
7.90485
8.09218
7.80561
8.24069
8.09794
7.86337
8.31647
8.15776
7.6684
7.59126
7.75045
7.70595
7.73353
7.85682
7.45133
7.16055
6.88359
7.15725
7.43014
7.49475
7.40379
7.85569
8.33016
8.27539
8.23018
8.09292
8.30688
7.76129
7.57306
7.55825
7.94642
8.02751
7.91467
7.70432
7.85562
7.72581
7.80731
7.60184
7.67606
8.10583
8.30346
8.09762
8.42011
8.51215
8.84912
8.47503
8.24863
8.0821
8.13335
7.79984
7.57409
8.05908
7.43111
7.24422
7.1334
6.85111
6.62073
6.79704
6.82438
6.76276
6.69331
6.87979
7.02994
7.07365
7.12927
7.62096
8.12538
8.00121
7.7894
7.4667
7.61468
7.60306
7.59888
7.4422
7.4922
7.18909
7.17796
7.17087
7.32548
7.46886
7.48247
7.74934
7.4802
7.69011
7.82341
7.94474
7.84036
7.9992
7.78769
7.63524
7.37349
6.98353
7.17486
7.62337
7.71378
7.74554
7.45386
7.71866
7.51575
7.79865
7.60639
7.54932
7.48189
7.1998
7.47032
7.70564
6.96929
6.87708
7.24904
7.58985
7.83684
7.82537
7.01635
7.55033
7.8527
7.69287
7.56046
7.1715
6.92088
7.15499
7.55535
7.36387
7.28386
7.4406
7.24249
7.16394
7.08266
7.18741
7.35711
7.30172
7.59826
7.481
7.31748
8.05084
8.35094
8.15716
8.25172
8.36194
8.31092
7.90082
7.9029
7.55746
7.27299
7.44481
7.57114
7.71286
7.60747
7.67173
8.04449
8.53869
8.58164
8.68999
8.18485
8.04681
8.11201
7.77837
8.2779
7.81668
8.20286
8.29188
8.08253
7.91442
7.97279
7.90966
8.09469
8.28946
8.44837
8.30321
8.14075
7.99526
8.15505
8.55808
8.0669
8.44834
8.49509
8.60529
8.86235
9.06883
8.58598
8.66276
8.12937
7.76804
7.91999
8.6104
7.91508
8.10866
7.8694
7.93708
8.30399
7.89924
7.81077
8.05007
8.92997
8.73184
8.61871
8.28878
8.39592
8.05357
7.77468
7.73221
7.75543
7.59833
8.0779
7.92869
8.04541
8.35272
7.68679
7.42071
7.61556
7.51311
7.47952
7.6242
7.799
7.88585
7.69984
7.83589
7.86215
8.34059
7.63818
7.50606
7.84293
7.33118
7.98288
8.1826
8.18046
7.94137
8.12018
8.6277
8.42607
8.29993
8.24689
7.69356
7.24794
7.41268
7.48222
6.99601
6.92272
6.72201
6.79481
6.58974
6.53463
6.87036
7.54798
7.48092
7.35839
6.96664
7.07906
7.09792
7.69061
7.63497
7.64834
8.09195
7.82603
7.51271
7.46941
7.4816
7.61309
7.35373
7.13415
7.42814
7.48281
7.80905
7.54606
7.70908
7.7646
7.84321
7.60287
8.18096
7.98863
7.84846
8.04982
8.11861
8.47952
8.4862
8.27228
8.3956
7.90883
7.68284
7.44291
7.98066
8.27864
8.406
8.49423
7.87504
7.57922
7.68997
7.81631
7.70729
7.20791
6.96947
7.18898
7.01082
6.90248
6.61998
7.31254
7.17862
7.76555
7.96838
7.86845
7.54983
7.40594
7.20963
6.76161
7.06172
7.54242
7.11504
6.78071
6.92601
7.39851
7.23567
7.3357
7.46291
7.39186
7.18998
7.1547
7.03746
7.22601
7.16849
7.17996
7.19072
7.25941
6.98339
7.08425
6.62196
6.86432
7.36276
7.50394
7.65025
7.59746
7.6443
7.44767
7.39772
7.59891
8.23251
7.96086
7.78349
7.30637
7.43211
7.54119
6.85024
7.09574
7.47104
7.35831
7.58263
7.09568
7.3935
7.60672
7.98079
7.51472
7.37951
7.23587
7.30246
7.196
7.05956
7.38109
7.13498
6.96671
7.32387
7.77662
7.55194
7.37702
7.42356
7.15579
6.17013
6.4804
6.22812
6.13471
6.53497
6.67147
6.37352
6.61403
6.28154
6.34297
6.57788
6.74658
7.1775
7.13197
7.29179
7.66659
7.6036
7.81716
7.59454
7.62834
7.29188
7.28931
7.17287
7.14399
7.26509
8.11317
8.09554
7.89076
7.75204
7.79527
7.94862
7.79874
7.65423
7.22915
7.57547
7.11305
7.33641
7.1877
6.84307
7.04607
7.32339
7.04501
7.20586
7.42852
7.41039
6.9485
7.28907
7.47273
7.24982
7.19387
7.26668
7.36299
7.26599
7.95567
7.53165
7.84121
7.71321
8.00584
7.49531
7.78776
7.92634
7.52757
7.37343
7.51661
7.69706
7.70565
7.5038
7.85012
8.31219
8.6576
8.44102
7.81484
7.5188
7.95123
7.86873
7.39543
7.78121
7.67255
7.88282
7.81361
7.66761
7.74797
7.86603
7.75074
7.66778
7.59694
7.3194
7.1616
6.81626
7.25745
6.85963
6.57195
6.68718
6.6245
6.80121
6.67156
7.01882
6.7861
6.9587
6.63306
6.38763
6.8055
6.72637
6.94054
6.74512
6.76005
6.517
6.68768
6.77958
7.05981
7.26017
7.42955
7.83537
8.00816
7.81012
8.05791
8.07043
7.9745
8.28074
8.05694
8.33939
7.98388
7.41803
7.34126
7.5461
7.52018
7.50541
7.50009
7.36002
7.37229
7.89264
8.09103
7.74293
8.21513
8.06215
7.93788
7.69458
7.74541
7.99299
7.63995
7.82611
7.90643
7.67837
7.80203
7.87295
7.96297
8.17637
8.17165
7.92381
7.49936
7.19316
7.48436
7.60992
7.17562
6.85456
7.10238
7.30006
7.28183
7.44084
7.00304
7.31359
7.45023
7.66365
6.73519
6.69745
6.63987
6.92024
7.18269
6.97854
7.58571
7.83344
7.44621
7.50087
7.56758
7.62177
7.33959
7.73806
7.09551
6.85473
7.01418
7.37283
7.6783
7.84877
8.07578
7.73962
7.59873
7.51448
7.15435
7.45464
7.38587
7.23999
6.92418
7.54607
7.28519
7.51076
7.25505
7.60617
7.2297
7.23069
6.96032
6.77297
7.14456
7.06208
7.02219
7.47307
7.52438
7.3868
7.12581
7.23019
7.25446
7.38275
7.28188
7.59388
7.11111
7.64098
7.45943
7.03658
7.03219
7.41043
7.3093
7.24206
7.46899
7.6174
7.49678
7.75472
7.80935
7.91579
8.11367
7.73319
7.82948
8.47706
8.3294
7.83815
7.70638
7.47187
7.91804
8.22222
8.07957
7.98367
7.85068
7.97462
8.24037
8.06527
8.19098
7.77196
7.55449
8.11489
7.35463
7.63391
7.71687
8.00021
7.61132
7.57186
7.37145
7.74682
8.36608
8.46727
7.96491
7.54464
7.56597
7.58716
7.15994
7.31568
7.54841
7.56641
7.24652
7.14297
7.01345
7.67066
7.67638
7.3613
7.4639
7.9585
8.50184
7.88709
8.20226
8.11715
8.47888
8.44247
8.31861
8.09275
7.76503
8.32193
8.29606
8.6934
8.58955
8.65829
8.74582
9.01093
8.30454
8.18596
8.50526
8.23756
8.30204
8.27363
8.48512
8.3034
8.3298
8.59362
8.12605
8.39267
8.65052
8.1272
8.01582
7.6967
7.94615
7.54106
7.42535
7.53644
7.88056
7.71916
8.41638
8.41147
8.10773
7.82829
8.00141
7.53223
7.96215
7.9984
7.63911
7.73932
7.67876
7.74582
8.0771
8.02517
8.03366
7.84548
7.72039
7.81545
7.41799
7.80116
8.2733
7.3941
7.31251
7.46096
7.57271
7.79424
7.50734
7.92256
7.96452
7.81482
7.84006
7.42474
7.93506
7.87764
7.95705
8.3213
7.70478
7.95817
7.6206
7.58708
8.17692
7.62694
7.32513
7.1551
7.02035
7.59783
8.19697
7.72326
7.61582
7.76171
7.97349
7.59113
7.73355
7.98786
8.49888
8.09167
8.05404
7.75657
7.3576
7.41341
7.84647
8.06094
7.96039
8.23427
7.70762
8.06002
8.13603
8.0295
8.2887
8.61337
8.2343
8.31982
8.34883
8.38441
8.17563
8.12122
7.72904
7.78214
7.81301
7.49245
7.72713
7.63775
7.64193
7.77734
7.56183
7.94742
7.83296
7.64224
7.20466
7.06973
7.28189
7.79629
7.80356
7.74523
7.55197
7.44111
7.11039
7.49667
7.68238
7.30884
7.63289
7.33416
7.31278
7.05858
7.14882
7.41487
7.50291
7.3965
7.44409
7.76517
7.66624
7.43241
7.98021
7.93351
8.11127
7.5595
7.48219
7.34961
7.3907
7.17928
7.13338
6.93766
7.32811
7.53743
7.5709
7.43886
7.52142
7.73111
7.41672
7.87604
7.9637
7.92769
7.77548
7.77693
7.59724
7.32264
7.00503
6.91976
6.85369
6.83852
6.88785
7.25741
7.12085
7.28902
7.49877
7.36835
7.3473
7.22255
7.15075
6.79614
6.8248
7.20163
7.29162
7.01191
7.42466
7.54087
6.99789
7.19975
7.43356
7.65086
7.59991
7.85713
7.28157
7.48389
7.86135
7.34624
7.5054
7.44692
7.45499
7.45099
7.21846
7.31633
7.45664
7.18862
7.53108
7.54886
7.30735
7.11155
6.79898
6.97521
7.45583
7.40344
6.91869
7.62588
7.89995
7.7726
8.03204
7.48143
7.41234
7.34577
7.63651
7.34639
7.16089
7.35213
6.88672
7.21459
7.01317
6.75459
6.74255
6.92538
7.03322
7.12878
7.04945
7.16029
7.08342
7.24971
7.07442
7.71381
7.14164
7.44918
7.75248
7.86892
7.63375
8.17166
8.00967
7.72103
7.22835
7.20833
7.69257
7.42674
7.05144
7.15898
7.27783
6.88108
6.70433
6.85406
7.5459
7.30445
7.19764
7.54051
7.80679
7.41063
7.36323
7.06028
6.96287
7.04973
7.57772
7.26844
7.38922
7.62075
7.18149
7.24328
6.81279
6.77428
6.88734
7.53184
7.78314
7.74077
7.50341
7.76776
7.44185
7.07273
6.86017
6.72468
6.77707
6.23596
6.29562
6.33172
6.73685
6.89214
6.60947
6.74965
7.38819
7.48438
7.76263
7.95404
7.32743
7.1185
7.27468
7.00031
7.27096
7.33896
7.56606
7.53408
7.65826
7.60971
8.07723
7.94539
8.70246
8.42344
8.02274
7.62552
7.08016
7.35993
7.29892
7.36632
7.22634
7.53787
7.35364
7.57455
7.6282
7.84142
7.81107
7.83966
7.3794
7.05715
7.2304
7.09409
7.16648
6.97588
7.18987
6.98778
7.23009
7.24303
7.61928
7.3272
7.4351
7.58358
7.34197
6.60378
6.7633
7.09413
7.45879
7.35938
7.82769
8.13936
8.00472
7.92384
7.70812
8.34125
8.88251
8.71878
8.4871
8.48039
8.57472
8.31316
8.2836
8.19612
8.30913
8.45611
7.76361
7.94639
7.41519
7.69107
7.65589
7.87643
7.24389
7.51218
7.48337
7.45682
7.45354
7.328
7.60471
6.90716
7.01432
6.97734
7.39671
7.5925
7.51483
7.21706
7.06946
7.05096
6.77628
7.2632
7.74818
7.50313
7.1384
6.91527
6.05602
6.89793
6.89722
6.91514
7.15605
7.35785
6.93299
7.18852
7.44122
8.10383
8.01117
7.87491
8.08548
7.92687
8.16005
8.60579
8.41985
8.14361
7.85643
7.44425
8.11042
7.8117
7.96854
7.89673
7.92049
7.82474
7.61304
7.71401
7.95451
7.95694
7.91138
7.65583
7.47875
7.14133
7.19872
7.30545
7.4406
7.32764
7.6541
8.0683
7.73971
7.78767
7.72391
7.72143
8.03408
8.21848
7.70623
7.97166
8.2753
8.28688
8.47778
8.72084
8.47679
8.13422
7.93355
7.58704
8.08762
8.00635
8.38968
8.82402
8.89303
8.49228
8.18576
8.13968
8.22647
7.97875
7.93046
7.5458
7.59735
7.7436
8.06493
8.23256
8.13765
7.74211
7.82014
8.09444
8.1169
8.29448
7.92109
8.04805
8.41138
8.00387
8.02588
8.09106
7.75195
8.31555
8.06851
7.92301
7.64782
8.27678
9.19469
8.92374
8.62457
8.70616
8.4239
8.32568
7.85
7.36353
7.59371
7.09606
7.11575
6.91515
7.47008
7.48361
7.88159
7.89816
8.59554
8.82236
9.32744
9.02738
8.65091
8.62713
8.60402
8.30691
8.1495
8.00583
7.63908
7.33225
7.42806
7.2741
7.11426
7.66517
7.69001
7.21255
7.45936
7.312
7.71876
7.73611
7.37352
7.50301
7.54556
7.59163
7.64886
7.1091
7.17567
7.20639
7.00779
7.14563
6.80416
6.88467
7.18355
6.92372
7.1841
7.49764
7.73284
7.69777
7.41487
7.28023
7.5112
7.45853
7.91082
7.62371
7.90989
7.50288
6.8358
6.80619
6.93348
7.01321
7.50554
7.39172
7.51436
7.58099
7.03205
6.52564
6.65185
7.15232
6.84199
7.48386
7.21552
7.39747
7.22794
7.47944
7.4817
7.01529
7.35871
7.17715
7.46877
7.88399
7.6605
7.88269
7.82379
7.42423
7.34236
7.18462
7.36664
7.59666
7.8605
7.854
7.98962
7.95816
7.65331
8.04442
8.72569
8.32682
8.4008
8.55185
8.1403
7.6646
7.65648
7.04302
7.29139
7.29789
7.29157
7.21945
7.00648
6.98017
6.95181
6.95743
7.36685
7.7074
7.49638
7.81325
7.47563
8.05206
8.07619
7.69143
7.33785
8.00307
7.86883
7.80408
7.19862
7.33523
7.21221
7.3175
7.10359
7.2388
7.53348
7.37296
7.06748
7.41625
7.34981
7.87059
7.97095
7.83731
8.09052
7.58433
7.55897
7.42583
7.7517
7.31458
7.46677
7.30048
7.65217
7.22075
7.44549
7.41475
7.57113
7.55124
7.36721
7.49961
7.47496
7.69965
7.6648
8.1024
8.40135
8.1888
7.85226
7.91841
8.09281
7.76795
7.49586
7.58518
7.63547
7.89702
8.08129
7.87896
7.21966
7.27267
7.18874
7.16676
7.3664
6.86455
6.97751
7.09487
7.16169
7.08307
7.70363
7.79692
7.97024
8.13401
8.03529
7.57122
7.60471
8.08842
8.21551
8.2028
8.50528
8.82254
8.60933
8.58511
8.66679
8.19743
8.11324
8.05045
7.88535
8.0709
7.80114
7.60834
7.92933
7.67287
7.82059
8.45491
8.5337
8.49863
8.70394
7.89898
7.87568
8.27849
7.88769
8.35503
8.00948
8.67931
8.51155
8.35353
8.10595
8.17189
7.85222
8.20461
8.05152
8.25078
8.12961
8.13337
8.13282
7.62677
8.0215
8.00204
8.17996
8.44479
8.37161
8.32449
7.75559
7.99102
7.92521
7.85015
8.07798
7.89103
8.12862
8.12902
8.24428
8.15478
8.43842
8.8957
8.96772
8.38018
8.19527
8.76424
8.63587
8.94491
8.25784
8.18784
8.19402
7.48013
7.44739
7.23769
7.1927
7.29219
7.55939
7.56033
7.50914
7.62889
7.90914
8.48394
8.05728
7.95336
7.79101
7.16158
7.2339
7.19881
7.57533
7.93632
7.88788
7.78927
7.82872
7.4073
7.2595
7.60804
7.49137
7.58141
7.64611
7.44751
7.24654
7.57123
7.89596
8.09349
7.83796
7.47727
7.44453
7.45888
7.48841
7.50464
7.42109
7.44226
7.1658
7.47593
7.51703
7.64979
7.57283
7.5001
7.83263
8.08433
8.40977
8.11675
8.71265
8.4089
8.31707
7.77765
7.73023
7.23669
7.15425
7.34041
8.19573
8.38991
8.13649
8.37294
8.65015
8.60046
8.5569
8.20706
8.13255
7.87693
7.46498
7.51879
7.83414
7.64975
7.34993
7.39372
7.35471
7.54116
7.79532
7.58841
7.3648
7.24014
7.64842
7.14675
7.74906
7.79531
7.75153
7.6699
8.05844
7.82679
7.82738
8.21489
8.03319
8.28658
8.65861
8.35877
8.00765
8.35105
8.20046
7.96307
7.32952
7.06404
7.11161
7.235
7.36469
7.76917
8.58697
8.43197
8.43315
8.06624
7.91956
7.93897
7.92535
7.9175
7.22366
6.89564
7.36135
7.27598
7.03501
7.01354
6.90744
7.17372
7.07343
7.46789
7.03471
7.29793
7.29625
8.10301
7.38895
7.57173
7.85433
8.26424
8.14678
7.92444
7.48471
7.5594
7.87672
8.21395
7.7119
8.05897
7.98688
7.71153
7.60247
7.58018
7.56572
7.42971
7.64
7.49812
7.68826
7.71185
7.80438
7.96436
7.95814
7.77165
7.96753
8.11011
7.88952
8.21635
8.53641
8.64639
8.65442
8.61249
8.30357
7.90137
8.59072
8.23688
8.67678
8.28829
8.32068
8.60456
8.80706
8.76045
9.03811
9.23701
8.99292
8.93025
9.02757
8.93209
8.72833
8.79243
9.26725
8.56342
8.7327
8.53405
8.16395
8.10076
8.4572
7.9476
7.81274
8.05103
8.0826
7.95982
8.08476
8.11962
7.91871
7.78578
7.62633
7.86642
8.21681
7.98116
8.05231
8.13321
8.14122
7.26403
7.50889
7.6335
8.17251
7.53825
7.35638
7.63637
7.5959
7.57409
7.47698
7.75673
7.74623
7.78267
7.80382
7.86705
8.04094
7.83786
8.29001
7.93333
7.96818
7.48717
7.58921
7.96424
7.72029
7.87894
7.37505
7.2941
7.62563
7.4611
7.21304
7.11772
7.42053
7.683
7.72717
7.33785
7.59022
7.77199
8.03371
8.16411
8.24631
8.20819
8.02935
8.77185
8.18544
7.69286
7.85488
7.41317
7.74884
8.04217
8.00079
8.17555
8.29469
8.62624
8.43623
8.31275
8.18706
8.00587
8.54638
8.1248
8.13151
8.23259
8.22282
8.49197
8.51871
8.37064
8.19848
8.58369
8.12993
7.88338
7.7913
7.71254
7.9014
7.29878
7.21945
7.81403
8.02243
8.21214
8.1169
8.07727
7.99645
7.66594
7.31746
7.37761
7.77254
7.50308
7.94342
7.82487
7.44632
7.56454
7.37659
7.26693
7.82258
8.36019
8.01899
8.275
8.42957
8.45985
8.23881
8.15777
8.12073
7.8651
8.31346
8.27855
8.17898
8.41823
8.49571
7.88478
8.18206
8.21977
7.91545
7.59784
8.29341
8.01655
7.36847
7.38272
7.339
7.76093
7.61358
7.67525
8.00805
7.93985
8.14727
8.0876
7.86791
7.69909
7.91028
7.62931
7.4455
7.06292
6.87975
7.01822
6.70246
6.76666
7.03967
7.12037
7.17396
6.96224
6.93256
7.11914
7.54854
7.73952
7.70374
8.26342
8.40683
7.99233
8.09738
8.4669
8.07454
8.24651
8.26236
8.428
8.75586
8.54946
8.77372
8.39431
8.16701
8.30109
8.11492
7.87272
8.1997
8.03132
7.76073
7.97994
7.57965
7.2964
6.98307
6.96953
7.44538
7.1757
7.26722
7.32595
7.32856
7.70354
8.0642
8.56373
7.95625
8.25312
8.1461
8.76343
8.43601
8.35867
8.16785
8.44426
7.98077
7.79647
7.36551
7.61286
7.57952
7.59932
8.23699
8.01103
8.06534
7.8003
7.85345
7.79934
7.91988
8.06079
8.08028
7.97734
7.30861
7.47499
7.61522
7.77889
7.06999
7.13862
7.85267
7.79444
7.8321
7.66388
7.71564
7.92729
7.80957
7.45304
7.37792
7.15035
7.18254
6.83846
7.3439
7.24225
7.01505
6.92111
7.01996
7.12926
6.71185
6.88949
6.77759
7.35826
7.45029
7.44411
7.62858
7.83289
7.48003
7.62464
7.22559
7.61072
7.59057
7.55143
7.5098
6.92571
7.17618
7.20108
7.61141
7.40107
7.50003
7.57166
7.53781
7.09603
7.43454
7.39243
7.50325
7.30703
7.46113
7.6502
7.60044
7.68858
8.1945
8.5154
8.75434
8.0723
8.14572
7.82764
7.46344
7.60039
7.46876
7.93017
7.94405
7.96834
7.89149
8.23667
8.8712
8.73243
8.38946
8.26939
7.81707
7.77965
8.35333
7.86849
7.49795
7.79468
7.74653
7.68516
7.42998
7.62248
7.50208
7.55231
7.25843
7.66095
7.73973
7.78607
7.71446
7.99148
7.43624
7.06443
7.14943
7.01034
6.61044
7.07606
7.17931
7.71667
8.03084
8.1767
8.55142
8.53232
8.21846
8.32858
8.02455
7.6996
7.62148
7.50693
7.40309
7.58746
7.86923
7.50853
7.8343
7.36308
7.29961
7.32079
7.50456
7.8169
7.80593
7.57989
7.76495
7.32388
7.11976
7.03698
7.12935
7.09832
7.45997
7.45433
7.25041
7.41511
7.37318
7.57414
7.385
7.47605
7.78588
7.94174
7.91309
7.94747
7.61417
7.57172
7.62622
7.2805
7.10198
6.95466
6.76543
6.7376
7.12205
7.1904
7.59527
7.46717
7.73166
7.43128
7.52018
7.07626
7.0892
6.55024
6.37098
6.42694
6.53352
7.02037
7.30377
7.13963
6.8758
6.937
6.8818
6.88382
6.55082
6.4417
6.61137
6.7402
6.76509
6.73117
6.47797
6.58273
7.10422
7.56575
7.50556
7.40634
7.55122
7.25195
7.08262
6.89067
7.18498
7.52219
7.26487
6.82271
7.28822
7.59478
7.52195
7.5255
7.16632
7.07535
7.02845
7.40882
7.34758
7.20993
6.86358
6.79555
6.65226
6.83406
6.62699
6.83155
7.42792
7.42934
7.35959
7.46349
7.58971
8.08901
8.06482
7.88135
7.72296
7.58026
7.59857
7.30071
7.95902
8.15694
8.01448
7.94087
7.44458
7.71357
7.59107
7.34001
7.73262
7.46796
7.1825
7.5518
8.14892
8.28202
8.47486
8.31574
8.08517
7.71109
7.35835
7.4127
7.53058
7.58153
7.47816
7.23084
7.33239
7.04138
6.79675
6.38972
6.75712
6.57524
6.70288
7.07962
7.02974
6.72243
7.36734
7.91875
7.95789
8.0486
8.20751
7.91068
8.08125
8.19704
7.57777
7.71334
7.734
7.75888
7.41066
7.27644
7.25477
7.2731
7.38149
7.52894
7.47991
7.30985
7.27921
7.37675
7.99623
7.72019
8.05474
8.03159
7.49087
7.13328
7.07732
7.31831
7.36602
7.64259
7.80857
7.82436
7.85164
7.59022
7.81616
7.8679
8.14405
7.96343
8.19291
8.23863
8.13808
8.1688
8.0571
8.02345
7.5899
8.03253
8.01039
8.70403
8.83403
8.82701
8.88399
9.32605
9.26375
8.43416
8.47788
8.39692
8.47947
8.58219
8.55527
8.68895
9.08757
8.93199
8.82178
8.76766
8.51965
8.56653
8.47277
7.92609
7.7174
7.84929
7.80053
7.8506
7.62297
7.76017
7.3972
7.77496
7.72496
7.29589
7.05123
7.0787
7.51276
7.19492
7.1433
7.48614
7.90324
8.23774
7.93425
7.77249
7.29103
7.47339
7.85298
7.13514
7.11348
7.30347
7.31574
7.10316
7.20241
7.13805
7.30596
7.46618
7.5106
7.55749
7.79264
7.69698
7.31371
7.30053
7.31533
7.44172
7.36195
7.30251
7.19442
7.52338
7.69062
7.59583
7.62808
7.57788
7.56449
7.95847
7.81591
7.36169
7.29288
7.28108
7.00109
7.26111
7.13245
7.05641
7.43792
7.35714
7.21936
7.42361
7.67288
7.58483
7.94064
7.70024
7.69984
7.68369
7.73281
7.55527
7.99084
7.48402
7.63418
7.52717
7.72861
7.34636
7.47271
7.04385
7.07999
7.47669
7.36355
6.74562
6.66319
6.86123
6.90378
7.10522
7.29538
6.97914
7.03175
7.18955
7.46237
7.46673
7.8089
7.67643
7.13391
7.3266
7.42004
7.12891
7.28617
7.4305
7.33024
7.18061
7.03078
6.81268
6.88554
7.51024
7.32207
7.51242
7.71706
7.72635
7.54289
7.39062
7.28567
7.54851
7.448
6.88638
7.0025
7.01435
6.82853
7.1465
7.2785
6.81337
7.00353
6.98709
7.74999
7.51055
7.34189
7.03524
7.01922
7.40639
7.10974
7.30514
7.55692
7.80773
8.22381
8.27273
7.98488
8.06439
8.30297
8.23879
8.19918
7.85908
7.83086
8.14115
8.40805
8.27149
8.08075
7.77898
7.57293
8.17832
7.71229
7.26243
7.34544
7.30498
7.34242
7.29757
7.35546
7.2885
7.39013
7.64865
7.59664
8.02521
8.50192
8.37249
8.3787
8.63231
8.04559
7.74463
7.54699
7.59683
7.8533
7.85368
7.88889
8.20251
8.59562
7.99213
7.39024
7.63107
7.49053
6.96266
7.19943
6.99279
6.52411
6.6694
6.9305
7.25706
6.84654
6.87861
7.08242
7.8801
7.86887
7.91509
7.60309
7.37808
7.26984
7.63315
8.71572
8.45675
8.09937
8.06545
8.31009
8.37144
8.75512
8.89891
8.90437
8.83354
8.79467
9.24043
9.05559
8.57184
8.34991
8.45771
8.05111
8.53819
8.69208
8.15532
7.64778
7.52946
7.15384
7.32883
7.77337
7.76653
7.77665
7.42775
7.62316
7.39807
7.16167
6.74359
6.79043
6.86671
7.13621
7.12994
6.82391
6.75199
6.93137
7.05402
6.98649
7.21745
6.97585
7.13154
7.08266
7.39555
7.21169
7.12164
7.35293
7.17814
8.01427
8.26311
7.94861
7.74127
7.59282
7.85894
7.89103
8.37894
8.69522
8.53118
8.48961
8.29542
8.12067
7.87484
7.28257
7.45405
8.68785
8.78545
9.2266
8.76331
8.55326
8.31203
7.66076
7.94429
7.78606
7.86673
7.48026
7.65467
7.88252
7.81385
7.6345
7.89894
7.9132
8.19431
8.22962
8.47345
8.11552
7.76159
7.78732
7.51915
7.60848
7.38225
7.25192
7.43498
7.60903
7.99468
7.9401
7.9488
7.99442
7.47869
7.99096
7.74738
7.29994
7.10194
7.39097
7.44001
7.37599
7.1519
7.44805
7.61728
8.04461
8.74138
8.71687
7.89151
7.46889
7.13379
6.81116
7.10705
7.04038
7.25961
7.01901
7.27705
7.16514
7.05865
7.55144
7.9542
7.64585
7.78795
8.03114
8.28992
8.1041
8.13799
7.95624
7.86772
8.43574
9.02187
8.76918
8.81555
8.63729
8.58652
8.40949
8.50317
7.99328
7.76262
7.98599
7.86401
8.1175
8.24353
7.72038
7.86105
7.60267
7.72954
7.60197
7.38607
7.52317
7.427
7.39156
7.693
7.24606
8.0269
7.9805
8.07917
7.32598
7.81643
7.59874
7.25014
7.22858
7.09712
7.26338
7.50296
7.71282
7.16063
7.63414
7.50916
7.56117
7.46807
7.41108
6.92367
6.96801
7.06551
7.45743
7.04412
7.16896
7.24763
6.94458
7.27823
7.55105
7.52439
7.56285
7.61527
7.1889
7.28166
7.21181
7.26333
7.76816
7.6557
7.85957
7.30011
7.55479
8.14984
8.24698
8.25635
8.32496
8.05832
8.04583
8.35591
8.33361
8.37828
7.81007
7.34119
7.89743
8.01855
8.1605
8.26176
8.4645
8.14258
7.42197
7.73787
7.36944
7.28737
7.33821
7.63896
7.71166
7.58214
7.53339
7.64706
8.10817
7.41374
7.41337
7.69966
7.80039
7.6459
7.63777
7.31991
7.69516
7.8523
8.24003
8.21291
8.1429
7.71001
7.56596
7.4703
7.36524
7.74671
7.96166
7.9456
7.36934
7.36077
7.25679
7.56471
7.27977
6.9739
6.8077
7.38263
8.13742
7.72666
7.5787
7.53345
7.19911
7.14648
6.698
6.81981
6.97187
7.13181
7.2073
7.38802
7.18163
7.26546
7.3636
7.11847
7.37712
7.6054
7.27384
7.37703
7.46134
7.4575
7.4728
7.45036
8.13828
7.71861
7.69026
7.8168
7.8415
7.73363
8.08189
7.9673
7.65573
7.54849
7.51118
7.39398
7.64355
8.22173
8.03347
7.9367
8.22205
8.27128
8.20271
7.71453
7.67809
7.83552
7.97072
7.64921
8.06096
7.96167
8.2819
8.38597
8.2718
7.78014
7.26824
7.51313
7.30197
7.4043
7.56229
7.55966
7.14403
7.41054
7.6596
8.25301
7.63789
7.45697
7.39015
7.46746
8.08913
8.04075
7.63579
7.66025
7.23417
7.44105
7.57682
7.96226
8.01445
8.00053
7.71339
7.62087
7.34467
7.26236
7.07206
7.0609
7.15425
6.75364
7.0774
7.10428
7.51118
7.66313
7.67491
7.57799
7.33298
7.47655
7.47935
7.38563
7.60951
7.722
7.78022
8.15642
7.88864
8.03249
7.88241
7.48493
8.15107
7.78635
7.68259
7.94646
8.08546
8.24251
8.14771
8.47333
8.76238
8.72518
8.39536
8.77545
8.6259
8.38229
8.4396
8.23475
7.93781
8.14947
7.88532
8.1196
7.90284
7.60614
7.61478
7.62766
7.96055
8.05355
7.75342
7.31668
6.83255
7.06496
6.87106
6.82614
7.09939
6.68259
7.14186
7.1
6.90161
6.98259
7.18537
7.3643
7.24008
7.74539
8.09558
7.60758
7.30758
7.49202
7.41064
7.8389
7.93139
7.68294
7.30386
7.53715
7.69967
7.99151
7.83616
7.97683
8.00554
7.75885
7.86983
7.93756
7.8482
7.62116
7.27681
7.73551
7.73244
7.91223
8.0097
7.89482
7.88361
8.13093
8.29203
8.31752
8.38084
7.95791
8.10087
7.61671
7.6965
7.82659
7.46108
7.77164
7.88392
7.89169
7.88381
7.958
7.98002
8.3409
8.04802
7.91881
7.48722
7.91715
7.84905
7.81913
7.74578
7.5601
6.99069
7.28141
7.39666
7.34809
7.33461
7.54053
7.35059
7.39341
7.12649
6.94596
7.18989
7.39713
7.6549
7.74247
7.44614
7.72706
7.92577
7.52516
7.50783
7.52331
7.14308
6.8712
6.86309
7.26641
7.01147
7.32844
7.06292
7.07873
6.82364
6.55373
7.00507
7.04676
7.43359
7.27276
7.15913
7.1452
7.03197
7.31711
7.7831
7.75248
7.21564
7.15858
7.07653
7.01791
7.44093
7.29593
7.42038
7.29055
7.07402
7.54569
7.67677
7.63152
7.67245
7.36671
7.31664
7.75206
7.75497
7.28455
7.24648
7.27078
7.18726
7.05185
6.83889
7.15681
7.66081
7.57876
7.32216
7.45528
7.32747
7.45714
7.87129
7.44375
7.49268
7.63181
7.21546
7.29669
6.91018
7.22328
6.87135
7.2009
6.61681
6.56713
7.00755
6.80715
7.34068
7.17288
7.02935
6.8457
6.97205
6.75873
6.65733
6.81569
7.05538
7.45599
7.00537
7.54234
7.52364
7.91645
7.73735
7.31858
8.03342
7.04123
7.09947
6.84737
6.71051
6.6566
6.82552
7.13228
7.15522
6.73884
7.03357
6.72959
6.69357
6.80052
6.45447
6.88979
6.97378
6.66377
6.95842
6.89745
7.1376
7.1143
6.99156
7.71786
7.26044
7.23085
7.26825
7.16198
7.12391
7.24604
8.08649
8.29972
7.7829
7.13657
7.03312
6.72801
6.87308
6.82748
7.51264
7.79525
7.20284
7.39198
7.20357
6.9586
7.32331
7.21037
7.19624
7.27043
6.85309
6.81064
7.02945
6.98663
6.69907
6.95567
7.31066
7.44661
7.37927
7.77195
7.9655
8.17662
8.07057
8.14925
7.66059
7.46929
7.19814
7.22506
7.12248
7.00707
7.16423
7.19314
6.53538
6.90078
7.04878
7.04726
7.11872
7.36704
7.30113
7.39419
6.95591
7.03275
7.6256
7.7104
7.86549
7.88186
7.15336
6.68836
6.41108
6.86511
7.12934
7.79347
7.62072
7.56006
8.10953
7.94266
7.91537
7.60799
7.67347
7.62919
7.33319
7.99052
7.94112
7.5927
7.89042
8.1447
8.1385
8.10276
7.81185
7.64114
8.12595
8.11821
8.02959
7.93983
8.06449
8.28258
8.13946
7.91276
7.36187
7.51826
7.99833
7.93902
8.59342
8.80821
8.70046
8.93633
8.85426
8.69853
8.81726
8.44675
8.50215
8.55317
8.62986
8.53725
8.30632
7.79724
7.67519
7.77653
7.66578
7.51645
7.43674
6.99595
7.37903
7.38533
7.60037
7.75857
7.9657
7.99015
7.9596
8.72854
8.52363
8.22342
7.80764
7.24855
7.92332
7.72188
7.46873
7.38731
7.28836
7.62029
7.34977
7.5482
8.00884
7.94514
7.59804
7.04559
7.31642
7.64406
7.78614
8.39792
8.57071
8.42662
8.13912
7.91857
8.3206
8.21868
8.35992
8.05589
7.49078
7.23421
7.16094
7.01078
6.60686
7.02556
7.20382
7.34294
7.32368
6.99167
6.8939
7.1642
7.31843
7.2528
7.4871
7.54191
7.52852
7.88811
8.29153
7.66756
7.63498
8.04028
8.12781
7.78446
7.90798
7.78802
8.06855
8.08865
7.84218
8.24432
7.99511
7.99386
7.60847
7.79977
8.18194
8.63892
8.5901
8.91862
8.39719
8.48971
8.68785
8.57837
8.74189
8.54639
8.36518
7.93579
7.7447
7.63664
8.19903
8.13577
7.78183
7.97976
8.63488
8.5455
8.24
8.43351
8.23057
8.01695
8.2144
8.03084
8.19125
7.80746
7.97003
8.10497
7.75157
7.56655
7.79779
7.91005
8.32228
7.97349
7.60015
7.86737
7.90682
8.2625
8.25129
8.71473
8.39456
8.3063
8.13902
8.2141
7.55063
7.55756
7.75319
7.51613
7.46057
7.71464
7.65456
7.79452
8.11676
8.30884
8.26078
8.12119
8.36061
8.97757
8.43053
8.52182
8.31832
8.58677
8.25943
8.29702
8.6178
8.49093
8.41377
8.11361
8.09906
8.31176
8.03167
7.83763
8.10412
8.35712
8.12184
7.98621
8.03893
8.03209
7.46008
7.40323
7.55416
7.56845
7.76902
7.63345
7.39946
7.32056
7.34495
7.77054
7.9466
7.37935
7.42003
7.22433
7.34741
7.56723
7.41297
7.99506
7.76478
7.93708
8.3647
8.00338
8.29422
8.2224
8.50991
8.27726
7.90878
7.94897
8.17331
8.19247
8.5513
8.40016
8.093
7.74991
7.94394
7.80522
7.8613
8.06715
8.17056
8.06603
7.82583
7.70219
7.71478
7.76771
7.81607
8.02982
7.82348
8.18609
8.4619
7.93065
8.20238
7.92609
8.0199
7.9443
8.30393
8.12526
7.86744
7.7106
7.1054
7.33404
7.56762
7.49578
7.60913
7.36248
7.31097
7.54748
7.10632
7.18174
7.40718
7.07
6.98361
6.88685
6.9729
7.00095
7.2664
8.04574
8.35726
7.95798
8.21171
7.56688
7.84848
7.62622
7.28946
7.32023
6.95218
7.5614
7.96252
7.60426
7.0068
6.86808
7.28829
7.52511
7.05973
6.88296
6.84662
6.64311
7.1049
8.0575
8.16247
7.92191
8.00913
7.73654
8.23422
8.3295
8.13535
7.73268
7.7958
7.86424
7.85849
7.82398
7.69123
7.75072
7.6004
7.64747
8.03244
7.88749
7.46551
7.08914
7.54151
8.00213
7.88642
8.09914
7.64119
7.66423
7.41082
7.53774
7.02394
6.9061
6.71125
7.14522
7.31199
7.3063
7.69802
7.55209
7.31774
7.00568
7.0668
7.29349
7.73328
7.62098
7.5488
7.40984
7.39132
7.74889
8.0937
8.07674
8.14268
7.9975
7.53354
7.56903
7.42605
7.63632
7.38781
7.35471
6.77603
6.7193
6.74053
6.73071
6.92339
6.74078
6.64426
6.63458
6.3565
6.42615
6.60052
6.51786
6.70177
6.56683
6.6611
6.8736
7.31988
7.27325
7.12297
6.80618
6.96539
6.71055
6.50433
7.24549
7.6322
7.4516
7.38556
7.46349
7.75061
7.34061
7.32497
7.27605
7.61262
7.67832
7.65522
7.38559
7.22332
6.86545
6.95584
6.75749
6.82553
6.81038
6.69023
7.27953
7.15937
7.68616
7.69839
7.31006
7.45046
7.55036
7.32829
6.96102
7.26185
7.30298
7.52161
7.92931
7.49869
7.28702
7.03455
7.35673
7.04256
7.64023
7.25396
7.82342
7.66386
7.68758
6.74642
6.91919
6.78457
6.56139
6.70839
7.34213
7.19929
7.18905
7.29773
7.06761
6.78401
7.01234
6.50269
6.15058
6.64724
7.37688
7.80688
7.22123
7.63241
8.23838
8.64097
8.46103
7.86044
8.12805
8.10486
7.87473
7.84025
7.24187
7.00203
6.88993
6.80317
6.76078
7.08576
6.6393
6.74548
6.70077
6.95563
7.32567
6.86604
6.78233
7.21415
7.15657
7.10155
7.38717
7.85364
7.92935
8.15153
7.84518
7.38203
7.99874
7.39199
6.94507
7.03243
7.32276
7.2391
6.77391
7.26848
7.21052
7.78861
7.36536
7.29651
6.73268
6.62818
6.66323
6.87459
6.55947
6.86226
6.921
7.35605
7.55911
7.60775
7.40236
7.36741
7.82213
7.87275
7.44821
7.25487
7.68062
7.67029
7.5325
7.35618
7.57008
7.87515
7.46254
7.58749
7.75767
7.69738
7.64396
7.96103
8.21337
8.05248
8.39316
7.82942
7.80765
7.54889
7.74901
7.66452
7.39528
7.84965
7.59675
7.25699
7.17153
7.08585
7.39375
7.60822
7.74186
7.93539
8.12832
8.22357
8.01271
8.56895
8.67727
8.39927
8.50934
8.37751
8.231
8.01115
7.72269
8.1321
8.02642
7.77481
8.2638
8.05349
8.04037
8.0551
8.1103
7.99028
7.64826
7.36476
7.20391
8.01561
8.14496
8.14089
8.28557
7.89
7.57107
7.64897
7.73292
7.55361
7.93182
7.88287
7.72048
7.71717
7.71803
7.78318
7.79988
7.92047
7.18032
7.03561
7.04069
7.07334
7.25987
7.13944
7.55177
7.467
7.21183
7.10637
7.00716
7.17946
7.28693
7.15601
7.22704
6.92623
7.05958
7.2673
7.45904
7.42646
7.82058
7.5453
7.2232
7.46985
7.08056
7.32191
7.55177
7.55088
7.59696
7.98789
7.955
7.69547
7.705
7.73427
7.45359
7.33754
7.20177
7.07012
6.97664
6.50317
6.82331
6.76674
6.98033
7.2983
7.5065
7.70998
7.47388
7.46965
7.08239
7.34721
7.33357
7.34709
6.9248
6.87905
6.80868
7.34785
7.11022
6.82847
7.54969
7.79768
7.67844
7.57711
7.66048
7.68447
7.49279
7.45984
7.18587
7.58982
7.29325
8.00748
7.38458
7.26193
7.011
7.53995
7.73268
7.47768
7.31408
7.3463
7.39406
6.9364
7.40508
7.28618
7.3733
7.40031
7.27733
7.1951
7.13955
7.04475
6.79594
7.09301
7.31576
7.0533
7.26871
7.21335
7.68845
7.71277
7.83993
7.33214
6.99349
6.77492
6.85361
6.52283
7.0955
7.78477
7.8655
7.50427
7.43212
6.96907
7.01799
7.27149
7.41525
7.01771
7.93338
7.87764
7.95855
8.24689
8.22906
7.86608
8.17014
8.2102
7.92674
7.66255
7.94437
7.84314
7.67692
7.7057
7.60403
8.34943
8.09425
7.75761
7.85997
7.60681
7.74301
8.03427
7.74916
7.45386
7.45158
7.70634
7.48761
7.51508
7.48847
7.22384
7.82693
7.67644
7.9894
8.35652
7.92512
7.95122
7.93683
8.23647
8.41856
8.21995
8.23265
8.17382
7.26819
7.28404
7.44604
7.34878
7.23225
7.11723
7.63457
7.25975
6.82967
6.75375
7.02178
7.1183
7.08052
7.41047
7.66887
7.92059
8.51575
8.20247
7.58025
7.27144
7.49218
7.55531
7.40526
7.71552
7.7484
7.86563
7.40007
7.47326
7.30664
7.42016
7.60445
7.51247
6.97212
7.74237
7.61269
6.89946
6.63615
7.08484
6.81572
6.66946
7.35265
7.23659
7.33958
7.50893
7.80727
7.42594
7.66301
8.22979
7.43028
7.90693
7.54798
8.02147
7.95498
8.08239
7.98863
7.92756
7.80444
7.69983
7.64996
6.74065
6.40052
6.63051
7.12057
6.92811
7.0325
7.44748
7.37414
7.1446
7.34048
7.20202
6.76741
6.63948
6.98961
6.84262
6.60351
6.86392
7.1761
7.36142
7.29142
7.2043
6.7915
7.15788
7.85265
7.77279
7.44072
7.77872
7.33314
7.47188
7.64563
7.64986
7.42508
7.78211
7.33559
6.98195
6.44567
6.42213
6.56781
6.95619
7.18264
7.38379
6.93576
7.19669
6.59764
6.57182
6.53626
6.81218
6.90129
7.25864
7.21837
7.82397
7.70158
8.23098
7.91619
8.04364
7.84497
7.78716
7.84173
8.00373
7.97015
7.92217
7.63871
8.16786
8.22016
8.25525
7.98211
7.90798
7.50661
7.30386
7.41798
7.3326
7.44735
6.99573
7.37693
7.29237
7.37947
7.60055
7.60864
7.80199
7.56079
7.95378
8.39111
8.97158
8.44434
8.75471
8.45576
7.63696
7.43065
7.43249
7.62229
7.72095
7.21059
7.62087
7.5329
7.97384
8.2096
8.03207
7.87359
7.4213
7.58144
7.58364
7.8702
7.92289
7.50649
7.50758
8.02141
8.04224
7.98933
7.67815
7.2549
7.77294
7.56773
7.88261
7.52292
7.06848
6.75516
7.4439
7.72134
7.57225
8.18509
7.47946
7.32053
7.27658
7.19218
7.27036
7.50755
7.55072
7.72674
7.71352
7.6442
7.81358
7.49366
7.8424
7.72541
7.65298
7.55981
7.6108
7.52809
7.69464
8.16812
8.04442
7.97895
7.87759
7.9369
7.83115
8.05918
8.20742
8.14667
8.34019
8.32305
8.12243
8.24949
7.78929
7.49371
8.06833
7.70186
7.97179
7.62478
7.69236
7.66785
8.08002
7.9954
8.30948
7.79709
8.03339
7.80144
7.58009
7.56459
7.14556
7.05302
6.89582
7.04472
6.9703
7.67184
7.70212
8.17058
7.72456
7.84168
7.88379
7.59936
7.76153
7.53876
7.35094
7.37476
7.2438
7.15731
7.1962
7.30548
6.98836
7.70481
7.61133
7.89124
7.7318
7.39714
7.43027
8.09586
7.90558
8.28888
8.30442
7.68359
7.86357
8.03748
8.54163
8.62019
8.09457
8.52968
8.20649
8.49806
7.97148
7.96719
7.53699
7.41632
7.45483
7.73561
7.76526
7.46934
7.55951
7.55459
7.02165
7.053
7.31528
7.51086
7.35758
7.23628
7.56634
7.31939
7.35991
7.88643
8.2341
8.10624
7.91136
8.06754
7.64183
7.64085
7.57611
7.91768
7.76323
8.07348
8.71257
8.68335
8.35071
8.72462
8.57943
9.10087
9.2595
8.5
8.65415
8.36776
8.44843
8.23567
7.83539
7.77563
7.6604
8.23865
7.88827
8.29612
8.31973
8.37219
8.89457
8.87208
8.38903
8.27878
7.93997
7.967
7.68903
8.08567
8.60637
8.37464
8.13497
8.03876
8.10345
8.03953
7.8221
7.60427
7.92592
8.27514
8.24778
8.29141
8.52795
8.19566
8.204
8.16233
8.13683
7.95364
8.45424
8.26499
8.30862
7.87994
8.09952
8.04537
7.57326
7.57037
7.8508
8.14926
8.08181
8.392
8.75055
8.83359
8.2262
7.94897
7.57303
7.00539
6.80418
7.19625
7.36916
7.95141
8.04827
8.46307
7.84957
7.34225
7.55755
7.51436
7.3076
7.52957
7.59069
7.30264
7.54332
7.56129
7.32111
7.31344
7.74164
7.66737
7.98676
7.98943
7.72438
7.58017
7.3006
7.59031
7.79252
7.97844
8.4689
8.05362
8.02112
8.23037
8.09638
7.69956
7.63698
7.40937
7.12057
7.14729
7.41879
7.74837
8.40269
8.43561
7.82921
7.92271
7.9614
7.92806
8.2345
8.06661
7.83787
7.55929
7.33051
7.41569
7.5847
7.82999
8.137
8.16694
8.34366
7.72002
7.99396
8.02284
8.00512
7.63359
7.49163
7.11897
6.8813
6.99335
7.08303
7.30487
7.61399
7.92736
7.5004
7.96629
7.50716
7.7313
7.41429
7.53488
7.48382
7.91615
7.38123
7.07925
7.20198
6.94361
6.80259
7.18784
6.9086
7.10717
7.37098
7.08468
7.03617
7.37142
7.00622
7.08245
7.07193
7.60887
7.17873
7.4001
7.89147
7.50385
7.27185
7.48887
7.64418
8.27355
8.38877
7.99991
8.32741
8.08248
7.71101
7.68164
7.82908
7.81371
8.17092
7.99347
7.60114
7.77216
7.61544
7.75137
8.28305
8.14282
7.83191
8.16234
7.65521
7.41456
7.22462
7.21823
7.41517
7.32503
7.82386
8.22557
7.83488
7.49938
7.29293
7.01752
7.10792
7.65186
7.78781
7.93337
8.11052
7.95879
7.80911
7.15568
7.22887
7.38311
7.44684
7.31907
7.50583
7.66015
7.58788
7.87207
7.82925
7.46616
7.24035
7.46419
7.78393
7.16652
7.68793
7.85501
7.95538
7.47679
7.39864
7.43294
7.88477
7.85605
7.24317
7.00682
6.89214
6.71971
6.7002
6.90689
7.18729
6.61048
6.62784
6.93656
6.94297
7.03795
7.00495
7.0005
6.72455
6.57115
6.48038
7.13997
7.63968
7.68334
7.48962
7.42666
7.50243
7.77807
7.67798
7.95262
7.79317
7.47756
7.46389
7.59666
7.90321
7.71939
7.42097
7.45676
7.93103
8.07557
7.60239
7.72648
7.70668
7.92494
7.62472
8.40011
7.88724
7.86586
8.03832
7.94757
8.21453
8.12871
7.78143
7.74721
7.76907
7.90757
7.96313
7.95218
8.06419
8.3458
7.9839
7.7909
7.83716
7.72539
7.73513
7.84388
7.71629
7.76685
7.86866
8.18044
8.07279
7.66707
7.86206
7.56889
7.10968
7.42642
7.98963
8.30969
7.89234
7.83467
7.93875
7.37283
7.40332
6.73363
6.80895
7.37874
7.31636
7.12079
6.71426
7.07128
7.60942
7.54141
8.016
8.11963
8.18245
8.16085
8.15872
8.04793
7.8572
7.9325
7.71067
7.44563
7.44166
7.79095
7.37968
7.46215
7.42138
7.38166
7.5215
7.94024
8.25947
8.55167
8.41862
8.30936
8.47045
8.43467
7.87424
7.57813
7.73781
7.6497
7.43951
6.83143
6.95449
6.99436
7.04876
7.54578
7.80266
7.68202
7.94474
8.09948
8.22808
8.49889
8.54736
8.75446
8.51783
7.89908
8.16119
7.77182
7.99235
7.94625
7.34804
7.14787
7.41163
7.60797
8.15393
7.61898
7.71983
7.44359
8.03686
8.06775
7.46385
7.77645
7.64564
7.61916
7.79888
7.51899
7.2502
7.13612
7.48545
7.55961
7.36361
6.97812
7.05134
6.83419
6.94357
7.2475
7.33105
7.49428
7.51646
7.62284
7.82025
7.76173
7.46042
7.37914
7.43536
7.56159
7.50571
7.66862
7.2285
7.64923
7.61884
7.22773
7.45179
7.51268
7.44019
7.67112
8.07638
7.31334
7.36373
7.51439
7.33871
7.40258
7.27664
6.88382
7.13283
7.33657
7.32423
7.59994
7.69531
7.80333
7.81978
8.06906
8.25292
8.09286
7.95371
7.60561
7.16697
7.09599
7.28818
7.55006
8.00301
7.33133
7.76204
7.65009
7.40636
8.02438
8.72422
8.72044
8.43292
8.25017
8.45367
8.26264
8.55672
8.42761
8.46296
7.98275
7.94433
7.62767
7.7423
7.56925
7.87858
8.05773
8.02659
7.94066
7.81939
7.42227
7.41136
7.52268
7.86159
7.69553
6.79315
7.27642
6.89731
7.30802
7.1629
7.47354
7.57419
7.44098
7.63735
7.44907
7.56422
7.5559
7.75252
7.47974
7.08751
7.17789
7.56216
7.73143
7.68493
7.85423
8.19882
7.80691
7.51003
7.76874
8.12431
7.91496
7.3749
7.3905
7.69447
7.85899
7.41428
7.43069
7.66907
7.55498
7.85082
7.82844
7.58512
7.44257
7.4742
7.5728
6.77624
6.62226
6.54776
6.52305
6.55811
6.60929
7.1704
7.10056
7.06524
7.23637
7.18695
7.17717
6.68984
6.94349
7.38886
7.37076
7.27408
7.5816
7.28552
6.97441
7.10495
6.89597
7.23917
7.17415
6.59917
6.85184
7.25867
6.98607
7.07329
7.29897
7.42919
8.141
7.99388
8.07046
7.57604
7.15415
7.47632
7.69955
7.62923
8.09461
8.08682
7.76339
7.74334
7.73024
8.33057
8.13456
8.37596
8.14963
8.00461
7.78976
7.78755
7.64268
7.31798
7.62234
7.50904
7.22439
7.57638
7.43828
7.72945
7.93392
7.95744
7.74605
7.43298
7.75099
7.92689
7.69957
7.51247
7.5924
7.74729
7.90001
8.10897
7.90576
8.08027
8.3514
8.33142
8.35739
8.47644
8.60218
8.12101
8.72236
8.67107
8.22391
8.53121
8.0638
7.65114
7.27033
6.91478
6.85485
6.89493
7.22947
7.38852
7.47396
7.49395
7.62069
6.91011
7.2426
7.65947
7.29893
7.54877
7.01766
7.14747
7.11351
6.79605
6.87062
6.88656
7.00378
7.49944
7.49867
7.29381
7.29883
7.28146
7.31398
6.97933
7.18127
7.73566
8.02035
7.46436
6.8245
6.53238
6.36965
6.83871
7.0926
7.15246
7.18948
7.3825
7.43036
7.66946
7.37433
7.16595
7.23687
7.33924
7.23014
7.22087
7.06472
7.28171
6.8235
7.49639
7.25371
7.09744
7.31645
7.267
7.3195
7.52703
8.0639
7.94714
8.40335
7.90821
7.90968
7.69104
7.66228
7.74579
7.88851
7.61049
7.92087
7.90342
7.82344
8.10773
8.14128
7.87163
7.39326
7.3194
7.47943
7.72658
7.31209
7.55684
7.17666
6.80032
6.85947
6.86256
6.93928
7.10321
7.45647
7.42214
7.84665
8.07673
8.40933
8.58092
8.49074
8.01812
8.39485
8.3997
8.73746
8.5381
8.19708
8.07327
7.50871
7.67965
7.78721
7.46202
7.39494
7.26035
7.54305
7.82219
7.92869
7.73251
7.60312
7.54098
7.68357
7.345
7.69648
7.73873
7.80646
7.74882
7.45864
7.46011
7.16878
7.10418
6.77638
6.94069
7.01487
7.23238
7.16079
7.62509
7.58669
7.95274
8.09364
8.18337
7.60606
7.33911
7.29886
7.14927
6.81159
6.55678
6.93852
6.76195
6.99366
6.78394
6.89682
7.1129
6.65995
6.77564
6.65147
6.38437
7.27246
6.94599
6.9058
6.85014
7.13225
7.10368
6.8465
7.06369
6.99049
7.19295
6.78803
6.81838
6.88838
6.56778
6.44602
6.27362
6.0766
6.23867
6.86595
7.1288
7.20129
7.72896
7.96198
7.75131
7.49142
7.19012
7.32211
7.46019
7.27191
7.53865
7.85579
7.79149
7.82981
7.78047
8.10722
7.61128
7.38417
7.55235
7.43165
7.76844
7.81742
7.80597
7.59494
7.94298
7.79542
7.40206
7.68482
7.74359
7.8812
7.73043
7.36514
7.02276
6.93527
7.37684
7.95652
7.86504
8.10027
7.52506
7.35172
7.11597
7.18573
7.22812
7.10906
6.99999
6.63992
6.98238
6.92802
6.6267
6.51797
6.72392
6.83398
7.17919
7.00493
7.27825
7.27027
7.66679
7.27972
7.78634
7.16141
7.23641
7.31262
7.32631
7.58287
7.42617
7.54479
7.04282
7.20553
6.83194
7.12545
7.39164
7.4563
7.49463
7.19769
7.98488
7.9187
7.5786
7.77189
7.34796
7.2249
7.28375
7.21248
7.45221
7.54152
7.15189
7.15816
7.29739
6.97903
7.12182
8.19227
8.32858
7.99372
7.5395
7.60757
7.72289
7.28677
7.7743
7.42349
7.81156
7.77562
7.77808
7.79139
8.29318
8.37779
8.41555
8.30946
8.33948
8.21017
7.56011
7.26677
7.14821
6.8578
7.3427
7.95287
8.13989
7.7099
8.07375
7.86001
7.61268
7.3281
7.07988
6.92446
6.19621
6.74279
6.5999
6.32841
6.52877
6.69572
6.707
6.98071
6.88729
6.68363
6.81276
6.98976
7.14186
7.44816
6.98487
7.30408
7.36306
7.34101
6.9813
7.20515
6.802
6.4333
6.68393
6.59493
6.76881
6.83847
6.66265
6.86567
7.16118
7.2217
7.10256
6.85764
7.15316
7.05731
7.28548
7.23152
7.76615
7.86696
8.3552
8.29426
8.12045
7.69962
7.54762
7.66615
7.60653
7.77251
7.36113
7.5088
7.10807
6.66128
6.82987
6.92277
7.0543
7.41048
7.48197
7.65873
7.46863
7.27166
7.67716
7.52389
7.41674
7.29798
7.32943
7.86193
7.88329
8.27881
7.44534
7.54338
8.09709
8.19761
7.7865
7.37884
7.20253
7.72593
7.86238
7.54662
7.98793
8.06186
8.18292
7.84174
7.40999
8.14246
7.60595
7.90627
7.40941
7.9871
7.60735
8.24412
7.65895
7.55154
7.59197
7.45649
7.52722
7.68408
6.87613
6.81075
6.87597
6.98949
6.63554
7.0073
7.15446
7.0582
7.28246
7.33439
7.60743
7.82506
7.56911
7.60396
7.54705
7.67386
7.721
7.86146
7.61208
7.57255
7.79663
7.6664
7.34713
7.58889
7.4668
7.72086
7.93585
7.97811
7.11236
7.29027
7.3408
8.03073
7.77291
7.8905
7.72655
7.73094
7.87396
7.70707
7.40997
6.75453
7.21252
7.18582
7.1787
7.18392
6.67998
6.68847
7.20476
7.18917
7.7302
7.71548
7.27623
7.90678
7.55807
7.77838
7.93265
8.05545
8.12807
8.62997
8.64411
8.28406
8.44247
8.26886
8.80732
8.49899
8.2409
7.93264
8.38876
8.27574
8.07995
8.47955
8.61987
8.62173
8.85517
8.44985
8.10319
8.20156
7.86723
7.65489
7.74863
7.25402
7.68195
7.44755
7.50714
7.73323
7.95869
7.80409
7.9574
7.98577
8.1728
7.9654
8.18307
7.68825
7.74527
7.93937
7.85473
7.38164
7.01199
7.03724
6.95184
7.21902
6.84988
7.02777
7.30738
7.8215
7.33198
7.39943
7.23006
7.39769
7.24641
7.8899
7.88285
8.07872
7.98468
7.62018
7.40418
7.80633
8.49447
7.85738
8.15391
8.33154
7.57084
7.43339
7.1808
6.86499
6.74561
7.05534
7.34328
7.37662
7.12661
7.43314
6.99363
7.39811
7.42991
7.2098
7.3831
7.59522
7.58168
7.50251
7.91385
8.23973
7.62259
7.13153
7.32322
7.50214
7.49609
7.24728
7.23817
7.05039
7.12091
7.82072
7.52264
7.72311
7.89644
7.79817
8.0016
7.69747
7.41286
7.35082
7.33817
7.55888
7.70262
7.22065
7.77189
6.91944
6.85987
6.78994
6.84222
7.11888
7.16854
7.55825
7.27397
7.42377
7.51857
7.62062
7.63694
7.92371
8.09416
7.91143
7.7763
7.91699
7.89108
8.07916
7.77115
8.30203
7.43937
7.53151
7.51659
7.60421
7.52525
7.58572
7.67429
8.21898
8.29934
8.59327
8.6922
8.83741
8.65399
8.17447
7.81204
7.66709
7.24937
8.3317
7.95634
8.80343
8.80866
8.85389
8.7406
8.57338
8.29785
8.21013
8.23056
8.3379
8.15473
8.32759
8.2132
7.87341
7.08974
7.57681
7.45287
8.06539
8.59467
7.55746
7.13488
7.35807
7.40391
7.46569
7.71033
7.51806
7.20731
6.87855
6.65415
6.71578
6.7331
6.83748
6.75181
6.77724
7.33398
8.04125
8.20332
8.02007
7.63044
7.59062
7.88143
8.0432
7.85597
7.35299
8.02446
8.17545
8.1959
7.9347
8.21931
7.94013
7.9574
7.93427
7.96453
7.91092
8.16726
7.94888
7.89623
8.02221
8.42655
8.47955
8.02646
7.74882
7.74373
8.04403
8.30289
8.08865
8.4048
8.14324
7.97104
8.13967
7.80284
8.01716
8.3891
8.24157
8.21289
8.39186
8.55585
8.47958
8.27906
7.74375
7.67027
7.60026
7.33432
6.97847
6.92785
6.73815
6.87672
6.89029
7.05283
7.10564
6.95784
7.08854
7.10205
6.84174
6.91368
6.86027
7.18155
7.44935
7.66285
7.33785
7.31292
6.72301
6.91279
7.37793
7.45739
7.37338
7.62259
7.17777
6.96345
6.83652
7.0193
7.10444
7.06248
7.07601
6.90027
6.99107
7.18906
7.55237
7.42144
7.61836
7.86095
7.20271
6.84142
6.86591
6.60779
7.11777
7.38694
7.30115
7.14587
7.00536
7.22878
7.15244
6.88809
6.94011
6.8753
6.95115
7.11608
7.32117
6.87534
7.28766
7.43327
7.1698
7.4592
7.44954
7.77912
7.85707
7.46247
6.93966
7.3706
7.31775
7.38144
7.2933
7.06715
6.34681
6.56564
6.91271
7.24294
6.9261
7.22638
7.47529
7.85515
8.17153
8.4727
8.51683
8.87833
8.67733
8.84298
8.68504
7.83944
7.41979
7.41325
7.15992
7.45783
7.90499
8.0215
7.90628
7.64792
7.30243
7.40448
7.60829
7.77997
7.66476
7.56069
7.56208
7.22149
7.19909
7.16632
7.4788
7.42607
7.28505
7.59876
8.17937
7.81102
7.68362
7.86691
7.85939
8.12542
8.29979
7.91572
7.61542
7.41235
6.68495
7.20554
7.33543
6.90034
7.23573
7.39333
7.22532
7.46219
7.42495
7.44426
7.69953
7.36642
7.46278
7.82097
7.85595
7.80211
7.23529
7.09212
7.06476
6.9406
7.2323
7.59327
7.53271
7.64299
7.55833
7.91483
8.05146
7.74079
7.72234
7.91871
8.24494
8.19206
7.72019
8.11667
8.48305
8.34844
8.22381
8.47884
8.10742
7.38997
7.44647
7.48607
7.55042
7.41924
7.3896
7.69144
7.35059
7.54477
7.58565
7.45154
7.6289
7.38703
7.11419
7.45923
7.16958
7.38522
7.36289
7.41921
7.24433
6.991
7.38247
7.08357
7.71552
7.5526
7.41293
7.81107
7.47685
7.63618
7.16655
7.52627
7.98313
8.00288
7.63179
7.47775
7.13428
7.17758
7.00496
6.94763
6.85007
7.17873
7.46609
8.3017
7.80547
7.34518
6.94915
6.69653
6.67857
7.38116
7.31796
7.52002
7.5197
7.37391
7.12781
7.71593
7.38037
7.42583
7.31971
7.3034
7.10563
7.55713
7.89992
7.78546
7.76596
7.70862
7.84937
7.7409
7.75609
7.30245
7.30866
8.01566
7.71246
8.25218
8.25027
8.01917
7.85786
8.01816
8.11179
8.79612
8.28833
8.37451
8.01345
8.3174
7.75909
7.88059
7.95291
7.82349
7.73587
7.70111
7.30869
7.62571
7.31474
7.53761
7.65009
7.69556
7.63723
7.55501
7.61632
8.00524
7.8012
7.94807
8.04063
8.67132
8.89037
8.65302
8.2197
8.23102
8.37169
8.14227
8.1942
7.89534
8.37203
7.76437
8.10382
7.58282
6.85413
6.91878
6.92383
7.17743
7.43618
7.69398
7.82994
7.73251
7.34896
7.3713
7.23242
6.98148
6.80734
7.10839
7.02225
7.26334
7.06448
7.27299
7.55532
7.03513
7.05555
7.18446
7.1728
7.27888
7.38958
7.50568
7.32867
7.62847
8.21353
7.97639
8.19843
7.83266
8.13978
7.75614
7.53019
7.48762
7.27345
7.51996
7.34045
6.96252
6.98032
7.08641
6.65986
6.81193
6.98437
7.19632
7.00366
7.25755
7.64888
7.74529
7.38532
7.75758
7.71911
7.75516
8.02008
7.53043
7.52705
7.54606
7.15624
7.03024
7.0817
7.01515
7.14329
7.41594
7.12246
7.52468
7.48468
7.37072
7.29011
7.69131
7.64935
7.46991
7.36617
7.99159
7.8745
7.46527
7.517
7.57019
6.9344
7.03702
7.16772
7.12764
7.71299
7.17437
6.8633
7.06794
7.12356
7.50382
6.87814
6.89343
6.95981
7.09604
7.21813
7.28584
7.102
7.56263
7.89257
7.67228
7.85321
7.48501
7.91002
7.62863
8.19314
8.44589
8.46181
7.66672
7.69011
7.62463
7.86372
8.18974
7.94981
7.87722
7.71677
7.61995
7.73434
7.7402
7.77047
7.76259
7.73882
7.84011
7.58462
7.79491
7.89298
7.67327
8.16133
7.35872
8.14895
7.62567
7.3229
7.51548
7.0623
7.22312
7.27374
6.8846
6.63242
7.04865
6.70275
6.79364
6.65213
7.44795
7.28971
7.64434
7.23939
7.67925
7.50821
7.37368
7.75473
7.69467
7.26639
7.50448
7.68774
7.85255
7.69465
7.6211
7.88621
7.26814
7.26159
7.33846
7.71042
7.354
7.98157
7.79309
7.98485
7.76622
7.73829
7.86397
7.56063
7.23507
7.13142
7.46179
7.07614
7.32721
7.47847
7.59778
7.7086
7.58255
8.03041
8.63354
7.57802
7.56975
7.97307
7.66008
7.47013
7.32814
7.45643
7.00915
7.42949
7.58365
7.99139
7.87673
7.88322
7.329
7.62936
7.93513
7.98465
8.01615
8.15989
8.12385
8.4348
8.46684
8.46081
8.43057
7.74567
7.63613
7.94242
7.45784
8.02863
8.32032
8.0334
8.20331
8.07398
8.10723
7.84055
8.03693
8.223
8.03117
8.07994
8.09445
8.36827
8.22917
8.38072
7.94114
7.82042
8.34216
8.53178
8.26852
8.58862
8.56739
8.62662
8.49946
8.32536
8.79237
8.27241
7.80121
7.45674
8.08833
7.9479
8.05735
8.41194
8.02115
7.89331
8.04272
8.03164
8.00498
7.7864
7.52536
7.34369
7.27896
7.08375
6.60339
6.70563
7.36974
7.59833
8.04678
7.90835
7.80775
7.62954
7.6114
7.28342
7.22858
7.40906
7.41652
7.03479
7.5033
7.71878
7.56614
6.90898
6.55211
7.0836
7.14291
6.94511
7.2874
7.16783
6.71003
6.88654
7.1116
7.65325
7.51204
7.44579
7.5454
7.4943
7.43893
7.4801
7.25454
7.76001
7.7457
7.2092
7.63208
7.44255
7.19124
7.09974
7.25855
6.97915
6.94884
7.10506
7.36772
7.39777
7.53657
7.54645
7.34138
6.76643
6.38449
6.40863
6.21041
6.33945
6.39721
6.58888
6.60907
6.45151
6.77897
6.81455
7.27568
7.71384
7.4936
7.31324
7.45136
7.61547
7.5387
8.04046
8.11977
7.67291
7.84215
7.82743
7.49668
7.69122
7.3677
7.22985
6.84071
7.18309
6.86158
7.01424
7.43908
7.50236
7.52824
7.55163
7.16287
7.61332
7.4348
7.45896
7.43967
7.15897
7.0066
7.09072
6.6851
6.70925
6.40457
6.5713
6.66935
6.73933
6.58274
6.81111
6.90287
6.53437
6.89685
7.08365
6.9123
6.86661
6.85332
6.90546
6.74107
7.22121
7.21848
7.60594
7.65466
7.94322
8.24807
7.45765
7.34298
7.34771
7.54971
7.50423
7.51212
7.95445
7.27054
7.71548
7.96869
7.84001
7.54168
7.65553
7.66455
7.70471
7.76319
7.77378
7.69171
7.30875
7.22429
7.0227
7.31703
7.65096
7.66764
8.20294
7.76631
7.54853
7.89121
7.48984
7.19776
7.30441
7.37868
7.32371
7.76906
7.37146
7.25705
6.87083
6.94687
7.13102
8.11587
8.65828
8.47006
8.64743
8.12141
8.03139
7.89143
7.83087
7.42073
7.38499
7.65682
7.3493
7.53125
7.30722
7.28377
7.79339
7.65039
7.4468
7.80029
7.85083
7.26512
7.4247
7.3184
7.23074
7.23411
7.56475
7.827
7.79078
7.99977
8.41302
7.41644
7.51935
7.62483
7.41461
7.86146
7.73582
7.34988
7.64067
7.54784
7.70317
7.5452
7.49494
7.70862
7.62646
7.87369
7.68068
7.24418
7.32834
7.49904
7.5259
7.33802
7.16842
7.01391
7.49114
7.1023
7.23252
6.9368
7.00116
7.22708
7.35082
7.34079
7.45806
7.15008
7.24468
7.94904
7.81547
7.72831
7.7849
7.85209
7.79515
7.57497
7.90879
7.58359
7.35114
7.49703
7.68562
7.64407
7.8151
8.08881
7.71573
7.70902
7.46542
7.39467
7.78428
7.98396
8.27599
7.91052
7.91579
7.79732
7.55528
7.17741
7.25947
7.50831
7.89922
7.51153
7.65692
8.2099
8.19783
7.85651
7.84232
7.75687
8.19162
8.07333
8.25458
8.63918
8.51354
8.2135
8.2909
8.04401
8.17763
7.89601
7.97005
7.33437
7.30622
6.96218
7.11192
7.10372
7.25217
7.62305
7.51813
7.57465
7.40965
7.49564
7.16295
7.57368
6.98395
7.0542
7.57966
7.75119
7.66539
7.32059
7.29293
7.17059
7.12838
7.43266
7.01056
7.72478
7.78325
8.11352
8.03264
7.57457
7.31199
7.78411
8.12324
8.3822
7.9112
7.7473
7.91771
7.91681
7.89568
7.95694
7.94604
7.78658
7.71425
7.87634
7.8923
7.64454
7.94268
8.11799
8.17051
7.68625
7.94169
7.80897
8.39046
8.28654
7.83922
7.77065
8.12836
8.35815
7.79828
7.60592
7.69578
7.41799
7.74932
7.67643
7.13828
7.02504
7.50189
7.72196
8.20704
8.60222
8.18526
8.26934
7.53847
7.74981
8.16089
7.94763
7.81648
7.84965
7.19449
7.75842
7.28514
7.16551
6.89917
6.88741
6.85087
6.86746
6.94675
6.55945
6.69095
6.96482
7.35188
6.98339
6.96004
7.02836
7.11002
6.67091
6.59342
6.77489
7.17046
7.05717
6.6779
6.75448
6.93485
6.8474
6.69392
6.54798
6.58838
6.75035
6.81645
7.18586
7.16443
7.05279
7.20834
7.27963
7.21116
7.51318
7.11784
7.24634
7.45335
7.60549
7.46305
7.33689
7.52996
7.82113
7.43847
7.41384
7.19031
7.08716
7.43986
6.95498
7.02596
6.87916
6.41495
6.64793
6.96904
7.47021
7.62787
7.49119
6.94214
7.23796
7.02842
7.94079
7.63918
7.63445
7.79306
7.84289
7.95282
8.17021
7.88522
7.43078
7.98648
7.88497
8.32503
8.68133
8.11963
8.06627
8.37519
8.73308
8.38638
8.53984
8.17531
8.5738
7.95197
7.5123
7.50396
7.74713
7.80729
7.79704
7.67218
7.98278
7.98921
8.51931
8.76425
8.96517
8.79439
8.71588
8.24573
7.72038
7.95973
7.93665
8.0365
8.40688
8.12748
8.08266
7.94508
8.0005
8.10522
7.91419
8.21828
7.95815
7.98383
8.0418
8.07914
8.27675
8.4106
8.54792
8.66473
8.3442
8.5755
8.30117
7.94928
8.04515
8.32776
8.33919
8.2498
7.94614
8.40866
8.61789
8.62174
8.09853
8.07661
8.14358
8.23017
8.16524
8.63855
8.77253
8.384
8.62012
9.33291
8.81558
9.23257
8.82596
8.86567
8.8047
8.90245
8.66919
8.31557
8.5292
8.26015
7.8741
7.93849
7.39855
7.82016
8.08931
8.71106
8.42019
8.37761
7.84651
7.78647
8.04436
7.97636
7.61199
7.3401
7.16443
6.70149
6.58288
6.88953
6.69203
6.78585
6.74482
7.03059
6.65879
6.74356
6.9029
6.79789
6.86071
6.91919
7.04429
7.42201
7.4606
7.59223
7.9645
8.2404
8.23493
7.81198
8.10704
7.82562
8.12653
7.57034
7.80386
7.5108
8.31252
8.2634
8.14452
8.1375
7.87663
8.43641
8.41014
7.92087
7.62818
7.39736
7.52267
7.67026
7.61267
7.73241
7.78371
7.54945
7.25286
6.82476
6.89602
6.93724
6.84821
6.89811
7.15867
7.21246
7.30974
7.10519
7.32618
7.1532
7.40441
7.20932
7.27679
6.9983
7.23449
7.56213
7.39104
7.54935
7.30474
7.46862
7.45103
7.31357
7.20705
7.88647
7.7006
7.38857
7.31035
7.34764
7.38911
7.39115
7.61279
7.34109
7.19972
7.11274
7.17669
7.28636
7.41823
7.48138
7.61871
7.36903
7.4946
7.42795
8.57758
8.21284
7.93891
7.79445
7.5123
7.4087
7.27432
7.81737
7.82021
7.87729
7.96142
7.55251
7.30414
7.22311
7.52254
7.63394
7.13641
7.3371
7.32437
7.60775
7.59842
7.40887
7.46439
7.42116
6.93282
7.17808
7.2599
7.14412
7.00992
6.78797
7.01295
6.75762
6.79952
6.86805
6.91203
6.94644
6.9138
7.00478
7.27368
7.48181
7.88623
8.0498
7.81268
7.62424
7.26014
7.48684
7.7146
8.12972
7.95132
7.71726
8.14022
7.69137
7.71243
7.7361
8.15775
7.52284
7.47015
7.61094
7.84207
8.01071
8.37082
7.82498
8.12857
8.40297
8.21514
7.99094
8.05641
8.09642
8.31501
7.72603
7.81597
7.49716
7.24551
7.68869
7.9114
7.24682
6.96858
6.84065
6.89007
6.90222
7.17887
7.16501
7.35755
7.14066
7.86822
7.45098
7.31941
7.68404
7.64045
8.04862
7.82676
7.46634
7.91817
7.93999
8.19269
8.06337
7.78398
8.17651
8.10589
8.0595
8.25112
8.00772
8.0272
8.16884
8.34887
8.6265
8.34176
7.85386
7.96998
7.85156
7.85839
7.63564
7.85386
7.54675
7.94483
7.78191
7.66749
8.0178
8.19476
8.2102
8.04841
8.03651
7.88076
7.86561
7.76341
7.72164
7.23854
7.04953
6.98049
7.02034
7.23354
7.5157
7.76496
7.6089
7.57843
7.58248
7.82369
7.28988
7.4403
7.78972
7.61305
7.7993
8.01772
7.95104
8.11707
8.10732
8.13299
8.37624
7.68651
8.33595
7.79805
7.92239
7.72546
7.71007
8.38504
8.21618
8.07978
7.94014
8.4402
8.15698
7.94301
8.26375
8.00385
7.45067
7.18112
7.60824
7.46552
7.52712
7.74262
7.81044
7.38772
7.42839
7.22367
7.40812
7.94184
8.07778
7.93201
7.72489
7.56614
7.51364
7.65506
7.65293
7.37227
7.53598
7.55987
7.63005
7.77585
7.72543
8.04439
7.50924
7.62448
7.39311
7.33706
7.07295
7.40779
7.46451
8.00096
8.06159
7.80484
7.48332
7.50252
7.4274
7.22896
7.61765
7.6967
7.31096
7.00835
7.23149
7.88073
7.58482
7.29025
7.32731
7.45375
7.33526
7.64436
7.84009
8.31064
8.26033
8.5892
8.22818
8.30139
8.12224
8.42663
8.3588
8.05823
8.20307
8.16508
7.91198
8.20714
8.83025
8.26638
8.14626
7.95318
7.76044
7.80024
7.77188
7.70097
7.57213
7.20654
7.3229
7.80642
8.45455
7.92107
8.33753
8.41347
7.68949
7.7751
8.08949
8.46913
8.57983
8.6518
8.34465
8.22316
8.32024
8.02075
8.15446
8.51624
8.16446
8.04014
7.98891
7.8073
7.81926
7.88571
8.03402
7.90742
7.72097
7.54958
7.17131
7.82314
7.3903
7.04032
7.18741
7.64762
7.88406
7.48301
7.8452
7.50698
7.90017
8.01667
8.14491
8.14678
7.87076
7.96791
7.78311
7.65046
8.02474
8.39901
7.64487
7.67806
7.44961
7.34398
7.55817
7.43078
7.01568
6.87982
6.87768
6.90626
6.99872
6.77242
6.84611
7.23156
7.23943
7.13593
6.84389
6.40804
6.43105
6.71575
6.73478
6.76835
7.14355
7.72906
7.82732
7.65867
7.23488
7.59875
7.33243
7.27787
7.02932
7.15003
7.15672
7.08816
6.68891
6.64242
6.43538
6.26828
6.13686
6.01015
6.49831
6.30319
6.42386
6.20515
6.11865
6.11643
6.75704
6.76471
6.61766
6.75129
7.01298
6.92069
6.62337
6.43927
6.63264
6.60945
6.74526
6.73481
6.9507
7.13722
7.61376
7.9726
7.88277
7.58347
7.21092
7.30694
7.03408
6.92132
7.45152
7.44657
7.68685
7.51858
7.50821
7.75531
8.0353
7.45022
8.05202
7.74863
7.70162
7.54729
7.40521
7.24907
7.15154
6.90632
7.1456
7.62214
7.53219
7.26271
6.92833
7.21743
7.28514
7.46891
7.34671
7.00265
7.26673
7.51318
7.68022
7.82135
7.80839
7.29831
7.6077
7.71811
7.61673
8.35079
7.66489
7.90104
7.90733
7.91692
7.55044
7.77927
7.70971
7.85429
8.0172
8.16363
8.08434
8.45748
8.18048
7.8494
7.73842
7.5526
7.52449
8.05455
8.01275
8.23451
7.45974
7.0906
7.34679
7.55896
7.43362
7.69056
7.87889
8.12813
8.30965
8.37032
8.50839
8.65717
8.68158
7.9482
8.0627
7.51826
7.57871
7.96222
8.0172
7.85614
7.86877
8.0383
7.98957
7.8009
8.07248
8.1004
7.81866
8.45885
8.45969
8.60586
8.55388
8.10926
8.0291
7.97625
7.87861
7.89352
7.86826
8.21497
8.21272
8.20299
8.11525
8.09942
8.29357
8.19782
7.72462
7.98958
8.08204
8.0262
7.81936
7.55487
7.31711
7.27601
7.6156
7.15305
7.32769
7.6128
7.99826
7.45314
7.4687
6.89369
6.88948
7.01936
6.84191
7.15058
7.63927
6.84317
7.29125
7.40279
7.50161
7.30814
7.46697
7.37312
7.44596
7.36713
7.43397
7.94933
7.49049
6.88212
7.18682
6.91316
6.80795
7.76664
7.31486
7.55866
7.31641
7.38677
7.34502
7.38009
7.85596
7.68766
7.9464
7.41755
7.18593
7.12854
7.14526
7.73104
7.92344
7.85939
8.19478
8.01035
8.01183
7.9175
7.73701
7.84937
7.52028
7.86445
8.24114
7.85414
7.88773
7.86404
7.91107
8.32527
8.41806
7.85534
8.15934
8.26349
8.01491
7.34542
6.9691
7.17614
6.87004
7.14943
7.43044
7.33251
7.75134
7.9596
8.14823
8.1274
7.41578
7.52454
7.90386
7.762
7.84529
7.70373
7.02172
7.13536
6.58531
6.73397
6.91889
7.10131
6.58031
6.80152
6.75555
6.49705
7.0877
7.13014
7.4303
7.17977
7.18905
7.26347
7.18255
7.14747
7.12602
7.29038
7.64532
7.95061
7.88895
7.90605
7.87931
8.31069
8.3511
8.83185
8.68632
8.70736
8.51636
8.707
8.68085
8.65682
8.63826
8.49254
8.21123
8.53858
8.61794
8.59387
8.30187
8.10899
8.0299
7.90402
8.17095
8.24402
8.13279
8.00139
8.03113
8.14972
8.69741
8.30458
8.41909
8.89281
9.10673
9.18925
8.7378
8.76071
8.78711
9.16287
8.91428
8.77937
8.53908
8.65637
8.63365
8.7176
8.33172
8.38311
8.6303
7.96555
7.89209
8.0181
7.97139
7.63864
7.45551
7.4588
7.67908
7.76979
8.16039
7.43504
7.8884
8.0815
7.73801
7.6367
7.51582
7.62407
7.61978
7.36459
7.39322
7.80851
7.6857
8.05633
8.33945
8.48052
8.58189
8.29646
8.28561
8.35598
8.32383
8.47884
8.46332
8.79701
8.76231
8.80076
8.63638
8.4467
8.631
8.23803
7.86263
7.86771
8.04487
7.92676
8.38955
8.01376
8.13732
8.59248
8.66601
8.81137
8.18071
7.85987
7.90951
7.89551
8.44522
8.55594
8.43233
8.19137
7.99961
7.95423
7.70642
7.88396
7.90944
7.50854
7.09889
7.49999
7.485
7.8457
7.97148
7.95579
7.6529
7.06631
7.10909
6.74734
7.19437
7.32941
7.60897
7.3338
7.94082
7.96583
7.55639
7.24096
7.86488
8.00601
7.74729
7.72884
7.45536
7.73285
7.95652
8.11539
7.83741
7.88317
8.0993
7.56053
7.66366
8.05921
7.77925
7.87087
7.6438
7.76706
7.98341
7.69404
7.95148
7.34279
7.61896
7.74502
7.97916
8.24473
7.73237
8.57193
8.19148
7.96211
7.81689
7.53398
7.71816
7.95859
7.76521
7.62553
7.79701
7.73823
7.58397
7.0949
7.32118
7.40909
7.16806
7.24366
7.37745
8.04277
8.39213
8.38243
8.2893
8.7928
8.53898
8.501
8.42478
8.68957
8.13708
8.44496
7.92381
7.94519
7.60992
7.91122
7.53458
7.62629
7.99579
7.68078
7.50172
7.80271
7.99105
7.54206
7.28955
7.55847
7.9003
8.04898
7.88942
8.35183
8.75366
8.76148
9.17124
9.23221
9.32164
8.89237
8.64025
8.26667
8.17927
8.48806
8.25246
8.48339
8.32848
8.12346
8.23161
8.10561
7.9626
7.64589
8.16917
8.12393
7.8058
7.87493
8.21324
8.55312
8.0998
8.21793
7.75801
8.08751
8.07275
7.70062
7.4609
7.79953
8.46269
7.88582
8.25718
7.88219
7.79423
8.0355
7.82014
7.83027
8.04839
7.32182
7.40369
7.46933
7.27059
7.43337
7.26409
7.32774
7.12202
7.46906
7.5844
7.48408
7.47786
7.21283
7.28368
7.33539
7.38747
7.30184
7.22001
7.66278
7.76817
7.56958
7.61365
7.78097
8.19365
8.45518
8.26679
8.16719
8.05263
8.2325
7.81912
8.32477
8.04067
7.8462
7.66775
7.42325
7.34431
7.2019
6.98279
7.29675
6.95325
6.90114
7.05183
7.29063
6.81984
6.67408
6.673
7.04593
7.41603
7.48407
8.158
7.91111
8.07342
7.9293
8.37771
7.69944
8.47592
8.00804
7.91516
8.28612
8.04117
7.74137
7.62025
8.17928
7.99055
7.97009
7.9189
7.98803
7.91429
7.7529
7.86572
8.08057
7.53456
7.85764
7.51216
8.17621
8.45423
7.9254
7.80784
7.74886
7.79832
7.76944
8.04347
7.94152
7.92382
8.00356
8.0945
7.7033
7.56222
7.57227
7.1243
7.19749
7.28875
7.3181
7.3273
6.96467
6.612
7.33917
7.25133
6.87731
7.06415
7.16542
7.02698
6.89227
7.19091
7.16173
7.21592
7.0428
6.99166
7.08599
7.57576
7.26772
7.12078
7.20715
7.60332
7.58642
7.21768
6.78112
7.17366
7.28827
7.35083
7.15807
7.23399
7.38737
7.3797
7.51202
7.50827
6.98312
7.23457
7.32924
6.93457
7.0883
6.94516
7.19199
7.16959
7.22143
7.38994
6.72606
6.81398
7.15136
7.40919
7.58659
7.83645
7.73257
7.60983
7.35642
7.41553
7.2445
7.34098
7.51326
7.56555
7.31588
7.64793
7.76047
7.35025
7.0821
7.42366
7.72126
7.57343
7.6931
8.12605
8.50102
8.19261
8.02553
8.06112
7.65051
8.05597
7.87344
7.33736
8.14898
8.20226
7.4932
7.86972
7.73578
7.64741
7.45169
7.42278
7.70861
8.06929
7.58239
7.34102
7.69207
7.76499
7.9189
7.60388
7.26299
7.40204
7.51388
7.09267
7.39219
7.14332
6.92464
6.86045
7.08263
7.29585
7.51596
7.59612
7.10849
7.01044
6.57899
6.46815
6.61369
7.10478
6.99246
7.1966
6.93458
7.28314
7.05992
7.21618
7.27721
7.1444
7.56632
7.57697
7.15395
6.62323
7.26799
7.21941
6.54923
6.53093
6.3198
6.54393
6.6893
6.52882
6.86526
6.73562
6.91769
6.73485
6.64302
6.92497
7.3177
7.04802
6.72061
7.0203
7.27293
7.11847
7.26586
7.3278
7.80652
7.75698
7.81843
7.82161
7.7147
7.7168
7.81899
7.98508
8.10443
8.39134
8.12618
7.52629
7.5641
8.18144
8.47073
8.53485
8.44156
7.98225
8.33407
7.97819
8.45323
8.23722
8.14852
8.15281
8.12749
8.76509
8.76053
8.67343
9.13027
9.08003
8.65091
8.47208
8.1494
8.03159
7.77192
7.95245
7.68587
7.447
7.52311
7.41657
7.74454
7.8249
7.49206
7.6567
7.69055
7.7859
7.71334
7.36866
7.57939
7.78004
7.89652
8.21623
8.04872
7.81802
8.4141
8.46162
8.61116
9.06892
8.41249
8.38302
8.69913
8.82209
8.24328
8.20857
8.30711
8.47816
8.5649
7.9035
8.04433
8.04026
7.8961
7.5478
7.31751
7.42022
7.30478
7.6042
7.47407
7.85108
7.9074
7.80714
7.81797
7.47693
7.55294
7.35358
7.56425
7.39603
7.4625
7.41302
6.94215
6.62695
6.5652
6.17285
6.3558
6.23918
6.80151
6.60642
6.12177
6.15055
6.34126
6.46648
6.8284
6.77492
6.64032
6.66824
7.01285
7.06449
7.21173
7.16408
7.24868
7.15079
7.01394
7.19326
6.76852
7.32163
6.86788
7.17057
7.25718
7.1859
7.3523
7.69027
7.4167
7.18792
7.46538
7.39125
7.98162
8.20669
8.35263
7.76167
7.61447
7.01798
7.51734
7.92303
7.53007
7.46847
7.09186
7.26611
7.27556
7.23048
7.27625
7.00325
7.55837
7.52037
7.619
7.9956
8.22539
7.76177
7.80543
7.72508
7.82032
7.57898
7.29889
6.91073
7.49561
7.90201
7.43263
7.57653
7.93444
8.18567
8.01394
7.53163
7.5886
7.54625
7.47014
7.46075
7.93332
8.23596
8.22798
8.51096
8.54876
8.48699
8.42053
7.61669
7.50882
7.4699
7.36819
7.10349
7.35281
7.56523
7.52014
7.57723
7.54136
7.29377
6.95454
7.05587
7.55238
7.28407
7.43126
7.41359
7.23497
7.25933
7.04636
7.16319
7.6554
7.33938
7.42661
7.48258
7.55889
7.51626
8.09511
7.46333
7.5475
7.51896
7.57595
7.68182
7.62203
7.69327
7.60183
7.37044
7.20246
7.07127
7.1015
7.34674
7.38827
7.18181
6.64499
6.6073
7.10119
7.66437
7.60517
7.54435
7.86412
7.82373
7.60526
7.5574
7.07123
6.69808
6.72767
7.03137
6.91803
7.4962
7.3831
7.59743
7.77641
7.41989
7.54712
7.27776
7.24138
7.2906
7.19222
7.36668
7.23833
7.6563
7.58747
7.31647
7.66912
8.09741
7.68158
8.07699
7.38268
7.20341
7.11296
7.35101
6.80489
7.14983
6.7402
7.29688
7.1692
7.33896
7.22635
7.24591
7.14389
6.97603
6.94749
6.83007
7.13844
7.32586
7.49946
7.42126
7.21747
7.697
7.9023
7.70882
7.46287
7.60761
7.43439
8.02167
8.01748
7.98617
7.72247
7.46907
7.50875
7.6048
7.80298
7.70936
8.15359
8.30252
8.07179
8.04228
7.97627
7.63914
7.31307
7.43804
7.7234
7.55607
8.03982
7.89094
7.82607
7.78073
7.47543
7.1251
6.9459
7.63256
7.41937
7.68492
7.94132
7.78715
8.18911
8.09851
8.24239
8.40602
7.62396
8.04095
7.90392
7.68184
7.5178
7.56257
7.33873
7.50501
7.52049
7.03716
6.97689
7.07821
6.86342
6.93735
7.08477
7.10033
7.44057
6.9411
6.95018
6.90362
6.6913
6.95639
7.04403
7.22558
7.59399
7.75872
7.62956
7.92112
8.27981
7.89099
7.27493
7.23755
7.21319
7.29411
6.98951
7.24781
6.91098
6.61245
6.86267
6.579
6.45147
6.46798
6.74898
6.93315
7.13001
7.0334
7.10547
6.96687
6.80989
7.76658
7.64762
7.44529
7.7605
7.60455
7.67101
7.85398
7.63505
7.78687
7.52908
7.36927
7.14427
7.23961
7.0871
7.11026
7.26755
7.13643
7.60946
7.51581
7.47319
7.49002
7.24277
7.38217
7.22033
6.85585
6.81629
6.62741
6.91461
7.1205
7.12918
7.28821
7.3229
7.01966
7.24735
7.21269
7.46289
6.90862
6.68007
7.13135
7.55425
7.09273
7.33742
7.15904
7.33508
7.40121
7.83402
8.31177
8.38207
8.22929
8.5934
8.16284
7.66861
7.85695
7.35994
7.21443
7.3117
7.78178
7.49137
7.73997
7.38178
7.05059
6.81388
7.18072
7.16888
7.16898
7.1348
7.60039
7.74902
7.77261
7.388
7.27152
7.65173
7.55728
7.40782
7.55769
7.37404
6.74623
6.66724
7.02904
6.83032
6.87915
7.13953
7.25281
7.26669
7.71769
7.39901
7.55321
7.5346
7.51479
7.22919
7.90334
7.96094
7.87789
7.6191
7.33353
6.55984
6.81736
6.93968
6.56078
6.64435
6.89111
7.47736
7.95019
7.99295
8.0166
7.42794
7.69135
7.39377
7.47462
7.00994
7.17698
7.5688
7.23237
7.39511
8.15321
7.68839
7.52801
7.69703
7.29826
7.26133
7.54785
7.49793
7.36603
7.38132
7.53475
7.52791
8.04743
7.54341
7.07726
7.21456
7.49881
7.61637
7.57505
7.52297
7.34213
7.3021
7.01971
7.63133
7.97057
8.1571
7.65405
7.631
7.53231
7.77771
7.85587
8.31226
8.21147
8.08158
7.95928
8.05287
7.66911
8.07427
8.41559
8.66423
8.56583
7.94508
8.06153
7.641
7.95663
7.80313
7.84354
7.62573
7.58544
7.96117
7.62232
7.5367
7.59464
7.45307
7.45939
7.41462
7.4124
8.04108
7.82516
8.5242
8.13475
8.25982
8.36838
8.00085
7.60518
7.86478
7.79075
7.72323
7.95706
7.74844
7.51074
7.44866
7.70012
7.51537
7.61307
7.62897
7.53744
7.81468
8.25669
7.84399
7.79675
7.8082
7.77324
8.22495
8.37835
8.59382
8.45398
8.64722
8.49538
8.28402
7.76711
7.382
7.29147
7.81581
7.61837
7.86863
7.58586
7.95508
7.43884
7.24601
6.95245
7.17411
7.45497
7.30593
7.34161
7.29995
7.69616
7.81299
7.96837
7.56167
7.48133
7.77241
7.45164
7.44968
7.25077
7.90914
7.94942
8.00155
7.94967
7.91316
8.13192
8.02249
7.87258
8.15128
7.87771
7.82426
7.63815
7.70589
7.72775
7.58596
7.40548
6.99257
7.17327
7.12653
6.67255
6.29386
6.61582
6.58974
6.69946
6.84454
6.70577
7.07393
6.68449
6.85736
7.03043
7.09642
7.08268
6.91469
7.11845
6.98047
6.85539
7.07538
7.08064
7.11867
7.47857
7.68563
7.91679
8.00568
8.17535
7.90943
7.33171
7.55111
7.11664
7.27249
7.34756
7.26097
6.88469
7.15687
7.10164
7.52896
7.5813
7.77332
7.65033
7.85496
7.64184
7.63268
7.58135
7.66312
7.85543
8.05092
7.88523
7.66868
8.37865
8.11205
7.76423
7.51127
8.20095
7.67725
8.10352
8.59824
8.58424
8.15967
7.95316
7.72771
7.5312
7.5658
7.5489
7.31184
7.05718
7.57234
7.49076
7.56301
7.77086
7.55483
7.9447
7.6359
7.21444
7.75051
7.10619
6.98503
6.87585
6.99365
7.18011
6.93303
7.07878
7.0814
7.02277
7.38437
6.99226
6.90738
6.99989
7.11533
7.49601
7.25151
7.35786
7.76996
7.80861
7.50439
7.27209
7.42534
7.11756
7.22279
7.66523
7.46853
7.23912
7.42065
7.50561
7.37159
7.30864
7.21816
7.52956
7.67418
7.17929
7.35814
7.48437
7.57515
7.84464
8.04021
8.04012
7.90161
7.70953
7.66825
7.86834
7.9916
7.86627
8.1003
8.5452
8.52727
7.76708
7.63738
7.15223
7.40565
7.43621
7.64679
7.38585
7.2117
7.16201
7.04948
7.08782
7.38772
7.51409
7.30173
7.99494
7.56301
7.67888
7.51363
7.73396
7.45775
7.11821
6.9621
6.99179
6.99807
7.17031
6.79934
6.87852
6.43193
6.62518
6.63755
6.67415
6.80404
6.83915
7.73711
8.00063
8.13799
7.98202
7.03295
6.81782
6.63524
6.45431
6.59452
6.94355
7.27077
7.29798
7.19752
7.2844
7.41457
7.48561
7.86176
7.61823
7.63929
8.17502
8.39756
8.31302
7.82399
7.91913
8.0501
8.40491
8.41778
8.23256
8.13433
7.90404
7.81642
8.5191
8.37648
8.09357
7.82219
8.12094
7.49178
7.63277
7.68295
7.84662
7.49605
7.84789
7.52325
7.40402
7.642
7.29464
7.18155
7.06285
7.20583
7.36549
7.401
7.62875
7.57101
7.2207
6.85834
6.77335
7.07482
7.30224
7.27018
7.35661
7.23568
7.38147
7.48111
6.88181
7.06313
6.84902
6.91772
6.89016
6.71173
6.57067
6.45676
7.0638
7.21668
7.12524
7.0344
7.24164
7.30165
7.16703
7.13323
7.16823
6.97885
7.22965
7.0939
7.31874
7.3993
7.33112
7.27532
7.44008
7.69054
7.46727
7.65017
7.92384
7.40503
6.92376
6.85621
7.12628
7.12922
7.39643
7.92876
7.91744
7.89093
8.00355
7.98524
8.01242
8.20182
7.76622
8.04405
8.21927
8.22817
8.40971
8.40614
8.13584
8.53295
8.75916
8.48346
8.53288
8.44006
8.31651
8.53822
8.71864
8.74291
8.31265
8.33772
8.18115
8.02634
8.10208
7.49871
7.7328
7.50152
7.20518
6.96992
7.11266
7.2938
7.39574
7.53063
7.57064
8.12431
8.20296
8.70209
8.82055
8.74408
8.58515
8.24926
8.41038
7.64332
7.70704
7.45731
7.108
7.26055
7.59635
7.87488
7.53532
7.34287
7.48825
7.74416
7.3377
7.64263
7.50311
8.02642
8.20942
7.85727
8.03798
7.81784
7.56788
7.41499
7.60691
7.48504
7.39198
7.39666
7.41406
7.39335
7.29897
7.32007
7.37671
7.13883
7.10617
6.88464
7.02684
6.84911
6.79367
6.66877
6.87696
6.61098
6.71712
7.02523
7.13787
7.78562
7.90016
7.28519
7.55015
7.22262
7.00062
7.26328
6.83118
6.72835
7.06933
7.28498
7.57351
7.52283
7.55109
7.55497
7.21895
6.90354
6.82597
7.11488
7.41698
7.48701
7.44049
7.18373
7.52655
7.57591
8.09622
7.61182
7.43926
7.75973
8.01269
7.64298
7.75504
8.24674
8.15666
8.05212
7.90147
7.535
7.48038
7.54399
7.77954
7.72303
7.79913
7.79643
8.29031
8.68951
8.77438
8.77368
8.50449
7.65148
7.58367
8.09905
8.49129
8.01921
7.81986
7.86265
8.49416
8.47978
8.27233
8.4506
7.92791
7.43379
7.67704
7.42807
7.67811
7.65253
7.8401
7.82516
7.07555
7.2448
7.47801
7.25084
7.12537
7.17706
7.41405
7.65619
8.17372
7.95961
8.13515
8.25502
8.54742
8.35661
7.92816
8.18604
8.55257
7.78993
7.60929
7.23134
7.74053
7.7646
7.70373
7.67313
7.99132
7.38135
7.33222
7.39241
7.58215
7.50249
7.342
7.03994
7.00047
6.93396
6.66574
6.97907
6.75445
6.67654
7.22133
7.28125
7.35554
7.57489
7.60133
7.21729
7.54696
7.82765
7.73757
8.06772
7.76201
8.30317
8.30432
8.41309
8.20184
7.75644
8.27333
8.25347
8.368
8.14697
8.22809
8.76287
8.25424
8.81294
9.04002
9.67714
8.68858
8.30144
8.24316
7.56896
6.9747
7.23198
7.71293
7.37754
6.95812
6.94663
6.76843
7.0678
7.19525
7.4892
7.73289
7.63684
7.13631
7.34211
7.42268
7.61436
7.70148
7.44089
6.70628
6.92374
6.87865
7.21052
7.72627
7.47052
7.74754
7.71957
7.44979
7.63455
7.49191
7.23063
7.69437
7.92953
8.18447
8.36487
8.47537
8.13059
8.2663
7.90601
8.2745
8.11983
8.05038
8.34857
8.38178
8.35682
7.80592
7.49742
8.18828
8.11516
7.7634
8.11015
7.68177
8.21063
8.1154
8.38913
8.19635
8.2029
7.9235
7.96989
8.24638
7.9603
7.46184
7.6174
7.49374
7.49726
7.7663
8.29466
8.08371
7.65047
7.59063
7.46428
7.87509
8.12015
8.13483
8.26646
8.54452
8.50859
8.67204
8.17407
7.48524
7.57875
7.61449
7.78668
7.713
7.88578
8.00551
7.38504
7.45388
8.02769
7.81825
7.77695
8.17704
7.8058
7.81114
8.17306
8.11302
7.97165
7.83769
8.05742
8.32647
8.18863
8.01254
8.0414
8.20073
7.90423
7.74876
7.85892
7.45025
7.75372
7.25704
7.44298
7.15832
7.55854
7.25044
6.84062
6.7239
7.70202
7.4649
7.53399
7.1653
7.48062
7.44904
7.70061
7.81944
7.95051
7.84226
7.85483
8.32832
8.01341
7.77306
7.87603
7.10402
6.89867
6.72032
7.325
7.55648
7.37971
7.11087
7.15662
6.66907
7.30822
7.66052
7.66766
7.66567
7.40458
7.58504
7.39785
7.40199
7.31668
7.56376
8.02419
8.20495
8.29354
8.3397
8.13058
8.51303
8.5063
8.18241
8.19181
8.00143
8.16359
7.3891
7.42654
7.65684
7.6541
7.19261
7.44629
7.95933
8.19526
8.40808
7.80327
7.67926
7.71695
8.06679
7.91415
7.80165
8.00725
7.85319
7.33421
7.54697
7.57843
7.9887
7.94314
7.55373
7.80394
8.00938
7.87973
7.69975
7.7733
8.1105
8.28015
8.2041
8.1846
7.77354
8.02694
7.87897
8.10541
8.42221
8.45513
8.18129
8.00236
8.0361
7.89378
7.84697
7.62617
7.51024
7.36752
7.33524
7.40724
7.13527
7.10322
7.34304
7.17379
7.10184
6.95275
6.91504
7.11716
7.15516
6.65361
6.95533
6.51398
6.7691
6.65006
6.39181
6.66091
6.54179
6.55056
6.63834
6.64755
6.68534
6.92482
6.88921
6.60336
6.23379
6.51022
6.28716
6.78292
6.90044
6.5627
6.33235
6.30894
6.68931
6.59381
6.92012
7.19025
7.42961
7.56028
7.39961
6.66924
6.89221
6.91067
6.66426
6.82243
7.35308
7.56489
7.59055
7.31376
7.30456
7.33688
7.42351
7.41198
7.5357
7.77894
7.9639
7.74187
7.41857
7.56229
7.59212
7.95159
7.85985
8.60913
8.50655
8.39069
8.21628
8.63838
8.36583
7.91846
7.59027
7.61254
7.77152
7.90789
7.90687
7.99862
7.74853
7.26887
7.11818
7.24808
7.66568
7.63496
7.47942
7.70366
7.79973
7.65907
8.24222
7.94502
7.4048
7.59651
7.34021
7.6786
8.02496
7.87987
7.60755
7.16753
7.28933
7.12451
6.98171
6.91158
7.50618
7.22396
7.22203
7.5146
7.29601
6.76538
6.88743
7.03908
7.21962
7.48894
7.209
6.66524
7.20349
6.81105
6.85184
6.67798
6.6712
6.82643
7.19978
7.48455
7.40267
7.17664
7.68878
7.74191
7.51787
7.37764
7.4443
7.61085
7.33013
7.32988
7.09736
7.26665
7.13897
7.39867
7.07439
7.05525
6.93311
7.12329
7.36537
7.09563
7.44067
7.43381
7.70309
7.66109
7.9228
7.86764
7.85106
8.0481
7.90679
8.28317
8.14777
8.23472
7.76927
7.358
7.52669
7.37394
7.44152
7.48413
7.50255
7.61765
8.22156
7.91922
7.81267
8.23772
7.69835
7.92926
7.90418
7.70842
8.10672
8.32411
7.99282
8.26086
8.35905
8.61267
8.40132
8.20435
8.18193
7.87809
7.91751
7.68906
7.63229
8.01737
7.68595
7.34994
7.72826
8.23524
8.69074
9.06753
8.83618
8.41881
8.61413
8.8012
8.41206
7.63198
7.5419
7.65685
7.4427
7.05436
7.17163
7.24248
7.21481
7.3952
7.31672
7.82562
7.90352
7.67688
7.61691
8.12423
7.94924
7.90513
7.96643
8.03055
8.00175
7.32708
7.68952
7.64818
7.51566
7.89633
7.43752
7.11562
7.47916
7.41919
7.59081
7.91251
7.86179
7.70706
7.51596
7.36257
7.27658
7.39039
7.46737
7.79378
7.82155
7.78927
7.29347
7.46229
7.33706
7.29878
7.25253
7.18211
7.20118
7.62431
8.30849
8.0225
7.94969
8.52641
8.21053
7.82593
7.74328
7.55869
7.4441
6.86983
6.75332
6.69127
6.84487
7.00358
7.07581
6.99481
7.31768
7.52507
7.53376
6.83401
7.15021
7.11222
6.93476
7.29485
7.36043
7.14592
7.68058
7.53934
7.62432
7.64052
7.66948
7.17413
7.09368
7.43713
7.44436
7.44217
7.30153
7.04373
7.01923
7.45603
7.45312
7.44778
7.46247
7.54889
7.80592
7.6316
7.41966
7.48201
7.65478
7.70078
7.59845
7.48344
6.99308
6.86336
7.2498
7.78443
8.01847
7.96761
7.9027
7.9444
7.44601
7.58579
7.22935
6.40779
6.71984
6.74052
6.67423
6.79067
6.7478
6.94328
7.19133
7.61196
7.41413
7.38549
7.13805
7.42759
7.85571
7.43649
7.79674
7.30212
7.59225
7.33222
7.32442
7.31419
7.18814
7.30621
7.31895
7.27003
7.3888
7.75329
7.92038
8.24939
7.53038
8.15041
7.9944
8.0101
7.81875
7.05265
7.07965
7.29622
7.39752
7.05792
7.54351
7.59943
7.39071
7.48043
7.50431
7.61056
8.02589
7.81816
7.59259
7.78316
7.84874
7.3896
7.52216
7.83563
7.67953
8.32021
7.89703
7.65966
6.95491
7.01981
6.71705
6.03956
6.16917
6.66918
6.68745
7.13611
6.80342
7.29865
7.63134
7.2162
7.54153
7.60883
7.59802
7.95536
7.60768
7.6893
7.77719
7.53179
7.36964
7.2282
7.18393
6.97293
7.04908
7.24443
7.18273
7.14769
7.06701
7.59684
7.63098
7.29767
7.67225
7.73027
8.07166
7.97345
8.15532
8.20081
7.94858
7.81439
7.51528
7.25338
7.27764
7.01844
7.64791
7.74826
7.8025
7.57546
7.16272
7.38184
7.15974
7.02599
6.97685
6.89201
6.90658
6.84767
6.54902
6.27086
6.76744
6.75957
6.73809
7.47652
7.77497
7.72143
8.08253
8.1196
7.84154
7.49422
7.25139
7.36207
7.18386
7.74697
7.1434
7.123
7.34434
7.71707
8.16002
8.14413
8.18928
8.20018
7.33396
7.52707
7.48591
7.65551
7.78695
7.37539
7.40992
7.13616
7.23317
7.30255
7.67591
7.48904
7.01996
7.19881
7.39038
7.53154
7.82829
7.71498
7.24137
7.21972
7.39391
7.04245
7.5117
7.81779
7.63494
7.34216
7.58683
7.46672
7.64994
7.37145
7.35658
7.63231
7.91486
7.92724
7.78133
7.75686
7.58972
7.60819
7.31561
7.09008
7.56003
7.25261
7.19573
7.56099
7.99731
7.79736
7.62805
7.27156
7.36351
7.41738
7.13398
6.81402
6.5393
6.85845
6.71823
6.70449
7.0725
7.36234
7.19654
6.81264
6.68965
6.43183
7.03944
7.03433
