-0.428768
-0.398718
-0.391005
-0.396277
-0.350587
-0.402326
-0.417462
-0.405948
-0.424743
-0.410798
-0.411084
-0.40201
-0.361358
-0.41163
-0.433221
-0.421309
-0.421568
-0.42386
-0.434773
-0.413285
-0.432738
-0.42898
-0.431611
-0.448911
-0.461692
-0.45994
-0.459963
-0.441342
-0.419625
-0.428285
-0.386984
-0.405602
-0.40421
-0.400812
-0.429872
-0.427747
-0.405509
-0.420261
-0.415867
-0.422244
-0.445977
-0.45528
-0.45804
-0.459062
-0.44262
-0.445558
-0.394601
-0.407052
-0.397469
-0.357131
-0.394
-0.403268
-0.407168
-0.389361
-0.38794
-0.377672
-0.423337
-0.408895
-0.44761
-0.401806
-0.427445
-0.433504
-0.438778
-0.432273
-0.426706
-0.432684
-0.422746
-0.461154
-0.461305
-0.465808
-0.428593
-0.407797
-0.422113
-0.419437
-0.427426
-0.402991
-0.403894
-0.432215
-0.43991
-0.402159
-0.371995
-0.376258
-0.387943
-0.413921
-0.42688
-0.422461
-0.439605
-0.436299
-0.426069
-0.413831
-0.423404
-0.442432
-0.444647
-0.439548
-0.435494
-0.442861
-0.436679
-0.471297
-0.474651
-0.462509
-0.469362
-0.486176
-0.488179
-0.494708
-0.504324
-0.50641
-0.517167
-0.49776
-0.511398
-0.498125
-0.508182
-0.497008
-0.509409
-0.479841
-0.483459
-0.452886
-0.459112
-0.458322
-0.458872
-0.469171
-0.486241
-0.445079
-0.483795
-0.431803
-0.430406
-0.467268
-0.490059
-0.48357
-0.511381
-0.50807
-0.4953
-0.519829
-0.518483
-0.556238
-0.542968
-0.517189
-0.520478
-0.536454
-0.54013
-0.535533
-0.539789
-0.531392
-0.530533
-0.516751
-0.529381
-0.510337
-0.51191
-0.530334
-0.528362
-0.506817
-0.539266
-0.531638
-0.512623
-0.546747
-0.533621
-0.538032
-0.520429
-0.485699
-0.478181
-0.514369
-0.491118
-0.502119
-0.499303
-0.499803
-0.514076
-0.495466
-0.534488
-0.504308
-0.522951
-0.543612
-0.496743
-0.498446
-0.514522
-0.525005
-0.519362
-0.488533
-0.465227
-0.485262
-0.508159
-0.516412
-0.509223
-0.508567
-0.50324
-0.530043
-0.534511
-0.541597
-0.536081
-0.510802
-0.505222
-0.521474
-0.500027
-0.493718
-0.514064
-0.459152
-0.520088
-0.518958
-0.527741
-0.53859
-0.548691
-0.519261
-0.471151
-0.503668
-0.54637
-0.510862
-0.469422
-0.479875
-0.525988
-0.519853
-0.552115
-0.586781
-0.549602
-0.530179
-0.534096
-0.564942
-0.584866
-0.568642
-0.539601
-0.54385
-0.564252
-0.568499
-0.558859
-0.514554
-0.551918
-0.550673
-0.567137
-0.589275
-0.581788
-0.573359
-0.567249
-0.569147
-0.566898
-0.578504
-0.548192
-0.559608
-0.542706
-0.515174
-0.52
-0.474578
-0.512109
-0.526622
-0.524732
-0.518655
-0.531887
-0.506995
-0.534643
-0.487508
-0.519452
-0.487064
-0.478151
-0.472642
-0.491404
-0.483619
-0.485743
-0.47402
-0.45419
-0.489819
-0.419777
-0.469896
-0.472496
-0.4886
-0.491955
-0.486799
-0.508183
-0.519492
-0.516384
-0.485656
-0.488096
-0.510226
-0.528612
-0.525895
-0.52501
-0.54002
-0.545738
-0.524305
-0.518
-0.490833
-0.47401
-0.506262
-0.476475
-0.469624
-0.476714
-0.493457
-0.49589
-0.494636
-0.484845
-0.50288
-0.49627
-0.480545
-0.481571
-0.473172
-0.463707
-0.474025
-0.405044
-0.407429
-0.427705
-0.464962
-0.490184
-0.506743
-0.493792
-0.496372
-0.495743
-0.480626
-0.468999
-0.478831
-0.488714
-0.481397
-0.484703
-0.468934
-0.488251
-0.467195
-0.461169
-0.513347
-0.471881
-0.466063
-0.4559
-0.449267
-0.475972
-0.485312
-0.463698
-0.510831
-0.511551
-0.501217
-0.483858
-0.504128
-0.511525
-0.506188
-0.506177
-0.509595
-0.496282
-0.513103
-0.476852
-0.487943
-0.513204
-0.500357
-0.495545
-0.497152
-0.510433
-0.510746
-0.528437
-0.529321
-0.509249
-0.516903
-0.504818
-0.496469
-0.480367
-0.476617
-0.441397
-0.496787
-0.47788
-0.457277
-0.434384
-0.442048
-0.459044
-0.478125
-0.460104
-0.475798
-0.471475
-0.476585
-0.458543
-0.461706
-0.504056
-0.51781
-0.504002
-0.525597
-0.521396
-0.507441
-0.478426
-0.512271
-0.492326
-0.508094
-0.504386
-0.446234
-0.440793
-0.468001
-0.474951
-0.48045
-0.493171
-0.516544
-0.488745
-0.508246
-0.473293
-0.481498
-0.44095
-0.43805
-0.428018
-0.450886
-0.477995
-0.474348
-0.447988
-0.454137
-0.466713
-0.474296
-0.454052
-0.47327
-0.493729
-0.492063
-0.475625
-0.462892
-0.450051
-0.450385
-0.429649
-0.436412
-0.436258
-0.453471
-0.466414
-0.458935
-0.445748
-0.442833
-0.455597
-0.457911
-0.449759
-0.442166
-0.38274
-0.410186
-0.431825
-0.404469
-0.457403
-0.439592
-0.445051
-0.443515
-0.457392
-0.44001
-0.440744
-0.442057
-0.450205
-0.469376
-0.441547
-0.456828
-0.456345
-0.460753
-0.459525
-0.444757
-0.448776
-0.454703
-0.447692
-0.453391
-0.487482
-0.48765
-0.468534
-0.453509
-0.424325
-0.412066
-0.462424
-0.462533
-0.487471
-0.499273
-0.507552
-0.503043
-0.499196
-0.483729
-0.480157
-0.470171
-0.463194
-0.455543
-0.461715
-0.462439
-0.450706
-0.463429
-0.462969
-0.402749
-0.431252
-0.468851
-0.476177
-0.464254
-0.479535
-0.486002
-0.502004
-0.449904
-0.483811
-0.495034
-0.485616
-0.439371
-0.479403
-0.459274
-0.439627
-0.471109
-0.477296
-0.458833
-0.488627
-0.491145
-0.497258
-0.487032
-0.504207
-0.517845
-0.513384
-0.510479
-0.479605
-0.46296
-0.484929
-0.461642
-0.500518
-0.479177
-0.460301
-0.454022
-0.4556
-0.452576
-0.462722
-0.473443
-0.440659
-0.439075
-0.443517
-0.441299
-0.428289
-0.43091
-0.429717
-0.433308
-0.409209
-0.423388
-0.42982
-0.437293
-0.449411
-0.446338
-0.449298
-0.417212
-0.424577
-0.429362
-0.430066
-0.441231
-0.453443
-0.448582
-0.457345
-0.437377
-0.441581
-0.414856
-0.439823
-0.433167
-0.399012
-0.393874
-0.38246
-0.386222
-0.37534
-0.381204
-0.37695
-0.403025
-0.412628
-0.394755
-0.401573
-0.398504
-0.391425
-0.40702
-0.409971
-0.400704
-0.365633
-0.339348
-0.397858
-0.395007
-0.427592
-0.425861
-0.411106
-0.389724
-0.387935
-0.389416
-0.374217
-0.379802
-0.381331
-0.379538
-0.424649
-0.411243
-0.40377
-0.403971
-0.372516
-0.388853
-0.41065
-0.419729
-0.417455
-0.428616
-0.41717
-0.393103
-0.405541
-0.416141
-0.434335
-0.43319
-0.397364
-0.405009
-0.411319
-0.417753
-0.41876
-0.426091
-0.419385
-0.409289
-0.396389
-0.405689
-0.405143
-0.420787
-0.425266
-0.428671
-0.43572
-0.421228
-0.420062
-0.412276
-0.417313
-0.417027
-0.441518
-0.421655
-0.428805
-0.416943
-0.416539
-0.416196
-0.40549
-0.390073
-0.401534
-0.421481
-0.426833
-0.424561
-0.440102
-0.434793
-0.437511
-0.449736
-0.448473
-0.426445
-0.386481
-0.396117
-0.394952
-0.379616
-0.435684
-0.441599
-0.446769
-0.435914
-0.434429
-0.457876
-0.420034
-0.361224
-0.361188
-0.366705
-0.404784
-0.399597
-0.413527
-0.439912
-0.444266
-0.449709
-0.467459
-0.453715
-0.470545
-0.490643
-0.492467
-0.491663
-0.500991
-0.482949
-0.463597
-0.467023
-0.453603
-0.45343
-0.428683
-0.450649
-0.428669
-0.427222
-0.450352
-0.449262
-0.457613
-0.478009
-0.478151
-0.466679
-0.43708
-0.437429
-0.419622
-0.450135
-0.464577
-0.468408
-0.472188
-0.45089
-0.423885
-0.467579
-0.454924
-0.427417
-0.442952
-0.471948
-0.471916
-0.43854
-0.46746
-0.444764
-0.467502
-0.446493
-0.44766
-0.452574
-0.474958
-0.433595
-0.401553
-0.410497
-0.426846
-0.414895
-0.420021
-0.443203
-0.422689
-0.399697
-0.411095
-0.419893
-0.384609
-0.409749
-0.394618
-0.425873
-0.410693
-0.420421
-0.431002
-0.420776
-0.421331
-0.416972
-0.404232
-0.426341
-0.404747
-0.398521
-0.392294
-0.423869
-0.419857
-0.408098
-0.404054
-0.380984
-0.411967
-0.39374
-0.400094
-0.424611
-0.43437
-0.42817
-0.421279
-0.424116
-0.445318
-0.44813
-0.413295
-0.421702
-0.417336
-0.421493
-0.419212
-0.412151
-0.408645
-0.418357
-0.417427
-0.369768
-0.332078
-0.352612
-0.380486
-0.383095
-0.414256
-0.430063
-0.437832
-0.418996
-0.428793
-0.420162
-0.378782
-0.409242
-0.441788
-0.434352
-0.432187
-0.449143
-0.421139
-0.431412
-0.42353
-0.418787
-0.447872
-0.446458
-0.43926
-0.450125
-0.455624
-0.459594
-0.428109
-0.440354
-0.428773
-0.433659
-0.432273
-0.447644
-0.465005
-0.48278
-0.468282
-0.444005
-0.460081
-0.456762
-0.454175
-0.458362
-0.461252
-0.446502
-0.46344
-0.448164
-0.42029
-0.426965
-0.425277
-0.416306
-0.379348
-0.409294
-0.422357
-0.446616
-0.434036
-0.443849
-0.460344
-0.447953
-0.452899
-0.452867
-0.425196
-0.433379
-0.426129
-0.397337
-0.419295
-0.407842
-0.439954
-0.438967
-0.434025
-0.436817
-0.425916
-0.407938
-0.433627
-0.430451
-0.438954
-0.422167
-0.403277
-0.441798
-0.457387
-0.440889
-0.451777
-0.443676
-0.44916
-0.40262
-0.406661
-0.404479
-0.396148
-0.42508
-0.434714
-0.438796
-0.442871
-0.42992
-0.415768
-0.412932
-0.401739
-0.419086
-0.395475
-0.401978
-0.419573
-0.440762
-0.439978
-0.424311
-0.430593
-0.413926
-0.409531
-0.408162
-0.404533
-0.398872
-0.391165
-0.409395
-0.406956
-0.397876
-0.385723
-0.38734
-0.389658
-0.396171
-0.383637
-0.388447
-0.392135
-0.394868
-0.390964
-0.401127
-0.390234
-0.373633
-0.335393
-0.380566
-0.421157
-0.449766
-0.441495
-0.401989
-0.397893
-0.403901
-0.391868
-0.409743
-0.406328
-0.415918
-0.431617
-0.430997
-0.432698
-0.425895
-0.430991
-0.417455
-0.427447
-0.394575
-0.447975
-0.445094
-0.443482
-0.400696
-0.428433
-0.42534
-0.431145
-0.430444
-0.438632
-0.407939
-0.44169
-0.441484
-0.419043
-0.371043
-0.424217
-0.422105
-0.429104
-0.451236
-0.456339
-0.46333
-0.44551
-0.432485
-0.425266
-0.432227
-0.411866
-0.401127
-0.422641
-0.408611
-0.419779
-0.430648
-0.420076
-0.432388
-0.435811
-0.461784
-0.452993
-0.46556
-0.442324
-0.45244
-0.428811
-0.382862
-0.369964
-0.391409
-0.38475
-0.360071
-0.427886
-0.407449
-0.415772
-0.433674
-0.466137
-0.478097
-0.471315
-0.465647
-0.460844
-0.473505
-0.47121
-0.487072
-0.45533
-0.474871
-0.49962
-0.465127
-0.476277
-0.473622
-0.459953
-0.481727
-0.453418
-0.43576
-0.447665
-0.460275
-0.450684
-0.445607
-0.405638
-0.417432
-0.444395
-0.438667
-0.42186
-0.398848
-0.422388
-0.429777
-0.407729
-0.404548
-0.437977
-0.428136
-0.460683
-0.461181
-0.433482
-0.461295
-0.463759
-0.472194
-0.478627
-0.4562
-0.461767
-0.46129
-0.462445
-0.451849
-0.466583
-0.484365
-0.49888
-0.444217
-0.457324
-0.481074
-0.468148
-0.449701
-0.446461
-0.425409
-0.44932
-0.439819
-0.423718
-0.415964
-0.440908
-0.463126
-0.475252
-0.500654
-0.439018
-0.467515
-0.4882
-0.442111
-0.443951
-0.437926
-0.456277
-0.468682
-0.426664
-0.466287
-0.439918
-0.471803
-0.447529
-0.461236
-0.476185
-0.451936
-0.452001
-0.430887
-0.414329
-0.426585
-0.423442
-0.409526
-0.419547
-0.443484
-0.418514
-0.436329
-0.452614
-0.441366
-0.44375
-0.405571
-0.447506
-0.449142
-0.418377
-0.452882
-0.422484
-0.4438
-0.43939
-0.474971
-0.471261
-0.462154
-0.471889
-0.446762
-0.465224
-0.461761
-0.481252
-0.472646
-0.459106
-0.467912
-0.445453
-0.432759
-0.450524
-0.467759
-0.465756
-0.470609
-0.47665
-0.447528
-0.495982
-0.462118
-0.472741
-0.419972
-0.442814
-0.460892
-0.48647
-0.491448
-0.470773
-0.487743
-0.463358
-0.459777
-0.480106
-0.478412
-0.467189
-0.443641
-0.452759
-0.456355
-0.458757
-0.467013
-0.45527
-0.428937
-0.413839
-0.417173
-0.411165
-0.406451
-0.415009
-0.412058
-0.421347
-0.438378
-0.443703
-0.435021
-0.431755
-0.419385
-0.409308
-0.386976
-0.381953
-0.385036
-0.409383
-0.352239
-0.384312
-0.391605
-0.400184
-0.361651
-0.344866
-0.353012
-0.357418
-0.349334
-0.39173
-0.397761
-0.398233
-0.353686
-0.374348
-0.378965
-0.365475
-0.372935
-0.354472
-0.401937
-0.414529
-0.416541
-0.399165
-0.398688
-0.400523
-0.404367
-0.372992
-0.355045
-0.337038
-0.331971
-0.352586
-0.363368
-0.337335
-0.367388
-0.351498
-0.345504
-0.351336
-0.358134
-0.36611
-0.363566
-0.400993
-0.361478
-0.367872
-0.372794
-0.424511
-0.424239
-0.421534
-0.373519
-0.38241
-0.394083
-0.397878
-0.391383
-0.417518
-0.406969
-0.425026
-0.422129
-0.39898
-0.417776
-0.400295
-0.419303
-0.417336
-0.387738
-0.4112
-0.446025
-0.438587
-0.416808
-0.412946
-0.398701
-0.395419
-0.422233
-0.411239
-0.412101
-0.406434
-0.403829
-0.399347
-0.400661
-0.385926
-0.399125
-0.391057
-0.388894
-0.375579
-0.353736
-0.283589
-0.27823
-0.399625
-0.403855
-0.406437
-0.399158
-0.386916
-0.40575
-0.405522
-0.352047
-0.389323
-0.405385
-0.417937
-0.416075
-0.427808
-0.429174
-0.400656
-0.404206
-0.410309
-0.414069
-0.394069
-0.403415
-0.396481
-0.395927
-0.402209
-0.40163
-0.39011
-0.408106
-0.407725
-0.400083
-0.381464
-0.39155
-0.403781
-0.426599
-0.416266
-0.408543
-0.390893
-0.362629
-0.365347
-0.372298
-0.373375
-0.37315
-0.371312
-0.368338
-0.364934
-0.375897
-0.364843
-0.363132
-0.363955
-0.366853
-0.37085
-0.348159
-0.330157
-0.36574
-0.368533
-0.365539
-0.3366
-0.366954
-0.367607
-0.377767
-0.404683
-0.408864
-0.397449
-0.401432
-0.415674
-0.410863
-0.395157
-0.38262
-0.410683
-0.403845
-0.40257
-0.384704
-0.356536
-0.394356
-0.410556
-0.422863
-0.429022
-0.421838
-0.404684
-0.437018
-0.424748
-0.44307
-0.4247
-0.413525
-0.434826
-0.407817
-0.387371
-0.408738
-0.415688
-0.389512
-0.387957
-0.387985
-0.40671
-0.427308
-0.402751
-0.413802
-0.425062
-0.423183
-0.435558
-0.426836
-0.415261
-0.411727
-0.393098
-0.388629
-0.405764
-0.403071
-0.440598
-0.397161
-0.429051
-0.445042
-0.427592
-0.445807
-0.43611
-0.428853
-0.41965
-0.434444
-0.404244
-0.434065
-0.432006
-0.410986
-0.453311
-0.441853
-0.458745
-0.439824
-0.421348
-0.4117
-0.409408
-0.420888
-0.457666
-0.466087
-0.468578
-0.441597
-0.47156
-0.47608
-0.448373
-0.455524
-0.43894
-0.42317
-0.438657
-0.429667
-0.434742
-0.420493
-0.423087
-0.417734
-0.369718
-0.400222
-0.421908
-0.417287
-0.429928
-0.427627
-0.415671
-0.41709
-0.419051
-0.405181
-0.410826
-0.4112
-0.411034
-0.417037
-0.407932
-0.408386
-0.412438
-0.405839
-0.388877
-0.400605
-0.396712
-0.377835
-0.410136
-0.384296
-0.403561
-0.390057
-0.404156
-0.389005
-0.381545
-0.37108
-0.377703
-0.389529
-0.390362
-0.396621
-0.377131
-0.366552
-0.386835
-0.396805
-0.379689
-0.380409
-0.377607
-0.389264
-0.383499
-0.389436
-0.367168
-0.361813
-0.381928
-0.349723
-0.354136
-0.385528
-0.378614
-0.343993
-0.380862
-0.363643
-0.369277
-0.369525
-0.378309
-0.367277
-0.394141
-0.392158
-0.380114
-0.400066
-0.413847
-0.388312
-0.388109
-0.351071
-0.371956
-0.367165
-0.4014
-0.378874
-0.362563
-0.372506
-0.390582
-0.404655
-0.394251
-0.409083
-0.400616
-0.40416
-0.389539
-0.387298
-0.389297
-0.387861
-0.3912
-0.371918
-0.37785
-0.35692
-0.381672
-0.379669
-0.37723
-0.378647
-0.385542
-0.374693
-0.390859
-0.372945
-0.37449
-0.324704
-0.323111
-0.346084
-0.324633
-0.300269
-0.38981
-0.418192
-0.386309
-0.407464
-0.415276
-0.414568
-0.383178
-0.366731
-0.372591
-0.380682
-0.407294
-0.414235
-0.423519
-0.4082
-0.413352
-0.377894
-0.412372
-0.387065
-0.430507
-0.426923
-0.398816
-0.408073
-0.432604
-0.366841
-0.408558
-0.427871
-0.437199
-0.41219
-0.429682
-0.4195
-0.440217
-0.465006
-0.473907
-0.464689
-0.454347
-0.435069
-0.436241
-0.453874
-0.453854
-0.484612
-0.476762
-0.477542
-0.481431
-0.494825
-0.473794
-0.488697
-0.471987
-0.471141
-0.443951
-0.432444
-0.384026
-0.421322
-0.422605
-0.441355
-0.417946
-0.441781
-0.452789
-0.459239
-0.453076
-0.444716
-0.432628
-0.447708
-0.445271
-0.458752
-0.428524
-0.431873
-0.448833
-0.453706
-0.468329
-0.45548
-0.447861
-0.421998
-0.416488
-0.418061
-0.400541
-0.401401
-0.363483
-0.35585
-0.406315
-0.391015
-0.394676
-0.392919
-0.383125
-0.366712
-0.370477
-0.353357
-0.377256
-0.318234
-0.358701
-0.363851
-0.376601
-0.413532
-0.425846
-0.431822
-0.434217
-0.43952
-0.426821
-0.440822
-0.445832
-0.452635
-0.437481
-0.448984
-0.434977
-0.430421
-0.443181
-0.434341
-0.438749
-0.434441
-0.438336
-0.429139
-0.426971
-0.410136
-0.423914
-0.434474
-0.454811
-0.454526
-0.467874
-0.433956
-0.437259
-0.447755
-0.419412
-0.41045
-0.422579
-0.417121
-0.424685
-0.42035
-0.433755
-0.431497
-0.403236
-0.426455
-0.418859
-0.455206
-0.424059
-0.424022
-0.424397
-0.443286
-0.477179
-0.463721
-0.465078
-0.491345
-0.460897
-0.480937
-0.47618
-0.460948
-0.484959
-0.465611
-0.462666
-0.493479
-0.495837
-0.509774
-0.502256
-0.505932
-0.469361
-0.484577
-0.483213
-0.483881
-0.496857
-0.500254
-0.477282
-0.494637
-0.492265
-0.479217
-0.474689
-0.46349
-0.474721
-0.453814
-0.50265
-0.466584
-0.453419
-0.482374
-0.455867
-0.446557
-0.454895
-0.467565
-0.455764
-0.488303
-0.490319
-0.501708
-0.50703
-0.505707
-0.494907
-0.484024
-0.484563
-0.489706
-0.479472
-0.483818
-0.47496
-0.48287
-0.498018
-0.521694
-0.471663
-0.499936
-0.494042
-0.483828
-0.484399
-0.480958
-0.43538
-0.450321
-0.467613
-0.461506
-0.493495
-0.476511
-0.443189
-0.492284
-0.488465
-0.453776
-0.477749
-0.482636
-0.474104
-0.490214
-0.44662
-0.449381
-0.499786
-0.49652
-0.478939
-0.491917
-0.496605
-0.485271
-0.452672
-0.448643
-0.476327
-0.469867
-0.501332
-0.501261
-0.500561
-0.473988
-0.44257
-0.392485
-0.414503
-0.458307
-0.474143
-0.470415
-0.473193
-0.468462
-0.45339
-0.484372
-0.47324
-0.445807
-0.454238
-0.48938
-0.466113
-0.463531
-0.468636
-0.459932
-0.463509
-0.451204
-0.460009
-0.460542
-0.460769
-0.467651
-0.473192
-0.456723
-0.479203
-0.459632
-0.457244
-0.477394
-0.470761
-0.48032
-0.501751
-0.46441
-0.495395
-0.490627
-0.469939
-0.482292
-0.492062
-0.497438
-0.501793
-0.492444
-0.490344
-0.496606
-0.468114
-0.489343
-0.488498
-0.518077
-0.492575
-0.518958
-0.530177
-0.535333
-0.529977
-0.53803
-0.533669
-0.481922
-0.505879
-0.506385
-0.522907
-0.505606
-0.499802
-0.480776
-0.485778
-0.48185
-0.465122
-0.496466
-0.458903
-0.486719
-0.469507
-0.477495
-0.451868
-0.480053
-0.456057
-0.467672
-0.478976
-0.472484
-0.476446
-0.484226
-0.470702
-0.471215
-0.476325
-0.461656
-0.460873
-0.469939
-0.467731
-0.48411
-0.463537
-0.479468
-0.47931
-0.49184
-0.497021
-0.459343
-0.491939
-0.470073
-0.487363
-0.465008
-0.468809
-0.483294
-0.466855
-0.461182
-0.473611
-0.481752
-0.48921
-0.457388
-0.516884
-0.520557
-0.495634
-0.496658
-0.454415
-0.511009
-0.484541
-0.451204
-0.464987
-0.486896
-0.468258
-0.519573
-0.52075
-0.523904
-0.511767
-0.490819
-0.514946
-0.499063
-0.498002
-0.509224
-0.515858
-0.443209
-0.47751
-0.473368
-0.504097
-0.477096
-0.486758
-0.46159
-0.502771
-0.481894
-0.439615
-0.488075
-0.496407
-0.519612
-0.496799
-0.490523
-0.509667
-0.514938
-0.500887
-0.487368
-0.504592
-0.473489
-0.460633
-0.472894
-0.475992
-0.48329
-0.470875
-0.484244
-0.491368
-0.51718
-0.502669
-0.479681
-0.464123
-0.459194
-0.459896
-0.426548
-0.436635
-0.420007
-0.382681
-0.418766
-0.417924
-0.412431
-0.40039
-0.423766
-0.422825
-0.41988
-0.422122
-0.397816
-0.421297
-0.431499
-0.425509
-0.433519
-0.437983
-0.431408
-0.428619
-0.374321
-0.412189
-0.419016
-0.43797
-0.448218
-0.445051
-0.415075
-0.356329
-0.407091
-0.427912
-0.465263
-0.453309
-0.448749
-0.445976
-0.445756
-0.448435
-0.440738
-0.411759
-0.409291
-0.416293
-0.429916
-0.426818
-0.418833
-0.405943
-0.418378
-0.409988
-0.387784
-0.406229
-0.421223
-0.434577
-0.420873
-0.400025
-0.44126
-0.428173
-0.420867
-0.43392
-0.417903
-0.380183
-0.385096
-0.381264
-0.395353
-0.404236
-0.384505
-0.400605
-0.404554
-0.3974
-0.391205
-0.357071
-0.370668
-0.374782
-0.362219
-0.361814
-0.367974
-0.3905
-0.394656
-0.376158
-0.376913
-0.370036
-0.382236
-0.381775
-0.382239
-0.379563
-0.347104
-0.307681
-0.358213
-0.344872
-0.375686
-0.391446
-0.365592
-0.416817
-0.424624
-0.427486
-0.417049
-0.446717
-0.424044
-0.423019
-0.428005
-0.404122
-0.399131
-0.430258
-0.447644
-0.467017
-0.445604
-0.4578
-0.45123
-0.46422
-0.449687
-0.460381
-0.467226
-0.480474
-0.459192
-0.462805
-0.474475
-0.470725
-0.443351
-0.4523
-0.454286
-0.457045
-0.497976
-0.512292
-0.486539
-0.496136
-0.506558
-0.477098
-0.495096
-0.497369
-0.499598
-0.493622
-0.506443
-0.477732
-0.494303
-0.454234
-0.460188
-0.480174
-0.524356
-0.516217
-0.495944
-0.533152
-0.51959
-0.490492
-0.481418
-0.473619
-0.459165
-0.463302
-0.464968
-0.471906
-0.475583
-0.464373
-0.471005
-0.443436
-0.439839
-0.474918
-0.45708
-0.481511
-0.486933
-0.457442
-0.446006
-0.450096
-0.448992
-0.448671
-0.396139
-0.392238
-0.408172
-0.388847
-0.376022
-0.430507
-0.431396
-0.396413
-0.413686
-0.436672
-0.442543
-0.459723
-0.481211
-0.461818
-0.479831
-0.485953
-0.46339
-0.451429
-0.482322
-0.507097
-0.486954
-0.505241
-0.49814
-0.467863
-0.488716
-0.461329
-0.459856
-0.473691
-0.489442
-0.481435
-0.452363
-0.463143
-0.457995
-0.437669
-0.472913
-0.450506
-0.457276
-0.457625
-0.449798
-0.461038
-0.451095
-0.451667
-0.444154
-0.440281
-0.406517
-0.411286
-0.431959
-0.434999
-0.435321
-0.38239
-0.372682
-0.397925
-0.406408
-0.419563
-0.455847
-0.469912
-0.45297
-0.437965
-0.490047
-0.476933
-0.476839
-0.458217
-0.466905
-0.463547
-0.488308
-0.497293
-0.485379
-0.478937
-0.496037
-0.499922
-0.496206
-0.486787
-0.475287
-0.47528
-0.474775
-0.447985
-0.476435
-0.457782
-0.470465
-0.465925
-0.471455
-0.468376
-0.476601
-0.457029
-0.416454
-0.419716
-0.435416
-0.458184
-0.475732
-0.444068
-0.442085
-0.428798
-0.411784
-0.450278
-0.453231
-0.458086
-0.476302
-0.452901
-0.489344
-0.473604
-0.482663
-0.472308
-0.394094
-0.391339
-0.447012
-0.473643
-0.48539
-0.512099
-0.507291
-0.493225
-0.488753
-0.476808
-0.485306
-0.460617
-0.444667
-0.450558
-0.434607
-0.413705
-0.433666
-0.466499
-0.451631
-0.442065
-0.474632
-0.474027
-0.467704
-0.464782
-0.459946
-0.452008
-0.396063
-0.431434
-0.462814
-0.459321
-0.444975
-0.444259
-0.43515
-0.467528
-0.464219
-0.445762
-0.443536
-0.457781
-0.441004
-0.451663
-0.444166
-0.427898
-0.410984
-0.406724
-0.417089
-0.420957
-0.413788
-0.43301
-0.39837
-0.433065
-0.435604
-0.449391
-0.439437
-0.442125
-0.460075
-0.438502
-0.402872
-0.431498
-0.433717
-0.42708
-0.428836
-0.423824
-0.416808
-0.41279
-0.395588
-0.411752
-0.387226
-0.383287
-0.397969
-0.403881
-0.400554
-0.40717
-0.391639
-0.397676
-0.369411
-0.376505
-0.337546
-0.347731
-0.388806
-0.374379
-0.393285
-0.416715
-0.402267
-0.398844
-0.402099
-0.406118
-0.420035
-0.42228
-0.409433
-0.435412
-0.426258
-0.444523
-0.432743
-0.434448
-0.423281
-0.419318
-0.414546
-0.421919
-0.401852
-0.42173
-0.437037
-0.416748
-0.437987
-0.439451
-0.410311
-0.432854
-0.454428
-0.461638
-0.437248
-0.433871
-0.414044
-0.433806
-0.42574
-0.419066
-0.440497
-0.432242
-0.418503
-0.422401
-0.412798
-0.414838
-0.403847
-0.425469
-0.430292
-0.44135
-0.451736
-0.448729
-0.43211
-0.43583
-0.453973
-0.426239
-0.403015
-0.441788
-0.478644
-0.458598
-0.459654
-0.470218
-0.433973
-0.4789
-0.466386
-0.471568
-0.454686
-0.439053
-0.441022
-0.429194
-0.407352
-0.403679
-0.444816
-0.440902
-0.47605
-0.469064
-0.463215
-0.481592
-0.490928
-0.473161
-0.469341
-0.493177
-0.480412
-0.503616
-0.487382
-0.44554
-0.469459
-0.446921
-0.486917
-0.500695
-0.494746
-0.465697
-0.467163
-0.465241
-0.440007
-0.432871
-0.479551
-0.492525
-0.413213
-0.479073
-0.488624
-0.491681
-0.506511
-0.503592
-0.477321
-0.46001
-0.456228
-0.427814
-0.464504
-0.461629
-0.504458
-0.509527
-0.541285
-0.536653
-0.519968
-0.510534
-0.475791
-0.45017
-0.433434
-0.43933
-0.426962
-0.487863
-0.473445
-0.47373
-0.489639
-0.490236
-0.508774
-0.478572
-0.493882
-0.46981
-0.444039
-0.463876
-0.472186
-0.457648
-0.468563
-0.468589
-0.46509
-0.419456
-0.470358
-0.476789
-0.454604
-0.450495
-0.451305
-0.467872
-0.459846
-0.437955
-0.438018
-0.427593
-0.431236
-0.418264
-0.43658
-0.434177
-0.44654
-0.432402
-0.409641
-0.445358
-0.439624
-0.430234
-0.443453
-0.437339
-0.435488
-0.431938
-0.423269
-0.425825
-0.450635
-0.440528
-0.466915
-0.458009
-0.474099
-0.470545
-0.460516
-0.437982
-0.441384
-0.45889
-0.46775
-0.441585
-0.428411
-0.458892
-0.463484
-0.459767
-0.457306
-0.462277
-0.384555
-0.418115
-0.434936
-0.421936
-0.433351
-0.425084
-0.419753
-0.427791
-0.448839
-0.431098
-0.437533
-0.455215
-0.442072
-0.43985
-0.455678
-0.467348
-0.469463
-0.482759
-0.478916
-0.473828
-0.433503
-0.489038
-0.484198
-0.472955
-0.465186
-0.452836
-0.468502
-0.409441
-0.453071
-0.460823
-0.436426
-0.450635
-0.450668
-0.458153
-0.485448
-0.497585
-0.48463
-0.46468
-0.476913
-0.457007
-0.47171
-0.48666
-0.481363
-0.482252
-0.480722
-0.498663
-0.509821
-0.484976
-0.479216
-0.514814
-0.478015
-0.508668
-0.490824
-0.498633
-0.4803
-0.483295
-0.482379
-0.429692
-0.425453
-0.463485
-0.515267
-0.506211
-0.523924
-0.534158
-0.539066
-0.533943
-0.516613
-0.497539
-0.496203
-0.512706
-0.520679
-0.499045
-0.470719
-0.481853
-0.480382
-0.497165
-0.494931
-0.48785
-0.453666
-0.440458
-0.444689
-0.427965
-0.427025
-0.460141
-0.452261
-0.459465
-0.461227
-0.441818
-0.435711
-0.456775
-0.452234
-0.427749
-0.440543
-0.406015
-0.438347
-0.461245
-0.420515
-0.446091
-0.442826
-0.467203
-0.46852
-0.471618
-0.475794
-0.477726
-0.472773
-0.474595
-0.470006
-0.472529
-0.451109
-0.472927
-0.483465
-0.476091
-0.469643
-0.469052
-0.490434
-0.467679
-0.479133
-0.475104
-0.477933
-0.461779
-0.472228
-0.475241
-0.455187
-0.4826
-0.497304
-0.491873
-0.524324
-0.49148
-0.463
-0.449889
-0.468537
-0.489644
-0.469112
-0.460218
-0.468818
-0.458158
-0.47131
-0.483204
-0.481372
-0.478297
-0.422939
-0.444736
-0.463231
-0.445177
-0.445915
-0.436995
-0.450569
-0.451627
-0.456994
-0.443785
-0.46486
-0.465166
-0.459087
-0.447133
-0.470111
-0.440825
-0.43654
-0.485637
-0.473597
-0.489746
-0.454743
-0.427251
-0.475522
-0.480857
-0.460389
-0.473711
-0.473824
-0.48406
-0.468636
-0.464272
-0.470303
-0.471198
-0.442462
-0.465189
-0.496798
-0.46774
-0.483555
-0.473122
-0.481803
-0.464591
-0.486178
-0.484924
-0.483022
-0.470637
-0.458573
-0.458843
-0.489112
-0.51356
-0.492512
-0.508329
-0.508245
-0.503417
-0.496449
-0.497892
-0.479932
-0.466851
-0.446914
-0.456789
-0.455662
-0.464175
-0.437267
-0.458952
-0.453188
-0.442808
-0.472695
-0.463697
-0.479386
-0.477633
-0.490828
-0.474269
-0.48501
-0.454793
-0.451197
-0.455613
-0.45686
-0.45856
-0.469169
-0.409201
-0.412565
-0.446701
-0.443222
-0.411357
-0.397679
-0.457824
-0.427527
-0.452229
-0.461608
-0.47927
-0.48594
-0.480037
-0.461554
-0.455471
-0.475389
-0.458696
-0.452075
-0.437291
-0.447619
-0.425521
-0.489405
-0.43348
-0.439828
-0.453488
-0.448351
-0.468395
-0.471695
-0.444455
-0.46187
-0.425444
-0.497757
-0.492542
-0.487664
-0.4834
-0.4824
-0.45716
-0.469385
-0.484125
-0.450589
-0.441372
-0.465304
-0.453638
-0.461733
-0.469499
-0.474983
-0.482987
-0.474966
-0.458901
-0.40927
-0.390249
-0.398289
-0.436673
-0.454513
-0.446056
-0.471893
-0.453776
-0.47436
-0.46168
-0.447195
-0.471454
-0.445573
-0.461216
-0.463299
-0.467799
-0.456882
-0.469935
-0.432503
-0.477884
-0.477522
-0.464705
-0.459581
-0.457602
-0.458202
-0.44617
-0.47567
-0.455904
-0.466555
-0.490576
-0.478314
-0.480614
-0.454735
-0.474325
-0.484054
-0.48871
-0.476508
-0.516537
-0.516973
-0.489464
-0.482148
-0.495569
-0.492889
-0.50663
-0.486768
-0.460074
-0.505055
-0.507009
-0.467786
-0.490012
-0.465917
-0.481197
-0.487885
-0.483523
-0.469091
-0.47628
-0.455208
-0.456403
-0.453764
-0.464768
-0.454313
-0.440813
-0.459331
-0.43114
-0.456668
-0.457681
-0.501568
-0.497428
-0.451381
-0.469513
-0.463952
-0.486253
-0.48376
-0.479298
-0.463908
-0.432234
-0.449005
-0.445274
-0.458363
-0.446842
-0.472103
-0.458138
-0.478023
-0.504195
-0.507092
-0.508349
-0.501409
-0.49725
-0.495427
-0.482655
-0.482395
-0.476114
-0.475265
-0.450278
-0.43368
-0.473182
-0.465795
-0.440524
-0.461431
-0.467867
-0.48166
-0.451486
-0.473927
-0.476654
-0.478512
-0.470255
-0.453898
-0.443926
-0.445772
-0.385308
-0.391039
-0.430657
-0.425712
-0.411957
-0.418658
-0.402783
-0.469783
-0.487946
-0.496321
-0.458557
-0.474097
-0.482094
-0.520251
-0.5086
-0.51396
-0.478367
-0.487621
-0.490594
-0.5081
-0.501623
-0.466812
-0.466571
-0.466242
-0.451131
-0.473454
-0.470733
-0.485185
-0.475528
-0.453112
-0.419767
-0.443664
-0.456235
-0.449174
-0.455772
-0.451973
-0.453928
-0.442894
-0.432336
-0.452566
-0.458592
-0.473175
-0.472285
-0.480202
-0.444699
-0.455962
-0.447855
-0.465785
-0.451911
-0.459519
-0.442238
-0.448086
-0.451709
-0.460466
-0.455541
-0.433355
-0.437795
-0.427112
-0.49233
-0.503491
-0.510432
-0.4928
-0.504072
-0.479593
-0.504594
-0.500742
-0.484129
-0.484352
-0.46417
-0.479263
-0.462612
-0.448407
-0.451063
-0.473262
-0.456633
-0.481162
-0.477166
-0.471682
-0.458585
-0.450818
-0.434962
-0.436759
-0.450155
-0.464865
-0.466535
-0.458809
-0.473894
-0.443429
-0.445692
-0.447279
-0.420991
-0.405166
-0.413926
-0.441867
-0.436889
-0.425981
-0.451038
-0.459259
-0.44936
-0.446038
-0.449104
-0.434328
-0.442652
-0.432105
-0.385441
-0.413395
-0.426873
-0.40764
-0.415188
-0.406071
-0.42402
-0.429552
-0.433812
-0.416612
-0.402671
-0.399039
-0.41714
-0.400301
-0.393309
-0.402381
-0.414569
-0.392057
-0.408535
-0.414771
-0.429621
-0.445907
-0.42825
-0.42159
-0.418864
-0.410058
-0.426781
-0.445107
-0.446881
-0.461818
-0.452326
-0.467855
-0.490633
-0.482792
-0.48159
-0.469118
-0.479132
-0.482865
-0.46318
-0.466458
-0.470321
-0.482309
-0.488112
-0.470601
-0.449776
-0.456053
-0.470823
-0.451513
-0.458134
-0.471599
-0.457532
-0.465123
-0.477876
-0.478914
-0.464224
-0.469013
-0.467985
-0.461681
-0.449935
-0.474663
-0.458852
-0.48079
-0.482302
-0.481854
-0.463172
-0.457263
-0.419364
-0.436979
-0.469688
-0.475657
-0.481207
-0.474699
-0.460712
-0.421514
-0.441043
-0.471357
-0.490011
-0.480198
-0.496068
-0.484411
-0.501
-0.498104
-0.503946
-0.507037
-0.502126
-0.515819
-0.499504
-0.494765
-0.490677
-0.495029
-0.489145
-0.509433
-0.498314
-0.502252
-0.479181
-0.490189
-0.510054
-0.508
-0.496133
-0.490498
-0.510046
-0.532894
-0.515798
-0.534947
-0.538581
-0.507252
-0.51566
-0.481159
-0.481835
-0.517292
-0.512599
-0.478744
-0.534855
-0.486612
-0.474895
-0.471553
-0.487392
-0.495664
-0.517949
-0.467052
-0.493103
-0.468793
-0.455691
-0.476911
-0.460059
-0.458906
-0.460868
-0.439494
-0.447859
-0.471618
-0.496215
-0.478329
-0.489833
-0.497368
-0.466898
-0.487909
-0.499166
-0.516304
-0.519163
-0.495649
-0.528669
-0.531868
-0.5261
-0.531108
-0.551551
-0.528411
-0.5389
-0.560367
-0.500088
-0.496475
-0.51543
-0.493298
-0.531583
-0.538679
-0.54335
-0.489811
-0.494598
-0.502274
-0.514668
-0.509747
-0.527377
-0.49337
-0.50207
-0.481719
-0.470454
-0.435749
-0.480338
-0.478623
-0.478893
-0.511654
-0.502205
-0.506215
-0.516098
-0.509481
-0.489802
-0.506859
-0.495448
-0.465663
-0.512293
-0.490816
-0.510582
-0.50046
-0.499479
-0.474976
-0.494252
-0.490385
-0.488891
-0.505383
-0.482806
-0.480108
-0.487829
-0.498528
-0.492
-0.478492
-0.496187
-0.501762
-0.489979
-0.479305
-0.487537
-0.458595
-0.440651
-0.492347
-0.496121
-0.46034
-0.498021
-0.496309
-0.476705
-0.460853
-0.480831
-0.460587
-0.487653
-0.430812
-0.42975
-0.481595
-0.503699
-0.506428
-0.521161
-0.51005
-0.485824
-0.469914
-0.447841
-0.508297
-0.493762
-0.49807
-0.511552
-0.480095
-0.491264
-0.50953
-0.515776
-0.521783
-0.52642
-0.533132
-0.519415
-0.489188
-0.492197
-0.493063
-0.500301
-0.50372
-0.53162
-0.552711
-0.520171
-0.514566
-0.503361
-0.485199
-0.496953
-0.54895
-0.533433
-0.49405
-0.527983
-0.515116
-0.517373
-0.509653
-0.527479
-0.509862
-0.506042
-0.512866
-0.475676
-0.488775
-0.496538
-0.469143
-0.486685
-0.498422
-0.498851
-0.50331
-0.48823
-0.472196
-0.430306
-0.454333
-0.467098
-0.455243
-0.45743
-0.48663
-0.467523
-0.496329
-0.503505
-0.480981
-0.483678
-0.494459
-0.492177
-0.484717
-0.501489
-0.509985
-0.497855
-0.501191
-0.459994
-0.502578
-0.504185
-0.489036
-0.477919
-0.497658
-0.531353
-0.527682
-0.525326
-0.494765
-0.507255
-0.525169
-0.551279
-0.551482
-0.550463
-0.543054
-0.514516
-0.542103
-0.525465
-0.528059
-0.487906
-0.510442
-0.513942
-0.482246
-0.472872
-0.489263
-0.485229
-0.486926
-0.47755
-0.48383
-0.501436
-0.487119
-0.51145
-0.524642
-0.500267
-0.481623
-0.472142
-0.50745
-0.546901
-0.504906
-0.502832
-0.495794
-0.479147
-0.490316
-0.492387
-0.505778
-0.493709
-0.481597
-0.48006
-0.48706
-0.473566
-0.505865
-0.492562
-0.492797
-0.49822
-0.479943
-0.460055
-0.508883
-0.486917
-0.439653
-0.483206
-0.477534
-0.494451
-0.528906
-0.542267
-0.511731
-0.526413
-0.499185
-0.514797
-0.516011
-0.495398
-0.486993
-0.519857
-0.537941
-0.533796
-0.548111
-0.531724
-0.518369
-0.541284
-0.544763
-0.507908
-0.507254
-0.493303
-0.424119
-0.433417
-0.485968
-0.510024
-0.515926
-0.531605
-0.551344
-0.517247
-0.515707
-0.491748
-0.528245
-0.508681
-0.515231
-0.527741
-0.5253
-0.528224
-0.510494
-0.51033
-0.503915
-0.491035
-0.500722
-0.422328
-0.443402
-0.475199
-0.513342
-0.468916
-0.456281
-0.448996
-0.484698
-0.488164
-0.463065
-0.445847
-0.477517
-0.434453
-0.410862
-0.419092
-0.41569
-0.437958
-0.46489
-0.447914
-0.483045
-0.461909
-0.468334
-0.467277
-0.473795
-0.445618
-0.473033
-0.43374
-0.432347
-0.442048
-0.471472
-0.465246
-0.431698
-0.481781
-0.500878
-0.485592
-0.466747
-0.472786
-0.478195
-0.498305
-0.437485
-0.494418
-0.482886
-0.493788
-0.466431
-0.481107
-0.460262
-0.470195
-0.487199
-0.473259
-0.473324
-0.48292
-0.491707
-0.484091
-0.473328
-0.478082
-0.476292
-0.467631
-0.46869
-0.444233
-0.476381
-0.427171
-0.459173
-0.475571
-0.489916
-0.473327
-0.458834
-0.486314
-0.492468
-0.482116
-0.492945
-0.456218
-0.464522
-0.4623
-0.483634
-0.480156
-0.469357
-0.48474
-0.46014
-0.488077
-0.4899
-0.435309
-0.454696
-0.470477
-0.461739
-0.456317
-0.44478
-0.451562
-0.478783
-0.468525
-0.525542
-0.500356
-0.497339
-0.498118
-0.469522
-0.490644
-0.453799
-0.435367
-0.453327
-0.44443
-0.492997
-0.494708
-0.477861
-0.489394
-0.503664
-0.493222
-0.47348
-0.481756
-0.483743
-0.484953
-0.493517
-0.466859
-0.473132
-0.531513
-0.513544
-0.524533
-0.500236
-0.492073
-0.50435
-0.492162
-0.503666
-0.486805
-0.470996
-0.471113
-0.50685
-0.510906
-0.490548
-0.475702
-0.469185
-0.448269
-0.457185
-0.482314
-0.488406
-0.44142
-0.473482
-0.48482
-0.478012
-0.487042
-0.466531
-0.488325
-0.491292
-0.491841
-0.496198
-0.493358
-0.489464
-0.466791
-0.482543
-0.501951
-0.495993
-0.47899
-0.480322
-0.498233
-0.499263
-0.503349
-0.511652
-0.484039
-0.471259
-0.468835
-0.471727
-0.439637
-0.470177
-0.489868
-0.479205
-0.474646
-0.494104
-0.414242
-0.436591
-0.461755
-0.437894
-0.442641
-0.486674
-0.481118
-0.481493
-0.479094
-0.478035
-0.473003
-0.467565
-0.444794
-0.439302
-0.419276
-0.467551
-0.492748
-0.481588
-0.473911
-0.464427
-0.45569
-0.443911
-0.460999
-0.445875
-0.442969
-0.448921
-0.453582
-0.486305
-0.478144
-0.471297
-0.483044
-0.487596
-0.480251
-0.478244
-0.498339
-0.519065
-0.482864
-0.505394
-0.523258
-0.546039
-0.555842
-0.565484
-0.572694
-0.558991
-0.539849
-0.529882
-0.516108
-0.524851
-0.536849
-0.546726
-0.556658
-0.512274
-0.488904
-0.500363
-0.495578
-0.514067
-0.530862
-0.516833
-0.519628
-0.509413
-0.51872
-0.517677
-0.513895
-0.508476
-0.520229
-0.511024
-0.505426
-0.524226
-0.506004
-0.521661
-0.493964
-0.514572
-0.536066
-0.531357
-0.525504
-0.512439
-0.513174
-0.517182
-0.536441
-0.533265
-0.526342
-0.508561
-0.494156
-0.455594
-0.507069
-0.520424
-0.536908
-0.548708
-0.543596
-0.552683
-0.516504
-0.508214
-0.552135
-0.536279
-0.484284
-0.536079
-0.541711
-0.519156
-0.532582
-0.521125
-0.530667
-0.502194
-0.493606
-0.50321
-0.492545
-0.492364
-0.506954
-0.494443
-0.526606
-0.47071
-0.482238
-0.480629
-0.518484
-0.532865
-0.519075
-0.541117
-0.508696
-0.527506
-0.516622
-0.528093
-0.501505
-0.512351
-0.496603
-0.526173
-0.537397
-0.505505
-0.521272
-0.482293
-0.512105
-0.491528
-0.490593
-0.542538
-0.513624
-0.523853
-0.495174
-0.535264
-0.524176
-0.536442
-0.546956
-0.545436
-0.509248
-0.526274
-0.528399
-0.506063
-0.510313
-0.508072
-0.513127
-0.545426
-0.499766
-0.527063
-0.497343
-0.482665
-0.441681
-0.420233
-0.425307
-0.42121
-0.435178
-0.477204
-0.464474
-0.457586
-0.477914
-0.454253
-0.450612
-0.491405
-0.490456
-0.479049
-0.472844
-0.477829
-0.464338
-0.462427
-0.453589
-0.457352
-0.481718
-0.477884
-0.484694
-0.474532
-0.479355
-0.477722
-0.481824
-0.51194
-0.506133
-0.488466
-0.488413
-0.499704
-0.491118
-0.480172
-0.46819
-0.468344
-0.465466
-0.452537
-0.480698
-0.484764
-0.385441
-0.411354
-0.471488
-0.457316
-0.444084
-0.485313
-0.464889
-0.424646
-0.3747
-0.428836
-0.435799
-0.421677
-0.446324
-0.454938
-0.427915
-0.42206
-0.461285
-0.452245
-0.488069
-0.479686
-0.472895
-0.462135
-0.437315
-0.448682
-0.43788
-0.435776
-0.429294
-0.458376
-0.489037
-0.473808
-0.423211
-0.454391
-0.496623
-0.517301
-0.522328
-0.488782
-0.489501
-0.50487
-0.463992
-0.48644
-0.491212
-0.449273
-0.449191
-0.40453
-0.379914
-0.428811
-0.468767
-0.438946
-0.417526
-0.45514
-0.431526
-0.422644
-0.413719
-0.435073
-0.385927
-0.415419
-0.437148
-0.430073
-0.439893
-0.455179
-0.422537
-0.453847
-0.421265
-0.452322
-0.440592
-0.460253
-0.468379
-0.486518
-0.494041
-0.490789
-0.503119
-0.490591
-0.499207
-0.465498
-0.433949
-0.408068
-0.469531
-0.447067
-0.476626
-0.437782
-0.471718
-0.457526
-0.47356
-0.488878
-0.458178
-0.462415
-0.453003
-0.438049
-0.445817
-0.469887
-0.444857
-0.429189
-0.457476
-0.449522
-0.454081
-0.465776
-0.47491
-0.467956
-0.461117
-0.455413
-0.431778
-0.438232
-0.442189
-0.437482
-0.426928
-0.485706
-0.483819
-0.496593
-0.47787
-0.485109
-0.43906
-0.471394
-0.49731
-0.490422
-0.486681
-0.495823
-0.510471
-0.515942
-0.490737
-0.506884
-0.532203
-0.521509
-0.509698
-0.501216
-0.497369
-0.491458
-0.498244
-0.482381
-0.463169
-0.484561
-0.504324
-0.501225
-0.508162
-0.510317
-0.485436
-0.489544
-0.473683
-0.486278
-0.50101
-0.512783
-0.538019
-0.499033
-0.494364
-0.48469
-0.444579
-0.465802
-0.470179
-0.460627
-0.479048
-0.451932
-0.459664
-0.465795
-0.468245
-0.446115
-0.476012
-0.446193
-0.433773
-0.466133
-0.482906
-0.456833
-0.456005
-0.481747
-0.476575
-0.451621
-0.415926
-0.471269
-0.443127
-0.460912
-0.462429
-0.462238
-0.455304
-0.467904
-0.422097
-0.431671
-0.475751
-0.419005
-0.439921
-0.455601
-0.457744
-0.455507
-0.499199
-0.49811
-0.497934
-0.481019
-0.476339
-0.466291
-0.494218
-0.499025
-0.470376
-0.456285
-0.457537
-0.438621
-0.459306
-0.430394
-0.445153
-0.455989
-0.417964
-0.466989
-0.465304
-0.489208
-0.487385
-0.479448
-0.499834
-0.483151
-0.482055
-0.488377
-0.491564
-0.4775
-0.482248
-0.501448
-0.469205
-0.431329
-0.437728
-0.447065
-0.471141
-0.49035
-0.468236
-0.496143
-0.504882
-0.511576
-0.522733
-0.511231
-0.507635
-0.482366
-0.51034
-0.467467
-0.460765
-0.488328
-0.473669
-0.482494
-0.467275
-0.498371
-0.484917
-0.482673
-0.460202
-0.47299
-0.490768
-0.469038
-0.479998
-0.486594
-0.463365
-0.486562
-0.464372
-0.46596
-0.451355
-0.430365
-0.449586
-0.445311
-0.435511
-0.45415
-0.45563
-0.464416
-0.425445
-0.478607
-0.502714
-0.499634
-0.479986
-0.454878
-0.471086
-0.455741
-0.495026
-0.482396
-0.462626
-0.458662
-0.475591
-0.466149
-0.447767
-0.476116
-0.456257
-0.430212
-0.456811
-0.455072
-0.488055
-0.487436
-0.492653
-0.484035
-0.48888
-0.450481
-0.454377
-0.423061
-0.424078
-0.427648
-0.439953
-0.472416
-0.470528
-0.463397
-0.458613
-0.451655
-0.430434
-0.407498
-0.438155
-0.397669
-0.425868
-0.409039
-0.403097
-0.467814
-0.468549
-0.456473
-0.473245
-0.458906
-0.467798
-0.483227
-0.510451
-0.495882
-0.501642
-0.515982
-0.496882
-0.489486
-0.506054
-0.481992
-0.477604
-0.451433
-0.464145
-0.474483
-0.434515
-0.434936
-0.426833
-0.457139
-0.430458
-0.421734
-0.44191
-0.467782
-0.450941
-0.460789
-0.417696
-0.405142
-0.398595
-0.423707
-0.404929
-0.395188
-0.414602
-0.411412
-0.388605
-0.40371
-0.417599
-0.415724
-0.408972
-0.425724
-0.43367
-0.429147
-0.429806
-0.434808
-0.41192
-0.403891
-0.414148
-0.422075
-0.407336
-0.389359
-0.404993
-0.409313
-0.418946
-0.426708
-0.423065
-0.424963
-0.415082
-0.38571
-0.406776
-0.434352
-0.429415
-0.428736
-0.427305
-0.425315
-0.4156
-0.418401
-0.426978
-0.421368
-0.381658
-0.397563
-0.385482
-0.396041
-0.436645
-0.435821
-0.405596
-0.385844
-0.396276
-0.402983
-0.403117
-0.417613
-0.394971
-0.409939
-0.363616
-0.396932
-0.392227
-0.404435
-0.38449
-0.397424
-0.382985
-0.394035
-0.422578
-0.42338
-0.396636
-0.417607
-0.420085
-0.429606
-0.404834
-0.375488
-0.416095
-0.393154
-0.404376
-0.388936
-0.362978
-0.375727
-0.354846
-0.39085
-0.445151
-0.417902
-0.406181
-0.41485
-0.413335
-0.376405
-0.404523
-0.3882
-0.401337
-0.409757
-0.376129
-0.365339
-0.37343
-0.389694
-0.393495
-0.378342
-0.379198
-0.354857
-0.373748
-0.358674
-0.37859
-0.368294
-0.387125
-0.395888
-0.388685
-0.408336
-0.427349
-0.451821
-0.448681
-0.462135
-0.440324
-0.411875
-0.430814
-0.381591
-0.421347
-0.441137
-0.407055
-0.439099
-0.424574
-0.418392
-0.446056
-0.458924
-0.45759
-0.450051
-0.434639
-0.45279
-0.449389
-0.462632
-0.475447
-0.480546
-0.475407
-0.483657
-0.486176
-0.462316
-0.491796
-0.481819
-0.463415
-0.480451
-0.455296
-0.473814
-0.449223
-0.431374
-0.445489
-0.455698
-0.450949
-0.452692
-0.454642
-0.439962
-0.43652
-0.444453
-0.450717
-0.450762
-0.432918
-0.390687
-0.344961
-0.350792
-0.356064
-0.385163
-0.440124
-0.43427
-0.429579
-0.418859
-0.385411
-0.400382
-0.38033
-0.395183
-0.437648
-0.448388
-0.434405
-0.443587
-0.416568
-0.406073
-0.402439
-0.416947
-0.435455
-0.418226
-0.414564
-0.416628
-0.397879
-0.411936
-0.430642
-0.407973
-0.412911
-0.418179
-0.409413
-0.42677
-0.428562
-0.419455
-0.412549
-0.434677
-0.431126
-0.428854
-0.437043
-0.440459
-0.436885
-0.429921
-0.439345
-0.4249
-0.440915
-0.428487
-0.447321
-0.474417
-0.473577
-0.458515
-0.472462
-0.468356
-0.497834
-0.489021
-0.479988
-0.477839
-0.463633
-0.479445
-0.463694
-0.45035
-0.462657
-0.456764
-0.458432
-0.457573
-0.454642
-0.499519
-0.500433
-0.484547
-0.45705
-0.485405
-0.503793
-0.480273
-0.481246
-0.472213
-0.472285
-0.43364
-0.426629
-0.444614
-0.471109
-0.456935
-0.46499
-0.432243
-0.446942
-0.467693
-0.418613
-0.454943
-0.459651
-0.481039
-0.48078
-0.482946
-0.471089
-0.429947
-0.402449
-0.451922
-0.445633
-0.447498
-0.41563
-0.422881
-0.419014
-0.450216
-0.458697
-0.457014
-0.447253
-0.458626
-0.44479
-0.469114
-0.446184
-0.427958
-0.437847
-0.404186
-0.418134
-0.422316
-0.414124
-0.416917
-0.454879
-0.450463
-0.446782
-0.422349
-0.445967
-0.432727
-0.44406
-0.432788
-0.443055
-0.426581
-0.433501
-0.424024
-0.436392
-0.438003
-0.433007
-0.427833
-0.432674
-0.449171
-0.459459
-0.474064
-0.484172
-0.482315
-0.473481
-0.440718
-0.510563
-0.474303
-0.50103
-0.528474
-0.536837
-0.530663
-0.540227
-0.552692
-0.534942
-0.515374
-0.5273
-0.520426
-0.5301
-0.521136
-0.511457
-0.5035
-0.49978
-0.493244
-0.514597
-0.497079
-0.497496
-0.479197
-0.486691
-0.48822
-0.489846
-0.508895
-0.511201
-0.523451
-0.519446
-0.527237
-0.5247
-0.529318
-0.488939
-0.482148
-0.494556
-0.488663
-0.472745
-0.507384
-0.515663
-0.503003
-0.536452
-0.522579
-0.502621
-0.507499
-0.527033
-0.52357
-0.508985
-0.485266
-0.470604
-0.498414
-0.489775
-0.513893
-0.518769
-0.519319
-0.526601
-0.494447
-0.500302
-0.510446
-0.518305
-0.506408
-0.497711
-0.415418
-0.471157
-0.476059
-0.499478
-0.479357
-0.48638
-0.484797
-0.464066
-0.463449
-0.459135
-0.46832
-0.457875
-0.448852
-0.463329
-0.469724
-0.479368
-0.453072
-0.460372
-0.460339
-0.451898
-0.461408
-0.463889
-0.461292
-0.458164
-0.452611
-0.465607
-0.445694
-0.413563
-0.408849
-0.385627
-0.427294
-0.379443
-0.351105
-0.371729
-0.414443
-0.434726
-0.421537
-0.45204
-0.447499
-0.449497
-0.474083
-0.464199
-0.456848
-0.453302
-0.442539
-0.461901
-0.486237
-0.490898
-0.477547
-0.466588
-0.486188
-0.49146
-0.475005
-0.494306
-0.491161
-0.483478
-0.461111
-0.437227
-0.50294
-0.498158
-0.464448
-0.465177
-0.477903
-0.498778
-0.487594
-0.509413
-0.50803
-0.481544
-0.469928
-0.48504
-0.464944
-0.478445
-0.516804
-0.497799
-0.464016
-0.451266
-0.500204
-0.502391
-0.493678
-0.501498
-0.510181
-0.503246
-0.504962
-0.505838
-0.464223
-0.498657
-0.502678
-0.504821
-0.4839
-0.493535
-0.515026
-0.499113
-0.491529
-0.453916
-0.482249
-0.486044
-0.492459
-0.486703
-0.476567
-0.49667
-0.457527
-0.477501
-0.499458
-0.478983
-0.468458
-0.507798
-0.509927
-0.480755
-0.478439
-0.473467
-0.501009
-0.503369
-0.531977
-0.518197
-0.51608
-0.533694
-0.50871
-0.533085
-0.545632
-0.511998
-0.504498
-0.519299
-0.51541
-0.526131
-0.529467
-0.540665
-0.549731
-0.52684
-0.513524
-0.498164
-0.482614
-0.46151
-0.503046
-0.534482
-0.50353
-0.492147
-0.479953
-0.485542
-0.520584
-0.520845
-0.541451
-0.516615
-0.491277
-0.507813
-0.524707
-0.477419
-0.486624
-0.479578
-0.490118
-0.539966
-0.540596
-0.541356
-0.526309
-0.508273
-0.516105
-0.496254
-0.499756
-0.481905
-0.485273
-0.476191
-0.464938
-0.44626
-0.488354
-0.466536
-0.454525
-0.433993
-0.387117
-0.466917
-0.458333
-0.453103
-0.429501
-0.445037
-0.424269
-0.447919
-0.467912
-0.429802
-0.445472
-0.455501
-0.468356
-0.470885
-0.453164
-0.466763
-0.458699
-0.490256
-0.500241
-0.488455
-0.485857
-0.45753
-0.461736
-0.458704
-0.497658
-0.469683
-0.463554
-0.477843
-0.484565
-0.471722
-0.46336
-0.464299
-0.459852
-0.456731
-0.465397
-0.472812
-0.465575
-0.443301
-0.455811
-0.477659
-0.432609
-0.428853
-0.415115
-0.417551
-0.460293
-0.418203
-0.44213
-0.444181
-0.435423
-0.454691
-0.506421
-0.488861
-0.493576
-0.493112
-0.496648
-0.520266
-0.541185
-0.510144
-0.536133
-0.527305
-0.526933
-0.517139
-0.534252
-0.522764
-0.51798
-0.498485
-0.494969
-0.526097
-0.500264
-0.52159
-0.516693
-0.497782
-0.523691
-0.525516
-0.525106
-0.48824
-0.461883
-0.456377
-0.483706
-0.50854
-0.52927
-0.495023
-0.458465
-0.464438
-0.447103
-0.474688
-0.507583
-0.477456
-0.489755
-0.520709
-0.535084
-0.53791
-0.520065
-0.523347
-0.524388
-0.535644
-0.510279
-0.50178
-0.492949
-0.452963
-0.456245
-0.473547
-0.475609
-0.484488
-0.498315
-0.490941
-0.489224
-0.451052
-0.470614
-0.469407
-0.490151
-0.507576
-0.497015
-0.47917
-0.491413
-0.476804
-0.498181
-0.496346
-0.453909
-0.471716
-0.480037
-0.469555
-0.450881
-0.440212
-0.436458
-0.396913
-0.448702
-0.446358
-0.423415
-0.41359
-0.415513
-0.432799
-0.417774
-0.411136
-0.39081
-0.402262
-0.420259
-0.417497
-0.427145
-0.406106
-0.41019
-0.383594
-0.410608
-0.411733
-0.424175
-0.435248
-0.439036
-0.442078
-0.446692
-0.456486
-0.447429
-0.443806
-0.445188
-0.460335
-0.412425
-0.464805
-0.456457
-0.441555
-0.456091
-0.477937
-0.448695
-0.448039
-0.418411
-0.444632
-0.428773
-0.429899
-0.474239
-0.474789
-0.470062
-0.431955
-0.446867
-0.451668
-0.46765
-0.494377
-0.489504
-0.494445
-0.474291
-0.475626
-0.468494
-0.447121
-0.479441
-0.472105
-0.45927
-0.437684
-0.455001
-0.48437
-0.461069
-0.452369
-0.487722
-0.485167
-0.460787
-0.458142
-0.45457
-0.460088
-0.498691
-0.495221
-0.486848
-0.493062
-0.491506
-0.448507
-0.416946
-0.460996
-0.428029
-0.425316
-0.435271
-0.459813
-0.477819
-0.44964
-0.459368
-0.451951
-0.438236
-0.447525
-0.477872
-0.443037
-0.485253
-0.467284
-0.477389
-0.471598
-0.473763
-0.477459
-0.462846
-0.497185
-0.445231
-0.482432
-0.508517
-0.505145
-0.465989
-0.488674
-0.482949
-0.493772
-0.528212
-0.529308
-0.513187
-0.521639
-0.518461
-0.491068
-0.443045
-0.440834
-0.452252
-0.478799
-0.470939
-0.457897
-0.498889
-0.474871
-0.438206
-0.453689
-0.463256
-0.439159
-0.456847
-0.488718
-0.440506
-0.468792
-0.453653
-0.441032
-0.433949
-0.432395
-0.445046
-0.464727
-0.453066
-0.438031
-0.420879
-0.426077
-0.443037
-0.446886
-0.45012
-0.45065
-0.432878
-0.455016
-0.435148
-0.442214
-0.434274
-0.412966
-0.442613
-0.402276
-0.364266
-0.395371
-0.366648
-0.402647
-0.462718
-0.456613
-0.446158
-0.463837
-0.431041
-0.41874
-0.421379
-0.445389
-0.447293
-0.446005
-0.439274
-0.43585
-0.434485
-0.419952
-0.405458
-0.409664
-0.428767
-0.415444
-0.429585
-0.418346
-0.365414
-0.398177
-0.404063
-0.369603
-0.37784
-0.396861
-0.37361
-0.397945
-0.434127
-0.429037
-0.412658
-0.401223
-0.39305
-0.381981
-0.400018
-0.389683
-0.357114
-0.388333
-0.384546
-0.380343
-0.397062
-0.40059
-0.40837
-0.419104
-0.433844
-0.437841
-0.413573
-0.421535
-0.418442
-0.427219
-0.430202
-0.425478
-0.443229
-0.436576
-0.432152
-0.427158
-0.414328
-0.425947
-0.431439
-0.44111
-0.426298
-0.415529
-0.395573
-0.432366
-0.436608
-0.420238
-0.392684
-0.379641
-0.386988
-0.346485
-0.417761
-0.409696
-0.422548
-0.392042
-0.373127
-0.382754
-0.403834
-0.401157
-0.369605
-0.375525
-0.370414
-0.339118
-0.337078
-0.351978
-0.342173
-0.344701
-0.366403
-0.376047
-0.383894
-0.352797
-0.350445
-0.36993
-0.369995
-0.383778
-0.404075
-0.413344
-0.405213
-0.411993
-0.406049
-0.41604
-0.420321
-0.395719
-0.380902
-0.382471
-0.374879
-0.362965
-0.380691
-0.382392
-0.381026
-0.3915
-0.394582
-0.373203
-0.370543
-0.393509
-0.39222
-0.407912
-0.402955
-0.419895
-0.423062
-0.392462
-0.399963
-0.410252
-0.406492
-0.392411
-0.403148
-0.394401
-0.415428
-0.387035
-0.402618
-0.363084
-0.387591
-0.42426
-0.427926
-0.442202
-0.418087
-0.42582
-0.413059
-0.415319
-0.422593
-0.417213
-0.418831
-0.406117
-0.400741
-0.402042
-0.408147
-0.408923
-0.415848
-0.38734
-0.396272
-0.408312
-0.394002
-0.388458
-0.390176
-0.400976
-0.369477
-0.354816
-0.369892
-0.293088
-0.33131
-0.371039
-0.381725
-0.389399
-0.371688
-0.366235
-0.319446
-0.326401
-0.332445
-0.351153
-0.389394
-0.377587
-0.392888
-0.380787
-0.384085
-0.393366
-0.362791
-0.383812
-0.371994
-0.38787
-0.378396
-0.381881
-0.373178
-0.375394
-0.373171
-0.373598
-0.372649
-0.379008
-0.387118
-0.39487
-0.374399
-0.377525
-0.367881
-0.362257
-0.374764
-0.381348
-0.374868
-0.412039
-0.417553
-0.397555
-0.396848
-0.382419
-0.420046
-0.433585
-0.415334
-0.425679
-0.38584
-0.389383
-0.382209
-0.373621
-0.407888
-0.415841
-0.395739
-0.412315
-0.388772
-0.384514
-0.403705
-0.381618
-0.388967
-0.375867
-0.369005
-0.389904
-0.368016
-0.391636
-0.386794
-0.403974
-0.345415
-0.361212
-0.392499
-0.4012
-0.431455
-0.40804
-0.366873
-0.393329
-0.402287
-0.411516
-0.395391
-0.382283
-0.405455
-0.370777
-0.42261
-0.434125
-0.449825
-0.451001
-0.42891
-0.435038
-0.410461
-0.404096
-0.414276
-0.406921
-0.375113
-0.419806
-0.448071
-0.432755
-0.431296
-0.447342
-0.454835
-0.460327
-0.442294
-0.420981
-0.442917
-0.466572
-0.454828
-0.42102
-0.451688
-0.448288
-0.435168
-0.4183
-0.457231
-0.40756
-0.421466
-0.45696
-0.45683
-0.445111
-0.416431
-0.444487
-0.44288
-0.434182
-0.470341
-0.485644
-0.471283
-0.442365
-0.42008
-0.434749
-0.427368
-0.426234
-0.438549
-0.455184
-0.433899
-0.414667
-0.400363
-0.397926
-0.413179
-0.400681
-0.383744
-0.368134
-0.400759
-0.394978
-0.397521
-0.403386
-0.38529
-0.415561
-0.425753
-0.399664
-0.402747
-0.40398
-0.401255
-0.413541
-0.404268
-0.419191
-0.427984
-0.441364
-0.416903
-0.405082
-0.420405
-0.412577
-0.416306
-0.406609
-0.383788
-0.413456
-0.416521
-0.381785
-0.394039
-0.408535
-0.405972
-0.382053
-0.381616
-0.385012
-0.394949
-0.395736
-0.359191
-0.371426
-0.391645
-0.379949
-0.377845
-0.374354
-0.378476
-0.372609
-0.35223
-0.400926
-0.370757
-0.374344
-0.353285
-0.371539
-0.379357
-0.410436
-0.402792
-0.387111
-0.387354
-0.388055
-0.39264
-0.391595
-0.417596
-0.417816
-0.437071
-0.425691
-0.425022
-0.41034
-0.413914
-0.417252
-0.432528
-0.420625
-0.434107
-0.42362
-0.430051
-0.41776
-0.406694
-0.410701
-0.405101
-0.407885
-0.40574
-0.419365
-0.43552
-0.43119
-0.4366
-0.424794
-0.423256
-0.452081
-0.424085
-0.471617
-0.447438
-0.454411
-0.426849
-0.419477
-0.436204
-0.412768
-0.427032
-0.439077
-0.417904
-0.419905
-0.432284
-0.400498
-0.411342
-0.442299
-0.419546
-0.408207
-0.425658
-0.405164
-0.41043
-0.440319
-0.414047
-0.417263
-0.442158
-0.411451
-0.442444
-0.44277
-0.415301
-0.405976
-0.435158
-0.379891
-0.403819
-0.415083
-0.445258
-0.447949
-0.422522
-0.451555
-0.45982
-0.466629
-0.458796
-0.440977
-0.485813
-0.478094
-0.463543
-0.428931
-0.469182
-0.483412
-0.496794
-0.49122
-0.49277
-0.48449
-0.46798
-0.482753
-0.47719
-0.477776
-0.478383
-0.474099
-0.443196
-0.4434
-0.456162
-0.408645
-0.451635
-0.462228
-0.476947
-0.491694
-0.492326
-0.490538
-0.450018
-0.46205
-0.457182
-0.479807
-0.422718
-0.420912
-0.419485
-0.456691
-0.454314
-0.468064
-0.463223
-0.471364
-0.439242
-0.435354
-0.430779
-0.428555
-0.429808
-0.431198
-0.408792
-0.43419
-0.442494
-0.430146
-0.444879
-0.442512
-0.445424
-0.441857
-0.449993
-0.424498
-0.444833
-0.440363
-0.435051
-0.459787
-0.450873
-0.443302
-0.446399
-0.444462
-0.452793
-0.440967
-0.452037
-0.45442
-0.450257
-0.430775
-0.418994
-0.428981
-0.388906
-0.388113
-0.368875
-0.380983
-0.403477
-0.395357
-0.431558
-0.451672
-0.455118
-0.453251
-0.437911
-0.422328
-0.413692
-0.426275
-0.41155
-0.409253
-0.407943
-0.403195
-0.411294
-0.408923
-0.402213
-0.406351
-0.393204
-0.404576
-0.411967
-0.42907
-0.417134
-0.424517
-0.430493
-0.416845
-0.420781
-0.432895
-0.401173
-0.420378
-0.433236
-0.417848
-0.429665
-0.405907
-0.367118
-0.406623
-0.438579
-0.398847
-0.400126
-0.423168
-0.435333
-0.432182
-0.41501
-0.43399
-0.42362
-0.416361
-0.39837
-0.414714
-0.398952
-0.412368
-0.392818
-0.37567
-0.371824
-0.371638
-0.399014
-0.381335
-0.397992
-0.394119
-0.381649
-0.363918
-0.344508
-0.38171
-0.379031
-0.397497
-0.385849
-0.414544
-0.367625
-0.387808
-0.394501
-0.411323
-0.389531
-0.398025
-0.388592
-0.381188
-0.391834
-0.390565
-0.365057
-0.380324
-0.381705
-0.369921
-0.376704
-0.385463
-0.389994
-0.392711
-0.391663
-0.3699
-0.365852
-0.316778
-0.337647
-0.397411
-0.406885
-0.390091
-0.400557
-0.383731
-0.368173
-0.396873
-0.396917
-0.410846
-0.376755
-0.393277
-0.400968
-0.387796
-0.377981
-0.374463
-0.373687
-0.377129
-0.359969
-0.364636
-0.384019
-0.394133
-0.396344
-0.37615
-0.396986
-0.360149
-0.380032
-0.368026
-0.369466
-0.370751
-0.384376
-0.383875
-0.39118
-0.389569
-0.384096
-0.353496
-0.373508
-0.381776
-0.370306
-0.373777
-0.375969
-0.373441
-0.373755
-0.390753
-0.39525
-0.390996
-0.370066
-0.365693
-0.354405
-0.387158
-0.369712
-0.361985
-0.346097
-0.321425
-0.329892
-0.350772
-0.336152
-0.33676
-0.340933
-0.336948
-0.316503
-0.310865
-0.307089
-0.296201
-0.288108
-0.242297
-0.261405
-0.301195
-0.300474
-0.29365
-0.302867
-0.333592
-0.336308
-0.334288
-0.321071
-0.315435
-0.314771
-0.314698
-0.301833
-0.295342
-0.303617
-0.320416
-0.328161
-0.304622
-0.307775
-0.309074
-0.319658
-0.318985
-0.3334
-0.33351
-0.314599
-0.306501
-0.305401
-0.319404
-0.325803
-0.327529
-0.320364
-0.302713
-0.321685
-0.325991
-0.33226
-0.335367
-0.35067
-0.338126
-0.33445
-0.333784
-0.327456
-0.307902
-0.284098
-0.278805
-0.283162
-0.247304
-0.26179
-0.300954
-0.322285
-0.314629
-0.299655
-0.313091
-0.285367
-0.315235
-0.302651
-0.297589
-0.287861
-0.295829
-0.306801
-0.329558
-0.332742
-0.328485
-0.332698
-0.328377
-0.315457
-0.302488
-0.302498
-0.302339
-0.301494
-0.315801
-0.310831
-0.316024
-0.317305
-0.324096
-0.326299
-0.340725
-0.357823
-0.350476
-0.341343
-0.350496
-0.347412
-0.36174
-0.360773
-0.364811
-0.338009
-0.34134
-0.302277
-0.321085
-0.332945
-0.311633
-0.357915
-0.356607
-0.368896
-0.350938
-0.360905
-0.363996
-0.368141
-0.358364
-0.360565
-0.364138
-0.326348
-0.336676
-0.347665
-0.365755
-0.348478
-0.348715
-0.363849
-0.361427
-0.357636
-0.334504
-0.33802
-0.354222
-0.353819
-0.354016
-0.379666
-0.383838
-0.385529
-0.356846
-0.378825
-0.344057
-0.352771
-0.364756
-0.38199
-0.365067
-0.392118
-0.380496
-0.363404
-0.380423
-0.386904
-0.376362
-0.352445
-0.309351
-0.307821
-0.309594
-0.357769
-0.361475
-0.33626
-0.341381
-0.333996
-0.325428
-0.300654
-0.284301
-0.277316
-0.258556
-0.269259
-0.290071
-0.290145
-0.306146
-0.300764
-0.312906
-0.311743
-0.315138
-0.341781
-0.348954
-0.344808
-0.338555
-0.338335
-0.348167
-0.350961
-0.349913
-0.349019
-0.361846
-0.354203
-0.361632
-0.35158
-0.373153
-0.367134
-0.359322
-0.368453
-0.363229
-0.345413
-0.35863
-0.338782
-0.346968
-0.338437
-0.344355
-0.33847
-0.326918
-0.340453
-0.333681
-0.355017
-0.375898
-0.368157
-0.378584
-0.373263
-0.386204
-0.386268
-0.378734
-0.368645
-0.385206
-0.399401
-0.370523
-0.363949
-0.352363
-0.334642
-0.322771
-0.328849
-0.328445
-0.319386
-0.385234
-0.396495
-0.388647
-0.386715
-0.363854
-0.372382
-0.366908
-0.369466
-0.371731
-0.369358
-0.326897
-0.345675
-0.348816
-0.315383
-0.309744
-0.300817
-0.332094
-0.328791
-0.333389
-0.342592
-0.331784
-0.332292
-0.330251
-0.342871
-0.329094
-0.329325
-0.330333
-0.341219
-0.337881
-0.30217
-0.294067
-0.267281
-0.303432
-0.32537
-0.338356
-0.346382
-0.316024
-0.309272
-0.291166
-0.325493
-0.334307
-0.333175
-0.31913
-0.323502
-0.330776
-0.315642
-0.341134
-0.306836
-0.304093
-0.319019
-0.322259
-0.302923
-0.309204
-0.317214
-0.309665
-0.329952
-0.32355
-0.331526
-0.365481
-0.34495
-0.346485
-0.328831
-0.318901
-0.334245
-0.293458
-0.304036
-0.295673
-0.321428
-0.341034
-0.32952
-0.327891
-0.316742
-0.349481
-0.363808
-0.342447
-0.333904
-0.341106
-0.341555
-0.344944
-0.366042
-0.357481
-0.361434
-0.345824
-0.361344
-0.366231
-0.368923
-0.360976
-0.35164
-0.351999
-0.361467
-0.363876
-0.3632
-0.338086
-0.339893
-0.35003
-0.333047
-0.354297
-0.351945
-0.354639
-0.343162
-0.328424
-0.316421
-0.327883
-0.33189
-0.299453
-0.339227
-0.350231
-0.359548
-0.365599
-0.366231
-0.362514
-0.366457
-0.367303
-0.360185
-0.369712
-0.361194
-0.36459
-0.356726
-0.360659
-0.379143
-0.338693
-0.339888
-0.378205
-0.377037
-0.367662
-0.372602
-0.368127
-0.370243
-0.38107
-0.381745
-0.371702
-0.372534
-0.358039
-0.383653
-0.373397
-0.348304
-0.366479
-0.350388
-0.368457
-0.368832
-0.376604
-0.367198
-0.354925
-0.353598
-0.358376
-0.359224
-0.3709
-0.370039
-0.376754
-0.36979
-0.393962
-0.372675
-0.378567
-0.371362
-0.359636
-0.369838
-0.364842
-0.376244
-0.35654
-0.332111
-0.335934
-0.376506
-0.340012
-0.342685
-0.319455
-0.357578
-0.343203
-0.350918
-0.336462
-0.343649
-0.35315
-0.342938
-0.316744
-0.322968
-0.33197
-0.34515
-0.341085
-0.341476
-0.360605
-0.345119
-0.353287
-0.363825
-0.342343
-0.33194
-0.351449
-0.345149
-0.356365
-0.349839
-0.329332
-0.35312
-0.353145
-0.362375
-0.354859
-0.350914
-0.343098
-0.36544
-0.360577
-0.357734
-0.35203
-0.308632
-0.334376
-0.364861
-0.364752
-0.380462
-0.364952
-0.37183
-0.372956
-0.362183
-0.364597
-0.358165
-0.37403
-0.362347
-0.374805
-0.327146
-0.359982
-0.35009
-0.330405
-0.329961
-0.300361
-0.303243
-0.356458
-0.352654
-0.358172
-0.328206
-0.319179
-0.348068
-0.350962
-0.343598
-0.370024
-0.373605
-0.374588
-0.371896
-0.362225
-0.383421
-0.392763
-0.395692
-0.367422
-0.357592
-0.362594
-0.373829
-0.372036
-0.368383
-0.391466
-0.40552
-0.397223
-0.391902
-0.392719
-0.394337
-0.369234
-0.382966
-0.37859
-0.369666
-0.391337
-0.399127
-0.382293
-0.415224
-0.381344
-0.416506
-0.339607
-0.380135
-0.389058
-0.374245
-0.39475
-0.379476
-0.363672
-0.353934
-0.306195
-0.353048
-0.386711
-0.386798
-0.397704
-0.411712
-0.405952
-0.4094
-0.405006
-0.396941
-0.38911
-0.391565
-0.361222
-0.38786
-0.374664
-0.367939
-0.337773
-0.350346
-0.372876
-0.378507
-0.400607
-0.383788
-0.392757
-0.359302
-0.407344
-0.408419
-0.392062
-0.401836
-0.414072
-0.417131
-0.433603
-0.434522
-0.419714
-0.391516
-0.394335
-0.372132
-0.383484
-0.38095
-0.385164
-0.384274
-0.395601
-0.362417
-0.384414
-0.374583
-0.370355
-0.392272
-0.378296
-0.38636
-0.38526
-0.395985
-0.411352
-0.428266
-0.407043
-0.41984
-0.410226
-0.387492
-0.418915
-0.395611
-0.388921
-0.376723
-0.364378
-0.358694
-0.306289
-0.331126
-0.341237
-0.372092
-0.36588
-0.39395
-0.385379
-0.390898
-0.393075
-0.396052
-0.389745
-0.387829
-0.395467
-0.413475
-0.374064
-0.344217
-0.338195
-0.33694
-0.361886
-0.366962
-0.391619
-0.384544
-0.377476
-0.343132
-0.343617
-0.354144
-0.36315
-0.371622
-0.372928
-0.37657
-0.374353
-0.354665
-0.375636
-0.375049
-0.358499
-0.342409
-0.325302
-0.291659
-0.289469
-0.303693
-0.328233
-0.34136
-0.365837
-0.359322
-0.350369
-0.363021
-0.36204
-0.36308
-0.358256
-0.392411
-0.382919
-0.377672
-0.340634
-0.376076
-0.372419
-0.376468
-0.36169
-0.387195
-0.386011
-0.384057
-0.375401
-0.369599
-0.365506
-0.378127
-0.345975
-0.376113
-0.362424
-0.350536
-0.380923
-0.38595
-0.399232
-0.399712
-0.40628
-0.401908
-0.416373
-0.411558
-0.3454
-0.309988
-0.360321
-0.387747
-0.332877
-0.378286
-0.369037
-0.36879
-0.379817
-0.386971
-0.392438
-0.408031
-0.365741
-0.372548
-0.382482
-0.367261
-0.382261
-0.38787
-0.388598
-0.380258
-0.364723
-0.391295
-0.398667
-0.398393
-0.408521
-0.386848
-0.370509
-0.365002
-0.386776
-0.385945
-0.395497
-0.394672
-0.403406
-0.40922
-0.402549
-0.395369
-0.388623
-0.389582
-0.393254
-0.377787
-0.387857
-0.375722
-0.366556
-0.375965
-0.362972
-0.357347
-0.377256
-0.361304
-0.352021
-0.348532
-0.359185
-0.327358
-0.337627
-0.342464
-0.315273
-0.336434
-0.325472
-0.344557
-0.341615
-0.337919
-0.331335
-0.342738
-0.351452
-0.34263
-0.35046
-0.35556
-0.379433
-0.36708
-0.371027
-0.36008
-0.36164
-0.381891
-0.375652
-0.372266
-0.396943
-0.367027
-0.395409
-0.383808
-0.382828
-0.37533
-0.377003
-0.389917
-0.390918
-0.377112
-0.398624
-0.365488
-0.374357
-0.375896
-0.38628
-0.382314
-0.360601
-0.364506
-0.352472
-0.36444
-0.361162
-0.355016
-0.346158
-0.311903
-0.357556
-0.3469
-0.335552
-0.309904
-0.337058
-0.329902
-0.364762
-0.363951
-0.359717
-0.367858
-0.36071
-0.379471
-0.394487
-0.392775
-0.392119
-0.384624
-0.375148
-0.385323
-0.394133
-0.393079
-0.373833
-0.38044
-0.386242
-0.376156
-0.400822
-0.404562
-0.38244
-0.378923
-0.36747
-0.406293
-0.354711
-0.36954
-0.350541
-0.385571
-0.419107
-0.413105
-0.413734
-0.425607
-0.406848
-0.426737
-0.430161
-0.429525
-0.401638
-0.374503
-0.383217
-0.386543
-0.394643
-0.399566
-0.367989
-0.424289
-0.383082
-0.41486
-0.411159
-0.413818
-0.423421
-0.41474
-0.403733
-0.414003
-0.39565
-0.396024
-0.363171
-0.321916
-0.412936
-0.444184
-0.471258
-0.472676
-0.476952
-0.468912
-0.445607
-0.443049
-0.448968
-0.455657
-0.46088
-0.455615
-0.442503
-0.442024
-0.43082
-0.408721
-0.440622
-0.427905
-0.434953
-0.394769
-0.420934
-0.438896
-0.422585
-0.445448
-0.452921
-0.458454
-0.438507
-0.444331
-0.435122
-0.429675
-0.414765
-0.390737
-0.40625
-0.43558
-0.441024
-0.44435
-0.451556
-0.45423
-0.454043
-0.419403
-0.450526
-0.442629
-0.438113
-0.438379
-0.452441
-0.461971
-0.449813
-0.453182
-0.453089
-0.449061
-0.45958
-0.459134
-0.447891
-0.471122
-0.476327
-0.439036
-0.413835
-0.431229
-0.445678
-0.462386
-0.475076
-0.420111
-0.435938
-0.433931
-0.409542
-0.39744
-0.407974
-0.423649
-0.443635
-0.415408
-0.483
-0.498746
-0.475858
-0.453099
-0.401106
-0.431811
-0.457542
-0.449379
-0.420516
-0.402403
-0.418807
-0.423107
-0.436333
-0.444919
-0.440442
-0.481122
-0.483191
-0.468348
-0.467003
-0.483286
-0.476319
-0.470078
-0.455276
-0.426038
-0.406909
-0.452649
-0.439025
-0.418793
-0.404543
-0.404339
-0.433103
-0.435929
-0.455947
-0.448828
-0.431008
-0.448872
-0.415474
-0.422141
-0.398149
-0.402847
-0.398747
-0.398331
-0.405236
-0.401205
-0.373374
-0.387147
-0.3575
-0.377539
-0.399194
-0.381014
-0.391332
-0.396583
-0.383692
-0.397215
-0.386848
-0.42506
-0.403478
-0.418322
-0.409036
-0.391687
-0.396808
-0.389024
-0.358992
-0.399489
-0.398028
-0.392729
-0.397261
-0.403881
-0.402852
-0.403742
-0.378119
-0.38198
-0.363523
-0.392808
-0.393717
-0.398161
-0.407124
-0.404935
-0.420038
-0.39792
-0.398932
-0.404471
-0.398377
-0.36188
-0.390029
-0.384792
-0.38864
-0.38503
-0.384649
-0.406883
-0.419891
-0.402217
-0.393201
-0.373885
-0.369725
-0.363331
-0.372683
-0.410083
-0.394435
-0.385544
-0.383387
-0.377886
-0.415538
-0.426628
-0.424298
-0.423739
-0.410636
-0.365915
-0.412546
-0.413533
-0.395438
-0.388991
-0.420442
-0.438483
-0.441188
-0.390167
-0.408481
-0.385502
-0.384182
-0.390471
-0.382974
-0.387159
-0.409605
-0.397878
-0.399455
-0.40547
-0.414137
-0.417331
-0.387732
-0.37013
-0.409443
-0.399561
-0.422437
-0.447143
-0.431747
-0.439126
-0.456375
-0.454538
-0.427381
-0.450843
-0.476831
-0.473506
-0.436226
-0.44967
-0.427964
-0.454888
-0.458246
-0.429554
-0.414932
-0.414076
-0.395663
-0.42549
-0.400284
-0.396622
-0.405389
-0.390982
-0.410505
-0.393391
-0.397009
-0.412774
-0.409417
-0.37284
-0.350857
-0.391866
-0.39487
-0.416078
-0.431284
-0.431258
-0.423935
-0.423349
-0.425301
-0.422923
-0.372973
-0.409857
-0.410113
-0.420466
-0.413041
-0.433341
-0.416558
-0.399043
-0.39676
-0.409333
-0.428854
-0.415721
-0.429244
-0.412989
-0.395068
-0.403384
-0.386658
-0.397303
-0.363997
-0.396901
-0.410031
-0.411849
-0.426101
-0.438944
-0.424459
-0.40711
-0.434633
-0.403228
-0.34443
-0.40106
-0.34285
-0.37994
-0.400169
-0.415498
-0.43937
-0.448269
-0.413814
-0.43263
-0.444705
-0.432032
-0.42676
-0.447595
-0.462176
-0.466978
-0.469503
-0.444324
-0.446897
-0.423139
-0.443949
-0.432879
-0.433733
-0.433283
-0.420483
-0.408474
-0.432542
-0.425504
-0.415845
-0.436984
-0.43082
-0.437454
-0.417944
-0.446368
-0.430324
-0.421202
-0.441157
-0.39943
-0.373431
-0.365578
-0.427657
-0.410396
-0.39991
-0.43614
-0.450838
-0.410505
-0.437825
-0.444372
-0.436488
-0.442037
-0.434576
-0.423981
-0.420669
-0.416106
-0.434625
-0.425342
-0.426083
-0.405706
-0.428038
-0.438368
-0.430075
-0.430436
-0.402913
-0.417938
-0.414599
-0.408116
-0.410002
-0.433558
-0.443071
-0.416128
-0.408724
-0.426744
-0.449725
-0.45319
-0.453652
-0.454747
-0.469126
-0.441257
-0.450079
-0.449273
-0.45275
-0.460701
-0.440764
-0.447785
-0.422942
-0.454359
-0.450994
-0.433469
-0.436197
-0.402619
-0.439633
-0.466862
-0.47299
-0.461477
-0.465649
-0.468485
-0.460113
-0.470956
-0.466801
-0.455659
-0.460866
-0.426211
-0.433002
-0.430462
-0.436768
-0.447105
-0.464003
-0.450825
-0.469634
-0.465902
-0.495018
-0.532571
-0.512832
-0.512714
-0.491353
-0.425269
-0.474383
-0.456491
-0.456729
-0.501498
-0.484163
-0.480777
-0.477805
-0.481222
-0.510404
-0.481495
-0.472935
-0.469981
-0.487897
-0.48251
-0.510511
-0.493697
-0.495512
-0.507059
-0.515015
-0.508005
-0.477356
-0.44619
-0.462553
-0.470489
-0.470397
-0.43785
-0.436841
-0.343661
-0.423278
-0.43855
-0.468441
-0.480741
-0.468801
-0.463057
-0.48538
-0.464801
-0.407742
-0.412031
-0.405002
-0.397687
-0.374876
-0.398749
-0.407091
-0.405236
-0.43635
-0.409433
-0.40468
-0.424969
-0.425501
-0.405827
-0.389755
-0.419662
-0.414918
-0.42569
-0.426886
-0.428896
-0.441741
-0.438516
-0.405756
-0.420235
-0.415334
-0.39126
-0.401439
-0.395757
-0.410332
-0.422967
-0.4199
-0.41416
-0.424227
-0.413215
-0.406888
-0.410006
-0.410772
-0.425029
-0.349668
-0.361081
-0.397036
-0.410584
-0.408626
-0.424971
-0.387925
-0.388759
-0.383634
-0.391271
-0.400081
-0.404123
-0.387337
-0.374023
-0.374596
-0.351327
-0.3737
-0.378058
-0.33939
-0.356886
-0.360202
-0.372355
-0.359767
-0.397378
-0.387348
-0.377614
-0.350254
-0.345478
-0.366095
-0.395449
-0.393559
-0.375592
-0.368829
-0.390877
-0.37512
-0.35862
-0.363974
-0.367295
-0.387222
-0.399384
-0.392619
-0.41601
-0.422587
-0.43324
-0.431544
-0.437432
-0.428117
-0.435313
-0.429841
-0.436216
-0.408056
-0.419358
-0.400536
-0.39823
-0.410861
-0.396971
-0.42132
-0.387026
-0.385033
-0.377848
-0.402605
-0.419496
-0.425991
-0.437477
-0.421584
-0.41496
-0.426013
-0.38397
-0.384953
-0.406691
-0.425021
-0.417825
-0.379869
-0.414001
-0.42679
-0.406061
-0.398374
-0.405059
-0.396339
-0.388421
-0.387163
-0.378522
-0.391359
-0.395269
-0.380717
-0.396292
-0.376483
-0.395424
-0.384485
-0.394338
-0.382314
-0.369018
-0.375997
-0.37231
-0.360337
-0.399705
-0.387104
-0.397383
-0.402585
-0.376639
-0.382089
-0.387791
-0.372473
-0.368687
-0.373825
-0.38683
-0.365887
-0.362497
-0.377906
-0.381863
-0.392284
-0.39399
-0.41643
-0.398217
-0.380839
-0.387051
-0.390701
-0.335779
-0.352792
-0.373271
-0.350978
-0.360457
-0.354185
-0.372706
-0.373929
-0.363336
-0.381921
-0.381831
-0.376735
-0.36546
-0.355528
-0.363283
-0.384099
-0.376823
-0.390777
-0.43339
-0.40514
-0.418225
-0.420418
-0.424976
-0.42046
-0.414358
-0.415786
-0.427609
-0.430279
-0.43178
-0.415508
-0.429424
-0.422995
-0.411876
-0.433315
-0.417569
-0.374712
-0.413738
-0.401649
-0.393925
-0.399976
-0.398482
-0.403007
-0.421129
-0.419248
-0.383958
-0.382495
-0.409405
-0.429156
-0.431621
-0.389003
-0.408014
-0.394796
-0.371956
-0.411682
-0.412442
-0.402686
-0.390603
-0.400076
-0.386194
-0.334975
-0.357499
-0.375878
-0.381184
-0.38135
-0.39285
-0.392219
-0.382359
-0.377797
-0.369367
-0.377168
-0.382897
-0.379262
-0.390836
-0.39702
-0.372869
-0.36993
-0.364282
-0.367669
-0.389769
-0.389513
-0.391986
-0.404117
-0.372491
-0.38924
-0.374779
-0.3704
-0.370371
-0.362537
-0.369118
-0.367271
-0.374094
-0.378668
-0.356209
-0.369521
-0.326545
-0.348352
-0.345213
-0.3594
-0.337353
-0.332756
-0.353719
-0.372183
-0.369853
-0.397975
-0.40215
-0.391124
-0.402434
-0.401238
-0.408287
-0.387376
-0.404941
-0.389778
-0.391332
-0.402723
-0.409853
-0.389204
-0.353915
-0.376189
-0.33452
-0.346468
-0.391799
-0.40268
-0.403884
-0.397102
-0.372702
-0.393473
-0.363981
-0.399571
-0.376965
-0.397212
-0.401222
-0.393235
-0.391654
-0.391053
-0.389226
-0.380878
-0.369493
-0.356664
-0.377036
-0.376821
-0.378802
-0.371783
-0.387675
-0.387747
-0.37172
-0.361492
-0.339147
-0.329861
-0.38219
-0.387024
-0.371732
-0.371696
-0.374587
-0.366811
-0.392686
-0.404073
-0.402899
-0.382231
-0.383452
-0.39701
-0.409756
-0.391282
-0.400688
-0.385279
-0.376007
-0.410287
-0.410772
-0.370684
-0.361962
-0.360964
-0.400388
-0.37283
-0.366909
-0.390942
-0.387438
-0.389698
-0.382001
-0.382829
-0.384736
-0.383584
-0.382691
-0.408047
-0.404445
-0.332065
-0.347986
-0.371943
-0.367746
-0.327796
-0.33501
-0.320858
-0.343226
-0.329665
-0.319063
-0.300026
-0.315473
-0.32782
-0.362484
-0.337876
-0.345016
-0.368165
-0.367192
-0.367116
-0.361303
-0.350264
-0.350206
-0.36643
-0.342081
-0.355118
-0.382611
-0.386393
-0.379235
-0.385216
-0.369366
-0.380408
-0.381186
-0.371783
-0.384191
-0.381375
-0.364126
-0.33105
-0.341771
-0.3651
-0.368151
-0.362149
-0.379592
-0.377514
-0.370229
-0.375138
-0.384042
-0.392865
-0.391483
-0.396552
-0.375352
-0.366907
-0.360541
-0.374397
-0.385857
-0.404851
-0.404569
-0.375981
-0.362333
-0.377461
-0.364641
-0.351831
-0.349017
-0.352037
-0.363217
-0.351066
-0.366523
-0.362001
-0.361337
-0.341848
-0.348029
-0.324737
-0.373995
-0.383837
-0.393032
-0.371405
-0.40201
-0.381607
-0.40181
-0.383017
-0.380334
-0.392624
-0.402697
-0.335409
-0.397292
-0.388439
-0.40293
-0.409296
-0.369172
-0.407204
-0.41375
-0.416392
-0.427484
-0.407359
-0.410019
-0.393153
-0.384199
-0.379528
-0.395671
-0.405101
-0.38789
-0.400589
-0.376764
-0.382573
-0.376459
-0.326536
-0.337663
-0.395058
-0.366615
-0.357221
-0.354507
-0.35063
-0.393674
-0.406726
-0.388996
-0.398094
-0.390237
-0.379244
-0.365662
-0.374833
-0.350574
-0.321622
-0.308294
-0.336105
-0.315067
-0.333689
-0.367648
-0.340646
-0.354863
-0.3364
-0.331026
-0.327371
-0.330614
-0.340349
-0.367517
-0.330671
-0.363712
-0.373627
-0.365819
-0.351135
-0.333019
-0.335774
-0.331822
-0.339012
-0.347292
-0.384431
-0.387658
-0.379732
-0.376768
-0.377854
-0.402502
-0.380336
-0.354634
-0.373265
-0.382552
-0.37761
-0.339282
-0.306986
-0.228513
-0.311699
-0.318685
-0.323315
-0.353306
-0.32677
-0.329204
-0.288323
-0.331968
-0.339987
-0.342837
-0.370939
-0.362785
-0.345656
-0.339425
-0.331893
-0.355915
-0.365543
-0.348671
-0.346281
-0.320997
-0.330894
-0.355405
-0.326261
-0.317659
-0.326316
-0.351315
-0.36419
-0.335644
-0.34891
-0.35252
-0.358279
-0.365954
-0.319706
-0.354593
-0.349653
-0.384475
-0.35127
-0.377119
-0.374186
-0.384256
-0.380415
-0.371222
-0.343296
-0.349727
-0.357247
-0.33488
-0.349408
-0.346607
-0.321764
-0.330462
-0.309281
-0.298548
-0.340692
-0.347008
-0.356371
-0.359821
-0.360298
-0.362505
-0.362057
-0.376284
-0.367684
-0.360096
-0.362923
-0.363725
-0.347484
-0.357201
-0.362512
-0.356356
-0.345062
-0.339931
-0.3305
-0.34149
-0.358867
-0.352166
-0.356215
-0.34692
-0.371721
-0.356696
-0.348031
-0.376048
-0.360717
-0.375479
-0.34523
-0.358257
-0.359171
-0.372565
-0.380205
-0.37055
-0.358355
-0.325299
-0.350939
-0.359195
-0.351927
-0.352141
-0.341084
-0.35214
-0.375763
-0.370973
-0.362348
-0.354364
-0.364789
-0.381978
-0.367968
-0.35197
-0.37199
-0.364008
-0.391713
-0.383292
-0.389036
-0.37771
-0.34075
-0.346182
-0.319138
-0.332816
-0.309275
-0.300603
-0.352018
-0.353698
-0.362334
-0.354052
-0.348028
-0.335935
-0.339409
-0.330647
-0.334677
-0.336461
-0.343449
-0.321116
-0.328357
-0.304437
-0.308853
-0.314325
-0.337561
-0.312993
-0.31309
-0.306063
-0.315948
-0.339881
-0.308453
-0.275764
-0.265607
-0.330347
-0.315923
-0.329575
-0.314133
-0.32847
-0.316894
-0.315927
-0.332842
-0.324672
-0.347031
-0.333607
-0.335416
-0.361538
-0.341323
-0.345033
-0.356266
-0.349464
-0.320814
-0.291255
-0.320974
-0.341587
-0.340481
-0.31737
-0.265299
-0.307389
-0.342031
-0.34998
-0.357187
-0.352147
-0.338443
-0.28993
-0.310066
-0.330597
-0.289088
-0.299586
-0.293811
-0.328992
-0.334482
-0.348721
-0.345155
-0.357865
-0.306396
-0.373902
-0.371586
-0.353429
-0.354787
-0.310483
-0.315647
-0.363823
-0.369762
-0.348393
-0.361742
-0.367954
-0.390858
-0.39778
-0.398692
-0.371363
-0.369918
-0.39444
-0.377278
-0.362909
-0.381938
-0.357126
-0.393574
-0.376481
-0.389061
-0.39288
-0.378264
-0.376044
-0.374172
-0.37912
-0.339925
-0.362734
-0.352175
-0.365896
-0.403491
-0.395706
-0.391177
-0.38776
-0.398084
-0.401415
-0.404009
-0.382501
-0.361189
-0.351785
-0.352655
-0.3408
-0.38643
-0.375958
-0.312581
-0.348296
-0.369921
-0.380314
-0.373234
-0.380208
-0.352858
-0.359201
-0.317947
-0.313885
-0.350598
-0.344216
-0.359564
-0.362813
-0.358497
-0.381622
-0.3837
-0.365312
-0.355419
-0.364959
-0.351586
-0.355211
-0.340975
-0.345151
-0.356096
-0.347739
-0.34438
-0.345229
-0.352384
-0.354423
-0.36026
-0.343809
-0.341662
-0.357528
-0.356067
-0.334344
-0.361871
-0.335414
-0.352888
-0.350588
-0.334205
-0.350994
-0.339469
-0.339266
-0.313819
-0.343663
-0.361878
-0.355726
-0.348666
-0.33605
-0.340988
-0.361956
-0.384713
-0.371309
-0.359052
-0.35952
-0.35792
-0.362805
-0.358121
-0.363797
-0.375422
-0.373061
-0.372478
-0.380383
-0.365973
-0.365003
-0.326429
-0.328384
-0.357869
-0.347153
-0.357485
-0.346044
-0.349137
-0.342774
-0.366325
-0.335784
-0.338874
-0.355674
-0.372747
-0.368884
-0.364867
-0.356254
-0.363282
-0.323571
-0.322645
-0.343139
-0.345251
-0.353323
-0.339814
-0.337831
-0.335605
-0.332229
-0.309368
-0.328469
-0.354718
-0.367689
-0.361639
-0.359378
-0.326331
-0.353619
-0.358948
-0.334851
-0.335003
-0.316687
-0.340798
-0.341153
-0.350233
-0.35777
-0.366035
-0.362075
-0.378103
-0.378467
-0.372913
-0.359962
-0.365449
-0.367073
-0.367933
-0.357149
-0.361501
-0.325121
-0.318411
-0.352964
-0.35315
-0.361571
-0.358367
-0.367005
-0.344804
-0.344424
-0.343055
-0.336198
-0.345467
-0.340723
-0.338207
-0.328264
-0.333182
-0.332532
-0.341677
-0.350394
-0.349663
-0.33729
-0.322778
-0.338066
-0.331212
-0.334259
-0.347854
-0.349081
-0.333832
-0.332579
-0.340156
-0.335668
-0.34132
-0.34089
-0.332101
-0.338903
-0.326338
-0.345263
-0.327509
-0.311409
-0.305844
-0.278903
-0.276892
-0.292249
-0.292514
-0.269832
-0.286525
-0.319684
-0.323406
-0.323669
-0.309631
-0.265392
-0.265266
-0.292506
-0.327315
-0.328763
-0.333243
-0.332758
-0.309808
-0.295029
-0.305975
-0.307797
-0.293606
-0.306448
-0.345777
-0.329302
-0.318594
-0.32358
-0.324001
-0.311911
-0.315336
-0.322975
-0.320561
-0.356199
-0.374724
-0.37974
-0.373015
-0.354223
-0.347437
-0.344638
-0.344667
-0.33745
-0.329561
-0.3161
-0.314731
-0.328731
-0.337663
-0.344245
-0.356374
-0.329989
-0.287446
-0.296595
-0.277826
-0.331734
-0.345849
-0.335961
-0.347275
-0.354599
-0.374408
-0.37682
-0.37645
-0.360936
-0.351729
-0.350292
-0.358607
-0.358478
-0.342613
-0.347703
-0.3445
-0.341601
-0.370129
-0.35455
-0.38504
-0.379959
-0.373646
-0.38121
-0.365601
-0.365865
-0.347008
-0.329317
-0.345022
-0.358737
-0.341
-0.361788
-0.366559
-0.360215
-0.354893
-0.323582
-0.335626
-0.338307
-0.332099
-0.347869
-0.343036
-0.343653
-0.333016
-0.348655
-0.35061
-0.344592
-0.34154
-0.304334
-0.310094
-0.311217
-0.324319
-0.293229
-0.313214
-0.305519
-0.301899
-0.292745
-0.299173
-0.293967
-0.305985
-0.30915
-0.304596
-0.309245
-0.299703
-0.287161
-0.316505
-0.322358
-0.325973
-0.331167
-0.305705
-0.311169
-0.303872
-0.315938
-0.300438
-0.329997
-0.328795
-0.339156
-0.337757
-0.357312
-0.355649
-0.343996
-0.36508
-0.358572
-0.370552
-0.363126
-0.320962
-0.315331
-0.342738
-0.366429
-0.358163
-0.328755
-0.360538
-0.363003
-0.348173
-0.353859
-0.341634
-0.373485
-0.369572
-0.344233
-0.334187
-0.347283
-0.303278
-0.3483
-0.29556
-0.320185
-0.282523
-0.286498
-0.260772
-0.306225
-0.283396
-0.292525
-0.315901
-0.321075
-0.356209
-0.365023
-0.364895
-0.371541
-0.365428
-0.358265
-0.359026
-0.341282
-0.365717
-0.360264
-0.356802
-0.335463
-0.328039
-0.364117
-0.347605
-0.307887
-0.363185
-0.35061
-0.373242
-0.341735
-0.342404
-0.369076
-0.37804
-0.347163
-0.343697
-0.324029
-0.321935
-0.357693
-0.346117
-0.351353
-0.336406
-0.329448
-0.30923
-0.333895
-0.335209
-0.326075
-0.325401
-0.331807
-0.320078
-0.321544
-0.333629
-0.3487
-0.340543
-0.34703
-0.34095
-0.344608
-0.326627
-0.322441
-0.313966
-0.309487
-0.287357
-0.322884
-0.317115
-0.332173
-0.328282
-0.301355
-0.317089
-0.320714
-0.320095
-0.351128
-0.361235
-0.348646
-0.37176
-0.358581
-0.363534
-0.348349
-0.360412
-0.388168
-0.384406
-0.362323
-0.326129
-0.348505
-0.332621
-0.345693
-0.347253
-0.354962
-0.351252
-0.352378
-0.365149
-0.33441
-0.352476
-0.357802
-0.355165
-0.338248
-0.363513
-0.350856
-0.338553
-0.34682
-0.370592
-0.364545
-0.371062
-0.35093
-0.340245
-0.353613
-0.340296
-0.371791
-0.362873
-0.37546
-0.366269
-0.359517
-0.365821
-0.364923
-0.365638
-0.391299
-0.37986
-0.401308
-0.354137
-0.381067
-0.378786
-0.372849
-0.367999
-0.37061
-0.383138
-0.377806
-0.376911
-0.368467
-0.37313
-0.368201
-0.355525
-0.352008
-0.364747
-0.363476
-0.372239
-0.370112
-0.367487
-0.375225
-0.3654
-0.370599
-0.377312
-0.392028
-0.393168
-0.379534
-0.389242
-0.378975
-0.398943
-0.381367
-0.384151
-0.40222
-0.373103
-0.391193
-0.337978
-0.378717
-0.368603
-0.354549
-0.366346
-0.36747
-0.371548
-0.382119
-0.399759
-0.407212
-0.415777
-0.407955
-0.406955
-0.366668
-0.349009
-0.377831
-0.365418
-0.379717
-0.322091
-0.340908
-0.285564
-0.332109
-0.382015
-0.381395
-0.387936
-0.396393
-0.398047
-0.368603
-0.392731
-0.388371
-0.388158
-0.407829
-0.391304
-0.408968
-0.377203
-0.385884
-0.366058
-0.3679
-0.390532
-0.368408
-0.367636
-0.347718
-0.316139
-0.3279
-0.363509
-0.368751
-0.395091
-0.385605
-0.392027
-0.375085
-0.362375
-0.354341
-0.355781
-0.352557
-0.353711
-0.37125
-0.348986
-0.355972
-0.356983
-0.364596
-0.367338
-0.367019
-0.347827
-0.348939
-0.320609
-0.325075
-0.352369
-0.354711
-0.345228
-0.357396
-0.331062
-0.347396
-0.318766
-0.32307
-0.339095
-0.339861
-0.350721
-0.376991
-0.370422
-0.374635
-0.36952
-0.375867
-0.373612
-0.380413
-0.38975
-0.382516
-0.38602
-0.362922
-0.372355
-0.367077
-0.387345
-0.359352
-0.365063
-0.395058
-0.357085
-0.384706
-0.39929
-0.418005
-0.416243
-0.387593
-0.381393
-0.405982
-0.415305
-0.384675
-0.41248
-0.418156
-0.413449
-0.431483
-0.426537
-0.421051
-0.397498
-0.393951
-0.394634
-0.393263
-0.368793
-0.36288
-0.386945
-0.394781
-0.384765
-0.362105
-0.350123
-0.349979
-0.277243
-0.314637
-0.360132
-0.332243
-0.33752
-0.344416
-0.349899
-0.343515
-0.340306
-0.338767
-0.347667
-0.34692
-0.357561
-0.347074
-0.34282
-0.340086
-0.326184
-0.337125
-0.324321
-0.301723
-0.343734
-0.31465
-0.317765
-0.327268
-0.287712
-0.296739
-0.326285
-0.339425
-0.357947
-0.360892
-0.336795
-0.354174
-0.338749
-0.334211
-0.371902
-0.365612
-0.375993
-0.372829
-0.379863
-0.373375
-0.362732
-0.361471
-0.373218
-0.377713
-0.3548
-0.359994
-0.367656
-0.395982
-0.393254
-0.362442
-0.385536
-0.388928
-0.410407
-0.390685
-0.395899
-0.386144
-0.410711
-0.398368
-0.395303
-0.374006
-0.380038
-0.398231
-0.412906
-0.394741
-0.404008
-0.410653
-0.402318
-0.420919
-0.426173
-0.41125
-0.384951
-0.38713
-0.412842
-0.417355
-0.386779
-0.396328
-0.37501
-0.380629
-0.396665
-0.383932
-0.376245
-0.376569
-0.33099
-0.347763
-0.376187
-0.375391
-0.364861
-0.355948
-0.361254
-0.323586
-0.345483
-0.39219
-0.368425
-0.38074
-0.375161
-0.370777
-0.368092
-0.365021
-0.370451
-0.395972
-0.369547
-0.378337
-0.321213
-0.350519
-0.367122
-0.375715
-0.372512
-0.376108
-0.379324
-0.391682
-0.386088
-0.376691
-0.365191
-0.367873
-0.332115
-0.314766
-0.370643
-0.369172
-0.377532
-0.395045
-0.40057
-0.386195
-0.3881
-0.388151
-0.37813
-0.35751
-0.391296
-0.407045
-0.36976
-0.388394
-0.387512
-0.391552
-0.368876
-0.403118
-0.422098
-0.391575
-0.400702
-0.402125
-0.372543
-0.411165
-0.375733
-0.412563
-0.416772
-0.394328
-0.382911
-0.404431
-0.395344
-0.431715
-0.440552
-0.438745
-0.424863
-0.406638
-0.419309
-0.412799
-0.444521
-0.454195
-0.436993
-0.435671
-0.429059
-0.460239
-0.429716
-0.441439
-0.464449
-0.483512
-0.478676
-0.460517
-0.471506
-0.446375
-0.464289
-0.455169
-0.481697
-0.475915
-0.463009
-0.478561
-0.488471
-0.422925
-0.428037
-0.45603
-0.463304
-0.452735
-0.469648
-0.47332
-0.484472
-0.504029
-0.502034
-0.49647
-0.468958
-0.480818
-0.483285
-0.434689
-0.437216
-0.454369
-0.489596
-0.492491
-0.471357
-0.455227
-0.465762
-0.461965
-0.46541
-0.460631
-0.423037
-0.432987
-0.357746
-0.388445
-0.385854
-0.395863
-0.423774
-0.451947
-0.446958
-0.455753
-0.453557
-0.472291
-0.461978
-0.459903
-0.464223
-0.438097
-0.45656
-0.450134
-0.44157
-0.440339
-0.454592
-0.454193
-0.441721
-0.464088
-0.440788
-0.441488
-0.408515
-0.394882
-0.432074
-0.471809
-0.447392
-0.460348
-0.467963
-0.424549
-0.438541
-0.450241
-0.376737
-0.368102
-0.398995
-0.425927
-0.410847
-0.449125
-0.464218
-0.456181
-0.446238
-0.461187
-0.447504
-0.45855
-0.457648
-0.434715
-0.463324
-0.462983
-0.428902
-0.457458
-0.435441
-0.455721
-0.442926
-0.421962
-0.422041
-0.391916
-0.393008
-0.437177
-0.420916
-0.443145
-0.435953
-0.417861
-0.430511
-0.436274
-0.430905
-0.423834
-0.411195
-0.3912
-0.40122
-0.400799
-0.434265
-0.411535
-0.428565
-0.421964
-0.446541
-0.423143
-0.44717
-0.442906
-0.454711
-0.468484
-0.468142
-0.462727
-0.449361
-0.455976
-0.450276
-0.446092
-0.447441
-0.433266
-0.44615
-0.456147
-0.431757
-0.446392
-0.459192
-0.432983
-0.43328
-0.402819
-0.430746
-0.422282
-0.451087
-0.463262
-0.452342
-0.407521
-0.418565
-0.430988
-0.450131
-0.455445
-0.467657
-0.487933
-0.475993
-0.456679
-0.438787
-0.420742
-0.416646
-0.411269
-0.41988
-0.38161
-0.392318
-0.399698
-0.40294
-0.397431
-0.421522
-0.402079
-0.391405
-0.394777
-0.4216
-0.39946
-0.420901
-0.412234
-0.424633
-0.451762
-0.432451
-0.419141
-0.400389
-0.370691
-0.394548
-0.363786
-0.395784
-0.406158
-0.402242
-0.416473
-0.415639
-0.427937
-0.431993
-0.458896
-0.458362
-0.447584
-0.452964
-0.456055
-0.478355
-0.46259
-0.439999
-0.439974
-0.466733
-0.483141
-0.49089
-0.463854
-0.464393
-0.429351
-0.438342
-0.440178
-0.457067
-0.461955
-0.448791
-0.462353
-0.459125
-0.465147
-0.447066
-0.437167
-0.420885
-0.439156
-0.443662
-0.465948
-0.445031
-0.449928
-0.449437
-0.457552
-0.446308
-0.414511
-0.398178
-0.393001
-0.377691
-0.396497
-0.423804
-0.429046
-0.421213
-0.444679
-0.426883
-0.425945
-0.432877
-0.438749
-0.418496
-0.418784
-0.421481
-0.413912
-0.404422
-0.40617
-0.419557
-0.429615
-0.416939
-0.396965
-0.402794
-0.3833
-0.405272
-0.3743
-0.405609
-0.398482
-0.406395
-0.411444
-0.414429
-0.396511
-0.391378
-0.428329
-0.425228
-0.425628
-0.436115
-0.426671
-0.439867
-0.425894
-0.40304
-0.401893
-0.420431
-0.415267
-0.427487
-0.424282
-0.424681
-0.429381
-0.425666
-0.451397
-0.449805
-0.436674
-0.422975
-0.419763
-0.415411
-0.39485
-0.365362
-0.370704
-0.381402
-0.389116
-0.380641
-0.385995
-0.3873
-0.387022
-0.397638
-0.393359
-0.389246
-0.385465
-0.386328
-0.385409
-0.383008
-0.366197
-0.386982
-0.365808
-0.360574
-0.398294
-0.389773
-0.383376
-0.406435
-0.405288
-0.420921
-0.407319
-0.384044
-0.353188
-0.368915
-0.38829
-0.392316
-0.397669
-0.392287
-0.397437
-0.423142
-0.413945
-0.415989
-0.400833
-0.426162
-0.423414
-0.418835
-0.368042
-0.395348
-0.405307
-0.413459
-0.41904
-0.405519
-0.412026
-0.406191
-0.404232
-0.414127
-0.409179
-0.422696
-0.411998
-0.438005
-0.439082
-0.437371
-0.434084
-0.436891
-0.434863
-0.441941
-0.418242
-0.448336
-0.442035
-0.454067
-0.448156
-0.454092
-0.469406
-0.468832
-0.405776
-0.450438
-0.441149
-0.450837
-0.439993
-0.439758
-0.43712
-0.454219
-0.452385
-0.441839
-0.468211
-0.453857
-0.430291
-0.492318
-0.464795
-0.440191
-0.4749
-0.495353
-0.451571
-0.488642
-0.489728
-0.495968
-0.457736
-0.455483
-0.468912
-0.491149
-0.484359
-0.483873
-0.469668
-0.464291
-0.499398
-0.478458
-0.494627
-0.485366
-0.453632
-0.454009
-0.493974
-0.449646
-0.48013
-0.470072
-0.463133
-0.499462
-0.497745
-0.467862
-0.499473
-0.493141
-0.485118
-0.485625
-0.468973
-0.464224
-0.489377
-0.472713
-0.454853
-0.458404
-0.455674
-0.475131
-0.476758
-0.4634
-0.472967
-0.469545
-0.452921
-0.45537
-0.462724
-0.460948
-0.469073
-0.428626
-0.427478
-0.393786
-0.372926
-0.396048
-0.4013
-0.397125
-0.400498
-0.400043
-0.384031
-0.415475
-0.409261
-0.415317
-0.405428
-0.412183
-0.422261
-0.40667
-0.405865
-0.405015
-0.408091
-0.396042
-0.41296
-0.409688
-0.405579
-0.393307
-0.427193
-0.416467
-0.427605
-0.391861
-0.383651
-0.405522
-0.36809
-0.435054
-0.420949
-0.409413
-0.391778
-0.404923
-0.404755
-0.407621
-0.403717
-0.387056
-0.399556
-0.395219
-0.389161
-0.394655
-0.391119
-0.395906
-0.362581
-0.37937
-0.400822
-0.411917
-0.404799
-0.413864
-0.39767
-0.416564
-0.383548
-0.405097
-0.408722
-0.422438
-0.41846
-0.42838
-0.459414
-0.473368
-0.456004
-0.433306
-0.409636
-0.368359
-0.403293
-0.410496
-0.418117
-0.375583
-0.377285
-0.408751
-0.42864
-0.416356
-0.437514
-0.428567
-0.430298
-0.394784
-0.400335
-0.43912
-0.437064
-0.434545
-0.415549
-0.421961
-0.431532
-0.416458
-0.428221
-0.417958
-0.441789
-0.44125
-0.425789
-0.434843
-0.45723
-0.454374
-0.417922
-0.43765
-0.447279
-0.433732
-0.428719
-0.404086
-0.404203
-0.367931
-0.381748
-0.375101
-0.391641
-0.391258
-0.404206
-0.414901
-0.415286
-0.401895
-0.417952
-0.424105
-0.426481
-0.414455
-0.405281
-0.394896
-0.400541
-0.410615
-0.415121
-0.415095
-0.413526
-0.37608
-0.393006
-0.41083
-0.421606
-0.418808
-0.421357
-0.425205
-0.447304
-0.432229
-0.425755
-0.43398
-0.415261
-0.445295
-0.436949
-0.454834
-0.378726
-0.40292
-0.429291
-0.443244
-0.429134
-0.415138
-0.387933
-0.406465
-0.385042
-0.400031
-0.418664
-0.423292
-0.440259
-0.415539
-0.398319
-0.410306
-0.416482
-0.417617
-0.374654
-0.383364
-0.368457
-0.340881
-0.360939
-0.385559
-0.414944
-0.403494
-0.387883
-0.398801
-0.402863
-0.384732
-0.383546
-0.379309
-0.37654
-0.383448
-0.417359
-0.405089
-0.386942
-0.362176
-0.37547
-0.379741
-0.385199
-0.423909
-0.413531
-0.419709
-0.418787
-0.393958
-0.390787
-0.413462
-0.401362
-0.405982
-0.407879
-0.410053
-0.411547
-0.406547
-0.417587
-0.39483
-0.405793
-0.417996
-0.397563
-0.424735
-0.422414
-0.416862
-0.42647
-0.422454
-0.42121
-0.440575
-0.435708
-0.437074
-0.448988
-0.43636
-0.432162
-0.434099
-0.435421
-0.433192
-0.434735
-0.431883
-0.416871
-0.377767
-0.428608
-0.424414
-0.424281
-0.421513
-0.409367
-0.435876
-0.43935
-0.450548
-0.429089
-0.417281
-0.437168
-0.439031
-0.447412
-0.444163
-0.440521
-0.457456
-0.467023
-0.468308
-0.460967
-0.469642
-0.472667
-0.478386
-0.470761
-0.461837
-0.474132
-0.467698
-0.485429
-0.483882
-0.498463
-0.47889
-0.468706
-0.46062
-0.423725
-0.415436
-0.380274
-0.369763
-0.379551
-0.377499
-0.38088
-0.375128
-0.381334
-0.381708
-0.418641
-0.4377
-0.453641
-0.429349
-0.439208
-0.470062
-0.477056
-0.485601
-0.483032
-0.492881
-0.514686
-0.496929
-0.512586
-0.486314
-0.484681
-0.448693
-0.449392
-0.449138
-0.4392
-0.440812
-0.447418
-0.433649
-0.436545
-0.428021
-0.437648
-0.41694
-0.458876
-0.464618
-0.445131
-0.427712
-0.437381
-0.41841
-0.443238
-0.451385
-0.451018
-0.451428
-0.449907
-0.432748
-0.432471
-0.432092
-0.429409
-0.427222
-0.415968
-0.395616
-0.388662
-0.354606
-0.346981
-0.390736
-0.4104
-0.412342
-0.389313
-0.372801
-0.395373
-0.400856
-0.384331
-0.390325
-0.38534
-0.371975
-0.356455
-0.387505
-0.381751
-0.365512
-0.359691
-0.383137
-0.375621
-0.404231
-0.387821
-0.382085
-0.396149
-0.405953
-0.416207
-0.402524
-0.374745
-0.413154
-0.421
-0.421099
-0.403798
-0.417936
-0.422716
-0.444707
-0.425837
-0.411635
-0.376108
-0.422112
-0.388439
-0.401649
-0.395914
-0.381143
-0.36458
-0.305487
-0.363776
-0.371557
-0.395519
-0.391873
-0.404052
-0.402778
-0.419557
-0.437512
-0.407865
-0.385287
-0.421331
-0.437588
-0.420871
-0.417933
-0.430565
-0.432406
-0.420305
-0.414635
-0.410118
-0.389813
-0.40046
-0.38953
-0.381138
-0.358517
-0.36416
-0.37736
-0.392804
-0.38262
-0.379031
-0.375096
-0.367537
-0.368702
-0.37048
-0.36928
-0.400492
-0.399888
-0.417068
-0.418423
-0.426876
-0.430497
-0.419724
-0.402053
-0.419008
-0.401086
-0.43322
-0.421341
-0.419129
-0.403679
-0.420124
-0.423551
-0.426716
-0.405513
-0.445762
-0.430013
-0.423599
-0.408637
-0.414919
-0.410445
-0.421508
-0.423867
-0.420295
-0.416897
-0.413581
-0.413305
-0.423851
-0.418136
-0.40434
-0.410221
-0.443315
-0.396187
-0.432358
-0.464463
-0.447323
-0.413995
-0.417746
-0.414282
-0.400295
-0.393901
-0.434955
-0.43284
-0.418033
-0.429259
-0.460485
-0.456096
-0.457899
-0.452822
-0.470093
-0.436704
-0.460012
-0.443688
-0.464122
-0.474476
-0.486078
-0.478343
-0.458499
-0.431643
-0.450183
-0.452287
-0.459761
-0.4602
-0.45574
-0.471717
-0.444455
-0.401937
-0.382757
-0.388923
-0.405179
-0.423383
-0.409878
-0.423375
-0.404879
-0.410993
-0.423819
-0.425341
-0.418584
-0.440502
-0.421693
-0.425915
-0.439611
-0.434668
-0.429189
-0.430785
-0.405816
-0.412595
-0.40665
-0.410547
-0.404936
-0.4035
-0.415226
-0.408876
-0.449319
-0.442282
-0.445028
-0.410988
-0.423706
-0.41453
-0.436996
-0.408308
-0.400935
-0.389599
-0.429782
-0.418118
-0.438924
-0.446679
-0.408846
-0.428353
-0.423644
-0.412032
-0.401321
-0.42021
-0.408773
-0.413761
-0.410411
-0.386021
-0.382358
-0.365691
-0.39714
-0.3992
-0.37637
-0.376339
-0.37491
-0.382335
-0.335382
-0.354972
-0.372743
-0.397608
-0.368254
-0.38552
-0.395548
-0.383947
-0.369838
-0.367105
-0.388292
-0.381546
-0.39296
-0.41499
-0.409845
-0.410153
-0.41499
-0.408523
-0.398168
-0.381865
-0.412969
-0.397893
-0.374173
-0.405599
-0.414153
-0.389997
-0.410576
-0.394131
-0.378713
-0.402317
-0.395111
-0.396748
-0.398806
-0.390406
-0.367715
-0.360014
-0.409701
-0.402851
-0.35344
-0.345456
-0.363495
-0.382966
-0.360473
-0.390935
-0.364101
-0.373309
-0.382597
-0.382625
-0.387401
-0.3607
-0.392192
-0.395093
-0.385579
-0.377901
-0.372401
-0.337533
-0.372035
-0.378792
-0.364612
-0.366794
-0.35012
-0.33757
-0.373646
-0.387693
-0.369342
-0.368561
-0.366765
-0.36264
-0.392467
-0.370951
-0.389877
-0.36394
-0.331232
-0.329711
-0.357632
-0.367975
-0.348325
-0.368219
-0.371161
-0.389677
-0.398519
-0.384786
-0.377721
-0.358483
-0.362686
-0.356183
-0.371854
-0.360957
-0.381551
-0.402456
-0.409008
-0.395482
-0.370294
-0.355623
-0.365368
-0.383217
-0.403058
-0.383076
-0.373078
-0.399768
-0.381947
-0.374345
-0.374984
-0.383133
-0.383451
-0.39104
-0.398944
-0.383279
-0.395748
-0.413609
-0.399407
-0.400208
-0.374837
-0.38275
-0.361655
-0.361716
-0.36957
-0.375645
-0.379821
-0.373235
-0.36468
-0.351787
-0.34203
-0.324536
-0.296197
-0.335826
-0.350119
-0.341308
-0.32079
-0.288294
-0.337772
-0.31668
-0.333326
-0.355267
-0.36908
-0.363858
-0.377093
-0.379834
-0.39393
-0.356425
-0.367979
-0.394443
-0.357484
-0.388822
-0.362794
-0.392344
-0.413463
-0.414509
-0.412535
-0.420822
-0.382131
-0.378283
-0.384688
-0.377657
-0.380879
-0.41323
-0.395948
-0.408163
-0.409711
-0.392253
-0.359123
-0.408658
-0.416716
-0.410345
-0.411224
-0.411413
-0.388091
-0.397717
-0.374787
-0.375739
-0.365623
-0.349693
-0.386171
-0.423428
-0.410291
-0.430269
-0.434033
-0.430914
-0.443985
-0.448169
-0.446652
-0.436347
-0.426231
-0.406628
-0.445322
-0.448659
-0.433826
-0.463624
-0.465076
-0.453338
-0.480449
-0.466773
-0.461403
-0.466301
-0.450682
-0.479023
-0.477006
-0.440191
-0.479774
-0.453214
-0.443865
-0.484094
-0.494102
-0.48418
-0.471533
-0.49552
-0.499633
-0.478101
-0.481189
-0.47519
-0.477029
-0.409534
-0.416306
-0.438166
-0.438072
-0.452278
-0.45653
-0.444573
-0.42512
-0.431833
-0.428872
-0.423646
-0.429021
-0.418096
-0.396546
-0.391037
-0.387281
-0.419951
-0.420837
-0.404285
-0.405734
-0.391744
-0.364274
-0.376211
-0.383133
-0.362629
-0.385805
-0.395098
-0.395649
-0.409562
-0.415324
-0.389737
-0.404603
-0.408667
-0.436749
-0.440495
-0.437519
-0.399568
-0.36025
-0.357616
-0.359208
-0.388513
-0.394384
-0.407189
-0.387314
-0.397665
-0.382317
-0.374576
-0.369348
-0.38661
-0.388584
-0.397768
-0.405115
-0.388446
-0.334334
-0.38679
-0.389507
-0.398553
-0.407545
-0.406073
-0.386264
-0.411247
-0.414661
-0.353454
-0.396621
-0.414497
-0.420053
-0.430308
-0.423169
-0.428938
-0.413963
-0.418694
-0.416304
-0.424595
-0.397945
-0.410686
-0.435048
-0.411695
-0.415717
-0.431827
-0.424336
-0.424188
-0.448563
-0.462188
-0.465666
-0.456535
-0.399036
-0.42474
-0.42735
-0.363773
-0.426529
-0.408654
-0.411056
-0.416136
-0.439261
-0.416493
-0.412675
-0.448285
-0.463482
-0.434321
-0.392264
-0.425806
-0.448182
-0.436145
-0.395683
-0.395501
-0.422337
-0.411105
-0.415752
-0.415311
-0.410975
-0.427156
-0.439191
-0.404631
-0.382949
-0.424732
-0.420318
-0.417375
-0.428044
-0.408135
-0.377971
-0.35817
-0.398975
-0.420368
-0.418
-0.422242
-0.419015
-0.402332
-0.446109
-0.438495
-0.428786
-0.417325
-0.424533
-0.438333
-0.431253
-0.419832
-0.431634
-0.414139
-0.422842
-0.40527
-0.393411
-0.387036
-0.387071
-0.347841
-0.320154
-0.357321
-0.408046
-0.421993
-0.427224
-0.420847
-0.397144
-0.406656
-0.392408
-0.381266
-0.392058
-0.367245
-0.372883
-0.370972
-0.38067
-0.375725
-0.384977
-0.38798
-0.421067
-0.418612
-0.406593
-0.393238
-0.402613
-0.397528
-0.41355
-0.404958
-0.4012
-0.445902
-0.438977
-0.459461
-0.461767
-0.444623
-0.480743
-0.480896
-0.468796
-0.464465
-0.439135
-0.438323
-0.420762
-0.42963
-0.403298
-0.407722
-0.420245
-0.372391
-0.382376
-0.391773
-0.379438
-0.372095
-0.374778
-0.378541
-0.372763
-0.393313
-0.410213
-0.387809
-0.365372
-0.386718
-0.39896
-0.399721
-0.395686
-0.406366
-0.386214
-0.384955
-0.384024
-0.348916
-0.302135
-0.337173
-0.353556
-0.37534
-0.377163
-0.381133
-0.37705
-0.362733
-0.350742
-0.362601
-0.379138
-0.3838
-0.397082
-0.382937
-0.384636
-0.393183
-0.363438
-0.385497
-0.407954
-0.397571
-0.410484
-0.436602
-0.43647
-0.440839
-0.433977
-0.419091
-0.433774
-0.435373
-0.434107
-0.423648
-0.401605
-0.398028
-0.406983
-0.415845
-0.384972
-0.38992
-0.41392
-0.402748
-0.401785
-0.389774
-0.410222
-0.395511
-0.376461
-0.387043
-0.348485
-0.390577
-0.388471
-0.394647
-0.422407
-0.409338
-0.421358
-0.420879
-0.415259
-0.410709
-0.407303
-0.401062
-0.417919
-0.398182
-0.424949
-0.430147
-0.410094
-0.404427
-0.415635
-0.413969
-0.399802
-0.405188
-0.417069
-0.372159
-0.40446
-0.422295
-0.412347
-0.41398
-0.36842
-0.377809
-0.388381
-0.431615
-0.408923
-0.417082
-0.39978
-0.414023
-0.380322
-0.377634
-0.398335
-0.391599
-0.40332
-0.358244
-0.357822
-0.314087
-0.318538
-0.306129
-0.315284
-0.342671
-0.332232
-0.335866
-0.320366
-0.333433
-0.336877
-0.313042
-0.312435
-0.32904
-0.341651
-0.342161
-0.351829
-0.360838
-0.354044
-0.340255
-0.330858
-0.343545
-0.329586
-0.338039
-0.346558
-0.356628
-0.33796
-0.368854
-0.368228
-0.35069
-0.360734
-0.35834
-0.322938
-0.361377
-0.361606
-0.31854
-0.319638
-0.355642
-0.381606
-0.375727
-0.373954
-0.375542
-0.347603
-0.347919
-0.352315
-0.359835
-0.361963
-0.378309
-0.385182
-0.375173
-0.355475
-0.355152
-0.355532
-0.378211
-0.380975
-0.376981
-0.358795
-0.377838
-0.370496
-0.367044
-0.374837
-0.382033
-0.361598
-0.338996
-0.356569
-0.367391
-0.31764
-0.333855
-0.346047
-0.378335
-0.358589
-0.352139
-0.378949
-0.325784
-0.341019
-0.344946
-0.3485
-0.361356
-0.391795
-0.383464
-0.338837
-0.381685
-0.38552
-0.394183
-0.405119
-0.416876
-0.42415
-0.408487
-0.400309
-0.416744
-0.416515
-0.423911
-0.436592
-0.424081
-0.420987
-0.414448
-0.410282
-0.401025
-0.388641
-0.345627
-0.364912
-0.412478
-0.430576
-0.434374
-0.445307
-0.434117
-0.419002
-0.436879
-0.424131
-0.426279
-0.422768
-0.406648
-0.412817
-0.419496
-0.437283
-0.445936
-0.401624
-0.397545
-0.423813
-0.414706
-0.41926
-0.412264
-0.395776
-0.379562
-0.353637
-0.427379
-0.426455
-0.426277
-0.449333
-0.441154
-0.428716
-0.446171
-0.438793
-0.423795
-0.407524
-0.401581
-0.398254
-0.404123
-0.392805
-0.400219
-0.357135
-0.365468
-0.382727
-0.375977
-0.366018
-0.364145
-0.348295
-0.370405
-0.386021
-0.388876
-0.369223
-0.384594
-0.378576
-0.373248
-0.370896
-0.376587
-0.388068
-0.398445
-0.409684
-0.396148
-0.412113
-0.417338
-0.401556
-0.411039
-0.405739
-0.415336
-0.400882
-0.432515
-0.407096
-0.400928
-0.438229
-0.415741
-0.41677
-0.428694
-0.393328
-0.440135
-0.437
-0.432133
-0.43366
-0.403871
-0.375198
-0.401402
-0.410589
-0.413812
-0.415787
-0.399922
-0.392039
-0.409513
-0.395203
-0.358989
-0.374205
-0.380238
-0.386313
-0.375163
-0.360175
-0.381631
-0.374878
-0.389091
-0.406342
-0.407569
-0.378708
-0.413404
-0.434945
-0.433777
-0.433573
-0.422325
-0.391088
-0.355485
-0.354844
-0.329607
-0.417601
-0.422865
-0.417917
-0.427326
-0.411454
-0.414455
-0.400068
-0.413391
-0.427871
-0.394823
-0.403717
-0.402535
-0.409277
-0.393437
-0.394668
-0.3819
-0.37764
-0.39463
-0.383775
-0.393515
-0.405024
-0.392925
-0.399528
-0.360151
-0.361342
-0.375138
-0.38507
-0.391879
-0.415742
-0.40213
-0.397462
-0.396141
-0.389589
-0.387963
-0.371431
-0.380526
-0.382403
-0.408554
-0.406801
-0.408192
-0.391495
-0.394525
-0.410939
-0.384929
-0.406203
-0.400934
-0.377147
-0.389657
-0.38112
-0.372116
-0.376024
-0.391672
-0.36632
-0.393128
-0.370618
-0.386023
-0.409974
-0.427477
-0.408974
-0.414154
-0.401996
-0.394635
-0.407333
-0.41757
-0.423312
-0.417734
-0.39946
-0.430516
-0.400007
-0.375927
-0.381417
-0.396185
-0.357315
-0.425777
-0.40481
-0.424103
-0.451281
-0.448735
-0.393343
-0.413022
-0.385815
-0.393003
-0.390005
-0.388451
-0.380299
-0.391876
-0.406141
-0.397457
-0.364812
-0.385553
-0.36994
-0.387746
-0.406822
-0.387221
-0.380039
-0.371924
-0.386423
-0.369021
-0.360609
-0.359187
-0.352654
-0.348589
-0.3755
-0.373948
-0.378116
-0.358313
-0.362982
-0.382384
-0.387725
-0.377118
-0.370503
-0.383087
-0.360268
-0.366863
-0.391587
-0.380696
-0.401305
-0.40222
-0.397731
-0.370212
-0.383037
-0.351411
-0.388233
-0.395664
-0.359344
-0.394138
-0.36093
-0.362986
-0.328239
-0.360025
-0.369254
-0.379909
-0.375114
-0.361628
-0.364051
-0.322205
-0.307182
-0.316763
-0.300032
-0.343575
-0.359698
-0.344261
-0.315503
-0.304232
-0.319431
-0.335327
-0.338501
-0.34532
-0.359461
-0.354387
-0.372831
-0.373677
-0.395957
-0.37189
-0.36407
-0.389374
-0.374528
-0.385771
-0.373237
-0.382579
-0.355516
-0.357205
-0.331543
-0.318372
-0.317426
-0.347093
-0.363061
-0.379125
-0.37434
-0.375427
-0.373615
-0.358363
-0.371209
-0.386458
-0.38027
-0.381628
-0.390354
-0.376676
-0.382413
-0.394054
-0.399565
-0.382987
-0.38759
-0.392151
-0.393032
-0.405703
-0.410664
-0.396781
-0.39193
-0.329563
-0.345069
-0.358591
-0.365014
-0.372832
-0.360934
-0.395322
-0.36939
-0.395372
-0.419716
-0.379644
-0.386191
-0.398226
-0.393334
-0.4079
-0.405867
-0.406858
-0.406537
-0.402438
-0.418007
-0.416678
-0.424467
-0.412637
-0.427307
-0.390577
-0.396845
-0.403351
-0.40642
-0.410808
-0.413159
-0.42066
-0.43981
-0.425252
-0.433004
-0.428929
-0.41543
-0.385575
-0.435864
-0.419148
-0.421971
-0.429753
-0.424748
-0.377568
-0.399028
-0.39988
-0.401357
-0.405611
-0.375697
-0.386323
-0.39999
-0.416927
-0.419283
-0.392684
-0.389086
-0.41287
-0.420799
-0.427478
-0.434026
-0.446199
-0.460936
-0.463589
-0.478773
-0.462343
-0.425078
-0.446953
-0.460092
-0.466181
-0.455359
-0.448987
-0.462475
-0.454808
-0.444992
-0.481519
-0.472887
-0.456162
-0.4765
-0.452967
-0.43772
-0.441846
-0.424433
-0.453736
-0.468661
-0.453183
-0.410182
-0.433713
-0.427669
-0.46254
-0.45864
-0.472826
-0.468606
-0.453224
-0.470047
-0.441203
-0.444208
-0.473349
-0.465169
-0.447272
-0.435431
-0.402962
-0.420825
-0.439127
-0.416389
-0.420792
-0.444245
-0.469988
-0.488755
-0.499396
-0.47542
-0.477028
-0.465619
-0.40892
-0.464578
-0.453641
-0.474569
-0.465817
-0.470441
-0.451591
-0.424522
-0.443573
-0.456427
-0.452512
-0.429759
-0.407206
-0.439027
-0.468989
-0.459516
-0.486448
-0.488954
-0.475392
-0.448503
-0.460105
-0.469664
-0.473527
-0.461595
-0.446778
-0.461329
-0.47442
-0.447495
-0.446516
-0.487923
-0.454811
-0.42087
-0.478398
-0.492151
-0.489546
-0.486296
-0.492699
-0.4619
-0.441461
-0.439336
-0.469291
-0.444423
-0.429847
-0.436629
-0.433302
-0.438076
-0.436976
-0.417281
-0.387381
-0.413075
-0.452004
-0.444761
-0.455621
-0.45137
-0.423027
-0.459626
-0.472858
-0.458603
-0.479254
-0.442979
-0.458098
-0.472228
-0.479143
-0.470295
-0.446421
-0.42099
-0.413542
-0.430048
-0.428446
-0.448049
-0.435573
-0.424157
-0.444119
-0.442512
-0.433822
-0.460291
-0.456722
-0.450783
-0.476848
-0.441447
-0.439547
-0.436764
-0.442042
-0.453697
-0.461615
-0.467863
-0.467696
-0.459563
-0.430561
-0.450082
-0.454318
-0.438174
-0.441092
-0.419137
-0.407099
-0.423408
-0.403488
-0.381468
-0.367711
-0.423685
-0.425774
-0.411128
-0.42424
-0.401296
-0.373402
-0.403281
-0.462737
-0.453815
-0.437688
-0.454921
-0.45088
-0.451189
-0.440483
-0.448008
-0.42027
-0.444988
-0.456829
-0.435022
-0.458039
