0.0520888
0.055939
0.055395
0.0457301
0.0582447
0.0446353
0.0397242
0.0467664
0.0452077
0.0531317
0.0566235
0.0537726
0.0616461
0.0484309
0.0437514
0.049065
0.0516986
0.050344
0.0422609
0.0490967
0.045762
0.0503972
0.0484922
0.0396851
0.0390719
0.0388122
0.0379469
0.0444433
0.0525628
0.055935
0.0586459
0.0517287
0.0478667
0.0474645
0.045148
0.0427348
0.0540846
0.0448743
0.0403163
0.045917
0.0404822
0.0390667
0.0423184
0.0398861
0.0475411
0.0429657
0.0505004
0.0475577
0.054855
0.0627098
0.0478288
0.0475517
0.0510863
0.0540926
0.053868
0.0568949
0.041098
0.0472506
0.0377521
0.0548155
0.0435688
0.0429992
0.0453431
0.048445
0.0470474
0.0474482
0.0491539
0.0378678
0.0409866
0.0391136
0.0487831
0.0556389
0.0488918
0.0464839
0.0435298
0.0490683
0.0493721
0.0416864
0.040822
0.0523111
0.0642066
0.0676355
0.0634093
0.0551797
0.052897
0.0481088
0.0434567
0.0406824
0.0462162
0.0500825
0.0492846
0.0385556
0.0431675
0.0488032
0.0522675
0.0500141
0.0501261
0.0417345
0.0417466
0.0474282
0.046516
0.0397337
0.0382358
0.0352196
0.0426075
0.0463002
0.0521923
0.0596366
0.0513701
0.0533681
0.0461732
0.0459098
0.0444322
0.0541143
0.0531426
0.0632178
0.0589435
0.052473
0.0565433
0.0480485
0.0496641
0.0668096
0.0531707
0.0690438
0.0731237
0.0665659
0.0572383
0.0575424
0.0452981
0.0481439
0.0466546
0.0467692
0.048848
0.0463231
0.0435638
0.0479224
0.0475166
0.0475599
0.0455564
0.0429035
0.050605
0.0529066
0.0473747
0.0485105
0.0475916
0.0472682
0.0516402
0.0451097
0.0425871
0.0419473
0.0329859
0.0328667
0.0471319
0.0367923
0.0360836
0.0394414
0.047202
0.0551027
0.0590955
0.0534718
0.0519086
0.0474028
0.0501663
0.0528208
0.0517349
0.0591225
0.0450361
0.0525382
0.046502
0.0383504
0.0547407
0.0526064
0.0486196
0.046319
0.0468266
0.0576627
0.0657894
0.0481024
0.0357246
0.0311736
0.0377687
0.0317448
0.0378774
0.0382399
0.0343251
0.0344744
0.035046
0.0430493
0.0408605
0.0401131
0.0436752
0.0463109
0.035626
0.0518877
0.0373972
0.0408714
0.0371191
0.0362391
0.0355217
0.0463568
0.0562045
0.0550757
0.0448363
0.0592917
0.0792478
0.0770834
0.0619618
0.0670696
0.0550243
0.0422607
0.0492581
0.0508928
0.0548062
0.0521504
0.0437526
0.0527602
0.0584207
0.0568473
0.0465862
0.0421002
0.0477222
0.0650279
0.0523569
0.0484818
0.0424825
0.0397897
0.0419989
0.049918
0.0530296
0.0460315
0.0399445
0.0390456
0.0448774
0.0454499
0.0524775
0.0513324
0.0523251
0.0620422
0.0500557
0.0449417
0.0430456
0.0397623
0.0382881
0.0440208
0.0380055
0.0486481
0.0401683
0.0529157
0.0537341
0.0574453
0.0509239
0.0485716
0.0506771
0.0597368
0.0685285
0.0558954
0.0729266
0.0592678
0.0588475
0.0548876
0.0532781
0.057206
0.0540533
0.0476583
0.0424743
0.0483728
0.0506056
0.0524676
0.0457277
0.0425452
0.0479462
0.0464179
0.0425174
0.0494786
0.0549336
0.057784
0.0621927
0.0543496
0.0572537
0.0650367
0.0589268
0.0519085
0.049061
0.0449596
0.0450406
0.0399427
0.0432871
0.0485071
0.0447364
0.0447852
0.0444675
0.0442112
0.0715763
0.0684199
0.0602967
0.0517404
0.0438166
0.0368924
0.0437934
0.0412724
0.046278
0.0465924
0.0448428
0.04466
0.0432727
0.0482264
0.0415474
0.0513417
0.048733
0.0565412
0.0544025
0.0392508
0.0538514
0.0515586
0.0510009
0.0549525
0.0503193
0.0466761
0.0560278
0.0406163
0.0374016
0.0396611
0.0448766
0.0398381
0.038207
0.0412047
0.0412129
0.0394416
0.0396606
0.0376192
0.0516314
0.0480061
0.0424438
0.044657
0.0467807
0.0486016
0.0389312
0.0398381
0.0381157
0.0402309
0.0539989
0.0489161
0.0541855
0.0514609
0.0530852
0.0542019
0.0631993
0.0481239
0.0544553
0.0591094
0.0650485
0.0604259
0.0567112
0.0534918
0.0640958
0.0557173
0.0548646
0.0614438
0.0637431
0.0614096
0.0499418
0.0430184
0.0528201
0.0430692
0.0425761
0.0479863
0.0562008
0.0476933
0.0497762
0.0451308
0.0563724
0.0733085
0.0722806
0.0625806
0.0601214
0.0561039
0.0463975
0.0390373
0.05502
0.0470493
0.0483055
0.0416303
0.0489923
0.0509479
0.0550441
0.047177
0.0413862
0.0449076
0.0514466
0.0494102
0.0452469
0.0421256
0.0511089
0.0497069
0.0405372
0.0362837
0.0436817
0.0445146
0.0503868
0.0463136
0.0459245
0.0456007
0.0483475
0.043015
0.0387692
0.0431207
0.0400403
0.0401204
0.0351555
0.0354475
0.0379439
0.0438076
0.0669944
0.0615831
0.0567647
0.059853
0.0454566
0.0533202
0.0464549
0.0445924
0.0442712
0.0441557
0.0394063
0.0390787
0.0354303
0.0361288
0.0439128
0.039717
0.0441178
0.0386903
0.0414843
0.0464449
0.0482075
0.0448777
0.0465484
0.0452355
0.0346433
0.0358822
0.0435388
0.0481968
0.0563532
0.0575745
0.0522313
0.0492364
0.0496758
0.0414833
0.0340253
0.037304
0.0373838
0.0411536
0.0431291
0.0456975
0.0364068
0.0366054
0.0388957
0.0320631
0.0383708
0.0366106
0.034037
0.0510132
0.0482949
0.0383978
0.0408664
0.0438554
0.0408052
0.0398656
0.037178
0.0474185
0.0347521
0.0337774
0.0405818
0.0611305
0.0484564
0.0567418
0.0623645
0.0501509
0.0512653
0.0543662
0.041332
0.043471
0.0438435
0.0473194
0.0446304
0.037157
0.038165
0.0463486
0.0506047
0.053349
0.0457397
0.0517729
0.0401516
0.0487661
0.0424454
0.0465452
0.0432785
0.0422909
0.0359185
0.0387467
0.0530782
0.0513077
0.0510795
0.0471805
0.0428445
0.0415233
0.0431578
0.0448312
0.0460005
0.0430796
0.0396459
0.0419675
0.0408322
0.0387564
0.037184
0.045087
0.0430624
0.0403626
0.0373048
0.035245
0.0385543
0.0419523
0.0346526
0.0420114
0.0445204
0.0488091
0.0368623
0.0362466
0.0448654
0.0437716
0.0418888
0.0407545
0.0406485
0.0407597
0.0473308
0.0407508
0.0440769
0.0494915
0.0439782
0.0470146
0.0494448
0.045262
0.0477031
0.0479519
0.0571794
0.0640102
0.0470764
0.0482696
0.0392209
0.0362928
0.041358
0.0520631
0.0484414
0.0445615
0.0469994
0.0469064
0.0525845
0.0541342
0.0426647
0.047985
0.0473031
0.0545641
0.0603808
0.05242
0.0506203
0.0510419
0.0491123
0.0520634
0.0538633
0.0559053
0.0499723
0.0467212
0.03964
0.0443405
0.0503316
0.0493066
0.0470847
0.0499685
0.0452026
0.0436523
0.0443603
0.0427556
0.0451193
0.0419477
0.0399618
0.0335483
0.0341289
0.0356801
0.0330843
0.0346802
0.0367087
0.0413997
0.0453602
0.0463089
0.0412026
0.0449302
0.0428102
0.0402578
0.0403801
0.0463613
0.0518516
0.0531843
0.0531343
0.0470603
0.0489474
0.0479008
0.0457189
0.0511417
0.0486999
0.0444655
0.0470803
0.053687
0.0625425
0.0540621
0.0558689
0.0644645
0.0449688
0.0448413
0.0423609
0.049649
0.0536355
0.0462885
0.061691
0.0787322
0.0812979
0.0774652
0.0715275
0.0744063
0.0649716
0.0543097
0.0477527
0.0463693
0.0431028
0.0496896
0.0446848
0.0408411
0.0389093
0.0436995
0.0439471
0.0421972
0.0532084
0.0509304
0.0562783
0.0549688
0.0677126
0.0574018
0.0679945
0.063288
0.0558301
0.0511848
0.0515289
0.0442183
0.0422693
0.0465449
0.0540822
0.054184
0.059036
0.0494546
0.0398249
0.0392554
0.035841
0.0448343
0.058582
0.0447801
0.053578
0.0608202
0.0571356
0.0517449
0.0486918
0.0590075
0.0485457
0.0527525
0.04676
0.0531295
0.0484026
0.047431
0.0454336
0.0502134
0.0564809
0.0517071
0.0517796
0.0510636
0.0458659
0.0374919
0.0415325
0.0474968
0.0428336
0.0430743
0.0513734
0.0459963
0.0488883
0.038138
0.0424632
0.0414602
0.0371216
0.0370772
0.0368813
0.0348868
0.0427635
0.0415072
0.048133
0.0497094
0.0500083
0.0418208
0.0398505
0.0432172
0.0494618
0.0521944
0.0450554
0.0491719
0.0443158
0.0386272
0.0351688
0.0358811
0.0399737
0.0376803
0.035615
0.0441632
0.0495837
0.0456154
0.0463168
0.0421187
0.0368861
0.0386049
0.0458207
0.0450746
0.0456516
0.0582126
0.0714185
0.0669205
0.0629347
0.0635837
0.0554139
0.0444103
0.0483715
0.0508977
0.0459284
0.0483851
0.0551401
0.0507879
0.0419827
0.0440868
0.0495725
0.0433719
0.0467523
0.0432234
0.0500307
0.0506332
0.0419845
0.0411447
0.0361977
0.0352912
0.0378334
0.0460885
0.0592084
0.0517119
0.0585342
0.0574704
0.0596405
0.0507158
0.0417377
0.0375037
0.0459861
0.0530117
0.0437045
0.0487481
0.0479275
0.0478962
0.0421416
0.0447207
0.0399026
0.0433835
0.0548287
0.0438855
0.0395517
0.0422915
0.051157
0.0475626
0.0465563
0.0377314
0.0462058
0.0415981
0.0422045
0.0448825
0.0458855
0.0445145
0.050654
0.0514651
0.0483
0.0560593
0.0488399
0.0507354
0.0437181
0.0471229
0.045475
0.0392602
0.0401948
0.0443924
0.0369351
0.034916
0.0394395
0.0463968
0.0516318
0.0428936
0.0384073
0.0447851
0.0424677
0.0406942
0.0418031
0.0506524
0.0472937
0.0497308
0.055747
0.0426426
0.0365403
0.0440883
0.0424952
0.0430368
0.0455995
0.0511903
0.0535687
0.0549808
0.0646151
0.0580748
0.0499037
0.0478362
0.042484
0.0422303
0.0445325
0.0502828
0.0509587
0.0476529
0.0458812
0.0496606
0.0445645
0.0449226
0.0480649
0.0459605
0.0521727
0.049903
0.0482126
0.0403844
0.0441269
0.039716
0.0396344
0.0388
0.0401054
0.0422485
0.0421522
0.0508081
0.0642688
0.0565375
0.0449135
0.0393824
0.0402703
0.0516241
0.0457083
0.0488251
0.0550067
0.0422885
0.0426385
0.0455411
0.0427008
0.038026
0.0364289
0.0415422
0.0453743
0.0426332
0.0439137
0.0556264
0.0409732
0.0408816
0.0474871
0.0598598
0.0560878
0.0546194
0.0475401
0.0471129
0.0439531
0.0517715
0.038871
0.0438475
0.0517573
0.072866
0.0582154
0.0582549
0.0546671
0.0416663
0.0372609
0.0329668
0.0356306
0.04043
0.0436253
0.0392706
0.0434617
0.0401506
0.0346249
0.0406673
0.0429357
0.0439468
0.0473679
0.0480608
0.0462621
0.0420174
0.0429581
0.0378984
0.0462017
0.0468109
0.0551974
0.0658364
0.0717124
0.0663233
0.068788
0.0818598
0.061445
0.0652049
0.0610603
0.0575265
0.0479747
0.0434804
0.0470112
0.0505418
0.0493827
0.048436
0.0506167
0.0498876
0.0634017
0.0564911
0.0424335
0.0545195
0.0539017
0.0568939
0.0588666
0.046755
0.0573374
0.0569682
0.0495467
0.0478505
0.0488521
0.0461074
0.0552932
0.0463606
0.0401984
0.0416448
0.047847
0.0551246
0.0518262
0.0483344
0.05374
0.0534706
0.0461379
0.0509961
0.0399218
0.0435003
0.0517795
0.0480789
0.0462068
0.0472834
0.0463108
0.0482519
0.05137
0.0478679
0.0469724
0.0526886
0.0503058
0.0482993
0.0408888
0.050836
0.0503314
0.040747
0.0471399
0.0518081
0.0506625
0.0562039
0.0501262
0.0489805
0.0528432
0.0582191
0.0504034
0.0469126
0.0482256
0.0406455
0.0660864
0.0534635
0.0433915
0.0531298
0.0498197
0.048996
0.0434508
0.0451666
0.0675493
0.0519365
0.0582471
0.0434591
0.0458347
0.0403285
0.0401599
0.0436869
0.0422844
0.0448286
0.0487869
0.0472534
0.0477438
0.0540397
0.0505232
0.0432233
0.0536052
0.0506676
0.0423987
0.0423124
0.0459633
0.0539753
0.044368
0.0396793
0.0460417
0.0436291
0.0541806
0.0489225
0.0517917
0.0442503
0.0464915
0.0500689
0.0516974
0.055768
0.0500734
0.0496428
0.0500956
0.051397
0.0609942
0.0560272
0.0619657
0.0622301
0.0516601
0.0527806
0.0518197
0.0464933
0.0465959
0.0528101
0.0418176
0.0531955
0.0479461
0.0626209
0.0523298
0.0461189
0.0404834
0.0378219
0.0438675
0.0405465
0.0381757
0.0363215
0.0323259
0.0290322
0.0341017
0.0413796
0.0377121
0.0390233
0.0369335
0.0334373
0.0343468
0.0401436
0.0422337
0.0398688
0.0424617
0.0474949
0.0472169
0.0481244
0.0429323
0.0394315
0.0334551
0.0320722
0.0350316
0.0394525
0.0434614
0.0484508
0.0533774
0.0493948
0.0442367
0.0653279
0.0519075
0.0482095
0.0437391
0.0542715
0.0609907
0.0571833
0.0546649
0.0616686
0.0451297
0.0436311
0.0439706
0.0527937
0.0457166
0.0431582
0.0517207
0.0546149
0.0575565
0.0427217
0.0383738
0.0378775
0.0481394
0.0443682
0.0431659
0.0380282
0.0464921
0.0555177
0.061966
0.0643792
0.0572297
0.0555019
0.0628697
0.0547757
0.0575989
0.0613603
0.0623252
0.0582719
0.0582382
0.0512868
0.042697
0.0581855
0.0613747
0.0573586
0.0462941
0.0484968
0.053165
0.0650299
0.060203
0.0567985
0.0564594
0.0558061
0.0442473
0.0454392
0.0439121
0.0451192
0.0551029
0.0451324
0.051718
0.0492822
0.0553854
0.0620077
0.0556227
0.0448419
0.0424904
0.0500979
0.0490247
0.0550425
0.0506188
0.040357
0.039759
0.0344036
0.0379103
0.0354741
0.0348792
0.036377
0.0379643
0.0417467
0.0399458
0.0418652
0.046104
0.0504937
0.0705817
0.0741179
0.0419977
0.0384435
0.0410869
0.0418214
0.0498781
0.0478615
0.0509642
0.0639513
0.0532559
0.0477588
0.0448499
0.0473035
0.0437736
0.0471943
0.0530467
0.0498141
0.045593
0.042617
0.0482263
0.0424534
0.0403659
0.0447732
0.0420061
0.038537
0.0413228
0.0373605
0.0382391
0.0463957
0.0504086
0.0473193
0.045408
0.0343164
0.0355234
0.0379364
0.0397018
0.0458502
0.043326
0.039971
0.0393593
0.0358394
0.0371805
0.0388782
0.0397863
0.0427107
0.0460635
0.0473186
0.0499184
0.046401
0.0411121
0.0516116
0.0579534
0.0467098
0.0484299
0.0455672
0.0525907
0.0511829
0.0483855
0.0499118
0.0432525
0.0425754
0.0435567
0.0407436
0.0347146
0.0386581
0.0437133
0.0507955
0.0459087
0.0418169
0.0364624
0.0446316
0.0500917
0.0420096
0.0423381
0.0427351
0.0424948
0.0399282
0.0459432
0.0411342
0.0444515
0.0365339
0.0454178
0.046986
0.0433819
0.050506
0.0592285
0.0538643
0.0523347
0.0593067
0.0621619
0.0578948
0.0509522
0.03807
0.0432304
0.0415968
0.0412266
0.0431074
0.0402621
0.0396278
0.0415771
0.0401116
0.0463789
0.0483261
0.0480484
0.0464909
0.0352662
0.0543183
0.045925
0.0414572
0.0503539
0.0472074
0.0494972
0.0515451
0.0588401
0.0501904
0.0597767
0.0544595
0.0562323
0.0611344
0.0514766
0.0539958
0.0465452
0.0476124
0.050957
0.0553114
0.0584025
0.0507339
0.0425506
0.0412812
0.0416376
0.0460013
0.0382379
0.038509
0.0505573
0.0453203
0.043571
0.048431
0.0469759
0.049292
0.0512531
0.0502257
0.0560662
0.0569602
0.0686989
0.0511348
0.0433418
0.0461377
0.0475777
0.0478169
0.0455006
0.0461618
0.0431954
0.0442779
0.0470663
0.0451792
0.0400176
0.0380674
0.0430146
0.040493
0.0401284
0.044141
0.0486345
0.0445474
0.0452878
0.0510824
0.0425617
0.0485151
0.0412331
0.044111
0.0353766
0.0428294
0.0406014
0.036715
0.0356728
0.0365176
0.0367855
0.0356927
0.0382793
0.0465507
0.038726
0.042108
0.0511991
0.0534723
0.0551204
0.0514036
0.0581138
0.0514278
0.0596703
0.0564344
0.0501111
0.057731
0.055367
0.0471519
0.0481346
0.0618883
0.0531971
0.0590755
0.0587263
0.0541143
0.048112
0.0531581
0.0489564
0.0497137
0.0527747
0.0444281
0.042315
0.05466
0.0514079
0.0638043
0.0548922
0.0551227
0.0529767
0.0569526
0.0581778
0.0543152
0.0517628
0.0459798
0.0522416
0.0477687
0.0530661
0.0467152
0.0536921
0.0497401
0.0522564
0.0504314
0.0440635
0.0551125
0.0495248
0.0551352
0.0424547
0.0432561
0.0435926
0.0440964
0.0465574
0.0466673
0.0381566
0.045005
0.0462423
0.0589531
0.0586102
0.056002
0.0652842
0.0741477
0.0488234
0.0372001
0.0494108
0.0441561
0.0458457
0.0463243
0.0593995
0.0589224
0.0570548
0.0573064
0.0523751
0.0488973
0.0444612
0.0481949
0.0482075
0.0591456
0.0497269
0.0614816
0.0501267
0.0435291
0.0546144
0.0567107
0.0525185
0.0695893
0.0591426
0.054224
0.050601
0.0546896
0.0462911
0.0522722
0.0497077
0.0400898
0.0441165
0.0421406
0.0451743
0.0605369
0.0613994
0.0527248
0.053075
0.0420911
0.0454269
0.0432803
0.0409898
0.0440934
0.0502882
0.0424444
0.0433798
0.0409087
0.048374
0.049308
0.0582291
0.0451206
0.0455132
0.0381627
0.0421459
0.0431134
0.0453102
0.0421041
0.0450865
0.0444182
0.0531589
0.0455601
0.0518371
0.0473987
0.0499001
0.0478499
0.0426053
0.0438503
0.0435238
0.049965
0.0492156
0.0555111
0.0554474
0.0586731
0.058249
0.056662
0.0630019
0.0668425
0.0534943
0.051887
0.0514252
0.0553902
0.0582966
0.0632523
0.0632517
0.0673923
0.063563
0.0786688
0.0680341
0.0619881
0.0556973
0.048357
0.0472277
0.0413852
0.0386473
0.0373756
0.0400818
0.0370832
0.039734
0.0395126
0.0449865
0.0393115
0.0440709
0.0451679
0.0392347
0.0382913
0.0385547
0.0408715
0.0401216
0.0386437
0.0394949
0.0449668
0.0432126
0.0349728
0.0330974
0.0419086
0.0404719
0.0452422
0.0420887
0.0385997
0.0457649
0.0467773
0.0457733
0.0529402
0.0485685
0.0480834
0.0446183
0.0515747
0.0609844
0.0555729
0.056074
0.0514987
0.0621755
0.0623647
0.0577127
0.0567564
0.0455844
0.0468939
0.0450726
0.0378592
0.0444183
0.0406746
0.0472395
0.0575094
0.0503103
0.0567707
0.0612511
0.0536751
0.0489673
0.0423735
0.0420343
0.0466514
0.0550448
0.0473227
0.0415519
0.0411408
0.0388785
0.0376823
0.0429842
0.0423567
0.0422557
0.0527076
0.0541974
0.0624839
0.0617799
0.063534
0.0438021
0.0497009
0.0548914
0.0484422
0.0577998
0.0571822
0.0574441
0.0527581
0.0521867
0.0474477
0.0386882
0.0355208
0.0437647
0.0427606
0.0406229
0.0407992
0.0423712
0.0413462
0.042266
0.0422555
0.0379827
0.0415269
0.038565
0.0364005
0.0464099
0.0361633
0.035167
0.0355819
0.0397606
0.0396676
0.0537091
0.0508319
0.0449431
0.0478821
0.0455801
0.0457598
0.0628351
0.0530135
0.0551197
0.0721931
0.0641241
0.0596313
0.0583942
0.0536738
0.0665859
0.0627681
0.047933
0.0528785
0.0552338
0.0489096
0.0457586
0.0414865
0.0500179
0.049133
0.042611
0.0452052
0.0362133
0.0366762
0.0370825
0.0445287
0.0492412
0.0636952
0.0603947
0.0457186
0.0427266
0.0409106
0.0415616
0.0501742
0.0530392
0.0403774
0.046015
0.0523914
0.0440411
0.039792
0.0449167
0.047682
0.0422461
0.0395922
0.0407639
0.0419892
0.0459342
0.0423963
0.0454843
0.0460469
0.0438266
0.0546994
0.0460972
0.0472955
0.0435032
0.0382453
0.0423752
0.0378813
0.0365421
0.05097
0.0435334
0.0446666
0.0488928
0.0362968
0.0390707
0.0370754
0.0361658
0.0380887
0.0454005
0.0434406
0.0553668
0.0514208
0.049557
0.0410173
0.0488491
0.0469683
0.0430458
0.0382695
0.0451888
0.0437854
0.0410449
0.0544809
0.0453544
0.0486783
0.0390398
0.045469
0.0479051
0.0472972
0.0434958
0.0449103
0.0464197
0.0427673
0.0514071
0.0438846
0.0538934
0.0478444
0.0553402
0.0477791
0.0518119
0.0375513
0.0391706
0.0396561
0.037436
0.0357509
0.03463
0.0329182
0.0334811
0.0331534
0.0402872
0.0407636
0.0472052
0.0425272
0.0487778
0.0430679
0.0426016
0.0418751
0.0420005
0.0511743
0.0465832
0.0497762
0.0451208
0.0453928
0.048068
0.0468799
0.0535517
0.0529942
0.0529965
0.0516561
0.0520163
0.0610597
0.0471987
0.045388
0.0470382
0.0533477
0.0648594
0.044767
0.0530138
0.0582394
0.0474912
0.0373668
0.0480533
0.0367336
0.0423245
0.0399301
0.0447018
0.0516818
0.0451359
0.0429867
0.0464499
0.0491307
0.0444006
0.0658232
0.0548867
0.052996
0.0483717
0.0576035
0.0545215
0.0656583
0.0544985
0.061458
0.0755662
0.0665757
0.0665227
0.0558638
0.0637269
0.0648252
0.0599954
0.0502708
0.0483321
0.0526062
0.0456787
0.0534849
0.0559419
0.0494345
0.0545958
0.0475471
0.0478407
0.0463324
0.0398005
0.0393255
0.0422668
0.0459628
0.0448926
0.0420465
0.0410402
0.0496267
0.0430819
0.0462286
0.0514426
0.0487816
0.0423559
0.0448068
0.0488443
0.0419351
0.0400253
0.0388087
0.0393766
0.050454
0.0430693
0.045935
0.0444988
0.0387281
0.0376133
0.0420473
0.0451
0.058251
0.0470622
0.0506021
0.0480736
0.0458918
0.0493646
0.0604667
0.0793766
0.061145
0.0518018
0.0405782
0.0487873
0.0451809
0.0505099
0.0487103
0.0443645
0.0474527
0.0522512
0.0484909
0.0475862
0.0396998
0.0383484
0.0396189
0.0458001
0.0470629
0.0518538
0.0568786
0.0525218
0.0438204
0.0451919
0.0448371
0.0516062
0.0368747
0.0393248
0.0377985
0.0347076
0.0429846
0.0569993
0.0561619
0.0524583
0.0464943
0.0441787
0.0474326
0.0406472
0.0397159
0.0418925
0.0479778
0.0531966
0.0481642
0.0496554
0.0546641
0.0548787
0.0520523
0.0464517
0.0487437
0.053359
0.0505753
0.0558546
0.0498028
0.0448696
0.0485696
0.0521374
0.0603744
0.0734586
0.0582936
0.0591839
0.0518905
0.0457581
0.051457
0.038886
0.0423252
0.0399657
0.0415344
0.036648
0.0422919
0.042064
0.0406583
0.0436365
0.0501504
0.0462882
0.0464358
0.0365364
0.0471361
0.0483041
0.0483754
0.0393496
0.0480809
0.0484232
0.0466363
0.0417663
0.0540103
0.0503902
0.046635
0.0581275
0.0664981
0.0653378
0.0622947
0.0655765
0.0523156
0.0441506
0.0584496
0.0572615
0.0404749
0.0485609
0.0384183
0.0325571
0.0356637
0.0423131
0.0384663
0.0433351
0.0374059
0.049968
0.0464803
0.0449788
0.0391085
0.040972
0.0460718
0.0418613
0.0413174
0.0480978
0.0455939
0.0513064
0.054406
0.0559268
0.0544894
0.0591182
0.0550844
0.0594071
0.0507836
0.0680036
0.0676507
0.0543875
0.0538893
0.0439862
0.0449956
0.0537984
0.0565165
0.0469054
0.0437275
0.0458849
0.0578926
0.0620931
0.0577057
0.0646516
0.0703237
0.0569668
0.0545593
0.0606107
0.0553463
0.0474559
0.0458604
0.0407957
0.0337745
0.0423544
0.0373089
0.0400284
0.0451173
0.0527959
0.0432992
0.0353405
0.0450424
0.0385736
0.0410949
0.0471804
0.0447585
0.0514408
0.0507829
0.0471034
0.0400906
0.0396241
0.0410727
0.0351309
0.0423187
0.0506095
0.03926
0.0448091
0.0359621
0.0350686
0.0410942
0.0352927
0.0372628
0.036892
0.0382033
0.0361922
0.0458401
0.0495261
0.0453636
0.0493401
0.0524492
0.0639549
0.0653059
0.0624671
0.0631181
0.0623102
0.0515556
0.051021
0.0569237
0.0676336
0.0516336
0.0565714
0.050974
0.0493262
0.0457114
0.0417405
0.0401345
0.0361032
0.0451199
0.0471111
0.0404139
0.0414626
0.0438366
0.0475424
0.0482565
0.0492967
0.0529571
0.0577827
0.0430365
0.0493391
0.0458843
0.0436292
0.044198
0.0410327
0.0401213
0.0427537
0.053587
0.0546422
0.0542355
0.0472307
0.0448255
0.0496583
0.0484252
0.0501192
0.0535575
0.0361309
0.0383526
0.0367241
0.0343527
0.0454114
0.0397639
0.0385714
0.0362866
0.0456557
0.0651119
0.0662248
0.0545214
0.0461441
0.0470875
0.038446
0.0367488
0.0459728
0.0470205
0.04772
0.0439119
0.0486562
0.0535105
0.0462517
0.0545068
0.0601977
0.0526127
0.0455693
0.0514389
0.055074
0.0436253
0.0463967
0.0514452
0.056478
0.0579894
0.0549054
0.069548
0.058749
0.0479926
0.0469182
0.0534088
0.0498991
0.0519911
0.0416154
0.0432929
0.0502573
0.0473061
0.0422975
0.0419274
0.0382512
0.0368225
0.0393708
0.0483241
0.0518585
0.0505903
0.0468038
0.0459973
0.0411815
0.055252
0.0416267
0.0460905
0.0371512
0.0440961
0.0432004
0.0451946
0.0482984
0.0508651
0.0435863
0.0409896
0.0426137
0.0417064
0.0391804
0.0453615
0.0460363
0.0561527
0.0481816
0.052664
0.0557253
0.0473716
0.0450464
0.0467173
0.0419024
0.044138
0.0385171
0.0450916
0.0440942
0.056307
0.0519893
0.0427482
0.0499727
0.0431088
0.038277
0.0392513
0.0379882
0.038571
0.0374936
0.035991
0.0364905
0.0403519
0.0335698
0.0410361
0.0341255
0.0400778
0.0432805
0.0418634
0.0467395
0.0481598
0.0459011
0.0536796
0.0534972
0.0381733
0.0469317
0.0439245
0.039138
0.047361
0.0422881
0.036272
0.0367929
0.0406995
0.0423315
0.0417326
0.0390151
0.0390446
0.0386111
0.0367607
0.0427917
0.0500779
0.0496802
0.0506502
0.0443534
0.0449722
0.0414741
0.0483673
0.0435688
0.0457905
0.0462537
0.0513536
0.0484734
0.046674
0.0562586
0.0603107
0.0462029
0.0400756
0.0445318
0.0451387
0.0428084
0.0550607
0.0419811
0.0435852
0.0405677
0.0452662
0.05095
0.0504783
0.0521964
0.0568575
0.0591928
0.0466177
0.0491552
0.0377598
0.0439947
0.0503283
0.0419893
0.0428995
0.0513086
0.0571141
0.0543136
0.0633561
0.0505711
0.0519778
0.0594597
0.0542546
0.0613468
0.0467565
0.0416472
0.0427965
0.0496507
0.0510297
0.056865
0.0671245
0.0731069
0.0609515
0.0613856
0.0827105
0.0574506
0.0569003
0.0574167
0.0538992
0.0481176
0.0557874
0.0614264
0.0665524
0.0702056
0.0647286
0.066148
0.0553068
0.0476842
0.0425115
0.0448227
0.0470687
0.0548166
0.0620629
0.0699274
0.0723434
0.0651581
0.0684529
0.0567758
0.055615
0.0559723
0.0504344
0.0526443
0.0490429
0.0526821
0.0442988
0.0534345
0.0630267
0.0588712
0.0551022
0.0603382
0.0514474
0.0487252
0.048847
0.0581316
0.0429155
0.0392946
0.0452507
0.0435369
0.0489431
0.0461693
0.0496344
0.0573755
0.0563291
0.0614886
0.0552699
0.0565063
0.0467097
0.0452992
0.041165
0.0421187
0.0535052
0.0414464
0.0427099
0.0456967
0.0390438
0.0428025
0.041997
0.0397696
0.0441987
0.0417551
0.0407396
0.044854
0.037666
0.0385436
0.0323299
0.0385973
0.0381253
0.0434495
0.0500704
0.0432199
0.0470214
0.0537226
0.0553764
0.0521835
0.0470319
0.0489021
0.0500937
0.0491814
0.0730153
0.0671053
0.0583904
0.0574075
0.0518051
0.0516227
0.0487949
0.0508931
0.0432282
0.0439414
0.0379471
0.0369147
0.0423214
0.0440632
0.038259
0.0344569
0.0370311
0.0343183
0.0390823
0.0463717
0.0618782
0.0532214
0.0523553
0.055301
0.0525182
0.0503443
0.0467172
0.062136
0.0511497
0.0465686
0.0530575
0.0505204
0.0591622
0.0593085
0.0397668
0.0412725
0.0416513
0.0455016
0.0471345
0.0509069
0.0461285
0.0436714
0.0448884
0.03908
0.0427957
0.0384523
0.038221
0.0416601
0.0486981
0.0478473
0.0574809
0.0512961
0.0597874
0.0595597
0.0615168
0.0582163
0.0613989
0.0792349
0.0817885
0.0716979
0.0528123
0.0544743
0.0470374
0.045068
0.0405818
0.0464237
0.0556859
0.0570379
0.0530929
0.0444751
0.0389356
0.0463699
0.0594726
0.0504694
0.0486058
0.0439917
0.0359196
0.0372584
0.0499089
0.052934
0.0518553
0.0576261
0.0587423
0.0475563
0.0495446
0.0491603
0.0390091
0.0389229
0.042317
0.0374064
0.0437311
0.0444499
0.0473456
0.0635474
0.0547136
0.0481386
0.0612466
0.052244
0.0510084
0.0405863
0.039072
0.0395795
0.0333505
0.0340348
0.0334773
0.0338991
0.0342126
0.0373665
0.0372909
0.0372976
0.039673
0.0405235
0.0454686
0.041398
0.0377286
0.0447339
0.0429778
0.0470384
0.0528151
0.054491
0.0542273
0.0530407
0.055873
0.0434934
0.0431981
0.046656
0.043361
0.0561448
0.0666918
0.0658454
0.0571101
0.0488243
0.05349
0.0551869
0.0467688
0.0512945
0.0484636
0.0394032
0.0362599
0.0374058
0.0490144
0.0418515
0.0330292
0.0408995
0.0382766
0.0386235
0.0379291
0.0352498
0.0360746
0.041273
0.032892
0.042657
0.0408474
0.0464999
0.0423201
0.0461312
0.0507219
0.0406502
0.0462178
0.0441772
0.0502845
0.0562205
0.0390316
0.035161
0.0390849
0.0356363
0.0374337
0.0391897
0.0381279
0.043229
0.0430239
0.0366897
0.0460706
0.0415002
0.0321343
0.0443204
0.0399275
0.0440825
0.0389973
0.0472239
0.0396082
0.0387848
0.0377572
0.0408731
0.0449246
0.0471251
0.0388802
0.0338417
0.0406707
0.0387563
0.0374667
0.0376515
0.0360187
0.0397673
0.0395714
0.0407284
0.047924
0.044109
0.0505117
0.0440441
0.0521827
0.0472282
0.048451
0.0483727
0.0420345
0.041559
0.0358412
0.0376294
0.0381782
0.0395096
0.032516
0.0415302
0.0431141
0.0437265
0.0377633
0.0358446
0.0377682
0.0537751
0.0511191
0.0455591
0.0450715
0.0532423
0.0620654
0.0497045
0.0544431
0.048248
0.0465099
0.0455846
0.0370102
0.0364623
0.0380525
0.0405231
0.0345606
0.0446614
0.0467526
0.0538449
0.0477909
0.0507855
0.0388078
0.0544944
0.0540638
0.0468967
0.0477441
0.043861
0.0473547
0.0578184
0.0527712
0.057673
0.0390938
0.0328348
0.0360391
0.0382318
0.0382544
0.0394055
0.0340973
0.031123
0.0441199
0.046691
0.0433624
0.0479606
0.0434301
0.0429529
0.0483777
0.043338
0.0475285
0.0540709
0.0675907
0.0745398
0.0645738
0.0545953
0.0467283
0.0550808
0.0419839
0.047347
0.0389728
0.0460327
0.0557142
0.043699
0.0545495
0.0462568
0.0418509
0.038077
0.0402239
0.0415041
0.0563408
0.0451091
0.043983
0.0465015
0.0476692
0.0522233
0.0490733
0.0563406
0.0423658
0.047547
0.0399473
0.0350694
0.0386214
0.0391698
0.0456306
0.0415266
0.0421974
0.0409791
0.0464953
0.0418328
0.0354339
0.0449145
0.0489739
0.0404197
0.0404867
0.0362426
0.0401993
0.0585548
0.0381076
0.0373528
0.0494491
0.0417898
0.0462445
0.0420061
0.0469962
0.0427284
0.0457241
0.0427683
0.0480916
0.0508079
0.0537483
0.0532965
0.055249
0.0553485
0.0498697
0.0615043
0.053894
0.0543142
0.0462152
0.0440253
0.0582073
0.0506396
0.0518072
0.0440912
0.0440663
0.0417402
0.0475564
0.0564279
0.0482571
0.0488268
0.0441936
0.0460655
0.0413344
0.0490141
0.0457113
0.0366201
0.0357643
0.0385575
0.0397621
0.037872
0.0368475
0.0379227
0.0399828
0.0398203
0.0373998
0.0440906
0.0503113
0.0396397
0.0394917
0.0495019
0.0487803
0.048796
0.0413747
0.0494323
0.040895
0.0405313
0.0425708
0.0482876
0.0508247
0.0511922
0.0555687
0.0743095
0.0703987
0.0562936
0.0574928
0.0624086
0.0683291
0.0769144
0.0616918
0.0527586
0.0444966
0.0546999
0.0539584
0.0525502
0.0451343
0.0485224
0.0524074
0.0574731
0.0536046
0.0509594
0.046304
0.0425277
0.0480853
0.0501029
0.0498548
0.0506963
0.042372
0.04347
0.0428801
0.050633
0.0454054
0.0567986
0.0500336
0.0449998
0.0449039
0.0365995
0.0427554
0.0395947
0.0434332
0.0483292
0.0436072
0.0445735
0.0435956
0.0485453
0.0426496
0.0432913
0.042907
0.0428209
0.0356758
0.0383326
0.0385207
0.0427472
0.0386386
0.0356964
0.0402826
0.0417164
0.0515007
0.0581685
0.0610823
0.0427866
0.0409907
0.0383325
0.0410594
0.034958
0.0419774
0.0341309
0.0362493
0.0398492
0.0396985
0.0421395
0.0348462
0.0401332
0.0433165
0.0435241
0.0381725
0.0417362
0.0297135
0.0376524
0.0343531
0.0371693
0.0391835
0.0430773
0.0416358
0.040694
0.0360699
0.0384322
0.0414621
0.0358592
0.0410199
0.0402921
0.0424622
0.0554963
0.0547345
0.0522567
0.0482126
0.0465518
0.0496456
0.0391339
0.0354702
0.0388899
0.0386645
0.0356952
0.0422395
0.0375826
0.0374912
0.0449093
0.0389077
0.0368552
0.0444323
0.0393861
0.0439639
0.0447723
0.041649
0.040369
0.0464302
0.0458086
0.0467609
0.0419107
0.0463429
0.0463027
0.0492114
0.0477448
0.0551511
0.0517719
0.0501746
0.0468671
0.0423994
0.0433072
0.0427606
0.0412349
0.0458974
0.0412726
0.0349278
0.037603
0.0351965
0.0414483
0.0387322
0.0328379
0.0389242
0.0365068
0.0380265
0.0410324
0.039203
0.0477661
0.0474435
0.044918
0.0403441
0.0410925
0.0471413
0.059128
0.0557908
0.0473528
0.0484896
0.0454819
0.0464432
0.0525089
0.0469324
0.036492
0.0374612
0.0360479
0.0363654
0.0376486
0.0392509
0.0414584
0.0359943
0.0412586
0.0365622
0.0349756
0.0310271
0.0338246
0.0375215
0.0541875
0.0504644
0.0399428
0.0362946
0.034727
0.0372435
0.0445126
0.056364
0.0573398
0.0448885
0.0400733
0.0425405
0.0394362
0.0431859
0.0411133
0.035046
0.0390148
0.0455855
0.0471897
0.0385673
0.0403495
0.0385514
0.0334096
0.0370607
0.038122
0.0359778
0.0422968
0.0415375
0.0495309
0.0437636
0.0398699
0.0380987
0.0441158
0.043398
0.0383462
0.0306721
0.0398452
0.04309
0.0438379
0.0489341
0.0472078
0.0554785
0.048368
0.046904
0.0492337
0.0603481
0.0420646
0.0507183
0.0534337
0.052686
0.0475442
0.0482233
0.0400717
0.0510605
0.047716
0.0468127
0.0492906
0.0427888
0.0459409
0.0452521
0.0413752
0.0437749
0.0434612
0.044451
0.0401574
0.0470482
0.0458877
0.0486025
0.0612884
0.0643161
0.0632809
0.062682
0.0569624
0.0515733
0.0461866
0.048254
0.0479292
0.0428085
0.0434435
0.0560727
0.0580209
0.0456987
0.0610312
0.061956
0.0498376
0.0497034
0.0454747
0.0482948
0.0432212
0.056746
0.0625569
0.0614101
0.0541981
0.0504209
0.0411042
0.0521124
0.0523648
0.0561135
0.0593462
0.0661331
0.0496966
0.04624
0.0514503
0.0407592
0.043168
0.0495207
0.0463215
0.0436858
0.0441223
0.0427265
0.0432907
0.0528265
0.0395071
0.0467053
0.043616
0.0443284
0.0458885
0.0562248
0.0479587
0.0527474
0.0525394
0.0460131
0.0544692
0.0544994
0.0559058
0.0515733
0.0516291
0.0527926
0.0529319
0.0553514
0.0572787
0.0597074
0.0524315
0.0601102
0.0652798
0.0522536
0.045965
0.0615814
0.0444446
0.0436474
0.0504098
0.0580339
0.0513473
0.0559382
0.0488597
0.0583447
0.0549975
0.0452962
0.0403214
0.0371123
0.0322462
0.0353134
0.0453089
0.0503259
0.0560494
0.0356152
0.0388652
0.0419939
0.0324793
0.0413125
0.0380279
0.038558
0.0344732
0.0383955
0.0379409
0.0316888
0.0408837
0.0457148
0.0504482
0.0444287
0.0435636
0.0420486
0.0397385
0.037852
0.0497684
0.0505766
0.0510726
0.0562157
0.0581906
0.0435501
0.0463056
0.0522897
0.0421157
0.0480256
0.0503351
0.0491137
0.047488
0.0563025
0.0590504
0.0552579
0.0668737
0.0583892
0.0531965
0.0594115
0.0548535
0.0478981
0.0506011
0.0533027
0.0547622
0.05236
0.0586908
0.0487761
0.0388245
0.0454634
0.0489231
0.0382134
0.0460155
0.0389746
0.0331803
0.0371113
0.0386728
0.0330991
0.0311857
0.038251
0.031596
0.0349694
0.0379018
0.0430008
0.0562709
0.0439396
0.0393617
0.0430546
0.0474633
0.0379484
0.0346086
0.0380813
0.0439822
0.046782
0.0444268
0.0478155
0.0430522
0.0355432
0.0371317
0.0376747
0.0450992
0.0375939
0.0384295
0.0372566
0.0540619
0.0491437
0.0399209
0.0560744
0.0581683
0.0519931
0.054132
0.0507631
0.0566897
0.0543294
0.0517456
0.0513452
0.0395376
0.0353891
0.0462394
0.0515608
0.060376
0.0539865
0.0408582
0.0463043
0.0467113
0.0460638
0.0525479
0.0476794
0.0407036
0.039224
0.0433117
0.0489855
0.0500605
0.0471665
0.0489468
0.0411401
0.0532801
0.0450151
0.0436012
0.0449848
0.0555431
0.04502
0.0547161
0.0656004
0.0559721
0.0588385
0.0582098
0.0432717
0.0396803
0.0555724
0.0518691
0.0622975
0.056179
0.0578149
0.0652616
0.0618007
0.0510371
0.0462079
0.0496641
0.0446067
0.0413088
0.0506803
0.0399593
0.038389
0.0479743
0.0438473
0.0437142
0.0678375
0.0646566
0.0461984
0.038702
0.0412657
0.0412406
0.0364295
0.0454121
0.0416896
0.0471144
0.039125
0.0417562
0.0360258
0.0378147
0.0394196
0.0353594
0.0411434
0.0445678
0.0442263
0.0460954
0.0458908
0.0667321
0.0656709
0.0508328
0.0372932
0.0526663
0.0618007
0.0610244
0.0497412
0.0445055
0.0529377
0.0553881
0.0448487
0.0552739
0.0606699
0.0610208
0.0643629
0.0563922
0.052337
0.0543351
0.0450433
0.0564764
0.0567458
0.0600693
0.049851
0.0600751
0.050769
0.0661927
0.0678633
0.0595915
0.0489675
0.0528068
0.0627936
0.0480904
0.0369617
0.0424491
0.0560839
0.0479165
0.0453095
0.0405552
0.0552989
0.0393069
0.0427708
0.0359767
0.0401019
0.0358408
0.0393293
0.0399365
0.0318408
0.0346218
0.0395271
0.0373277
0.0324689
0.0321354
0.0367342
0.0376345
0.0363913
0.0368585
0.0404012
0.0508373
0.0417494
0.0613422
0.0540117
0.0504416
0.0436458
0.0502026
0.0540019
0.0460523
0.0468553
0.0500282
0.0470116
0.0545641
0.05097
0.0450431
0.0412733
0.0439044
0.041191
0.0394422
0.0443917
0.0355746
0.0360448
0.0553574
0.0488488
0.0406218
0.0455393
0.0500323
0.0555483
0.0557353
0.0471073
0.052372
0.0385027
0.0462135
0.045652
0.0465102
0.0566056
0.0475342
0.0588321
0.0646599
0.0555433
0.0556376
0.0412874
0.0407832
0.047738
0.0433279
0.035512
0.0387535
0.0438976
0.042834
0.0394265
0.044205
0.0449769
0.0544249
0.0534086
0.0337193
0.0398431
0.0353456
0.0385367
0.0411648
0.0329974
0.0349824
0.0331567
0.0386823
0.0423596
0.0441377
0.0408746
0.0420033
0.0437221
0.0484968
0.0492283
0.0506214
0.0469461
0.0445323
0.0406357
0.0568993
0.0466832
0.0439989
0.0451527
0.0498363
0.0498151
0.0409253
0.045437
0.0388061
0.0395916
0.0404844
0.046126
0.0478539
0.0441025
0.0367075
0.0411762
0.0523399
0.0469403
0.0427628
0.0423566
0.0388128
0.0407974
0.0449462
0.0427341
0.0472583
0.0495657
0.052521
0.0447394
0.0386116
0.0411648
0.0403649
0.0360405
0.0601291
0.0522311
0.0397501
0.0481623
0.0488629
0.0364858
0.0393754
0.039649
0.0345064
0.039868
0.0370232
0.0402034
0.0469078
0.0438112
0.050928
0.0399147
0.0324701
0.0372633
0.0377907
0.0388241
0.0469948
0.0513118
0.047865
0.0559482
0.0506675
0.0535383
0.0537138
0.0415702
0.0420838
0.040443
0.0398147
0.0402607
0.0441064
0.0483055
0.0487501
0.0478582
0.0614861
0.0520794
0.0482051
0.0412243
0.0342658
0.0330302
0.0308782
0.0351776
0.0434306
0.0487801
0.0529676
0.0504822
0.0506043
0.0399182
0.0334047
0.0493642
0.0606179
0.057116
0.0567067
0.0506689
0.0515493
0.0564579
0.0506931
0.0513819
0.0534978
0.0538489
0.0507641
0.0544569
0.0462146
0.0463761
0.0484145
0.0387162
0.0435368
0.0389543
0.0462587
0.039496
0.0327726
0.0350943
0.0359141
0.0353004
0.040736
0.0404571
0.0376086
0.0398319
0.0416583
0.0388854
0.0420119
0.0559128
0.0426883
0.0379389
0.032025
0.0308751
0.0309706
0.0328454
0.0383026
0.0427913
0.0366422
0.0383663
0.0524044
0.0419029
0.0401195
0.03943
0.0383465
0.0394337
0.0349885
0.0409411
0.0453872
0.0428529
0.0418473
0.0454445
0.0455574
0.0461349
0.0377564
0.0521748
0.0515113
0.0514313
0.0374431
0.0323232
0.0443101
0.0410746
0.0494596
0.0335218
0.0362536
0.0390719
0.0430853
0.042798
0.0546428
0.0464063
0.0421157
0.0534557
0.0492107
0.0589234
0.05396
0.0535029
0.0563167
0.0424676
0.0500774
0.046961
0.0613574
0.0468789
0.0518728
0.0491377
0.0452245
0.0499643
0.0617592
0.0501594
0.0547209
0.0587302
0.0472917
0.0499743
0.0442669
0.0351222
0.0453452
0.0396193
0.0495015
0.0532985
0.0578327
0.060821
0.0585338
0.0600054
0.0520729
0.0446691
0.0455828
0.0455995
0.0411379
0.0482631
0.054839
0.0477509
0.0416151
0.0419877
0.0429181
0.0344646
0.0451472
0.0443474
0.0484795
0.0459439
0.0376141
0.0366869
0.0372983
0.0374038
0.0378326
0.0422016
0.0394677
0.0374046
0.0372809
0.0452965
0.041882
0.0365745
0.0438553
0.0492188
0.0522175
0.0492484
0.0472567
0.0524501
0.0476493
0.049006
0.0784042
0.0680676
0.0533575
0.0583604
0.0581618
0.0445307
0.0530396
0.0616488
0.0736654
0.0619839
0.0600022
0.0646685
0.055962
0.0566213
0.0644553
0.0708686
0.0620467
0.063669
0.0582564
0.0558703
0.0505395
0.0565977
0.0638875
0.064593
0.0736244
0.079164
0.0808605
0.0707763
0.0601434
0.0673342
0.0783073
0.0676652
0.0510929
0.0468123
0.0402284
0.0438234
0.045091
0.0412363
0.0536638
0.0545733
0.0514066
0.0640358
0.0621936
0.0709648
0.0717418
0.0578624
0.0465171
0.0532198
0.0620398
0.0497723
0.0593625
0.0611651
0.0627277
0.0604484
0.065256
0.0529423
0.0515914
0.0476493
0.0464484
0.0433613
0.0520236
0.0473174
0.0557799
0.0413858
0.0421954
0.0371528
0.0392828
0.0343168
0.0300053
0.0336326
0.035359
0.0398089
0.0394707
0.0476163
0.0552792
0.0636007
0.0468516
0.0569134
0.0476414
0.0475142
0.0398533
0.0456396
0.036941
0.0320769
0.0398124
0.0392068
0.0399166
0.044305
0.0419001
0.0369503
0.0447221
0.052286
0.0417445
0.0446028
0.0485184
0.0429374
0.0343322
0.0384542
0.0454688
0.0502984
0.0578495
0.0585314
0.0541466
0.0535037
0.056502
0.0467553
0.0487169
0.054143
0.0441849
0.0389871
0.0544808
0.0474074
0.0388653
0.0412305
0.0407069
0.0366033
0.030399
0.0392205
0.0444434
0.040238
0.0348953
0.0388983
0.0441308
0.0448117
0.0410892
0.0379372
0.041283
0.0480081
0.0493312
0.0450798
0.0359491
0.0421162
0.0402659
0.0371558
0.0516652
0.0474241
0.0506999
0.0473492
0.0380362
0.0396332
0.0324902
0.0470204
0.0463189
0.0468022
0.055146
0.0507088
0.0494203
0.0517481
0.04459
0.0538497
0.0543803
0.0505385
0.0524172
0.0549212
0.0456921
0.0576683
0.0629841
0.0512524
0.0451415
0.0533252
0.050449
0.0445644
0.0447944
0.051909
0.0554794
0.0390095
0.0433898
0.0365837
0.0445415
0.0451147
0.0500574
0.0474214
0.0602608
0.0573929
0.0483104
0.0584127
0.0547198
0.0505964
0.0486511
0.0531181
0.0419421
0.0482386
0.0432634
0.0460224
0.0473685
0.0491863
0.041606
0.0377877
0.0519603
0.0519679
0.0521988
0.0568878
0.0477969
0.0557049
0.0463201
0.0402213
0.0519127
0.0440573
0.0495971
0.0422766
0.0416197
0.0476482
0.0428581
0.0493151
0.0487751
0.0463971
0.0434104
0.0483476
0.0442817
0.0414052
0.0475996
0.0577657
0.0577986
0.0605927
0.0524263
0.0516
0.0576347
0.0472403
0.0447239
0.045994
0.0398599
0.0411164
0.0398945
0.0503002
0.0456014
0.0631174
0.0654815
0.0554739
0.0564141
0.0506177
0.0530049
0.0444859
0.0420197
0.040572
0.0439678
0.0401333
0.0399744
0.0418873
0.0424851
0.0467954
0.0499581
0.0446543
0.0511997
0.0489451
0.0532077
0.0527499
0.053047
0.0591178
0.0608008
0.0550249
0.050464
0.0495934
0.0626537
0.0461482
0.0411011
0.0432609
0.0509382
0.0577765
0.0529289
0.058841
0.050189
0.0469944
0.045416
0.045468
0.0388521
0.0404928
0.0468977
0.041246
0.0504218
0.0565366
0.0503639
0.0505183
0.0417433
0.0452946
0.0448779
0.0443061
0.0460366
0.0555335
0.0566425
0.0659199
0.0626684
0.0594409
0.0604066
0.0425895
0.0383337
0.0345909
0.0369279
0.0369165
0.0407632
0.052155
0.0470998
0.064522
0.0501436
0.0553629
0.0547712
0.0383369
0.0386548
0.0399808
0.0406526
0.0466779
0.0470409
0.0396621
0.0344967
0.0407077
0.0379364
0.0322729
0.0401765
0.0382939
0.0323658
0.0366372
0.0349481
0.0459999
0.0411982
0.0410165
0.0547121
0.0562114
0.0524679
0.0467068
0.0442853
0.0549837
0.0430732
0.0383259
0.0412053
0.0399276
0.0503851
0.0505401
0.0510641
0.0461482
0.0486994
0.0526215
0.0478666
0.0490287
0.0488383
0.044
0.0422864
0.0385239
0.0402744
0.0354397
0.0376126
0.041804
0.0395219
0.0380227
0.0458483
0.0481665
0.0435763
0.0425523
0.0469651
0.050112
0.0446773
0.042806
0.041058
0.0361082
0.0375234
0.0409911
0.0425031
0.0572852
0.0502641
0.0365039
0.0408717
0.0382365
0.0392835
0.0426974
0.0412421
0.0395765
0.0364464
0.0426676
0.0554025
0.0560559
0.0594729
0.0625262
0.0426765
0.0442586
0.0512453
0.0551529
0.0498897
0.0438346
0.0500655
0.0434681
0.0493588
0.0494279
0.0611301
0.0564357
0.0517695
0.0461305
0.0492682
0.0393244
0.04683
0.0408863
0.0351415
0.0342705
0.0461874
0.043702
0.039964
0.0411444
0.0515631
0.0599235
0.0541698
0.0593428
0.0500322
0.0520546
0.0637131
0.0606649
0.0621556
0.0558956
0.0424367
0.0463204
0.0469935
0.0509519
0.0517659
0.0617767
0.0524762
0.0553932
0.0568974
0.0509119
0.0553386
0.0517233
0.0476334
0.0417157
0.0407875
0.0455878
0.0462834
0.0531236
0.0486015
0.0568485
0.0506783
0.055055
0.0453021
0.0443594
0.0463181
0.0428545
0.0416697
0.0402256
0.0434005
0.0429794
0.0507941
0.0561938
0.0470035
0.0574593
0.0527774
0.0493693
0.0602706
0.0547608
0.0553581
0.0577267
0.049871
0.0491263
0.0514916
0.0499386
0.0527705
0.0416603
0.0428589
0.0429576
0.0427007
0.0410888
0.0401774
0.0391417
0.0410144
0.0513329
0.0447166
0.046611
0.0489938
0.0448333
0.0519265
0.0466171
0.0464395
0.0490575
0.0436584
0.0384902
0.0391666
0.0389781
0.0400064
0.0403634
0.0343128
0.0342085
0.0366
0.0394044
0.042262
0.0521776
0.0599841
0.0610717
0.058695
0.0518344
0.0419345
0.0423547
0.0457222
0.0435333
0.0511065
0.0474509
0.0530539
0.0503925
0.0394628
0.0375542
0.0478091
0.0417491
0.0502659
0.0502625
0.0499208
0.0457722
0.035807
0.0389547
0.0403118
0.0361422
0.0436621
0.038646
0.0310935
0.0359978
0.0353479
0.0332729
0.0415068
0.0386343
0.04128
0.0465318
0.0499377
0.0426223
0.0474531
0.0439703
0.0397451
0.0360808
0.0315396
0.0338576
0.0334703
0.0433265
0.0425741
0.0479415
0.0418998
0.0410008
0.0436138
0.0461452
0.036224
0.0406968
0.0331265
0.0317219
0.0348078
0.036147
0.0440263
0.0410636
0.0460932
0.0459933
0.0428396
0.042437
0.0441064
0.0453903
0.047104
0.0343116
0.0384776
0.043443
0.0550893
0.0470974
0.0457106
0.0477161
0.0450735
0.048926
0.0501157
0.0622027
0.0602319
0.0507954
0.045837
0.049216
0.0430551
0.0561288
0.0472509
0.0446336
0.0577751
0.04799
0.0486596
0.0414782
0.0455713
0.0371896
0.0432211
0.0538592
0.0615948
0.0445407
0.0441916
0.0425471
0.0493102
0.0509991
0.0465826
0.0370801
0.0317494
0.0304122
0.0339006
0.0326914
0.0353998
0.0348394
0.0362123
0.0364045
0.0304956
0.0381689
0.035684
0.0326026
0.038654
0.0369955
0.0311115
0.0316383
0.0299832
0.0385848
0.0370941
0.0409926
0.0373068
0.0400405
0.0354427
0.0393835
0.0392411
0.0456667
0.0405916
0.0324273
0.0353625
0.0411553
0.0400924
0.041909
0.045263
0.0424492
0.0427405
0.0432035
0.0453152
0.0530388
0.036497
0.0431438
0.0413318
0.0353461
0.0381162
0.0414138
0.039663
0.0324121
0.036259
0.0452876
0.0436477
0.0445574
0.0312908
0.0306185
0.0372717
0.0386659
0.0482095
0.0513809
0.0460788
0.0502543
0.0491776
0.0550828
0.0456958
0.0438599
0.0458627
0.0400779
0.0409546
0.0374032
0.0384672
0.0359871
0.0401574
0.0404329
0.0447533
0.0450105
0.0436377
0.0430793
0.0506926
0.0451271
0.0453533
0.0546636
0.0411472
0.0451159
0.051762
0.0435352
0.0350544
0.0375254
0.0468882
0.0524835
0.052645
0.0460582
0.0486917
0.0461247
0.0431986
0.0393151
0.0364025
0.0443891
0.040573
0.0455154
0.0397014
0.0414119
0.0380431
0.0623225
0.0509727
0.047112
0.0398441
0.0449946
0.0379721
0.0395885
0.0461329
0.0463403
0.0436755
0.0411816
0.0385703
0.0405053
0.0347893
0.039756
0.0398178
0.0522028
0.0517976
0.048563
0.0443975
0.0409615
0.0347035
0.0385264
0.038821
0.0428761
0.0370354
0.0424456
0.0504859
0.0503818
0.0501172
0.0455348
0.0616379
0.0728893
0.0638312
0.0499543
0.0451519
0.0498802
0.0410004
0.0427645
0.0486019
0.0404191
0.0388665
0.0455725
0.0438501
0.0502968
0.0474126
0.0347143
0.0415049
0.0503171
0.0594015
0.055318
0.0602497
0.0670195
0.0572869
0.0599034
0.0604251
0.059315
0.0645687
0.0470876
0.0541497
0.062127
0.0632427
0.0562351
0.0473781
0.051226
0.0465521
0.0454278
0.0575434
0.0548227
0.0535885
0.0613589
0.0600503
0.0491089
0.0551093
0.0650832
0.0678663
0.0524869
0.0539092
0.0523385
0.0551132
0.0448004
0.0524293
0.0619751
0.0599899
0.0760148
0.0631031
0.0556214
0.0496441
0.0568046
0.051886
0.047288
0.0546999
0.0546488
0.0662411
0.0575349
0.0533989
0.0508977
0.0453245
0.0493027
0.0462639
0.0609382
0.0545052
0.0521597
0.0531313
0.0553253
0.0481161
0.0483907
0.0625938
0.0643871
0.073791
0.0619933
0.053491
0.0444452
0.0481491
0.052716
0.044344
0.0496221
0.0437782
0.0419408
0.049625
0.0513349
0.0491299
0.0516051
0.0500334
0.0510067
0.049282
0.0393667
0.0433522
0.0528741
0.0582006
0.0647808
0.0755428
0.0608594
0.0525691
0.0580323
0.0610983
0.0599321
0.0584875
0.0476074
0.0498361
0.043343
0.0494163
0.0485529
0.0447226
0.0422066
0.0540867
0.0513213
0.0535173
0.0477324
0.0374456
0.0316295
0.03274
0.0417437
0.0531305
0.0474806
0.0495806
0.0467526
0.0490889
0.0513684
0.0528048
0.0522808
0.0550846
0.0402357
0.0473447
0.0482368
0.0490156
0.0653347
0.0389735
0.0406626
0.0483384
0.054539
0.0511542
0.0533171
0.0514748
0.0460471
0.0527942
0.0476419
0.0470247
0.036267
0.0389475
0.0430554
0.0411236
0.045292
0.0382411
0.0344115
0.0383196
0.0399038
0.0470585
0.0455986
0.0540365
0.0379707
0.0462332
0.0489495
0.0438061
0.0450121
0.046529
0.0519926
0.0479069
0.047154
0.0512964
0.052985
0.0486013
0.0503271
0.061635
0.0543503
0.0508557
0.0640463
0.0661218
0.0732558
0.0684838
0.0563397
0.0618936
0.0601682
0.0666045
0.0643823
0.0575477
0.0466482
0.0481985
0.0492929
0.0501892
0.0495579
0.0410959
0.0343628
0.0440452
0.0382141
0.0409119
0.0439155
0.0488432
0.0402526
0.0398238
0.0432156
0.0469025
0.046705
0.0375314
0.0475194
0.0371948
0.0408518
0.0466066
0.0347065
0.0359506
0.0410489
0.0491655
0.0576812
0.0614084
0.0558524
0.0419568
0.0409698
0.0516594
0.0612959
0.0583116
0.0660981
0.0596948
0.0479565
0.0500416
0.047348
0.0441424
0.0386497
0.0337438
0.0403496
0.0400889
0.0406931
0.0419436
0.0471258
0.049302
0.0447446
0.0526024
0.0552256
0.0526547
0.0517062
0.0465958
0.0472375
0.0544849
0.0566466
0.0640517
0.0577724
0.0590734
0.053283
0.0477925
0.0495136
0.0548344
0.0432332
0.0470203
0.0409574
0.0414305
0.0439985
0.0448325
0.0425631
0.0426914
0.0481597
0.0497709
0.0571033
0.0683955
0.0494659
0.0457551
0.0501297
0.0466468
0.0528359
0.0445129
0.0485678
0.0510195
0.0535516
0.0467215
0.0456021
0.0428291
0.0379924
0.0426343
0.0439394
0.0596474
0.0488227
0.0436453
0.0428438
0.0347349
0.0332448
0.0352635
0.0365937
0.0385449
0.0421113
0.0387689
0.0384705
0.0410871
0.054012
0.0407873
0.0429842
0.046767
0.0410732
0.0370008
0.0427828
0.0430793
0.0512527
0.0472867
0.0499579
0.04852
0.0353254
0.0435745
0.0517181
0.0670425
0.0609945
0.0660438
0.0578211
0.0395974
0.0440485
0.0398809
0.0463761
0.0445861
0.0433348
0.0468031
0.0413249
0.0423362
0.043394
0.049192
0.0439126
0.0429831
0.0476645
0.052935
0.0476152
0.0486639
0.050383
0.0437714
0.0519375
0.05308
0.0444353
0.0402929
0.0432417
0.0417685
0.0389364
0.0547477
0.0617393
0.0512746
0.059998
0.0592698
0.0534654
0.0472941
0.0434281
0.0542473
0.0478191
0.0510453
0.0564751
0.0592578
0.0512263
0.0653312
0.0512009
0.0563331
0.0547252
0.0542092
0.0542626
0.0576939
0.0614597
0.051858
0.0611981
0.0486888
0.0382271
0.0356994
0.0444412
0.0458625
0.0527289
0.0480472
0.0409788
0.0474854
0.0534597
0.0475048
0.0477812
0.0493874
0.0620128
0.062216
0.0640219
0.0576181
0.0585732
0.0580601
0.0448999
0.0542708
0.0614835
0.0603795
0.0576956
0.0547071
0.0513239
0.0428926
0.0526723
0.0481163
0.0444524
0.0461144
0.0472411
0.0447867
0.0429623
0.0354971
0.0370372
0.0435964
0.0487397
0.0471502
0.0416445
0.0402502
0.0397837
0.0360549
0.0401236
0.0340216
0.0414253
0.0391203
0.0425541
0.0529836
0.0444954
0.058533
0.0690267
0.0540246
0.0595343
0.0494803
0.03182
0.0397163
0.0473188
0.0383509
0.0433131
0.0471073
0.0454639
0.0418666
0.0342963
0.0308196
0.0321036
0.0381769
0.0393635
0.0423584
0.0415595
0.0451889
0.0414423
0.0459296
0.0416034
0.0495353
0.0649531
0.058679
0.0581183
0.0699452
0.0632085
0.059124
0.0644493
0.05886
0.0445386
0.0428271
0.0434914
0.0484469
0.0509164
0.0512419
0.0493798
0.0560024
0.0640858
0.0539277
0.0622229
0.0621433
0.0557342
0.0571726
0.0548292
0.0534464
0.0447209
0.0485055
0.0503941
0.0472166
0.0525683
0.0457234
0.0430083
0.0514639
0.0459384
0.0507734
0.0509922
0.0529004
0.0561511
0.0550368
0.0478365
0.044979
0.0499533
0.0464906
0.0538119
0.0480978
0.0512941
0.0558317
0.0608829
0.0634599
0.0642711
0.0749961
0.053919
0.0496204
0.0411182
0.0508982
0.055936
0.0513229
0.0484635
0.0466849
0.0513338
0.0474358
0.0466246
0.0532497
0.0505583
0.0473685
0.0500085
0.0481155
0.0406118
0.0374942
0.041038
0.0543905
0.0547214
0.0497075
0.048498
0.0415033
0.0381507
0.0442525
0.0502333
0.0442638
0.0464135
0.0447228
0.046149
0.0483839
0.053039
0.0542137
0.0511814
0.0528491
0.04827
0.0475522
0.042274
0.0423423
0.0437049
0.0528397
0.0541745
0.0459018
0.0497698
0.0456902
0.0415337
0.0392279
0.0387577
0.0476709
0.0485369
0.0482874
0.0503559
0.0536717
0.0509145
0.0512428
0.0456623
0.0574755
0.0598011
0.0675742
0.0628828
0.044458
0.0430856
0.0388217
0.0494038
0.0439648
0.0510084
0.0501548
0.0524071
0.0524645
0.0474561
0.0518024
0.0497089
0.0462944
0.0445066
0.0464757
0.0446651
0.0525715
0.0462838
0.0458117
0.0530578
0.0526259
0.0482276
0.0418186
0.052063
0.0536358
0.0477834
0.0652044
0.0557132
0.0453535
0.0428624
0.0436662
0.0517389
0.0555993
0.0693117
0.0678489
0.0696191
0.0604103
0.0503585
0.0556085
0.0438372
0.0444796
0.0418703
0.0385351
0.0450561
0.040309
0.041512
0.038111
0.0404111
0.0413393
0.0436097
0.0423237
0.0428871
0.0410426
0.0454044
0.0415492
0.0376835
0.0358881
0.040745
0.04136
0.0500836
0.0504182
0.0465706
0.0467511
0.0482691
0.0393328
0.0379996
0.0505712
0.0488139
0.0558774
0.0457948
0.0398849
0.044916
0.043495
0.0570434
0.0626629
0.0561286
0.0579748
0.043822
0.0415271
0.0471438
0.0384351
0.0434887
0.0469692
0.0419237
0.055616
0.0555933
0.0641688
0.0636401
0.0553506
0.0613598
0.0483051
0.0522036
0.0505857
0.0690108
0.0652109
0.0565895
0.0513256
0.0471841
0.0485949
0.05592
0.0538692
0.0467578
0.0455805
0.0446335
0.0511515
0.0474378
0.0514326
0.0345019
0.0359622
0.0393927
0.0387292
0.0439199
0.0445297
0.0525738
0.0512555
0.0452838
0.0463465
0.0561061
0.0478011
0.0402407
0.0470901
0.0469793
0.0416259
0.0463929
0.0393979
0.0509769
0.0559227
0.0474794
0.0466012
0.041808
0.0556378
0.0495234
0.0576316
0.0592904
0.0589991
0.0547655
0.0679012
0.0611151
0.0471669
0.0476523
0.0511521
0.0561587
0.0460166
0.0456898
0.0495359
0.0360277
0.0355756
0.0413983
0.0466575
0.0473061
0.042047
0.0486376
0.0447966
0.0456693
0.0400014
0.0497163
0.05592
0.0586609
0.0507296
0.0482353
0.0486513
0.0519025
0.0585536
0.0512082
0.053288
0.0519128
0.0502396
0.0516169
0.045616
0.0411702
0.0478537
0.0500679
0.0514988
0.0539121
0.0491099
0.0516041
0.0483527
0.0467413
0.0476196
0.0458209
0.0497681
0.0428059
0.0462097
0.0431892
0.0418766
0.049053
0.0415597
0.0422488
0.0523948
0.0492608
0.0440625
0.0497021
0.0534952
0.0500735
0.043913
0.0430496
0.0407272
0.0496243
0.0447622
0.0412584
0.0448918
0.048209
0.0494228
0.0444992
0.055206
0.05959
0.0429289
0.0517273
0.0496498
0.0582966
0.0563521
0.0547075
0.0451833
0.0430521
0.0455138
0.0525503
0.0521368
0.0478614
0.0457475
0.0442451
0.0412345
0.0354957
0.0357633
0.0396501
0.0445536
0.0502871
0.0458549
0.0414698
0.0515272
0.0493992
0.0525973
0.0497507
0.0481704
0.0492832
0.04402
0.0497651
0.0481238
0.0552943
0.0449519
0.03674
0.0453924
0.0423852
0.0455886
0.0486864
0.0421454
0.0488818
0.036322
0.0443547
0.045413
0.0490062
0.0436943
0.0441512
0.052725
0.0477325
0.0460075
0.0561239
0.0574701
0.0562714
0.0647863
0.0619365
0.0497875
0.0491222
0.0576884
0.0508236
0.0584829
0.056429
0.0498984
0.0595004
0.0624086
0.0579077
0.0650222
0.0521243
0.0503928
0.0583485
0.0656406
0.05858
0.0775708
0.0660999
0.0687648
0.0555139
0.0568713
0.0689012
0.0596842
0.0562507
0.0526996
0.060635
0.065512
0.0572491
0.0630599
0.0696074
0.0710388
0.0627974
0.0535483
0.0502524
0.0467544
0.0422298
0.0428868
0.0475116
0.0428695
0.0415921
0.0454668
0.0437834
0.0436904
0.05269
0.0555681
0.0519129
0.0650997
0.0565876
0.0548466
0.0480352
0.0408654
0.0395959
0.043029
0.0503632
0.0462967
0.0511203
0.0474256
0.0659445
0.0647592
0.0602118
0.0538895
0.0580124
0.0460403
0.0434561
0.0428792
0.0489358
0.0482459
0.0534484
0.0466
0.042317
0.047766
0.0500216
0.0449756
0.0433798
0.0476337
0.0470201
0.045772
0.0472098
0.0510754
0.053544
0.0593403
0.0521854
0.0494577
0.0531987
0.043752
0.0407478
0.042344
0.0391798
0.0375409
0.0394617
0.0448686
0.0451244
0.0442555
0.0458342
0.0548772
0.0596672
0.0593241
0.0699252
0.0683329
0.0754743
0.0669565
0.0600805
0.0632597
0.0464847
0.0410058
0.0411304
0.040623
0.047516
0.0433102
0.045513
0.0401963
0.0444551
0.0422909
0.0400423
0.0404553
0.0417037
0.0408378
0.0476283
0.0489109
0.0460851
0.0467749
0.0458395
0.0450198
0.0516977
0.0491224
0.0448679
0.0431442
0.0433137
0.043706
0.0529938
0.0445788
0.0434342
0.0456235
0.0407626
0.0482012
0.0580541
0.0515212
0.045882
0.0592624
0.054796
0.0451334
0.0394333
0.0422456
0.0458029
0.0367228
0.0372155
0.0366598
0.0460717
0.044748
0.051637
0.0444377
0.04843
0.0534611
0.0526735
0.0498579
0.0467748
0.0507667
0.0495639
0.0540735
0.0545813
0.0574346
0.0636188
0.0544987
0.0570113
0.0566391
0.0586937
0.0494617
0.0616591
0.0513722
0.0525477
0.0411002
0.0429908
0.0440514
0.0459519
0.0460474
0.0423782
0.04342
0.0436417
0.0373408
0.0343446
0.0411688
0.0415789
0.0374615
0.040022
0.0390463
0.0449723
0.0544238
0.0560346
0.0713317
0.0670747
0.0495945
0.0426605
0.0460371
0.04752
0.0516395
0.0554173
0.043117
0.0474376
0.0465634
0.0545434
0.0521055
0.0538893
0.0612581
0.0605788
0.0607079
0.0579415
0.053305
0.0591935
0.0626705
0.0519713
0.0432747
0.0434612
0.0429248
0.0407716
0.0511819
0.0429763
0.0529383
0.0494556
0.0484577
0.0445036
0.0446733
0.0431562
0.0437541
0.0490223
0.0606329
0.0489332
0.0535155
0.0531439
0.0590316
0.0565118
0.0586909
0.0626102
0.0536878
0.0554223
0.0500645
0.0527604
0.0497096
0.0492553
0.0373436
0.0435905
0.0446876
0.0474831
0.055769
0.0583309
0.0511371
0.0535555
0.0504037
0.044696
0.0439629
0.0451582
0.0478571
0.046661
0.0518879
0.0539678
0.0645962
0.0599899
0.0486621
0.0469701
0.0496616
0.0505236
0.0393704
0.0370766
0.0384098
0.0408117
0.0421676
0.0411682
0.0429051
0.0435955
0.0431446
0.042307
0.0438381
0.0463603
0.0522819
0.0448066
0.0427639
0.0396902
0.0411486
0.0398406
0.040584
0.04706
0.0478593
0.0473335
0.0375145
0.0365893
0.0390573
0.0453001
0.0508557
0.0455022
0.0501941
0.0428007
0.0413864
0.0382055
0.0438864
0.0448465
0.0462867
0.0433871
0.0518066
0.0582449
0.0542787
0.0549201
0.0668244
0.0621084
0.0472809
0.0428397
0.0520118
0.0564851
0.0529543
0.0564937
0.0454509
0.0479594
0.0492515
0.0529982
0.0516946
0.0481038
0.0396419
0.0397145
0.0438884
0.0450974
0.0434217
0.0466111
0.0480452
0.0497759
0.0494943
0.0503696
0.0462958
0.0533289
0.0504264
0.0522627
0.0527042
0.0517545
0.0531414
0.0491735
0.055737
0.0585599
0.0511032
0.0527947
0.0467828
0.0403565
0.0393643
0.0454448
0.0446315
0.0557024
0.0490902
0.0483216
0.0599152
0.052315
0.0522545
0.0443799
0.0505822
0.0487458
0.0472068
0.0429807
0.0488764
0.0469683
0.0492964
0.057511
0.0544256
0.0514354
0.0450512
0.047504
0.0443099
0.0454552
0.0430729
0.0469304
0.0540273
0.0511404
0.0441439
0.0506548
0.0508326
0.0514284
0.0483699
0.0461689
0.0542274
0.0459239
0.0562246
0.0560037
0.0540408
0.0499841
0.0539489
0.044306
0.0457503
0.0464603
0.0421382
0.0424823
0.0466292
0.0522076
0.0654063
0.0671361
0.0633003
0.0467454
0.042676
0.0452992
0.0432546
0.0466526
0.049423
0.0552245
0.055558
0.0559234
0.0603786
0.0594682
0.0514802
0.0535007
0.04927
0.0477416
0.0408718
0.0430522
0.0433078
0.0403282
0.0391732
0.0433767
0.0462989
0.0442895
0.0460334
0.0434744
0.0463118
0.0475838
0.0395043
0.0459268
0.0425675
0.0498314
0.0480414
0.0491866
0.0490861
0.0493607
0.0468764
0.0565439
0.0522767
0.0636973
0.0656674
0.0661619
0.0620276
0.065175
0.0711461
0.0598004
0.0607951
0.0515697
0.0424802
0.0452319
0.0428665
0.0421535
0.0443736
0.0468739
0.0555979
0.0577665
0.0514609
0.0403423
0.04747
0.04949
0.052245
0.05528
0.0564345
0.0614219
0.0639591
0.0652431
0.0528558
0.0488656
0.047959
0.0469987
0.0555546
0.0484634
0.0489486
0.0455546
0.0463775
0.0450961
0.0538536
0.0450284
0.0412557
0.054417
0.0600467
0.0599944
0.0534948
0.0539861
0.0506829
0.0426376
0.047571
0.0521138
0.0510827
0.0460429
0.048976
0.0470454
0.0486273
0.0459673
0.0451463
0.0585666
0.0657149
0.0694469
0.0611343
0.0559645
0.0492957
0.0414731
0.0487853
0.0521854
0.0568062
0.047773
0.0438745
0.0418397
0.0487136
0.0456862
0.0429644
0.0488625
0.04229
0.0482415
0.0472056
0.0451025
0.0459551
0.0515703
0.0520417
0.0565841
0.0563749
0.0506928
0.0532469
0.0550759
0.0484676
0.0487865
0.0489354
0.0483124
0.0495065
0.0496566
0.0641511
0.0623402
0.0664646
0.0605681
0.0547782
0.0590399
0.0613446
0.0638341
0.0499894
0.0394048
0.0457412
0.0488575
0.0495872
0.046779
0.0443457
0.0434953
0.0479778
0.0467762
0.0502925
0.045781
0.0433026
0.0446246
0.0481493
0.0474915
0.0443903
0.0423653
0.043305
0.0384726
0.0497346
0.0487509
0.0438686
0.0473736
0.0404472
0.0427139
0.0464116
0.0504899
0.0500806
0.0610915
0.056
0.0571525
0.0636069
0.0535088
0.0429947
0.0408212
0.037119
0.0364345
0.036709
0.0352534
0.0362339
0.0388603
0.0376025
0.0419167
0.042477
0.0431232
0.0422609
0.040007
0.0490257
0.048243
0.0419318
0.040483
0.039757
0.0392285
0.0427965
0.0414577
0.0406437
0.038088
0.0440745
0.0448679
0.0513181
0.0422782
0.0476666
0.0573647
0.0517317
0.0532831
0.052777
0.0458143
0.0459457
0.0506403
0.0567354
0.051065
0.052067
0.0528909
0.0488044
0.0494508
0.0504843
0.0569233
0.0505987
0.0582872
0.0614123
0.064307
0.0673808
0.0592631
0.0597241
0.0525336
0.0569939
0.0647799
0.0665032
0.0520894
0.0547334
0.0507602
0.0554939
0.0461641
0.0534362
0.0541331
0.0575213
0.0497684
0.0468252
0.0467496
0.0558437
0.0523731
0.0487901
0.0464489
0.0464836
0.0458768
0.04434
0.0469196
0.0459038
0.0427778
0.0469471
0.050946
0.0472977
0.046135
0.0403215
0.0403188
0.0512284
0.0455781
0.0453241
0.0439174
0.0461746
0.0459683
0.0511953
0.0433324
0.045413
0.0377575
0.0448853
0.0563895
0.0529244
0.0442397
0.0477527
0.0445775
0.0473348
0.0453239
0.0449317
0.0542584
0.0567859
0.0588765
0.0512647
0.0507722
0.047189
0.0562255
0.0489815
0.0519933
0.0598136
0.0588998
0.0633337
0.0637925
0.0485833
0.0466841
0.0405114
0.0517717
0.0526241
0.0418613
0.0438225
0.0486225
0.0404762
0.0375241
0.0436829
0.0407204
0.0453156
0.0400593
0.0380909
0.0404349
0.047386
0.0507229
0.0461643
0.0460481
0.0450949
0.04468
0.0409999
0.0387237
0.0422775
0.0415748
0.0462903
0.04774
0.0585755
0.0510225
0.0468834
0.0479438
0.042814
0.0478443
0.0480987
0.0406013
0.0571278
0.0499727
0.0628339
0.0565231
0.0561194
0.0641151
0.0587217
0.054905
0.0568216
0.0600807
0.0744249
0.060456
0.0504201
0.049068
0.0444182
0.0410139
0.0407522
0.0383579
0.0400369
0.0429559
0.0419218
0.0446376
0.0573525
0.0461076
0.0430683
0.0472875
0.0556171
0.0569203
0.0510032
0.0486883
0.0462014
0.050164
0.0453637
0.0542505
0.0386778
0.0360225
0.0371954
0.039601
0.0399114
0.0401199
0.0419944
0.0441953
0.0449212
0.0480093
0.0494651
0.0560525
0.0520848
0.061886
0.0658262
0.0617253
0.0546537
0.0636571
0.0576975
0.0581351
0.057032
0.0539324
0.0508335
0.0524367
0.0531435
0.0546977
0.0503369
0.047616
0.053113
0.0472735
0.0423916
0.0519094
0.0413651
0.0417312
0.0386725
0.041264
0.0441268
0.0423385
0.0595511
0.0562986
0.0562613
0.051654
0.0505169
0.0417939
0.0429997
0.0425772
0.0420722
0.0384017
0.04343
0.0444542
0.0423673
0.0399373
0.049859
0.0518998
0.0503661
0.0545798
0.0536257
0.0567367
0.0451774
0.0454489
0.0450379
0.0599037
0.059142
0.0542045
0.0510841
0.0517144
0.0524841
0.0506649
0.0501643
0.0548305
0.0440776
0.0427816
0.0513658
0.0581201
0.0589058
0.0689815
0.0657378
0.0640279
0.0579694
0.0507782
0.0467902
0.0490938
0.052998
0.0494913
0.0478676
0.0468273
0.0470936
0.0434253
0.0485538
0.0493414
0.0596532
0.0498394
0.0518866
0.0475328
0.0466914
0.0417459
0.036987
0.0385271
0.045914
0.0501413
0.0426418
0.0462737
0.0583383
0.0501693
0.0525672
0.0555775
0.0454177
0.0457917
0.0391
0.0397072
0.0406989
0.0485843
0.0477655
0.0452579
0.0655166
0.0732684
0.057661
0.0439651
0.0568503
0.0464515
0.0432159
0.0432744
0.0462682
0.0438975
0.0436165
0.03792
0.0449279
0.037006
0.0346538
0.0384799
0.0351678
0.0367628
0.0392309
0.0415165
0.047536
0.0431871
0.0380909
0.0446993
0.0460282
0.0531404
0.0543994
0.056456
0.0449164
0.051433
0.0499715
0.0494332
0.0472789
0.0466912
0.0477192
0.046155
0.0566758
0.0529243
0.0478166
0.0459809
0.0457552
0.0511863
0.0524165
0.0477325
0.0483084
0.0491167
0.0470102
0.0472219
0.0463348
0.0446011
0.0433401
0.0536535
0.0474823
0.0439149
0.0489472
0.0401817
0.0391822
0.0395994
0.0397939
0.0414281
0.0501527
0.0464098
0.0423483
0.0460574
0.0480547
0.0489446
0.0422999
0.0448852
0.0461155
0.0492726
0.0492628
0.0371352
0.0453437
0.0477929
0.0403875
0.0520137
0.0437447
0.0515913
0.0502632
0.0506978
0.0504356
0.0446027
0.0383938
0.0393362
0.0409308
0.0494517
0.0477883
0.0456676
0.0422001
0.0435026
0.0454491
0.0465776
0.0458044
0.0420242
0.044906
0.0484985
0.0513944
0.0597148
0.0449546
0.0513872
0.0554477
0.0585595
0.0520886
0.049012
0.0402371
0.0380228
0.0369851
0.0376374
0.0443656
0.0409841
0.0440878
0.0441368
0.0429644
0.0444944
0.0466802
0.0505973
0.049197
0.0471359
0.0561278
0.0523618
0.0555811
0.0599146
0.0501626
0.0505903
0.0590973
0.0574423
0.0586957
0.0448617
0.0604926
0.0545446
0.061827
0.0502452
0.0435971
0.0477711
0.0466832
0.0442741
0.0482985
0.0480423
0.041022
0.0434776
0.0514675
0.061894
0.0589354
0.0599141
0.0521864
0.0544935
0.0627875
0.0486362
0.0622715
0.0474991
0.0483419
0.0456246
0.0448678
0.0470981
0.0492396
0.0490513
0.0545702
0.0544717
0.0692633
0.080017
0.0528387
0.0466326
0.0416651
0.0420793
0.0425869
0.0446877
0.0467509
0.0494739
0.047859
0.0443113
0.0417783
0.0389021
0.0426999
0.0372635
0.0385185
0.0461415
0.0417495
0.0506502
0.0461643
0.060303
0.049925
0.0445333
0.0473563
0.04449
0.0418083
0.0408104
0.0500811
0.0439743
0.0495798
0.0550985
0.061948
0.0667581
0.0593721
0.0521004
0.0491742
0.0481277
0.0521802
0.0506703
0.0483342
0.0515443
0.0399831
0.0464565
0.0430117
0.040725
0.0435962
0.0426716
0.0424347
0.0418149
0.0441881
0.047299
0.0464942
0.0449091
0.0457445
0.0389487
0.0398305
0.0543211
0.0621162
0.0502301
0.0431397
0.0391306
0.0425908
0.0577053
0.0512804
0.0598389
0.0633028
0.0602217
0.0633251
0.0593534
0.0559848
0.0641378
0.0458936
0.0453225
0.0536552
0.0595179
0.0729361
0.0657298
0.0569773
0.0522602
0.0642291
0.0743347
0.0653514
0.06426
0.0652288
0.058497
0.0603704
0.0432633
0.040323
0.0425491
0.0434508
0.0375794
0.0381069
0.047539
0.0556922
0.0612636
0.0668297
0.0566374
0.0600476
0.060817
0.0599305
0.0641894
0.0571115
0.0508691
0.0410218
0.0369033
0.045799
0.0399237
0.0452737
0.0445857
0.0488014
0.0458091
0.0497133
0.0510447
0.0474126
0.0452875
0.0564652
0.0534926
0.056168
0.0507236
0.0443846
0.0537196
0.0528008
0.0444589
0.043337
0.0445137
0.0529066
0.0419018
0.0482207
0.0410074
0.0452182
0.0516933
0.0540336
0.057889
0.0665945
0.0537955
0.0542412
0.0573537
0.054911
0.0513626
0.0533104
0.0487719
0.0598339
0.064099
0.0701313
0.0611868
0.061791
0.0608653
0.0557806
0.0582908
0.0522065
0.0533007
0.0559772
0.053871
0.0581358
0.0680183
0.0568875
0.0579266
0.0573337
0.0576536
0.0596013
0.0491912
0.0409288
0.0437006
0.0405925
0.0491809
0.0493432
0.0515952
0.050079
0.0415212
0.0439202
0.046724
0.0460931
0.0507287
0.0387681
0.0405392
0.0400005
0.0421151
0.050256
0.0664783
0.0543484
0.0539359
0.0591632
0.0592706
0.0499227
0.0476346
0.0388615
0.055
0.0526611
0.0625879
0.0643443
0.0687452
0.067188
0.0632832
0.0543505
0.0571337
0.0580217
0.0567449
0.0512183
0.0470932
0.0574718
0.063256
0.055021
0.0609603
0.0539847
0.0456826
0.0563144
0.0505433
0.0460586
0.0451434
0.04962
0.0459911
0.0421347
0.0464473
0.0460105
0.0378755
0.0477761
0.0458268
0.0427511
0.0424969
0.0437368
0.0431967
0.0492261
0.0380724
0.0412722
0.0446971
0.0434349
0.0413787
0.0394708
0.0432597
0.0447422
0.0388567
0.0419853
0.0537755
0.0600132
0.0552661
0.0526298
0.0490741
0.0448616
0.0439698
0.0469138
0.0442409
0.0436948
0.0414798
0.0574145
0.0511759
0.0523838
0.0475232
0.0499167
0.0413834
0.0410236
0.0461143
0.0450534
0.0416055
0.0392085
0.0455671
0.0440901
0.050461
0.0500833
0.042267
0.0486103
0.0434212
0.0567777
0.0443931
0.0413853
0.0432631
0.0396448
0.0404679
0.0450787
0.0494466
0.0430939
0.0555263
0.072738
0.0551596
0.0734442
0.0622275
0.0577293
0.0558446
0.0506769
0.0520284
0.0596926
0.0535505
0.0484402
0.0513286
0.0498329
0.0424139
0.040561
0.0374427
0.0392057
0.0449463
0.0466717
0.0546409
0.0517441
0.0502512
0.0545826
0.0493686
0.0503653
0.0521534
0.0439563
0.0476299
0.0511441
0.0451329
0.0498068
0.050651
0.0620888
0.047898
0.0496332
0.057245
0.0524187
0.0592829
0.0655193
0.0662661
0.0434719
0.0511878
0.0550702
0.0422979
0.0396629
0.0461025
0.0413981
0.0418295
0.0455946
0.0443619
0.049396
0.055559
0.0566848
0.0502797
0.0465994
0.0451292
0.0447989
0.0578564
0.0564741
0.0494349
0.0495228
0.0469941
0.0527504
0.0472962
0.0431451
0.0483598
0.0460883
0.0404493
0.0423255
0.0481944
0.0448018
0.0385007
0.0378588
0.0347401
0.039117
0.0436356
0.0396319
0.0425004
0.0420769
0.0382977
0.0410979
0.043652
0.0507477
0.0465508
0.0486106
0.0412158
0.0412663
0.0524809
0.0500779
0.0605149
0.051935
0.0433526
0.0387663
0.0418454
0.0443968
0.0437409
0.0451391
0.0455108
0.0444753
0.0537863
0.0420017
0.0542907
0.0534769
0.0501441
0.0545077
0.0506538
0.0479985
0.051381
0.0546981
0.0585085
0.0498562
0.0346222
0.0395475
0.0453595
0.0548908
0.0684631
0.0571362
0.0549854
0.0579732
0.0428636
0.0438601
0.0468003
0.0445529
0.0481488
0.0447878
0.0578363
0.0625309
0.0576025
0.0514091
0.0505511
0.0430212
0.0455677
0.0370463
0.0368494
0.0338705
0.0391455
0.0480036
0.0562484
0.0549604
0.0571751
0.059175
0.0696304
0.0655469
0.0826825
0.0634961
0.0622006
0.0450334
0.0436173
0.0428203
0.0471219
0.0372384
0.0440224
0.0588844
0.0557557
0.0541434
0.0573693
0.0617928
0.0538004
0.0478083
0.0480327
0.0395252
0.0436983
0.0496164
0.0414527
0.0472002
0.0560568
0.0562164
0.0480818
0.0504615
0.0456855
0.0479604
0.0538152
0.0449241
0.0431288
0.0522159
0.050505
0.0536368
0.0573066
0.055052
0.055172
0.0450792
0.0435967
0.0433217
0.0475633
0.043859
0.044224
0.0486922
0.0504439
0.0576472
0.0533303
0.0804119
0.0702367
0.0577229
0.0582914
0.0572817
0.0558696
0.0624202
0.0663543
0.0675419
0.0639752
0.0563819
0.0490601
0.0524429
0.0520883
0.0537559
0.0601268
0.0522126
0.0551708
0.0651769
0.0654544
0.0623628
0.0605725
0.0612862
0.0497784
0.0522907
0.0546534
0.0627693
0.0595966
0.0564247
0.0474899
0.0492185
0.0511605
0.0513346
0.0414032
0.0448802
0.0467261
0.045858
0.0495099
0.0487415
0.0511085
0.0540897
0.0466595
0.0437766
0.0398805
0.0410612
0.0429845
0.0424692
0.0386853
0.0427326
0.0398456
0.0452923
0.0460899
0.048417
0.0547759
0.0499927
0.0541044
0.0493096
0.0609912
0.0557103
0.0559886
0.0521659
0.0467436
0.0455733
0.0470154
0.0472999
0.0476925
0.0472777
0.0571384
0.0593994
0.0535425
0.0479777
0.0465255
0.0577221
0.0486574
0.0473531
0.0532654
0.0518239
0.04637
0.0555044
0.0589099
0.0541284
0.0569262
0.048996
0.0482676
0.0514206
0.0449303
0.0485186
0.0413487
0.0482822
0.0479749
0.0509167
0.0553394
0.0555375
0.0524956
0.0552401
0.0461494
0.0524808
0.0509615
0.0446963
0.0431218
0.0425759
0.0417406
0.0471618
0.0493011
0.04747
0.0509195
0.0502666
0.0547962
0.0540162
0.0486357
0.0502194
0.0535492
0.0496175
0.0519804
0.052635
0.0524661
0.0516091
0.0711342
0.0692119
0.0585209
0.0613735
0.0559666
0.0546861
0.0496296
0.0461831
0.050086
0.0454744
0.0442415
0.0480718
0.054227
0.0579333
0.0588281
0.0580056
0.0578198
0.0570787
0.044664
0.054905
0.0515685
0.0484548
0.0469787
0.0445692
0.041228
0.0445467
0.0451369
0.0434762
0.0389107
0.0456637
0.0420272
0.0430996
0.0412651
0.0367338
0.0435763
0.0574834
0.0471194
0.0478874
0.0491705
0.047466
0.0498096
0.0511319
0.04645
0.0511908
0.065549
0.0635722
0.053525
0.0461609
0.0431352
0.0527221
0.0456554
0.0532883
0.0621021
0.0448624
0.0382708
0.0394877
0.0364044
0.0361467
0.0400952
0.0565139
0.0513523
0.0433984
0.0428859
0.0481606
0.0433645
0.0429984
0.0445016
0.0409841
0.0416491
0.0398964
0.0399837
0.0424157
0.0440127
0.0411682
0.0481803
0.0520651
0.0565846
0.0528879
0.0454019
0.0446213
0.042759
0.0394863
0.0483255
0.0461826
0.0467654
0.0442461
0.0510933
0.0514765
0.0472224
0.0460624
0.0445767
0.0506542
0.0543463
0.0549102
0.0611243
0.0537459
0.0524144
0.0534605
0.0565492
0.0575058
0.0512805
0.0501017
0.0505479
0.0447451
0.04028
0.0443462
0.0471442
0.0488674
0.0402483
0.0459851
0.0429025
0.0504374
0.0488971
0.0460687
0.0416889
0.0444283
0.0564055
0.050511
0.0672529
0.0594852
0.0472145
0.0412981
0.0473399
0.0523408
0.059932
0.0506804
0.0554093
0.0473868
0.0531772
0.0499538
0.048677
0.049178
0.046138
0.0417256
0.0451845
0.0484688
0.0461775
0.0467214
0.0442071
0.041726
0.0405457
0.0389432
0.0379307
0.0361388
0.0376011
0.0452881
0.058339
0.0638166
0.0442604
0.0420527
0.0455273
0.0487161
0.0460723
0.0474706
0.0448194
0.0471835
0.0476803
0.0514975
0.053555
0.0497499
0.0431448
0.0480273
0.0455056
0.0505575
0.0526387
0.0457699
0.0521671
0.0678955
0.073941
0.0723796
0.0600421
0.0697516
0.0680907
0.0592961
0.0612974
0.0625807
0.0604662
0.0557628
0.0533255
0.0533455
0.054778
0.0499186
0.0502688
0.069079
0.0627849
0.0541981
0.0546259
0.0598763
0.0584546
0.0633542
0.0573194
0.055144
0.0564307
0.0614118
0.0545518
0.0511729
0.0425272
0.0507469
0.0487134
0.0463252
0.0441996
0.0444649
0.0457579
0.0508026
0.0492888
0.0427174
0.0494442
0.0481438
0.0459917
0.0453031
0.0460473
0.044557
0.041541
0.039061
0.0401452
0.0408887
0.0410523
0.0445977
0.0482245
0.0559074
0.0523134
0.052324
0.048919
0.0470024
0.0443965
0.0468996
0.0489365
0.0454567
0.0449655
0.0448123
0.0477544
0.0461529
0.0511204
0.0484479
0.0565352
0.0538227
0.0520695
0.0460743
0.0445518
0.05443
0.0601473
0.0500154
0.0543405
0.0582935
0.0589639
0.0567544
0.0535465
0.0587284
0.0580168
0.0530105
0.0568135
0.0622493
0.066571
0.0739724
0.0617565
0.0529763
0.0516023
0.0562791
0.049082
0.0612948
0.0533366
0.0563265
0.0579901
0.05692
0.0514373
0.0726713
0.0554417
0.0588108
0.0537353
0.0555172
0.0644092
0.0518386
0.0445962
0.0434694
0.0391174
0.0468647
0.0440501
0.0423825
0.0488942
0.0543326
0.0538527
0.0459343
0.0534378
0.0475447
0.0539825
0.0580275
0.0563846
0.0700787
0.0666059
0.0453076
0.0521981
0.0565456
0.057587
0.0559434
0.0456513
0.0454929
0.0419933
0.0405922
0.0373763
0.0391219
0.0417247
0.0376401
0.0483092
0.0642277
0.0707478
0.0617469
0.0668881
0.0568484
0.0510116
0.0553241
0.0487459
0.0540632
0.0615924
0.0640409
0.0601584
0.0609228
0.0485721
0.0592245
0.0516347
0.0467451
0.0431082
0.0452832
0.04987
0.0567231
0.060265
0.0585192
0.0582721
0.0424066
0.044238
0.0492447
0.0504908
0.0491887
0.0434897
0.0500583
0.0577901
0.0462653
0.0440683
0.046264
0.0611585
0.0713278
0.0877705
0.0695243
0.0627499
0.0608761
0.0531061
0.0634859
0.0557031
0.0709821
0.0543462
0.0491603
0.0516623
0.0465954
0.0498218
0.0507762
0.0550508
0.0559653
0.0479411
0.0425685
0.0492972
0.0501208
0.0538295
0.0566172
0.0495027
0.0580769
0.0616384
0.0625881
0.056176
0.0510359
0.0606736
0.0503414
0.0508493
0.0455756
0.042636
0.0588911
0.0517395
0.0526264
0.0456072
0.0530957
0.0483608
0.0486397
0.0448826
0.0434375
0.040811
0.0441237
0.0414734
0.0382808
0.0417119
0.0402761
0.0428519
0.0464142
0.0437458
0.0520171
0.0545096
0.0451534
0.0423792
0.0423935
0.0450841
0.0444367
0.0461971
0.0428316
0.0365334
0.0398504
0.03883
0.0407566
0.0398416
0.0430318
0.0404589
0.0397179
0.0459392
0.0480903
0.0557631
0.0564428
0.0539864
0.0476845
0.0482312
0.0529847
0.0567839
0.0453686
0.0496956
0.0522169
0.050453
0.0517553
0.0478763
0.0531063
0.0475225
0.0507306
0.046688
0.0456185
0.0507569
0.0485288
0.0529785
0.0452517
0.0429276
0.0402066
0.0495551
0.0543243
0.05433
0.0512942
0.0507546
0.0518239
0.0539233
0.0477571
0.0401485
0.0486652
0.0466162
0.0418439
0.0487102
0.0476766
0.0465419
0.0471631
0.0427229
0.0575264
0.0532025
0.063226
0.0574793
0.0677297
0.0637595
0.0487825
0.0472709
0.0447631
0.0441096
0.0512699
0.0548134
0.0526964
0.0548114
0.0543282
0.0512479
0.0484509
0.0543689
0.0516799
0.0594547
0.0573117
0.0564823
0.0484952
0.0594271
0.0618435
0.0586214
0.0559786
0.0478696
0.0581772
0.0654728
0.0705634
0.0512482
0.0515936
0.0446723
0.0487293
0.0417251
0.0436391
0.0476923
0.0461088
0.0532512
0.0482566
0.0518943
0.054088
0.0466786
0.0545844
0.0541402
0.0489804
0.047594
0.060853
0.0712612
0.057771
0.0522215
0.0535745
0.0584785
0.0720545
0.0630371
0.0589545
0.0554225
0.0554333
0.0527055
0.0564952
0.069689
0.0615861
0.0500768
0.0656523
0.0653766
0.0690391
0.0582763
0.0559393
0.0537844
0.0564438
0.0502117
0.0666538
0.0460886
0.0455118
0.0491111
0.0518154
0.0707086
0.0684543
0.0555318
0.0476057
0.0562193
0.0544028
0.0560622
0.0528009
0.0518704
0.0504158
0.0520239
0.0561982
0.0478129
0.0500409
0.0583622
0.0557977
0.0632474
0.0447898
0.0458982
0.0398821
0.0398371
0.0450263
0.0496555
0.0506425
0.0521052
0.0666196
0.058813
0.0639831
0.062002
0.0523781
0.0524607
0.0538217
0.0543288
0.0519373
0.0499046
0.0475094
0.0548042
0.0580952
0.0620368
0.0587338
0.0587597
0.0454455
0.0471232
0.0661759
0.0561477
0.0453039
0.042131
0.0445861
0.0433383
0.0504369
0.0482426
0.0604535
0.062764
0.0530938
0.0626237
0.0556629
0.0521343
0.0549365
0.0408023
0.0379363
0.0458363
0.0479453
0.0424845
0.0393852
0.0439742
0.0448898
0.0381183
0.0368873
0.0366597
0.0369612
0.0388957
0.0394751
0.0417541
0.0400189
0.0446348
0.0485299
0.0432696
0.042844
0.0461618
0.0407969
0.0445021
0.0401188
0.0419851
0.0455296
0.0410823
0.0408756
0.0407234
0.0429354
0.0387736
0.0395303
0.0420178
0.0441853
0.0452056
0.0423108
0.0431319
0.0411087
0.0463299
0.0477217
0.0490706
0.0466245
0.0503434
0.0509821
0.0487146
0.0410088
0.0425759
0.0403743
0.0426172
0.0430713
0.0454884
0.0558097
0.0558645
0.0524339
0.0536133
0.0534439
0.0555509
0.0547444
0.0566987
0.050585
0.0560648
0.0530411
0.0455047
0.0397112
0.0491793
0.0541464
0.0488543
0.0415997
0.0507431
0.0522377
0.0451696
0.0456352
0.0426262
0.0442546
0.0470296
0.0509946
0.0562465
0.0620925
0.0575823
0.0495475
0.0482241
0.0507667
0.0556865
0.066974
0.0568308
0.0552726
0.0570775
0.049539
0.0516157
0.0444975
0.0456272
0.046618
0.0424363
0.0427127
0.0461514
0.0472446
0.0489316
0.0459958
0.0481649
0.045759
0.0470918
0.0461984
0.0448179
0.0411094
0.0517822
0.05254
0.0426569
0.0458341
0.0486283
0.0454129
0.0405868
0.0504577
0.0479653
0.0417043
0.0428446
0.0457809
0.0448838
0.0436614
0.0507267
0.0445229
0.0455804
0.046463
0.0473706
0.0515701
0.0570353
0.0519411
0.0504461
0.0493637
0.0457754
0.0423716
0.0436261
0.0496405
0.0454668
0.0477205
0.0435884
0.0416626
0.0387677
0.040311
0.0383296
0.0463683
0.0451334
0.0510873
0.0540312
0.0506189
0.057298
0.0580326
0.0515653
0.0516063
0.059942
0.0546203
0.0442106
0.0441928
0.0443746
0.0502139
0.0636398
0.0657719
0.0584391
0.0488523
0.0498019
0.046525
0.0479915
0.0518323
0.0557972
0.0496695
0.0520736
0.0584057
0.0589104
0.0452196
0.046148
0.0489086
0.0498043
0.0510232
0.0539153
0.0489508
0.0505095
0.0559023
0.0474677
0.0433106
0.0405868
0.0389659
0.0402271
0.0440103
0.0460031
0.0475774
0.0551655
0.0605904
0.0588254
0.0612329
0.0566544
0.0541067
0.0514024
0.04396
0.0521186
0.0626443
0.0648387
0.0692711
0.0572492
0.0530086
0.0584937
0.0486878
0.0481195
0.0458485
0.0457116
0.0444228
0.0467977
0.0521597
0.0433801
0.043355
0.0414183
0.0443279
0.0448525
0.0497707
0.046288
0.0423209
0.0537554
0.0500269
0.0535994
0.0472011
0.0382662
0.0448498
0.0430795
0.0475511
0.0557641
0.0509471
0.0426475
0.049167
0.0400526
0.0412895
0.0452052
0.0447892
0.0470163
0.0395958
0.0389983
0.0407676
0.0406422
0.0403042
0.0417182
0.0471493
0.0454681
0.0450979
0.0428153
0.0424382
0.0465876
0.0473247
0.0466782
0.0420872
0.049214
0.0414451
0.0420624
0.0397136
0.0430977
0.0440715
0.0468877
0.0435165
0.0423031
0.0472104
0.0465062
0.0467946
0.0528725
0.04302
0.0449391
0.0422527
0.0424862
0.0511937
0.053495
0.0546341
0.051728
0.0524448
0.0518882
0.0481434
0.0454938
0.0446612
0.0451398
0.0453209
0.051646
0.0447326
0.049237
0.0506815
0.0512228
0.0670906
0.0641235
0.0524815
0.0486138
0.0474516
0.0562073
0.0492066
0.0495883
0.0556295
0.0540697
0.0554133
0.0436201
0.0461068
0.0507292
0.0566044
0.0516809
0.0574754
0.0514353
0.0619897
0.0591133
0.0642813
0.0656267
0.0750808
0.0640275
0.0677443
0.069485
0.0598163
0.0547357
0.0433986
0.0476385
0.0473461
0.0482005
0.0535385
0.0564016
0.0531312
0.0544159
0.04712
0.0493081
0.0541399
0.0595178
0.0595291
0.0460918
0.0548297
0.0675917
0.0538179
0.0521755
0.0484175
0.0516243
0.0474463
0.0457209
0.0455121
0.053001
0.0523444
0.049906
0.0553912
0.0479034
0.049365
0.0498749
0.0525201
0.0549513
0.0581631
0.0535688
0.0528559
0.0533863
0.0513081
0.044559
0.0486312
0.0464239
0.0426867
0.0384881
0.0411525
0.0404124
0.044911
0.048811
0.0524963
0.0512211
0.0523361
0.0541053
0.0599223
0.0509228
0.0494129
0.0465369
0.0509896
0.0550506
0.0526646
0.0514585
0.048355
0.0393749
0.0372741
0.0420616
0.0412856
0.0504717
0.0545677
0.0598651
0.0568582
0.0459777
0.0462115
0.0486434
0.0544948
0.0540155
0.0577194
0.0456854
0.047032
0.0465684
0.041542
0.0392506
0.0403332
0.0440207
0.0430035
0.045553
0.04923
0.0554001
0.0441103
0.0483377
0.0511664
0.0470337
0.0482673
0.0479621
0.0434384
0.0534259
0.0556879
0.0495849
0.0553719
0.0433631
0.0432191
0.0443409
0.0474817
0.0518955
0.05048
0.0539076
0.0567043
0.0474785
0.0492948
0.0471777
0.0580113
0.0506399
0.0513739
0.0517332
0.0548332
0.0471384
0.0412609
0.042427
0.0454704
0.0430664
0.0370015
0.0388029
0.0407826
0.0430758
0.0391331
0.0448246
0.0426425
0.0387462
0.041868
0.0432674
0.0529118
0.0540258
0.0538096
0.0489117
0.0484623
0.0553964
0.0472156
0.05204
0.0476166
0.0484754
0.0475861
0.0447744
0.0486778
0.0483246
0.0655634
0.0521714
0.0512083
0.0616841
0.0549285
0.0557813
0.0553834
0.0536468
0.0509439
0.0433345
0.0401473
0.0494649
0.0496377
0.0593696
0.0584954
0.0515893
0.0531561
0.0491066
0.0667341
0.060335
0.0736579
0.0599849
0.0451101
0.04866
0.0495756
0.0446394
0.0440663
0.0520545
0.0473504
0.0458718
0.046354
0.0398152
0.0456601
0.039092
0.0431004
0.0384794
0.0455244
0.0465352
0.0409521
0.0487926
0.052605
0.0555647
0.0632234
0.0641725
0.0519423
0.0482483
0.0402808
0.0405495
0.0397451
0.0402984
0.0491063
0.0487947
0.0473311
0.0470736
0.0452794
0.0470626
0.0521412
0.046481
0.0425774
0.0395726
0.0399733
0.0367502
0.0433137
0.0419088
0.0508397
0.0529481
0.0444048
0.0480136
0.0485324
0.0469907
0.056973
0.0510218
0.0583102
0.0584446
0.0669098
0.0647676
0.0607449
0.0514292
0.0536175
0.0544506
0.0547762
0.0520489
0.04981
0.0501244
0.048151
0.0485973
0.0466374
0.0498168
0.0450937
0.0534806
0.045171
0.0582266
0.063
0.0524965
0.0666176
0.0524095
0.0504111
0.0455162
0.0467806
0.0538958
0.0542702
0.0462056
0.0421837
0.0479364
0.0428523
0.0417365
0.0437146
0.0390021
0.037251
0.0382408
0.0433103
0.0452546
0.04296
0.0460011
0.0552461
0.0559813
0.0487038
0.0434546
0.0455124
0.0514785
0.0577012
0.0588863
0.0781422
0.0669822
0.052281
0.0592407
0.0551648
0.0526392
0.050808
0.0529964
0.0516093
0.0523475
0.0496952
0.0498033
0.0467284
0.0501088
0.0528015
0.0555432
0.0607273
0.0550769
0.05791
0.0641793
0.0500636
0.0564113
0.0564441
0.0499202
0.056738
0.0516931
0.0467784
0.0470716
0.0446022
0.0455311
0.0536047
0.0522593
0.0576298
0.0619344
0.0448192
0.045231
0.0403572
0.0416221
0.0419027
0.0413066
0.0430665
0.0475787
0.0436091
0.0456919
0.0526224
0.0527244
0.0502958
0.0428261
0.0428251
0.0485957
0.0436135
0.0425151
0.0408684
0.0455726
0.044506
0.0471314
0.0395445
0.0437532
0.0460753
0.05034
0.0538506
0.0557882
0.0427224
0.0464885
0.0434167
0.0425003
0.0440008
0.0388163
0.0392915
0.043294
0.0512558
0.052745
0.0429528
0.0409347
0.0503713
0.0498946
0.0570104
0.0517075
0.0486217
0.0538165
0.0539767
0.0542212
0.0635601
0.0621763
0.0531855
0.0527764
0.0518593
0.050938
0.0489989
0.0613881
0.0569699
0.0401051
0.0457885
0.0423568
0.0456438
0.0441018
0.0444187
0.0458658
0.0433533
0.0397315
0.0455017
0.0478717
0.0659422
0.051894
0.0504732
0.0464069
0.0455838
0.0414002
0.0365233
0.0367105
0.0379328
0.0455172
0.0517312
0.0553942
0.0628514
0.065943
0.0530733
0.0550379
0.0502253
0.0438478
0.0510612
0.055756
0.0560255
0.0537007
0.0528239
0.0606121
0.0503738
0.0506597
0.0561676
0.0515064
0.0607748
0.0553604
0.0617257
0.0562256
0.0497747
0.0601888
0.0576845
0.0618612
0.0654708
0.0510837
0.0618439
0.0530477
0.0486189
0.0563342
0.059014
0.0538444
0.0519732
0.0457148
0.0436499
0.0428757
0.0509896
0.0527655
0.0503193
0.0506882
0.0455288
0.0398736
0.0518515
0.0480936
0.0500269
0.0471267
0.0583082
0.0509684
0.0459869
0.0423106
0.0464312
0.0472467
0.0452029
0.0562277
0.0516506
0.0511016
0.0476848
0.0424702
0.0509956
0.0510341
0.0480003
0.0648251
0.0640133
0.0557296
0.0533805
0.0562233
0.0490572
0.0470849
0.0445836
0.0419545
0.0457312
0.0476142
0.0566492
0.0603382
0.0571744
0.0664087
0.0653679
0.0583632
0.0467238
0.0453361
0.0538389
0.0588313
0.0549616
0.0553424
0.0531017
0.0534568
0.066313
0.0667753
0.0846041
0.0738226
0.0720112
0.0672772
0.0569967
0.0503364
0.0492837
0.0391422
0.0408137
0.0362386
0.0362825
0.0422903
0.0458041
0.0512998
0.0460163
0.0522861
0.0569753
0.052705
0.0469829
0.0465999
0.0455611
0.0426571
0.05286
0.0536413
0.0598809
0.0642969
0.0595662
0.0497502
0.0537698
0.047994
0.0441546
0.0574724
0.0529206
0.0526809
0.0774814
0.0753697
0.0624324
0.0489317
0.0518946
0.0398858
0.0311696
0.0351417
0.0359076
0.0368951
0.0373281
0.034041
0.0351665
0.0430601
0.0382612
0.0404091
0.0537517
0.0413287
0.0497885
0.0449365
0.049864
0.0549889
0.0561897
0.0636975
0.0638867
0.0534874
0.0534982
0.0506046
0.0519514
0.0569633
0.0500797
0.0510917
0.0481305
0.0508362
0.0587604
0.0725934
0.0672288
0.0669009
0.056015
0.063308
0.0591331
0.0548146
0.0457151
0.0514672
0.040142
0.0427086
0.0433028
0.035807
0.0376555
0.0390818
0.0415787
0.0419704
0.0414972
0.0420566
0.038081
0.0395553
0.0382831
0.0363562
0.0419156
0.0459099
0.0453481
0.0594782
0.0589973
0.065436
0.0541207
0.0538862
0.0472787
0.0459128
0.0434571
0.0534407
0.0550792
0.0555071
0.049855
0.0473442
0.0471594
0.042642
0.0447349
0.0469627
0.0483743
0.051618
0.0545705
0.0495774
0.0486079
0.0581676
0.0568318
0.0490725
0.0521849
0.0521703
0.0442399
0.0461007
0.0498383
0.0496826
0.0428639
0.0507403
0.0486632
0.0519268
0.0502101
0.0393994
0.0422513
0.0431065
0.0510279
0.0609533
0.0556755
0.0638937
0.0503147
0.048227
0.0451935
0.043796
0.0457264
0.0413875
0.0398939
0.0352446
0.0394755
0.0373052
0.0409444
0.0424764
0.0384392
0.0420285
0.0459334
0.0460081
0.0417201
0.040189
0.0400931
0.0436316
0.0424485
0.0465348
0.0437222
0.0486355
0.0445467
0.0406915
0.041049
0.0461405
0.0467762
0.043639
0.0525835
0.0602926
0.064161
0.0575709
0.0563502
0.043223
0.0412676
0.0390676
0.0379426
0.0379554
0.0444052
0.0462075
0.0485573
0.0453632
0.046986
0.045342
0.0428723
0.0395987
0.0524725
0.0440698
0.0494465
0.0440945
0.03873
0.0406913
0.0402477
0.0430129
0.0397038
0.0433759
0.0525139
0.0478621
0.0429982
0.0401392
0.039282
0.0462012
0.0411727
0.0473318
0.0406122
0.0537715
0.0474531
0.0536967
0.0480927
0.0441723
0.0401564
0.0479461
0.0501093
0.0434268
0.043676
0.0473199
0.0481325
0.0438139
0.0427355
0.0490523
0.0539807
0.0603523
0.054199
0.0532699
0.0454334
0.0427531
0.0446867
0.0490462
0.0486214
0.0384509
0.0356304
0.0359645
0.0386387
0.0391459
0.0393234
0.0395173
0.0481974
0.0512464
0.0462534
0.0421543
0.0439299
0.0448332
0.0418002
0.045262
0.0421018
0.0432831
0.0443806
0.0448348
0.0416292
0.0426211
0.0472278
0.0529944
0.0472345
0.0573869
0.0629395
0.0551821
0.0555253
0.0578097
0.0452097
0.0449087
0.040836
0.0464001
0.0592581
0.0641312
0.0593987
0.049013
0.0533156
0.052271
0.05364
0.0545196
0.0485634
0.0497347
0.0484016
0.0475471
0.0477442
0.0491435
0.0468188
0.0563313
0.0497712
0.0471962
0.0429073
0.0422349
0.0490191
0.0442022
0.0421155
0.0392069
0.0401772
0.0442944
0.0404434
0.0470267
0.0405349
0.0391767
0.0379233
0.0403009
0.0366313
0.0455849
0.0410783
0.0554041
0.0466599
0.0512437
0.0409431
0.046178
0.0397047
0.0403753
0.0410081
0.0621957
0.0447587
0.0468869
0.0444981
0.0480065
0.0472633
0.0464361
0.0425392
0.0454884
0.0496835
0.042649
0.0485624
0.0574327
0.0430176
0.0514259
0.0595342
0.0449841
0.036841
0.0562627
0.0386884
0.0331371
0.0357012
0.0463112
0.0483827
0.0430645
0.0375809
0.0315152
0.0398332
0.0526552
0.0571681
0.0403702
0.0507042
0.0459578
0.0500806
0.0584352
0.0595866
0.048181
0.0597131
0.0488613
0.0549907
0.0588869
0.047442
0.0517548
0.0640384
0.0517516
0.053583
0.0582644
0.0548393
0.0568653
0.0546061
0.046838
0.0516275
0.0573326
0.0587216
0.0594794
0.0516285
0.0529082
0.0573184
0.0495036
0.0511679
0.0503122
0.0533686
0.0457125
0.0441222
0.0375284
0.0438988
0.042896
0.0479838
0.0508743
0.0468817
0.0429
0.0410538
0.0400509
0.0392721
0.0448648
0.0400155
0.0419933
0.0428283
0.0534625
0.0539807
0.0481942
0.0500417
0.0516615
0.0497609
0.0492509
0.0494827
0.0470515
0.0471022
0.0489889
0.0560424
0.0435867
0.0448703
0.0399614
0.0552126
0.052839
0.0467345
0.0538225
0.0399472
0.0415091
0.0426373
0.04154
0.0401894
0.0373226
0.036779
0.0385042
0.0449059
0.0417181
0.0429413
0.0415509
0.0392148
0.039719
0.0443722
0.056551
0.0517485
0.0449273
0.0388222
0.0364011
0.0372693
0.0436035
0.0376556
0.0457028
0.0389167
0.0419274
0.0375207
0.043806
0.0441797
0.0382891
0.0441793
0.0458276
0.0558265
0.0579874
0.0731744
0.0610654
0.0573929
0.0533839
0.0687383
0.0647814
0.0564894
0.0489544
0.0526234
0.0427757
0.0477376
0.0520474
0.0637711
0.0673077
0.0543054
0.0445522
0.0445352
0.0468488
0.0409617
0.0407499
0.0501185
0.0417552
0.0484931
0.0419234
0.0381918
0.0501875
0.0472961
0.0395153
0.0409904
0.0438066
0.0379347
0.037699
0.0413983
0.0365813
0.0423732
0.0421313
0.0532366
0.0531125
0.0550574
0.0460103
0.0469082
0.0453096
0.0399732
0.0391285
0.0442175
0.0402481
0.0394714
0.036999
0.0433124
0.0425811
0.051106
0.0534498
0.047212
0.0472129
0.0447052
0.0390678
0.0504166
0.0461572
0.0393635
0.0379467
0.0428454
0.0451493
0.0405682
0.0385791
0.0447444
0.0459443
0.0402547
0.0419857
0.0348968
0.0396777
0.0355631
0.0569901
0.0517944
0.0470469
0.0479297
0.0434353
0.0436963
0.0514934
0.0459119
0.0516715
0.0498447
0.0481186
0.0512564
0.045069
0.0552873
0.0559576
0.055258
0.0471237
0.0413916
0.0537366
0.047973
0.0509456
0.0606048
0.0573905
0.0558899
0.0463494
0.0498002
0.0552605
0.0507974
0.0487941
0.0503675
0.0538269
0.0598525
0.0568564
0.0543091
0.0409137
0.0428533
0.0479988
0.0562513
0.0558708
0.0518975
0.0519008
0.0409156
0.0439121
0.0389608
0.0426444
0.0524368
0.0502668
0.0485064
0.0541224
0.0500214
0.0465473
0.0477666
0.0475612
0.0523516
0.0472296
0.0510055
0.0494004
0.0456325
0.0521907
0.0373645
0.0419906
0.0439879
0.0498564
0.0492742
0.0565475
0.0448972
0.0467343
0.0470589
0.0454244
0.0436666
0.0422327
0.0446933
0.0451894
0.0489253
0.0480206
0.043431
0.050875
0.0601359
0.0396584
0.044111
0.0474006
0.0546657
0.0599553
0.0544252
0.0448904
0.0456829
0.0552735
0.0550464
0.0478488
0.0477235
0.0472492
0.0457569
0.0508127
0.0408734
0.0409758
0.0387345
0.0388599
0.0365057
0.0392018
0.0402373
0.0455166
0.0457737
0.0424344
0.0466631
0.0368478
0.0364052
0.0371889
0.042424
0.0434916
0.0487012
0.0654274
0.0674027
0.0688291
0.0754167
0.0753582
0.0772273
0.0788055
0.0747175
0.0718166
0.069219
0.061318
0.0501607
0.0507779
0.0630773
0.0660799
0.0554596
0.0477045
0.0497531
0.0501859
0.0489542
0.0418769
0.0488381
0.0458372
0.050211
0.0484534
0.0541319
0.0506613
0.0518274
0.05003
0.0486886
0.0441692
0.0495961
0.0452318
0.0511765
0.0452205
0.0544922
0.0433392
0.0388732
0.0441927
0.0523982
0.0524676
0.0593164
0.0525722
0.0502193
0.0502566
0.0422454
0.0401266
0.0463668
0.0513053
0.0511556
0.0511512
0.0481067
0.0504785
0.0528993
0.0514168
0.0699175
0.067381
0.0585146
0.0512837
0.0483311
0.0521748
0.0524671
0.0453541
0.0442433
0.0504509
0.0490036
0.0510164
0.0564603
0.0598922
0.0490609
0.0496884
0.0564826
0.0595127
0.0557901
0.0603234
0.0507213
0.0522162
0.0535775
0.0555646
0.0510889
0.0445958
0.0490601
0.0482806
0.037545
0.037647
0.0414041
0.0473138
0.0499593
0.0467069
0.0395493
0.0420834
0.0463604
0.0548901
0.0503053
0.0570271
0.0530435
0.0504449
0.0551424
0.0582289
0.0766134
0.0567862
0.0562295
0.0474395
0.0494847
0.0428598
0.0474494
0.0463293
0.0408622
0.0463453
0.048723
0.0425347
0.0363925
0.0382673
0.0467553
0.0434348
0.0434755
0.0457755
0.0486827
0.0498675
0.0569645
0.0503115
0.0577609
0.0637593
0.0681024
0.0648586
0.0602375
0.0566876
0.0574458
0.0578103
0.0593118
0.0625082
0.0656655
0.0684504
0.0639986
0.0543345
0.0525193
0.0492148
0.0458542
0.0431611
0.042627
0.0460229
0.0438766
0.0404308
0.048241
0.0389164
0.0397034
0.0386213
0.0424421
0.0416438
0.0395063
0.0435723
0.0484729
0.0399165
0.0419758
0.0406348
0.0440867
0.0468785
0.0507987
0.0474051
0.0446673
0.0444806
0.0471108
0.0468281
0.044491
0.0442833
0.0436855
0.0540535
0.0582992
0.0500265
0.061332
0.0535084
0.0496928
0.0575044
0.0667831
0.0621671
0.0638892
0.0629018
0.0591666
0.0489113
0.0481889
0.0530631
0.0516514
0.0438978
0.0411396
0.0417481
0.0448283
0.0412979
0.048328
0.0444377
0.053747
0.0526571
0.0514811
0.0482523
0.0427188
0.0479871
0.060178
0.0545208
0.053409
0.0480168
0.0513303
0.0455753
0.0391123
0.0427919
0.0553428
0.0571831
0.0564038
0.0467905
0.0401907
0.040897
0.0389628
0.0436433
0.0447744
0.0367819
0.043209
0.0479251
0.0420213
0.0482717
0.0502036
0.0452405
0.0468659
0.052378
0.0544174
0.0608885
0.0557792
0.0582305
0.0591311
0.0573166
0.0596822
0.0580884
0.0643166
0.0502335
0.0483319
0.0456301
0.0528531
0.0526704
0.0577926
0.0521462
0.0547575
0.0605
0.0647506
0.0562843
0.0610262
0.0534047
0.0492874
0.0569266
0.0504978
0.0534991
0.0536901
0.0549007
0.0463835
0.0493544
0.0440914
0.0471202
0.0499496
0.0543881
0.0570762
0.0438594
0.0411317
0.0530312
0.0527346
0.0548541
0.0535371
0.0660047
0.0635731
0.0563659
0.0493535
0.0566098
0.045696
0.0438448
0.048003
0.0548536
0.0548354
0.0499996
0.0532241
0.0488518
0.0417667
0.0437336
0.042467
0.0435768
0.0422318
0.0444044
0.0498106
0.0433663
0.0454761
0.0452696
0.0426743
0.0441995
0.052225
0.044682
0.048002
0.0523601
0.0432547
0.0452066
0.048378
0.0491459
0.0483553
0.0530108
0.0579217
0.0440974
0.042982
0.0605935
0.0611282
0.0583313
0.0505462
0.0596411
0.0493251
0.0584801
0.0567728
0.0523441
0.0525511
0.0541085
0.0636021
0.0530905
0.0503766
0.0468904
0.0444675
0.0432342
0.0574229
0.0502992
0.0495751
0.0413988
0.0415315
0.0455108
0.0480311
0.041035
0.0385526
0.0444695
0.045363
0.0438034
0.0478472
0.0418534
0.0476493
0.0411929
0.0469726
0.0596414
0.0575107
0.0503066
0.0496445
0.0518557
0.0496769
0.0500375
0.0430303
0.0392795
0.0401168
0.0464539
0.0494734
0.0484279
0.0539313
0.0504764
0.0577135
0.0555656
0.0498394
0.0465076
0.0532669
0.0573577
0.0535274
0.051311
0.0456739
0.0398839
0.0479074
0.0532244
0.0395569
0.04463
0.0472019
0.0477192
0.0472632
0.0450541
0.0440214
0.0463943
0.052505
0.0492279
0.0410576
0.0445661
0.0485816
0.05773
0.0518653
0.055434
0.0544556
0.0526137
0.0481504
0.0466966
0.0460807
0.04569
0.050063
0.0562601
0.0605956
0.0648321
0.0526306
0.0543447
0.0538753
0.0650574
0.074874
0.0601099
0.0633809
0.057854
0.0504407
0.0476912
0.0509036
0.052662
0.0499367
0.0481218
0.0556373
0.0520023
0.0436898
0.0566996
0.0497463
0.0562971
0.0524523
0.0482975
0.0437835
0.0497886
0.0452877
0.0567661
0.049216
0.0475541
0.048665
0.0490699
0.0363086
0.0454647
0.0416874
0.0437521
0.0522157
0.0678689
0.0548297
0.0510379
0.0509043
0.0488082
0.0474713
0.0563737
0.0523978
0.0536039
0.0557501
0.057383
0.0611109
0.0509531
0.0451828
0.0476641
0.0480579
0.0449171
0.0469126
0.0480196
0.0406752
0.0424463
0.0518413
0.0580714
0.0551587
0.0462139
0.0426557
0.0478599
0.0425395
0.0469053
0.0548366
0.0443397
0.0466372
0.0497422
0.0505618
0.0615245
0.0513345
0.0541352
0.0638227
0.0511458
0.0540572
0.0630774
0.0521992
0.0404899
0.0412815
0.0469208
0.0442032
0.0412227
0.0466225
0.0483764
0.0510231
0.0516023
0.0686602
0.0736862
0.0627578
0.0603858
0.0515265
0.0446568
0.0468623
0.0484801
0.0417421
0.0405844
0.0405718
0.0421422
0.0408533
0.0493438
0.0485367
0.0484884
0.0397998
0.0421074
0.0437616
0.0483782
0.0487354
0.0593477
0.0565458
0.0568138
0.0620688
0.0581589
0.0579778
0.057287
0.0513232
0.0566045
0.0611988
0.0495286
0.0510622
0.0473755
0.038921
0.0393001
0.0459198
0.0583975
0.0558951
0.0561257
0.049666
0.0496121
0.0432644
0.053635
0.0541371
0.0588666
0.0563629
0.0579445
0.0515934
0.0502071
0.0431812
0.0397117
0.0453016
0.0556984
0.0419572
0.0396886
0.0469146
0.0489768
0.0526838
0.0542834
0.0475777
0.0429039
0.0645369
0.0478175
0.0440105
0.0380717
0.0418053
0.0391801
0.0380563
0.0451179
0.0494256
0.053202
0.0464255
0.0534608
0.0511425
0.0381613
0.0476281
0.0411584
0.0394525
0.0475568
0.0461164
0.0411848
0.0361768
0.0364417
0.0404229
0.0611744
0.0527412
0.0517467
0.0713913
0.0553656
0.0620172
0.0623983
0.0627855
0.0559395
0.0536211
0.0546447
0.0498053
0.048476
0.0485577
0.0629493
0.0428717
0.0351928
0.0399275
0.0464182
0.0445075
0.0409831
0.0447909
0.0450135
0.0440734
0.0450674
0.0455517
0.0424186
0.0473113
0.0607876
0.045422
0.0455754
0.0452795
0.0444751
0.0516906
0.0535691
0.0603892
0.0505827
0.0412445
0.0393352
0.0366487
0.0417579
0.0507219
0.0409581
0.0476578
0.0458156
0.0490443
0.0459931
0.0451578
0.0434974
0.0385478
0.0347795
0.0375741
0.0394334
0.0370732
0.0432064
0.0430242
0.0438644
0.0597912
0.0667339
0.0603589
0.0511086
0.0414669
0.0378752
0.0392143
0.0471649
0.0418651
0.042229
0.0462458
0.0409237
0.0476554
0.0459307
0.0498175
0.050074
0.0513652
0.0430094
0.04153
0.0370797
0.0396203
0.0435477
0.052011
0.0526333
0.0552935
0.0500717
0.0585869
0.0626389
0.0507378
0.0564115
0.0530021
0.052549
0.0592141
0.0488617
0.0455404
0.0527936
0.0567353
0.0599699
0.0541265
0.0609429
0.0529098
0.0549768
0.0520563
0.0508202
0.0608472
0.05731
0.0554581
0.0595929
0.0606361
0.0593432
0.0600065
0.0559167
0.0465564
0.040241
0.0470767
0.0535213
0.0500756
0.0466603
0.0491164
0.0457803
0.0438384
0.0513995
0.0495641
0.0489063
0.0554926
0.0683108
0.0612787
0.0545226
0.0472007
0.0466495
0.0493293
0.0489195
0.0487564
0.0476877
0.0463709
0.0424803
0.0429169
0.040528
0.0518152
0.0513208
0.049782
0.0559806
0.0559922
0.0506925
0.0545895
0.0531086
0.050082
0.0441027
0.0412404
0.0466433
0.0544926
0.0465671
0.0423195
0.0453341
0.0446494
0.0492145
0.0467032
0.0420981
0.0402139
0.044172
0.0413549
0.0401334
0.0422249
0.0431402
0.0467579
0.0429092
0.0461173
0.0496299
0.046614
0.0570068
0.0452946
0.0489243
0.0533597
0.0439712
0.0461516
0.0419759
0.0408569
0.0447869
0.0488625
0.0530342
0.0564189
0.0453149
0.0548143
0.0458017
0.0416426
0.0538695
0.0538122
0.0430139
0.0393131
0.0458642
0.0486287
0.0485687
0.0648343
0.0558991
0.0511794
0.0521622
0.045937
0.0642135
0.0669291
0.0633031
0.0411783
0.0503217
0.0516434
0.0564748
0.050487
0.0608841
0.0574352
0.0519222
0.0547315
0.0434259
0.053302
0.049524
0.0620242
0.0607385
0.0616855
0.0568385
0.0505916
0.0492517
0.0454237
0.0524308
0.0504843
0.0501139
0.0524269
0.0554583
0.0501747
0.0459391
0.04314
0.0403327
0.0403304
0.0391139
0.0396642
0.0434631
0.0373447
0.0420879
0.0422448
0.0407368
0.0428616
0.0539545
0.0480712
0.0510661
0.0516525
0.0546002
0.0528057
0.0583731
0.0521242
0.0549544
0.0717651
0.0720924
0.0598893
0.0488122
0.0474145
0.0506744
0.0544585
0.058773
0.0571889
0.0558119
0.0491128
0.0462252
0.0438311
0.0422917
0.0413151
0.0426634
0.042352
0.046328
0.0402801
0.0416293
0.0434021
0.049223
0.0431603
0.0426017
0.0453906
0.0505666
0.0482015
0.05285
0.057357
0.0529348
0.0429934
0.0621476
0.057367
0.051331
0.0438687
0.0480319
0.0531056
0.0434876
0.056494
0.0515063
0.047436
0.0490345
0.0479944
0.039817
0.0423766
0.0510188
0.0407359
0.0448653
0.0460927
0.0448951
0.0449355
0.0469441
0.0539098
0.0542034
0.0473904
0.0512793
0.0461136
0.0405654
0.0520521
0.048855
0.048806
0.0427603
0.0440602
0.05092
0.061357
0.0579116
0.0402623
0.0409366
0.0462827
0.0420727
0.0443215
0.0481802
0.0419576
0.0414931
0.0409295
0.042295
0.0453512
0.0448862
0.045116
0.0422656
0.0409881
0.0493978
0.04821
0.0450697
0.0511794
0.0537975
0.0576584
0.0587007
0.0611067
0.0705291
0.0490311
0.0521819
0.0534413
0.0447567
0.0428544
0.0438766
0.041951
0.0461649
0.0424257
0.0426048
0.0432681
0.0411472
0.0394001
0.0439363
0.0399638
0.0514753
0.0520533
0.0445168
0.047271
0.0452957
0.0444587
0.0501858
0.0408668
0.0381912
0.037655
0.046178
0.0439418
0.0480845
0.0463511
0.0472074
0.042811
0.0377334
0.0390053
0.034563
0.0420479
0.0408861
0.0388642
0.0448994
0.0403997
0.0386851
0.0387992
0.045069
0.0393045
0.0458037
0.0483311
0.0380043
0.0453738
0.0408011
0.0360038
0.0507136
0.0350222
0.038696
0.037965
0.0343811
0.0397623
0.0481051
0.0459367
0.0399494
0.0369271
0.0366983
0.0367246
0.0410816
0.0418871
0.0456598
0.0545406
0.0467454
0.0479683
0.0470494
0.0456366
0.0508406
0.0465021
0.0428236
0.0399341
0.0418601
0.0397299
0.0479363
0.0446895
0.0420765
0.0444482
0.0485645
0.0568486
0.0606056
0.0693335
0.0660394
0.0696824
0.0461708
0.0372789
0.0369318
0.0359197
0.0422084
0.0408762
0.0390919
0.0373695
0.0344464
0.044162
0.0449193
0.0455723
0.0427675
0.0483633
0.0488872
0.0509698
0.0489005
0.0426863
0.0438398
0.0412911
0.0379926
0.0415629
0.0379248
0.0479969
0.0475571
0.0448486
0.0405411
0.0394983
0.035452
0.0350119
0.036569
0.0379103
0.0430296
0.0449068
0.0489535
0.0456938
0.047462
0.0400962
0.041035
0.0393923
0.044511
0.0483246
0.0453937
0.0527714
0.0447193
0.0441363
0.0482427
0.0389696
0.0403845
0.045129
0.0480836
0.0412792
0.0470604
0.0405099
0.0455025
0.0435549
0.0353927
0.038925
0.044073
0.0540949
0.0576582
0.0542114
0.0496378
0.0463237
0.0482628
0.052883
0.0586563
0.0525657
0.06493
0.0738758
0.0727157
0.0657422
0.0719343
0.0505441
0.0597013
0.0570351
0.042187
0.0451831
0.0582078
0.0535606
0.0566759
0.0524091
0.0467961
0.0427708
0.0459402
0.0433486
0.0382686
0.0452425
0.0546441
0.0449191
0.0468629
0.0410004
0.0392969
0.0424095
0.0418933
0.0432718
0.0423626
0.0480349
0.0495445
0.0457652
0.0503523
0.0518507
0.0452847
0.0417551
0.0408996
0.0458536
0.0521348
0.045956
0.0441442
0.047839
0.0522652
0.0450458
0.0559297
0.0569875
0.0517431
0.0555274
0.046424
0.0451257
0.0474998
0.0578901
0.0462878
0.0511143
0.0457431
0.042696
0.0493976
0.0396768
0.0459192
0.0448571
0.0581197
0.0467471
0.0507274
0.0438119
0.0449598
0.0481216
0.0495619
0.0629761
0.0632383
0.0589305
0.0611601
0.0491805
0.0437914
0.0431152
0.0550449
0.0574771
0.0524873
0.0490519
0.0444712
0.0464157
0.0400759
0.0423113
0.0423836
0.0466265
0.0403434
0.0479931
0.0541447
0.0508001
0.0522163
0.0419006
0.0457586
0.0392516
0.0482843
0.0457789
0.0506172
0.0518576
0.0579025
0.0480117
0.0437177
0.0397982
0.0446883
0.0440865
0.0404487
0.0451723
0.0438781
0.0367833
0.0383613
0.0353903
0.0432014
0.0433916
0.0450355
0.045388
0.0470506
0.0458052
0.0454084
0.0475722
0.0472031
0.049256
0.0464636
0.0496418
0.0488465
0.0645309
0.0619182
0.0550071
0.0559804
0.0494536
0.0523071
0.0442159
0.0574177
0.0504881
0.0420377
0.0551096
0.0509493
0.0444445
0.0475119
0.0399379
0.0409014
0.0406403
0.038443
0.0452615
0.0444341
0.041267
0.0410645
0.0465857
0.0401786
0.0539719
0.0448529
0.0443451
0.0393947
0.0409301
0.045748
0.0464159
0.042626
0.0412925
0.0463713
0.0503559
0.0524461
0.0592974
0.0434205
0.0463995
0.0407318
0.0379773
0.0398007
0.0569301
0.0474556
0.0472325
0.0483775
0.0463869
0.0559362
0.0545587
0.0540614
0.0473232
0.0449316
0.0557902
0.058148
0.0473782
0.043229
0.0389597
0.0393435
0.041464
0.0400626
0.0439296
0.0408037
0.0434595
0.0483279
0.045485
0.0440396
0.0446802
0.0441268
0.0436841
0.0413037
0.0411931
0.0492992
0.044028
0.0509556
0.0552207
0.0518661
0.0576155
0.0561095
0.0560343
0.0565722
0.0529387
0.0493249
0.0502775
0.055327
0.051575
0.0549394
0.0497583
0.0516413
0.0399236
0.0425254
0.0493809
0.0437183
0.0534927
0.0499785
0.0406064
0.0438321
0.0591977
0.0657411
0.0730436
0.0657139
0.0617123
0.0700186
0.0640101
0.0579611
0.0509611
0.0480078
0.0404307
0.0437102
0.0458244
0.0484235
0.0654434
0.0490955
0.0513644
0.0389857
0.045123
0.0467176
0.0513057
0.0563307
0.0558822
0.0541289
0.0529766
0.0598636
0.065254
0.0592494
0.0557579
0.05878
0.0491362
0.0447793
0.0454265
0.0518907
0.0495387
0.044983
0.0461983
0.0521276
0.0537665
0.0529708
0.0590256
0.0663996
0.0640804
0.0486069
0.0619215
0.0676953
0.0522273
0.0469606
0.0481539
0.0456702
0.0435826
0.0514294
0.0594386
0.0571002
0.0469282
0.0476742
0.0508762
0.0501063
0.0511756
0.0539911
0.057803
0.0636423
0.0700483
0.0623375
0.0526473
0.0519788
0.0467914
0.047162
0.0580011
0.0505469
0.0418561
0.0463188
0.0421702
0.0512914
0.044553
0.0439263
0.0432861
0.0501324
0.0541579
0.0612013
0.0552907
0.0472148
0.0486509
0.042511
0.0453055
0.044815
0.0397379
0.0458563
0.0458345
0.0420248
0.0408608
0.0426189
0.0400137
0.0486788
0.0529521
0.0576599
0.0505252
0.0445809
0.0476019
0.0428444
0.0423186
0.0423823
0.0450062
0.0390217
0.0399332
0.0447983
0.0417197
0.044043
0.0468829
0.0400928
0.0448809
0.0603058
0.0619242
0.0490773
0.056652
0.060687
0.0604425
0.0618124
0.0735738
0.0669348
0.045523
0.0487282
0.0510029
0.043799
0.0489803
0.0430257
0.0520259
0.0490973
0.0536315
0.0416975
0.037572
0.0432301
0.0449743
