0.2
-0.6
-0.6
-0.68
-0.84
-0.84
-0.68
-0.76
-0.92
-0.92
-0.92
-0.84
-0.76
-0.68
-0.76
-0.76
-0.76
-0.84
-0.84
-0.84
-0.84
-0.68
-0.68
-0.68
-0.6
-0.76
-0.76
-0.68
-0.76
-0.76
-0.76
-0.6
-0.68
-0.68
-0.76
-0.68
-0.68
-0.68
-0.68
-0.76
-0.84
-0.76
-0.6
-0.68
-0.76
-0.84
-0.76
-0.84
-0.76
-0.76
-0.68
-0.68
-0.76
-0.76
-0.76
-0.84
-0.84
-0.92
-0.92
-0.84
-0.92
-0.84
-0.84
-0.76
-0.76
-0.84
-0.84
-0.92
-0.92
-0.84
-0.84
-0.76
-0.76
-0.76
-0.84
-0.84
-0.84
-0.84
-0.84
-0.76
-0.76
-0.84
-0.76
-0.76
-0.76
-0.6
-0.52
-0.76
-0.76
-0.84
-0.76
-0.84
-0.68
-0.76
-0.76
-0.84
-0.76
-0.76
-0.76
-0.84
-0.84
-0.84
-0.6
-0.76
-0.76
-0.84
-0.84
-0.76
-0.68
-0.68
-0.76
-0.84
-0.84
-0.84
-0.76
-0.84
-0.84
-0.84
-0.92
-0.76
-0.92
-0.84
-0.84
-0.68
-0.76
-0.68
-0.68
-0.76
-0.84
-0.76
-0.76
-0.6
-0.6
-0.52
-0.68
-0.76
-0.76
-0.68
-0.76
-0.76
-0.76
-0.84
-0.84
-0.76
-0.68
-0.76
-0.76
-0.84
-0.84
-0.76
-0.68
-0.68
-0.68
-0.76
-0.76
-0.76
-0.84
-0.84
-0.84
-0.84
-0.84
-0.84
-0.84
-0.84
-0.76
-0.76
-0.84
-0.84
-0.84
-0.84
-0.84
-0.84
-0.84
-0.68
-0.68
-0.76
-0.76
-0.76
-0.68
-0.76
-0.68
-0.68
-0.76
-0.76
-0.6
-0.68
-0.52
-0.52
-0.6
-0.68
-0.76
-0.76
-0.76
-0.6
-0.6
-0.68
-0.76
-0.76
-0.68
-0.68
-0.68
-0.76
-0.76
-0.6
-0.84
-0.76
-0.84
-0.84
-0.84
-0.76
-0.76
-0.76
-0.84
-0.76
-0.76
-0.6
-0.76
-0.76
-0.84
-0.84
-0.68
-0.84
-0.76
-0.76
-0.68
-0.76
-0.68
-0.68
-0.76
-0.84
-0.76
-0.76
-0.6
-0.6
-0.52
-0.6
-0.68
-0.68
-0.76
-0.84
-0.84
-0.84
-0.84
-0.84
-0.76
-0.68
-0.76
-0.76
-0.92
-0.84
-0.76
-0.68
-0.68
-0.76
-0.84
-0.84
-0.84
-0.92
-0.92
-0.84
-0.92
-0.92
-0.92
-0.84
-0.84
-0.76
-0.76
-0.84
-0.84
-0.92
-0.92
-0.92
-0.84
-0.84
-0.76
-0.76
-0.84
-0.84
-0.84
-0.76
-0.84
-0.76
-0.76
-0.84
-0.84
-0.68
-0.76
-0.6
-0.6
-0.68
-0.76
-0.84
-0.84
-0.84
-0.68
-0.68
-0.76
-0.84
-0.84
-0.76
-0.76
-0.76
-0.84
