1.36931 0
1.36931 1.58402e-07
1.3693 1.35163e-05
1.3693 1.00134e-05
1.36928 2.47612e-05
1.36928 2.05815e-05
1.36927 2.16501e-05
1.36926 2.25147e-05
1.36924 2.59356e-05
1.36923 2.44288e-05
1.36923 2.24576e-05
1.36922 2.19407e-05
1.36922 2.0593e-05
1.36922 1.97612e-05
1.36923 1.9499e-05
1.36923 1.88083e-05
1.36924 1.91277e-05
1.36925 1.92847e-05
1.36926 2.0523e-05
1.36926 1.96903e-05
1.36926 1.90898e-05
1.36926 1.82085e-05
1.36926 1.75335e-05
1.36926 1.69038e-05
1.36926 1.63474e-05
1.36926 1.57079e-05
1.36926 1.51192e-05
1.36926 1.45695e-05
1.36926 1.42955e-05
1.36927 1.39255e-05
1.36927 1.44548e-05
1.36928 1.47937e-05
1.36928 1.43411e-05
1.36928 1.39629e-05
1.36928 1.35784e-05
1.36928 1.3235e-05
1.36928 1.32155e-05
1.36928 1.30384e-05
1.36928 1.2709e-05
1.36928 1.25021e-05
1.36928 1.22351e-05
1.36928 1.19425e-05
1.36929 1.21411e-05
1.36929 1.19815e-05
1.36929 1.17345e-05
1.36929 1.17074e-05
1.36929 1.16084e-05
1.36929 1.16203e-05
1.36929 1.15548e-05
1.36929 1.13742e-05
1.36929 1.11578e-05
1.36929 1.1088e-05
1.36929 1.13201e-05
1.36928 1.14744e-05
1.36928 1.13316e-05
1.36928 1.13876e-05
1.36928 1.12336e-05
1.36928 1.10712e-05
1.36928 1.10751e-05
1.36927 1.0934e-05
1.36927 1.08121e-05
1.36927 1.09504e-05
1.36927 1.08367e-05
1.36927 1.07068e-05
1.36927 1.0562e-05
1.36927 1.0511e-05
1.36928 1.05726e-05
1.36928 1.07094e-05
1.36928 1.0587e-05
1.36928 1.04588e-05
1.36928 1.03194e-05
1.36928 1.019e-05
1.36928 1.00545e-05
1.36928 9.92746e-06
1.36928 1.00428e-05
1.36928 9.97477e-06
1.36928 9.92686e-06
1.36927 9.95206e-06
1.36927 1.00193e-05
1.36927 9.99447e-06
1.36927 9.87797e-06
1.36927 9.83349e-06
1.36927 9.75618e-06
1.36927 9.66189e-06
1.36927 9.57077e-06
1.36927 9.45956e-06
1.36927 9.35324e-06
1.36927 9.24866e-06
1.36927 9.15891e-06
1.36927 9.10897e-06
1.36927 9.00925e-06
1.36927 8.97625e-06
1.36927 8.88352e-06
1.36927 8.82751e-06
1.36927 8.95289e-06
1.36927 8.88598e-06
1.36928 8.95805e-06
1.36928 8.95253e-06
1.36928 9.07965e-06
1.36928 9.17366e-06
