1.38522 0
1.3852 2.262e-05
1.38518 2.06336e-05
1.38515 3.94642e-05
1.38511 4.77859e-05
1.3851 4.04108e-05
1.3851 3.41727e-05
1.38512 3.42415e-05
1.38512 3.11485e-05
1.3851 3.99391e-05
1.38511 3.87172e-05
1.38516 6.11703e-05
1.3851 8.26516e-05
1.38508 7.81861e-05
1.38511 7.70735e-05
1.38511 7.22647e-05
1.38516 8.16526e-05
1.38513 8.40764e-05
1.38512 7.9762e-05
1.38514 7.77215e-05
1.38514 7.43619e-05
1.38513 7.18804e-05
1.38516 7.24821e-05
1.38516 6.995e-05
1.38517 6.70945e-05
1.38516 6.48985e-05
1.38516 6.2466e-05
1.38517 6.17293e-05
1.38518 5.96632e-05
1.38517 5.79787e-05
1.38516 5.70616e-05
1.38516 5.53701e-05
1.38516 5.36703e-05
1.38516 5.23321e-05
1.38517 5.15115e-05
1.38516 5.02042e-05
1.38517 4.88998e-05
1.38518 4.88556e-05
1.38517 4.80555e-05
1.38517 4.69599e-05
1.38517 4.58109e-05
1.38517 4.49628e-05
1.38518 4.43542e-05
1.38517 4.47637e-05
1.38517 4.43586e-05
1.38517 4.34309e-05
1.38516 4.36974e-05
1.38516 4.30666e-05
1.38516 4.21788e-05
1.38516 4.13407e-05
1.38515 4.09818e-05
1.38516 4.02548e-05
1.38515 3.95684e-05
1.38514 4.06959e-05
1.38514 3.99503e-05
1.38514 3.93446e-05
1.38513 3.88608e-05
1.38512 3.92251e-05
1.38513 3.87996e-05
1.38512 3.90611e-05
1.38511 3.90431e-05
1.38512 3.86565e-05
1.38511 3.91088e-05
1.3851 3.86861e-05
1.38511 3.8113e-05
1.3851 3.78936e-05
1.38509 3.77707e-05
1.38509 3.72934e-05
1.38509 3.68115e-05
1.3851 3.77012e-05
1.38509 3.87434e-05
1.38509 3.83171e-05
1.38509 3.79562e-05
1.38509 3.75465e-05
1.38509 3.70608e-05
1.38509 3.66199e-05
1.38509 3.61412e-05
1.38508 3.58489e-05
1.38508 3.54027e-05
1.38508 3.49577e-05
1.38508 3.48866e-05
1.38508 3.44698e-05
1.38508 3.40952e-05
1.38508 3.37055e-05
1.38508 3.33997e-05
1.38507 3.30552e-05
1.38508 3.27755e-05
1.38507 3.25625e-05
1.38507 3.22713e-05
1.38507 3.19819e-05
1.38507 3.16576e-05
1.38507 3.13648e-05
1.38507 3.10338e-05
1.38507 3.08374e-05
1.38507 3.0545e-05
1.38507 3.02289e-05
1.38507 2.99295e-05
1.38507 2.96465e-05
1.38507 2.98575e-05
1.38507 2.99584e-05
