0.048096 0
0.0471912 0.000904823
0.0453888 0.00187655
0.0452774 0.00133158
0.0458224 0.00116656
0.0454185 0.00103459
0.0455403 0.000882828
0.0455163 0.000764929
0.046181 0.000947081
0.0467485 0.0010196
0.0468178 0.000924869
0.0467827 0.000845017
0.0470912 0.000836311
0.047089 0.000774277
0.0470133 0.000724772
0.046806 0.000708966
0.0470716 0.000716957
0.0469601 0.000685082
0.0469706 0.000648108
0.0471796 0.000649394
0.0472503 0.000621735
0.0473288 0.000597975
0.0473583 0.000572148
0.0473664 0.00054785
0.0473583 0.000525542
0.0472312 0.000520682
0.0472567 0.000501676
0.0473058 0.000485908
0.0473649 0.000472571
0.0474207 0.000459944
0.0476467 0.000498954
0.0475215 0.000499059
0.0474673 0.000486725
0.0474222 0.000474343
0.0474924 0.000465905
0.0475817 0.000461501
0.0476071 0.000449577
0.0477792 0.000470206
0.0479262 0.000480999
0.0479546 0.00046968
0.047914 0.000459878
0.0480212 0.000461429
0.0480767 0.000453965
0.0481404 0.000448084
0.0481953 0.000441435
0.048254 0.000435712
0.0481476 0.000439432
0.0482325 0.000438486
0.0481132 0.000445706
0.0480418 0.000442496
0.0480297 0.000433901
0.0480405 0.00042561
0.0480961 0.000421192
0.0480641 0.000414556
0.0480739 0.000407068
0.0481138 0.000401714
0.0482087 0.000405863
0.0481937 0.000399086
0.0481561 0.000394063
0.0481303 0.000388299
0.0481409 0.000382029
0.0480719 0.000382103
0.0480748 0.000376001
0.0480846 0.000370207
0.0481397 0.000368617
0.0482234 0.000372505
0.0483391 0.000384711
0.0483199 0.000379495
0.0483056 0.000374231
0.0483084 0.000368857
0.0482717 0.000365472
0.0483299 0.000365032
0.0483289 0.000359998
0.0483447 0.000355453
0.0483424 0.00035069
0.0483332 0.000346167
0.0483194 0.000341917
0.0483503 0.000338912
0.048347 0.000334611
0.0483564 0.000330534
0.0483623 0.000326483
0.0484364 0.000330871
0.0483642 0.000334743
0.0483903 0.000331765
0.0484501 0.000333239
0.0484159 0.000331107
0.048487 0.00033491
0.0485375 0.000334917
0.0485539 0.000331537
0.0485864 0.000329434
0.0485866 0.000325794
0.0485773 0.000322368
0.0485689 0.000318993
0.0485586 0.000315749
0.0485256 0.000314147
0.0485417 0.000311275
0.0485279 0.000308357
0.0485181 0.000305352
0.0485062 0.000302488
0.0485474 0.000302279
