-0.414773 0
-0.40744 0.00733295
-0.403632 0.00569428
-0.403959 0.00403969
-0.404884 0.0032631
-0.407987 0.00408968
-0.410546 0.00430069
-0.412731 0.00431811
-0.412749 0.00380826
-0.414975 0.00406902
-0.418076 0.00481316
-0.418865 0.00446398
-0.419031 0.00410964
-0.424476 0.00664276
-0.428975 0.00764737
-0.431222 0.00749789
-0.432229 0.00711476
-0.431681 0.00673024
-0.433833 0.00671992
-0.435384 0.00656107
-0.435315 0.0062412
-0.436305 0.00603255
-0.43712 0.00582155
-0.435913 0.0057027
-0.435366 0.00549716
-0.435001 0.0052941
-0.435662 0.00513694
-0.435135 0.00497811
-0.434018 0.00493138
-0.433284 0.00482048
-0.433101 0.00466597
-0.433414 0.00452868
-0.433207 0.00439419
-0.433244 0.00426315
-0.433095 0.00414224
-0.432428 0.00408034
-0.431866 0.00400817
-0.430571 0.00411077
-0.428815 0.00437196
-0.427531 0.00445049
-0.42654 0.00445228
-0.425252 0.00453198
-0.423297 0.00483787
-0.4217 0.00498916
-0.420164 0.0051131
-0.417754 0.00555136
-0.415799 0.00577273
-0.414531 0.00579181
-0.413184 0.0058301
-0.411719 0.00589726
-0.410319 0.00594749
-0.409017 0.00597563
-0.407189 0.00614027
-0.406038 0.00613436
-0.405232 0.00607552
-0.404255 0.00604553
-0.40325 0.00602298
-0.402862 0.00593093
-0.402625 0.00583434
-0.401842 0.00578951
-0.401915 0.00569428
-0.402093 0.00560453
-0.40199 0.00551582
-0.402591 0.00546215
-0.402665 0.00537797
-0.403156 0.00531857
-0.403779 0.00527551
-0.404669 0.00527298
-0.405567 0.00527291
-0.405947 0.00521096
-0.405885 0.00513742
-0.406363 0.00508801
-0.406503 0.00501979
-0.406503 0.00495149
-0.406471 0.00488513
-0.406535 0.00482086
-0.406206 0.0047692
-0.406156 0.00470793
-0.406143 0.00464797
-0.406005 0.00459157
-0.406325 0.00454582
-0.406711 0.00450656
-0.407074 0.00446671
-0.407551 0.00443893
-0.407859 0.00439719
-0.408366 0.00437521
-0.408749 0.00434161
-0.408962 0.00429728
-0.409493 0.00428172
-0.409975 0.00426123
-0.410198 0.00422002
-0.410638 0.00419702
-0.410909 0.00416049
-0.411319 0.00413637
-0.411838 0.0041254
-0.412337 0.00411256
-0.412747 0.00409054
-0.4132 0.00407391
-0.413009 0.0040371
-0.413063 0.0039969
