1.20205 0
1.19278 0.00927287
1.18156 0.0124241
1.18095 0.00880657
1.18352 0.00729041
1.18656 0.00668204
1.18854 0.00598535
1.19202 0.00624124
1.19519 0.00635218
1.1987 0.00668114
1.19909 0.00605558
1.19815 0.00560732
1.19836 0.0051624
1.19684 0.00501559
1.19475 0.00511465
1.19305 0.005079
1.19311 0.00477127
1.19293 0.00450209
1.19287 0.00425894
1.19394 0.00418019
1.19477 0.0040618
1.19558 0.00395714
1.19487 0.00384769
1.19339 0.00396927
1.19194 0.00407646
1.19003 0.00435417
1.18897 0.00432289
1.18823 0.00423015
1.18748 0.00415095
1.18758 0.00401154
1.18836 0.00395709
1.18817 0.00383615
1.18816 0.00371811
1.18808 0.00360784
1.1882 0.00350516
1.18903 0.00350592
1.19045 0.00369472
1.1915 0.00374632
1.19348 0.00415208
1.19501 0.00432585
1.19599 0.00433044
1.19748 0.00448123
1.19803 0.00441003
1.19806 0.00430876
1.19869 0.00425894
1.19953 0.00425017
1.19898 0.00419604
1.19839 0.00414924
1.19791 0.00409233
1.19769 0.0040158
1.19697 0.00400012
1.19651 0.00394958
1.19676 0.00388212
1.19712 0.0038269
1.19756 0.00378219
1.19772 0.00371737
1.1979 0.0036562
1.19796 0.00359304
1.19793 0.00353173
1.19785 0.00347331
1.19776 0.00341691
1.19769 0.00336224
1.19759 0.00330986
1.19749 0.00325933
1.1977 0.00321562
1.19817 0.00320137
1.19866 0.00319192
1.19838 0.00315756
1.19824 0.00311473
1.19807 0.0030745
1.19819 0.00303336
1.19857 0.00301465
1.19853 0.00297331
1.19877 0.00294274
1.19912 0.00292437
1.1996 0.00292452
1.19966 0.0028871
1.19966 0.00284985
1.19973 0.00281442
1.20004 0.00279564
1.20055 0.00280814
1.20106 0.00281964
1.20099 0.00278634
1.20144 0.00279033
1.20179 0.00277954
1.20171 0.00274819
1.20188 0.00272152
1.20203 0.00269496
1.20235 0.00268352
1.20253 0.00265959
1.20252 0.00263025
1.2024 0.00260393
1.20193 0.00261845
1.20178 0.00259482
1.20161 0.00257301
1.20145 0.00255143
1.20119 0.00253794
1.20074 0.00255292
1.20042 0.00254636
1.20026 0.00252623
