1.66852
2.11059
2.04413
2.20967
1.837
1.82832
1.8809
1.78289
2.11754
1.58094
2.26374
2.44363
2.29897
2.12348
2.0727
1.85794
1.80188
1.50101
1.90672
2.09313
2.25198
1.57946
0.936559
0.745712
0.733207
0.460214
0.606717
0.609798
0.482905
0.761703
0.657626
0.679485
0.86244
0.906186
0.852002
1.19949
1.76864
1.0993
0.78764
1.17048
1.02793
1.05631
1.41057
1.22675
1.64808
2.06896
1.66917
1.65121
1.69486
1.5639
1.51631
1.93068
1.41466
1.68876
2.0571
1.62212
1.63006
1.39432
1.55939
1.0883
1.14306
1.25863
1.23784
1.0278
0.957004
1.36813
1.10235
1.29194
1.09
1.24705
1.4031
1.50506
1.75457
2.24076
1.74407
1.63777
1.39337
1.59768
1.13965
1.14739
1.54539
1.3749
0.905018
0.778472
0.800163
0.649477
0.568925
0.412196
0.496106
0.58842
0.46305
0.95996
0.864377
0.474923
0.481023
0.264267
0.25149
0.547774
0.608401
0.812697
0.954412
0.905163
1.06765
0.811546
1.20777
1.27629
1.31904
1.25298
1.50625
1.37254
1.75273
1.43871
0.861878
0.980519
1.16876
1.12316
1.44366
1.21546
1.43258
1.25032
1.16606
1.28998
1.49152
1.23626
1.24348
1.43972
0.669129
0.586241
1.15927
0.464596
0.0461809
0.339473
0.855738
0.523179
0.433922
0.695511
0.676143
0.696606
0.447629
0.551439
0.505309
0.677917
0.685153
0.722915
0.643
0.884435
0.703686
0.379189
0.380677
0.587825
0.201259
0.430748
0.471131
0.710568
0.958331
0.815138
0.749032
0.615783
0.836445
1.66457
1.65913
1.18858
1.33769
1.92945
1.82269
2.24071
2.28526
2.21521
2.4505
1.84134
1.66094
1.28398
1.28903
1.05271
1.386
1.63927
2.03113
1.68995
1.27246
1.21818
1.16651
1.31399
1.17807
1.26581
1.92468
1.74238
1.93474
2.19207
1.97922
1.89692
1.42595
1.27881
1.24415
1.19263
1.19366
1.29457
1.60555
1.62759
1.39816
1.11024
1.15118
1.23373
1.39358
1.03179
0.8336
0.859398
1.28362
1.49829
1.95477
1.48676
1.81213
1.80158
1.98714
2.01591
1.90145
1.74084
1.85426
1.57488
1.98333
1.75928
1.55199
2.05193
1.56795
1.741
1.62971
1.53495
1.46565
1.22576
1.60559
1.86368
1.8873
1.50547
1.53414
1.52087
1.53338
1.2092
1.16487
0.988994
1.41991
1.30004
1.24101
0.886664
1.07727
1.01233
0.793836
1.1447
1.49941
1.71736
1.06075
1.63166
1.83227
1.71132
1.66718
1.48445
1.14149
1.11647
1.40478
1.83031
1.60182
1.29964
1.27793
1.57167
1.55858
1.7994
1.96881
2.05276
2.0391
2.08263
2.07416
1.89988
2.02774
1.97363
1.61625
1.10723
0.972011
1.44066
1.62294
1.82033
1.7166
1.57188
1.26979
1.46095
1.4979
1.51805
1.38521
1.04979
1.14373
1.35481
1.66204
2.08294
1.90382
2.08
1.9194
1.58247
2.10499
1.85557
1.78746
1.64997
1.93736
2.25783
1.95167
1.9237
1.52243
1.70692
2.07221
2.13271
1.92559
1.966
2.5922
2.59025
2.73099
2.62236
2.94638
2.60354
2.4693
2.27645
2.19232
2.12048
2.25533
2.17196
1.96632
2.0411
2.26448
2.57463
2.37882
2.00378
1.83408
1.88969
1.46961
1.72283
1.64956
1.97723
1.82436
2.31703
1.9837
2.08798
1.83579
1.81767
2.05754
1.78902
1.55858
1.99157
1.85316
2.08448
2.46636
2.27212
1.97462
1.92129
1.83357
1.89437
2.16129
2.05227
1.96068
1.88947
1.80889
1.96301
1.69712
1.67276
1.68651
1.66876
1.77455
1.81956
2.03943
1.85249
1.71593
1.63095
1.79726
2.27566
1.78537
1.91251
1.71148
1.70283
1.65474
1.54861
1.42115
1.45259
1.43772
1.32288
1.48668
1.58232
1.75675
1.43825
0.925589
0.750367
0.570344
0.955821
1.15801
1.35037
1.59469
1.71131
1.57898
1.96134
2.39601
2.10731
2.13346
2.18783
1.8177
1.87909
2.17933
2.03985
1.89214
1.93128
1.94201
1.79812
1.72378
1.81254
1.56411
1.65071
1.80381
1.78983
1.61711
1.82894
1.49465
1.38798
1.67649
1.6504
1.56397
1.4454
1.41033
1.44702
1.37835
1.15923
1.13565
1.43609
1.41329
1.5339
1.75299
1.79319
1.68135
1.92118
1.53064
1.36322
1.58483
1.28602
1.30591
1.45468
1.1429
1.77327
2.0375
1.86013
1.5314
0.980888
1.02248
1.32856
0.933098
0.901414
0.830066
1.27922
1.3479
1.59994
1.41454
1.75355
1.78609
1.23845
1.15685
0.830781
1.35696
1.65161
1.56336
1.08856
1.06232
1.1185
1.06078
1.08889
1.0128
0.781735
0.883549
0.908565
0.643525
0.875633
0.94133
1.16735
1.29852
1.29415
1.50008
1.32536
1.43906
0.967503
0.594272
0.458389
0.829036
0.78006
0.827438
1.13774
1.09757
1.26659
1.26249
1.42898
1.26071
1.64682
1.55158
1.73732
1.51753
1.90826
1.33511
1.22557
1.23841
1.3168
1.31622
1.46059
1.53335
1.32844
1.31975
0.965227
1.37022
1.169
1.42277
1.48709
1.52979
1.40631
1.70222
1.30236
1.36754
1.31204
0.791481
0.954225
0.850594
1.22363
0.898491
1.28203
1.00828
1.45385
1.87593
1.94217
1.56777
1.29893
1.56066
1.38445
0.901258
0.987797
0.601854
0.846724
0.945179
1.35748
1.11809
1.53299
1.38139
1.28571
0.925332
1.00601
0.892044
0.906477
1.19471
1.32095
1.52405
1.19028
0.961114
0.678419
1.00823
1.26744
1.45125
1.47788
1.58054
1.90926
1.82398
1.95164
2.30512
2.21236
1.76105
2.13346
1.94633
2.26791
1.6279
1.13171
1.22777
1.01192
1.28973
1.40873
1.55088
2.09045
1.44274
1.57348
1.26977
1.36237
1.03505
1.05726
1.51955
1.39083
1.21483
1.69219
1.66777
1.14338
1.36836
0.740072
0.978258
1.34991
1.19494
1.1743
1.33179
1.19491
1.07968
1.17971
0.96221
0.793929
0.661
1.10472
1.0611
1.07037
0.755094
0.845264
0.819413
0.793442
1.08212
1.60857
1.54281
1.27853
1.77547
1.45493
1.54401
1.33602
1.67736
1.07534
1.13247
0.924989
1.08111
1.19019
1.43843
1.65356
1.74277
0.853617
1.15036
1.52122
1.67486
1.41194
1.31216
1.342
1.12518
1.38547
1.07462
1.1565
1.19641
1.14019
1.40938
1.21324
1.06232
0.803924
0.988718
1.37267
1.31886
1.41452
1.41187
1.55125
1.78325
1.31736
1.73805
1.69592
1.69721
1.761
1.83886
1.93856
1.74625
1.46944
1.2952
1.82897
1.85827
1.40118
1.63625
1.30496
0.952846
0.978877
1.17733
0.927946
0.958886
1.32874
1.47027
1.88969
1.65403
1.68906
1.35942
1.7011
1.20758
1.0538
1.15132
0.949958
0.873254
1.07631
0.92618
0.775211
0.698514
1.01943
1.04966
1.11208
1.16513
0.976917
1.30762
1.2373
0.818787
0.501452
0.714545
0.620256
0.603424
0.497286
0.627131
0.978974
1.35337
1.5122
1.18344
0.759614
0.654434
0.620841
0.91125
1.13792
0.81889
1.02676
0.983884
0.910698
1.03154
1.34326
1.37158
1.26258
1.16083
1.50347
1.29525
1.41425
1.13509
1.1653
0.974407
0.854619
1.1908
1.04508
1.85602
1.58005
1.51947
1.85604
1.92607
1.99672
1.449
1.0222
0.497043
0.579077
0.886013
1.08576
0.742078
1.05715
1.25619
1.37287
1.26234
1.16978
1.14172
1.53244
1.82957
1.76442
1.48636
1.80847
2.06033
1.70077
1.58793
1.90308
1.82732
2.15873
1.69435
2.04899
1.93303
1.97633
1.7555
1.59231
1.41409
1.58815
1.52124
1.40093
1.27623
1.10672
1.04243
0.831044
1.39634
1.45377
1.32087
1.44128
2.04613
1.61934
1.05141
1.03032
0.873266
0.911885
1.12054
1.00313
1.03911
1.12354
1.34846
1.57963
1.60149
1.79598
1.844
1.6391
1.42725
1.3324
1.68156
1.43726
1.63686
1.36499
1.64853
1.17903
0.872551
1.21747
0.784307
0.992083
0.822187
0.893413
1.24554
1.21184
1.12827
1.25021
1.07525
0.705483
0.83843
1.02763
1.21922
1.23044
0.878748
1.29804
1.30068
1.78743
1.98458
2.02786
2.35812
2.25645
2.17716
2.12622
2.37607
2.25099
2.16501
2.29595
1.62235
1.90701
1.85757
1.72443
1.97372
1.55472
2.12097
2.03062
1.90821
1.69024
1.65258
1.75579
1.57938
1.73089
1.59867
1.56763
1.52764
1.63033
1.94312
1.57876
1.99746
1.75636
1.4359
1.13727
1.58805
1.46305
1.6985
1.31624
1.21829
0.913143
1.10652
1.68363
1.84486
1.87434
1.3688
1.27658
1.80552
1.22813
1.13266
0.951201
1.15199
0.813967
0.596266
0.985065
1.27864
1.64761
1.52452
1.96221
1.51681
1.17053
1.18608
1.21424
1.0621
1.18172
1.1623
1.39713
1.12979
1.44931
1.23452
1.10866
1.32885
1.48021
1.45936
1.02962
1.16634
1.2435
1.13271
1.52678
0.95592
1.23599
1.36356
1.3547
1.60779
1.90388
2.22336
2.3621
2.0528
1.82349
1.84876
2.11188
1.95785
2.04171
1.8228
1.67051
1.74075
1.74452
1.54107
1.13512
1.47151
1.46515
1.81605
1.67209
1.3766
1.57789
1.31942
1.37442
1.81715
1.98556
1.64043
1.16331
1.74524
2.0844
2.35808
2.45865
2.17209
2.0537
1.71978
1.53018
1.60609
1.89585
1.84082
2.02647
1.80878
1.98135
2.26019
2.30705
2.31327
2.41848
2.59224
3.02649
2.53707
1.93361
1.33241
1.3751
1.13415
1.00916
1.1444
1.37629
1.04255
1.0627
1.00427
1.424
1.34361
1.63807
1.69847
1.56617
1.76195
1.67639
1.54264
1.56844
1.49801
1.34476
1.57194
1.43875
1.41094
1.94526
2.55294
2.3617
1.91311
1.47825
1.64547
1.5329
1.47266
1.45531
1.57293
1.897
1.88363
2.48093
1.9504
2.01724
2.10707
1.86418
2.09862
1.69544
1.82534
1.75367
1.60387
1.83252
1.50752
1.55311
1.96876
2.03311
2.06708
1.49852
1.50946
2.20382
1.66733
1.72972
2.0067
1.88388
1.9496
1.92314
1.26085
1.53746
1.51293
1.22607
1.30367
1.75734
1.36281
1.01272
0.986566
0.923772
1.20874
1.34968
1.09533
0.884309
1.27429
0.985873
1.26801
1.21763
1.42914
1.46815
1.82347
1.76968
1.61829
1.89995
2.49723
1.77254
1.4812
1.26976
1.56684
2.00386
2.26252
2.08602
1.88562
1.54262
1.94382
1.975
2.10279
2.1903
2.45212
2.23985
2.53686
1.95632
1.57547
1.68736
1.31732
0.991452
1.04604
1.34387
1.40835
1.30772
1.1531
1.29744
1.69221
2.07428
1.66943
1.50147
1.76596
1.29001
1.2015
1.1397
0.975155
1.62216
1.78287
1.51965
1.71359
1.34404
1.78435
1.60219
1.60676
1.5227
1.49854
1.66101
1.20361
0.855452
1.14215
1.38171
1.04681
1.01909
1.2877
1.00568
1.0967
1.03035
1.18333
1.18029
0.88429
0.969061
0.894656
1.00762
0.564663
0.644808
0.962072
0.93944
1.11986
1.57471
1.70606
1.96715
1.67966
1.43718
1.28495
1.83768
1.42707
1.2845
1.45245
1.55851
2.10186
1.98468
1.79664
1.78681
1.47109
0.94171
0.576383
0.919686
1.20865
1.61585
1.75133
1.6947
1.88142
1.39943
1.45029
1.2959
0.95043
0.72256
1.08105
0.999936
1.22858
1.31363
1.15882
1.20655
1.77632
2.11886
1.22591
1.21394
1.19416
1.28319
1.07782
0.835986
1.35085
1.04675
1.12414
1.30821
1.40142
1.00744
1.49857
1.16021
0.894585
1.36371
1.33344
1.32138
1.66311
1.47159
1.49464
1.31793
1.23567
0.710593
0.832304
0.677801
0.690587
0.564846
0.748914
0.801998
0.654342
1.20218
1.33455
1.34634
1.3296
1.18134
1.31873
0.974824
1.03981
0.846057
1.01619
1.34785
1.31833
1.27975
1.01984
1.5478
1.86226
1.9698
1.24149
1.46055
1.16698
1.35137
1.93378
1.59837
1.65839
1.66264
1.03473
0.894815
0.974329
1.15142
1.03353
1.20845
0.716327
1.09592
1.38772
1.54354
1.77219
1.29376
1.09911
1.09641
1.58271
1.48305
1.55295
1.21014
1.07632
1.46839
1.69228
1.79354
1.97296
1.77151
1.55964
1.68139
1.77922
1.97478
1.84526
1.43689
1.01679
0.834489
0.854495
0.998269
0.904775
1.51849
1.33004
1.46138
1.33527
1.40015
1.54541
1.99682
1.79464
1.6457
1.64197
1.24351
1.23208
1.50654
1.12001
1.25401
1.16524
1.93322
1.88587
1.70728
1.59032
1.4262
1.55519
1.78113
1.53527
0.941502
1.67763
1.11095
1.3213
1.35707
0.852438
0.93437
0.944066
0.975434
0.966948
1.1451
1.30747
1.4468
1.41149
1.07019
1.44319
1.44406
1.0962
0.562819
0.445128
1.04758
0.758245
0.800644
1.06697
1.2773
0.981888
0.755528
0.781943
0.878506
1.0444
1.60816
1.61861
1.38698
1.0199
1.20476
0.994831
0.580628
0.831113
1.09619
1.13522
1.19383
1.16059
1.12357
1.22389
1.33054
1.15861
1.21018
0.859073
0.470985
1.39539
0.958307
1.22589
0.98368
0.624605
0.878448
1.2277
1.32055
1.10002
1.06745
0.894903
1.13547
1.19601
1.38088
1.01409
1.3239
1.4521
1.50738
1.85319
1.87409
2.12726
2.47729
2.4909
2.02564
1.69378
1.84806
1.79732
1.82474
1.9476
1.58463
1.51108
0.963117
0.765171
1.02765
0.883278
0.789147
0.437401
0.258872
0.401913
0.0684042
0.275844
0.589252
0.710103
0.697432
0.316425
0.332164
0.521099
0.657368
0.223077
0.521922
0.731202
0.727266
0.765405
0.572217
0.589956
0.608356
0.34564
0.377644
0.799848
0.982485
0.936671
1.22174
1.22898
1.42628
1.33513
1.66358
1.33534
1.88
1.76736
1.70335
1.62629
1.72845
1.6651
1.91142
1.64291
1.69247
1.77067
1.69226
1.50748
1.61651
1.66746
1.49025
1.59598
1.33861
1.40701
1.26794
1.53384
0.847239
0.554651
0.678647
0.892375
1.53653
1.5139
1.96645
2.20128
1.44854
1.14536
1.59154
1.3631
1.58109
1.67918
1.07546
1.2826
1.452
1.34423
1.15858
1.03123
1.25344
1.40206
1.1251
0.934308
1.14309
1.6793
1.21642
1.07132
1.44551
1.56877
1.28551
1.63226
1.15709
0.957729
0.751911
0.829649
1.09357
1.15173
1.20098
0.441662
0.635876
0.986132
1.12125
0.775482
0.764423
0.597916
0.686607
0.49645
0.972868
0.910426
0.932126
1.44437
1.51751
1.79725
0.93869
1.04815
1.34083
1.5174
0.894726
0.750138
1.06842
1.29718
0.911387
0.931875
1.11859
1.03843
1.19591
1.24068
1.37223
1.45787
1.42072
1.34047
0.871663
0.964104
0.933986
0.981637
0.358154
0.751119
0.632651
0.784085
1.34599
1.45736
1.71918
1.68887
1.81044
1.04987
0.671783
0.997544
0.790515
0.718676
0.749769
0.730573
0.845422
1.23653
1.40031
1.11161
1.41832
0.910924
1.25348
1.09181
1.68146
1.49922
1.3353
1.37524
1.39842
1.27614
1.77482
1.92702
2.33403
1.75517
1.80279
1.84268
1.72085
1.52443
1.34583
0.880157
1.30515
1.32917
1.22994
1.12827
1.28233
0.988319
1.20878
1.29555
1.19742
0.978299
1.42203
1.19627
1.11933
1.0095
1.10715
1.32479
1.39543
1.68579
1.93105
1.86177
1.60176
0.93633
0.847351
1.15802
0.960877
1.31429
1.1145
1.02206
1.37401
1.19794
1.24927
1.0414
0.898905
1.05886
1.47277
1.51092
1.65848
1.24739
1.22133
1.28621
1.98276
1.78616
0.987346
0.827796
0.895032
1.05912
0.994372
0.76244
0.760962
1.26992
1.11264
1.35413
1.34437
1.05625
0.866707
1.20932
1.29848
1.38904
1.21985
1.6011
0.882557
0.837887
1.17767
1.15928
1.41625
1.31943
1.43161
1.12525
1.54285
2.00085
1.99251
2.07113
2.02821
1.79641
1.8713
1.65294
1.43752
1.63434
1.5782
1.58344
1.65103
1.71749
1.80787
1.71896
2.03305
2.18562
2.21491
1.87011
2.03493
2.31509
1.85916
2.35775
2.07075
2.03519
2.23046
1.60737
1.7231
1.89567
1.63381
1.80045
1.53755
1.43127
1.12389
1.02169
1.27177
1.0961
1.15992
0.725159
0.631005
1.19534
0.728327
1.31614
1.23012
1.4464
1.49225
1.14771
0.507085
0.483758
0.655412
0.454723
0.535119
0.612507
0.508357
0.139883
0.313861
0.699879
0.859612
1.90545
1.58575
1.54445
1.43365
0.918497
0.968495
1.36644
1.14213
1.37286
2.05731
1.98192
1.48411
1.23284
1.12226
1.28119
1.66624
1.3595
0.779933
1.3526
1.38927
1.1755
1.24127
1.09127
0.980186
0.627993
0.902656
0.952613
1.40375
1.13767
1.13563
0.94149
1.16743
0.924314
1.36826
1.47381
1.05968
1.19624
1.2117
1.35808
1.59882
1.50341
1.72577
1.78336
1.65241
1.04184
0.959483
1.20757
1.08985
1.13572
0.992924
0.858371
1.02295
0.996764
0.859789
0.765093
0.501852
1.12466
1.40832
1.51191
1.54499
1.5044
1.34899
1.68987
1.88007
1.80962
1.4886
1.7267
2.27328
2.08856
1.69806
1.83711
2.43776
2.20392
2.38246
2.00785
1.64218
1.40753
1.51362
1.54411
1.54068
1.623
1.63106
1.69099
1.71923
1.37218
1.57335
1.91253
1.92627
1.7394
1.42198
1.37356
1.664
1.05281
0.741829
0.421394
0.246533
0.153888
0.583925
1.01132
1.27432
1.17913
0.97571
1.20919
0.975062
1.19236
1.14491
1.24346
1.35899
1.17466
1.20226
1.056
1.29164
1.58702
1.67448
1.27379
1.07458
0.932813
0.970643
0.902077
1.02858
1.44929
1.19894
1.3509
1.22148
1.23007
0.845868
0.983867
0.957419
1.03555
1.41184
1.10043
1.77419
1.83088
1.63174
1.21168
1.4158
1.53165
1.45096
1.55181
1.5347
1.808
1.74955
1.34925
1.68068
1.53575
1.86548
1.97115
1.55166
1.72964
1.37097
1.58029
1.7155
1.85447
1.93114
2.03772
1.82934
1.85867
1.90158
2.34569
2.23191
1.9119
1.77519
1.86504
1.51158
1.22896
1.23135
1.68333
1.37169
2.05452
2.3966
2.1036
2.40413
1.8217
2.41409
2.39664
2.03518
1.82084
1.97389
1.63674
1.66494
1.50149
1.43222
1.34336
1.43604
2.04236
2.01016
1.64385
1.47665
1.64608
1.33099
1.15809
1.23833
1.67585
1.88592
1.89345
1.83576
1.571
1.61752
1.83826
2.01592
1.91695
1.8833
1.97514
2.16335
2.13927
1.69098
1.57175
1.45288
1.33451
1.10543
1.18771
0.902036
0.888062
0.824752
1.75595
1.01246
1.33446
1.5836
1.44265
1.41857
1.54331
1.71296
1.37395
1.44495
1.65594
1.54566
1.70075
1.44531
1.12765
1.54162
1.65823
2.00912
1.78947
1.45951
1.52484
1.49561
1.58598
1.35585
1.22189
1.5365
1.53756
1.7067
1.53436
1.74372
1.52269
1.59078
1.74786
1.40287
1.62757
1.37612
1.63432
1.76491
2.13614
2.42315
2.39546
2.5051
1.92394
1.57252
1.70552
1.79353
1.67383
1.63927
1.89285
1.67044
1.99361
2.24147
1.7689
1.77174
1.94586
1.83378
1.96504
1.91889
1.42194
1.65001
1.97361
1.85699
1.21814
0.966112
1.38257
1.20808
1.08343
1.51979
1.31142
1.36236
1.3628
1.34955
1.43893
1.4722
1.69354
1.16311
1.24439
1.35512
1.25109
1.43699
1.29221
1.33391
1.32831
1.50508
1.4912
1.42937
1.58535
1.89549
1.94063
1.57711
1.82384
1.70154
1.58846
1.70037
1.79121
1.81729
1.98607
1.80279
1.91818
1.92493
1.45341
1.60901
1.82146
2.09262
2.34475
2.44609
2.23296
2.45557
1.50235
1.4057
1.51661
1.50611
1.35558
0.819899
1.40977
1.33962
1.17852
1.15709
1.3542
1.38662
1.19078
1.34378
0.892164
1.09504
0.668605
0.721103
0.860307
0.719267
1.1819
1.48172
1.73418
1.95265
1.66068
1.36508
1.09602
1.06342
0.766727
1.06446
1.53698
1.25807
1.20036
1.17303
1.35031
1.29394
1.33762
1.26087
1.48058
1.25416
1.4705
1.52537
1.34783
1.17918
1.21994
1.28946
1.64471
1.45297
1.71788
1.58038
1.95503
1.79303
1.35956
0.823452
0.807924
0.820034
1.08002
1.31277
1.08435
1.30096
1.05061
1.03862
1.20383
1.1574
1.7366
2.18576
2.48574
2.07701
2.29742
2.247
1.96961
2.17807
1.68708
1.84343
2.05157
2.02476
1.92357
2.07941
2.10395
2.02987
2.11005
1.93226
1.97452
2.10076
1.8077
1.29615
1.18021
1.46996
1.29194
1.41625
1.25131
0.984745
1.1816
1.16447
0.856773
0.847872
1.15788
1.32547
1.27109
1.0186
1.33243
1.17871
1.27215
1.05224
0.863049
1.04472
1.07896
1.20065
1.01987
0.731398
0.801046
0.765592
1.06795
1.18923
1.47173
1.41396
1.18676
0.919811
1.11426
1.03407
1.32526
1.29795
1.29002
1.53379
1.19221
0.74307
1.05894
0.944885
0.466115
0.242779
0.428154
0.569816
0.678926
0.515768
0.30339
0.299956
0.288833
0.85386
0.956268
0.921742
1.38975
1.23881
1.33455
1.17276
1.24617
1.15693
0.913926
0.724435
1.11045
0.728728
1.14159
1.12618
1.5233
0.972494
1.33185
1.54784
1.79351
1.45687
1.63189
1.36249
1.42643
1.46479
1.44957
1.46812
1.64025
1.43644
1.50871
1.50087
1.42468
1.67322
1.80192
1.6891
1.66357
1.68277
1.41947
1.64229
1.63607
1.4975
1.84399
1.63328
1.55528
1.24559
1.51526
1.25077
1.34044
1.19882
1.43282
1.64555
2.40335
1.92006
1.16186
1.76832
1.75822
1.88387
1.45348
1.47554
1.48454
0.810967
0.405811
0.746657
1.23393
1.30676
1.12809
1.37816
1.23329
1.04448
1.31417
1.54717
1.45506
1.16602
0.879542
0.934581
1.27113
1.24617
1.39799
1.60523
1.5912
0.815757
1.44333
1.5637
1.79643
1.48663
1.52447
1.60501
1.67909
1.58943
1.81744
1.70946
1.53049
2.03203
1.67695
1.24781
1.51125
1.21799
1.59056
1.10771
1.02846
0.950321
1.04886
1.63356
1.58041
1.42648
1.63445
1.52647
1.15531
1.031
1.01697
1.02172
1.09146
1.29888
1.99699
1.61897
1.77816
1.52658
1.66793
1.53323
1.43983
1.46126
1.03763
1.23843
1.30382
0.958642
1.30746
1.23978
1.2068
1.41081
1.55313
1.31036
0.88747
0.738237
1.25138
1.06149
1.25742
1.36274
1.65407
1.90367
1.85423
2.23148
2.1331
2.26578
2.05318
1.51061
1.37456
0.932047
1.13548
1.12645
0.932358
1.46389
1.14602
1.33439
1.48211
1.43704
1.22011
0.666538
0.916977
1.16062
1.12092
0.925757
1.10485
1.17108
1.57794
1.24265
1.70517
1.48431
1.84295
2.07915
2.49864
2.00788
1.83897
1.88505
1.845
1.81772
1.43617
1.43067
1.35704
1.53663
1.53046
1.82811
2.01245
1.90553
1.6635
2.05051
2.02905
2.11826
1.98746
1.68074
1.81382
2.02808
1.64263
1.44098
1.50101
1.43602
1.46109
1.39351
1.35624
1.03915
0.967676
0.37664
0.19541
0.381871
0.949185
1.53513
0.870177
1.23434
1.43928
1.45737
1.08343
1.40203
1.06635
1.22578
1.10341
1.07363
1.22833
1.04514
1.28491
1.02762
0.979693
0.954291
1.05952
1.36646
1.49573
1.69267
1.69839
1.50287
1.35041
1.54634
1.81383
1.97076
2.56466
2.01304
1.73799
1.31639
1.06583
1.45426
1.38537
1.19161
1.25314
1.37776
1.23127
1.34692
0.897472
1.27361
1.46493
1.03853
1.15546
0.987485
1.58594
1.58529
1.85088
1.99118
1.88422
2.25155
2.02956
1.55699
1.15791
1.25546
1.23254
1.00634
1.57139
1.157
1.47863
1.14488
1.28411
1.10535
1.26215
1.15057
0.826646
0.772541
0.812506
0.781692
0.927397
0.70883
1.05061
0.961905
1.37637
1.70564
1.62498
1.48594
1.56435
1.14559
1.48578
1.21262
1.27485
1.31812
1.34847
1.2255
1.58492
1.48705
1.68585
1.62827
2.04002
1.96549
1.83261
1.20667
1.73089
1.67393
1.48919
1.45429
1.52128
1.48402
1.52648
1.27592
1.36777
1.68049
1.97459
2.22988
2.13798
1.53533
1.39519
1.33486
1.13094
1.37863
0.722288
0.513175
1.46876
1.31752
1.30526
1.03892
1.42145
1.40706
0.983244
0.786879
0.862964
1.15237
1.25478
1.23073
1.30227
1.59681
1.47679
1.73572
1.7783
1.90834
2.07847
2.13766
2.13922
2.12236
2.19537
1.99402
2.26932
2.18696
2.40174
2.39799
2.31129
2.17586
1.64087
1.70545
1.81661
1.72594
1.46202
1.17161
1.08044
1.36488
1.07866
1.58313
1.496
1.66072
1.78942
1.97962
1.92835
1.51943
2.12659
2.40155
1.50296
1.59588
1.64285
1.57012
1.62545
1.89932
2.17786
1.44867
2.0468
2.14598
2.50554
2.2658
1.82413
2.03137
1.98234
1.67382
1.66077
1.65292
2.01131
1.79612
1.6647
1.41419
1.3404
1.66895
1.76488
1.29774
1.33311
1.34313
1.38531
1.86909
1.7282
1.56359
1.41209
0.962235
0.81781
0.768609
1.01699
1.16694
1.61573
1.2954
1.31353
1.56552
1.26244
1.32414
1.57553
0.996686
0.991893
1.12344
1.17709
1.39975
1.43116
1.63818
1.65088
1.67058
1.49424
1.16712
1.17121
1.0754
1.28674
1.31742
1.35681
1.39498
1.33478
1.03418
1.40955
2.01188
2.22762
1.98786
1.75841
1.81373
1.69829
1.79396
1.81222
1.89839
1.87554
1.59804
1.647
1.83708
2.29504
2.18531
1.59301
1.89504
1.9465
2.04892
1.87462
1.44107
1.58136
1.56615
1.73352
1.668
1.93374
1.75468
1.50414
1.68837
1.51199
1.35881
1.80072
1.7897
1.47633
1.77361
1.94008
1.66379
1.78547
1.85739
1.62381
1.38459
1.40092
1.44641
1.18914
1.55265
1.58947
1.35326
1.4295
1.38981
1.5166
1.31242
0.955749
1.09094
0.723214
0.828797
1.13048
1.19062
0.901855
1.01372
0.793913
0.567735
0.716593
0.554489
0.742262
1.4707
1.56241
1.45187
1.13668
1.11536
1.32892
1.33713
1.29338
1.16549
1.86723
1.50913
1.80922
1.62018
2.00676
1.77038
1.58169
1.95362
2.32923
2.7615
2.17171
1.7967
1.70208
1.77815
1.59347
1.46071
1.57646
1.2787
1.55158
1.61383
1.69012
1.50365
1.66535
1.50849
1.7531
1.85027
1.90387
1.42794
0.858998
0.915539
1.15535
1.03655
1.674
1.61129
1.9239
1.38623
1.21121
1.18523
1.32467
1.08313
1.05333
1.49273
1.66823
1.20992
1.32982
1.4709
1.69685
1.45265
1.36978
1.36911
1.60925
1.42042
1.47091
1.07717
1.14525
1.94203
1.74434
1.77633
2.09973
1.96895
1.55496
1.32316
1.50278
1.60793
1.35732
1.9185
1.67452
1.5393
1.4606
1.11734
0.761725
1.36261
1.34411
1.64437
1.66663
1.41342
1.46484
1.6121
1.61361
1.65027
1.54054
1.90604
1.34377
1.36786
1.56044
1.46019
1.41369
1.45556
1.2642
1.29634
1.74468
1.69084
1.67142
1.84137
1.41377
1.22056
0.993552
1.406
0.838859
0.677155
1.17614
1.16073
1.43133
0.847886
1.15853
1.29915
1.22223
1.49465
1.29463
1.60435
1.79023
1.54641
1.51302
1.17747
1.36684
1.59618
1.78733
1.26771
1.70803
1.87456
1.88235
1.74872
2.0277
1.76315
1.3648
1.42084
1.56049
2.0555
1.671
1.39103
1.68507
1.62142
1.68592
2.03854
1.63576
1.43795
1.66976
1.6791
1.58314
1.99036
2.00364
2.22268
2.05375
1.79138
1.32813
1.46914
1.55825
1.56449
1.30845
1.70842
2.02369
2.27832
1.91354
1.77194
1.62976
1.69585
1.60743
1.48562
1.61248
1.29164
1.32873
1.19983
1.46664
1.5687
1.34118
1.75565
1.08425
1.55627
2.03472
2.37203
2.51175
2.55497
1.7141
2.28996
1.83618
1.69758
1.82925
1.64203
1.80157
1.49508
1.33017
1.0223
1.46514
1.75491
1.89848
1.91523
1.61086
1.29237
1.43877
1.49091
1.51102
1.69314
1.69467
1.8815
1.71719
1.49838
1.75244
1.46347
1.19352
0.675636
1.00373
1.3068
1.12089
1.13279
1.56035
1.48272
1.23494
0.89742
0.850978
0.940856
1.33508
1.3008
1.94526
1.76012
1.63369
1.57553
1.23264
1.3868
1.73013
1.44756
1.61271
1.73897
1.73532
1.27909
1.27989
1.78755
1.33483
1.67455
1.31308
1.82621
1.46723
1.57763
1.47785
1.863
1.85947
1.35755
1.62033
2.21178
1.94137
1.38184
1.56293
1.47189
1.42585
1.62706
1.7598
1.46859
1.22171
1.193
1.36546
1.3236
1.24139
1.34408
1.81453
1.77072
1.69484
1.65076
1.42665
1.39149
1.98367
2.20998
1.9379
1.59473
1.88032
1.73626
1.90693
1.52166
1.29941
1.09398
0.821207
0.930985
0.762126
1.09759
1.04545
1.24599
1.72544
1.33825
1.45841
1.37512
1.43007
1.58275
1.52952
1.64124
1.54674
1.54227
1.52432
1.65774
1.83504
1.6522
2.05511
1.77652
1.88706
1.95141
1.81322
1.2575
1.28386
1.63146
1.4359
1.57889
2.06175
1.96725
1.50055
1.62137
1.69777
1.55158
1.61595
1.63092
1.43992
1.37418
1.56708
1.22904
1.12028
1.18444
1.07204
1.15338
1.48691
1.50784
1.68239
1.27053
1.32692
1.58562
2.10535
1.74319
1.48149
1.35988
1.21081
1.26117
1.22173
1.30237
1.64912
1.50366
1.4354
2.21314
1.89088
1.9441
1.73883
1.65183
1.35511
0.93188
1.40634
1.22177
1.39998
1.03257
0.978915
1.27353
1.60013
1.48358
1.08892
0.929284
1.24911
0.79659
0.773211
0.73611
1.04564
1.16615
0.832514
0.729846
0.904754
1.11487
1.32661
0.771943
0.940205
1.06652
1.65166
1.1919
1.33703
1.428
1.25325
0.993249
0.983356
1.28765
1.65224
1.60254
1.8099
1.61717
1.40533
2.10275
2.12788
2.2457
2.02881
2.02945
2.2517
1.64083
2.17119
1.75672
1.53019
1.40887
1.18327
1.35095
1.44782
1.3447
1.73253
1.70926
1.70983
1.38461
2.10987
2.358
1.93178
2.27683
2.27315
1.90685
1.65726
1.52364
1.71096
1.72693
1.43496
1.37196
1.16032
0.746827
0.796507
1.14356
1.11912
1.44603
1.64268
1.75399
1.63686
1.7852
1.76448
1.76283
2.27321
2.01875
1.81092
1.93603
1.75008
2.19207
2.21374
1.69549
1.69107
2.28273
1.59884
1.86158
1.82914
1.49052
1.29315
1.55825
1.34216
1.0644
1.18549
1.34643
1.46414
1.48523
1.6633
1.65106
1.86994
2.26186
1.80673
1.92249
2.11036
2.24373
1.79606
1.66585
1.5871
1.65664
1.52907
1.65762
1.98352
2.11475
2.39131
2.50474
2.45919
2.74154
2.2278
2.08275
1.9791
2.26495
2.30187
1.95402
2.15484
2.58187
2.93009
3.1639
3.0621
2.80257
2.68624
2.01293
2.11012
1.94379
1.97453
1.8664
2.26363
2.16746
2.70834
2.964
2.79963
2.36414
2.19504
2.2912
1.71157
1.3181
1.35433
1.74744
1.91343
1.89364
2.05016
2.10087
3.00167
2.53817
2.68294
2.5293
2.26961
2.02764
2.11369
2.1233
1.80009
1.55061
1.6803
1.83619
2.14601
2.13051
1.91163
1.96114
2.38338
2.11921
1.97098
2.10654
2.01566
2.03494
2.09204
2.04376
1.63406
1.58897
1.46386
1.54329
1.75684
1.46963
1.30047
1.32982
1.24545
1.47865
1.71113
1.81066
1.66493
1.50951
1.63092
1.33046
1.42192
1.13845
1.44301
1.59894
1.02753
1.15076
1.13516
1.35945
1.67563
1.85456
1.73784
1.46209
1.42303
1.42295
1.54053
1.73992
1.51053
1.59928
1.81834
2.03577
2.35268
1.93873
2.4057
2.0694
2.63478
2.25116
1.88391
1.99754
1.98206
1.88545
1.88891
1.66655
1.49635
0.993611
0.827748
0.852083
0.925668
0.842408
0.914295
0.896564
1.10424
0.784287
0.899577
1.16508
1.18863
1.15264
1.72851
1.44793
1.08246
1.01235
1.23564
2.09759
1.70312
1.85051
1.88811
1.71218
1.6272
1.83812
2.14381
2.48343
1.82462
1.76142
1.79962
1.58917
1.86432
1.98254
2.0246
2.37312
2.42113
2.03944
1.59766
1.4945
1.58897
1.47899
1.47861
1.7325
1.3041
1.65442
1.6714
1.60133
1.83921
1.7554
1.98795
2.47005
1.99963
2.14815
2.04013
2.42885
2.3951
2.27976
2.35271
1.73573
2.00662
2.33554
2.06757
2.29109
2.23034
2.0839
1.89618
1.24891
1.0623
1.00272
1.00479
1.1033
1.49418
1.39729
1.21785
1.36365
1.45594
1.35028
1.35993
1.13069
1.23398
1.08008
1.75711
1.27076
1.02063
1.20607
1.18819
0.956744
1.16646
1.27936
1.24678
1.25561
1.00081
1.60435
2.00205
1.61606
2.04727
1.81563
1.95466
2.28392
2.26746
1.93246
2.13548
1.73599
1.54647
1.25286
1.83986
2.42479
2.80199
3.0907
2.73202
2.53919
1.97751
1.5293
1.60943
1.4542
1.25412
1.47242
1.24558
1.12197
1.40539
1.0503
1.56532
1.35687
1.1977
1.08356
1.47974
1.62199
1.48687
1.35968
1.23763
1.54184
1.29842
1.64533
1.88523
1.2932
1.04124
0.907896
1.01098
1.39043
1.60847
1.00997
1.22435
1.32587
1.12771
1.45426
1.70016
1.61514
1.18994
1.51351
1.09269
1.09973
1.53404
1.66039
1.19135
1.28518
1.0169
0.728397
0.686904
1.17044
1.28316
1.2822
1.00048
1.11283
1.7851
1.77539
1.40406
1.17768
1.31231
1.54035
0.685078
0.641151
1.17007
1.26206
1.59911
1.15686
1.23489
1.10197
1.1746
1.35184
1.40617
1.41066
1.3262
1.48305
1.51117
1.61786
1.47498
1.01307
1.19143
0.872946
1.00626
1.46245
1.44875
1.25103
0.696914
0.31211
0.251323
0.599275
0.891548
0.837136
0.878859
1.01169
1.05455
1.29593
1.5827
1.30598
1.66978
2.02546
2.36213
2.38798
2.19678
1.91154
2.16524
1.57022
1.58133
1.37343
1.46077
1.40502
1.21991
1.37792
1.56213
1.53477
1.79406
1.60147
1.67198
1.9355
1.40205
1.53899
1.49241
1.76554
1.81866
1.87914
1.67613
1.77976
1.65513
1.49876
1.45672
1.48978
1.68075
1.37529
1.80112
1.45738
1.2743
1.41763
1.24032
1.19487
1.40368
1.48325
1.20897
0.86578
0.902935
1.05152
0.951454
0.854631
1.03626
0.788348
1.36322
1.45332
1.72908
1.87945
1.16843
0.610779
0.57753
0.775265
1.22424
1.00667
0.750324
1.12346
1.43552
1.37575
0.919345
0.828859
0.547325
0.435228
0.223438
0.214157
0.765676
0.585451
0.941778
0.766246
0.58712
0.498559
0.678922
0.547792
0.890665
1.26402
1.15581
1.27327
1.44408
1.29872
1.69312
1.72022
1.28879
0.913403
0.841297
0.878773
0.817847
0.685001
0.822407
0.715878
0.820865
1.2982
1.57907
1.50963
0.893649
0.842943
1.131
1.18723
1.05576
1.49551
1.26471
1.20727
1.11337
1.02944
1.17638
0.966561
0.940618
0.740843
1.66636
1.54791
1.82482
1.08485
0.977196
1.24384
1.39347
1.77235
1.69779
1.32976
1.17532
1.24996
1.30808
1.63241
1.62323
1.64636
1.52616
1.27659
1.11963
1.44183
1.68128
1.9302
2.23542
1.82649
1.66531
1.42222
1.43209
1.6084
1.31957
1.16768
1.18434
0.743429
0.664196
0.936389
0.976736
0.876222
0.712144
0.580789
0.782417
1.22837
0.87009
1.30456
1.53386
1.63051
1.9706
2.06309
2.14797
2.05001
2.48394
1.9556
2.06542
2.19332
2.21709
2.16982
2.07218
1.70607
1.89356
2.04212
2.46063
2.54849
2.55437
2.21915
2.13427
1.8388
1.70191
1.68271
1.30541
1.8166
1.99711
2.60274
2.6452
2.11571
2.05833
1.76607
1.89871
1.66737
1.83557
2.02715
1.84937
1.41006
1.53477
1.64684
1.72107
1.59409
1.29394
1.35037
1.7504
1.13524
1.16008
1.34896
1.41787
1.87377
2.19276
2.14364
2.07538
2.31362
2.11276
1.97663
1.59067
1.15383
1.52349
1.37258
1.79622
1.99205
1.58377
1.83635
2.46667
1.33545
1.41427
0.887278
1.13331
1.39195
1.40342
1.05596
1.38197
1.52571
1.41972
2.00301
2.1131
1.72453
1.53437
1.63534
1.88078
1.01867
0.620554
1.00332
0.786068
0.786164
0.658487
0.579671
0.903551
1.00138
1.11612
1.3043
1.50582
1.20316
1.04643
1.15369
0.93949
0.840358
1.11835
1.13428
1.03863
1.17799
1.81315
1.64239
2.19502
1.8847
2.07556
1.5903
0.946048
0.956981
0.8049
0.511641
0.841238
0.274556
0.45667
0.461981
0.601881
0.155781
0.39298
0.610408
1.07784
0.790433
1.01587
0.954809
0.962168
1.08641
1.09712
1.00056
0.715955
0.741264
0.676579
0.929016
0.875908
1.6018
0.8647
1.21291
1.37824
1.66609
1.54305
1.07787
1.06561
0.859921
1.0527
1.16518
0.869574
1.01258
0.934254
0.702445
1.15429
1.06326
1.3132
1.20301
1.56197
1.32005
1.38538
1.30375
1.46549
1.75209
1.8857
1.76823
1.70328
1.54035
1.66583
1.80307
1.65548
1.2892
1.05406
0.612251
1.02407
0.838408
0.932738
0.983065
0.860149
1.07388
1.30978
1.06316
0.984425
1.17189
1.40045
1.17091
1.76045
1.56521
1.69385
1.46251
1.83405
2.3444
1.58859
1.56543
1.69448
2.18714
1.45853
1.38271
1.06072
1.23194
1.20284
1.37076
1.51201
1.49474
1.62862
1.60748
1.80527
2.08093
2.14309
1.8478
1.64895
1.76786
1.4708
1.99771
1.7229
1.98657
1.75058
1.7368
1.44216
1.74639
1.71541
1.93146
1.32389
1.09663
1.61949
1.30604
1.41947
1.24698
1.22191
1.19126
1.44863
1.88652
2.00473
1.36526
1.0556
1.35143
1.7262
1.71081
1.86805
1.31456
0.860723
1.08705
1.28015
0.785067
1.19386
1.07722
0.971253
1.36825
1.33736
0.911444
0.901542
0.588896
0.773231
1.13522
1.7086
1.83694
1.63212
1.56695
1.72917
1.68819
1.81351
1.83865
1.66943
1.85881
2.21659
1.80673
1.95543
2.18634
1.51557
1.61046
1.25913
1.63511
1.22623
1.0269
1.18179
1.10885
1.6396
1.42139
1.64015
1.60599
1.99096
2.14293
2.51685
2.12403
1.83053
2.05281
1.6888
1.86458
2.24152
1.71029
1.45889
1.74853
1.70606
1.73592
2.19546
1.87562
2.02133
2.19126
1.95955
1.93716
1.76015
1.73025
1.43666
1.47847
1.65367
1.45461
1.57223
1.50238
1.66968
1.47112
1.35972
1.1669
1.08129
1.07964
1.23335
0.843068
0.85347
0.559371
0.863863
0.858653
0.810673
1.01288
1.08745
0.918846
1.01464
0.958567
0.936113
0.913347
0.949021
0.769673
1.11186
1.22687
1.33059
1.23652
0.836089
0.925314
1.21823
1.15249
1.17343
0.997166
0.968249
0.971968
0.820127
0.730792
0.411319
0.439307
0.680732
0.84158
1.0154
0.844158
0.979374
1.22868
0.894002
0.778987
0.683604
0.948318
0.925789
1.3673
1.24779
1.37021
1.72473
1.59887
1.33029
1.27525
1.58271
1.32721
1.21826
1.37165
1.50276
1.56744
1.12932
1.07553
1.3915
1.25577
0.997485
1.16214
1.52292
1.24365
1.00432
1.35805
1.13827
1.57063
1.36379
1.26665
0.639304
0.937224
0.591391
0.391144
0.615826
0.416185
0.86212
0.862227
1.32877
1.60316
1.80773
1.87925
1.48154
1.70039
1.49848
1.09482
1.58576
1.38255
1.325
0.98351
1.04539
0.968133
0.910029
0.958315
0.820789
0.521894
0.668702
1.15448
1.52811
1.5988
1.73074
1.62346
1.32237
0.824115
1.04111
1.29923
1.21051
1.06427
1.70239
1.06423
1.21446
1.6504
1.56837
2.15276
1.63734
1.62432
1.76183
1.86015
1.95782
1.589
1.94805
1.56674
1.23888
1.24641
1.36201
1.40103
1.65368
1.89653
1.53795
1.62634
1.79771
1.75276
1.62648
1.95037
1.70247
1.90677
2.18334
1.89471
1.53001
1.79246
1.61279
1.66448
2.11613
2.59229
2.01192
2.20595
2.10652
2.13292
1.8207
2.31947
1.88166
1.80075
1.48327
1.49061
1.5512
1.4937
1.35906
0.979549
1.22712
0.877899
1.48498
1.50918
1.51208
1.79176
1.42725
1.1817
1.0442
1.0475
0.673495
1.17697
1.05773
0.889727
0.788177
1.0065
0.867628
0.652586
1.16754
1.7774
1.59544
1.17494
1.58881
1.22099
0.72179
0.765856
0.44194
0.403217
0.43016
0.586179
0.983162
0.799591
0.906741
0.957403
1.3914
2.04023
2.09177
1.91378
1.82098
1.80584
1.8096
1.7572
1.51315
1.5285
2.43709
2.39341
1.929
1.67089
1.56469
1.51246
2.08965
2.21718
2.22314
2.25649
1.9652
2.03719
2.25045
2.35659
2.08627
2.96746
2.46184
2.57091
3.0304
3.21643
2.74858
2.2857
2.14644
2.30459
1.99833
2.05594
1.72612
1.58344
1.48691
1.40931
1.46282
1.57034
1.37755
1.5049
1.98564
2.47968
2.51588
2.61721
2.28273
2.19031
2.23079
2.90269
2.51658
2.50181
1.84628
1.43729
1.48567
1.46875
1.28234
1.59212
1.99324
1.82076
1.51705
1.59086
1.29604
1.23965
1.63492
1.75042
1.99106
1.98921
1.75767
2.0559
1.68132
2.29857
2.08226
2.35837
1.92655
1.88583
2.4212
2.65457
2.619
2.37315
2.14593
2.00391
2.30614
2.58117
2.60679
2.06216
1.9303
1.8645
1.87507
2.12513
1.92193
1.6225
1.90577
1.90316
1.51037
1.23773
1.2331
1.14304
1.28505
1.15822
1.34833
1.62005
1.72883
1.37678
1.3167
1.62684
1.29468
0.927914
0.796468
1.36753
1.13278
1.28292
1.33231
1.74451
1.74622
1.59883
2.00482
1.46818
1.82626
1.11104
1.19316
1.56987
1.29871
1.59272
1.7985
1.5809
1.54833
1.54141
1.32716
1.57627
1.4625
1.61918
2.13515
2.07512
1.87209
1.90546
1.91381
2.32674
2.06236
1.70891
1.85977
1.82185
1.78213
1.72686
1.8452
1.89026
1.53463
1.45258
1.32294
0.971042
1.09128
1.18611
1.35908
1.83718
1.6974
1.87093
2.33234
2.06771
2.41984
1.59797
1.20353
1.69231
1.4378
1.58084
1.48295
1.29657
0.924068
1.39339
1.0653
0.957046
0.790799
1.22477
0.988559
1.20929
1.60355
1.42574
1.55028
1.29673
1.2046
1.61729
1.55429
1.40426
1.34761
1.32258
1.60124
1.29892
1.84659
1.62229
1.7938
1.78084
1.39233
1.1909
0.958299
1.26447
1.39721
1.06675
1.0244
1.01283
1.24199
0.914744
1.04505
0.835338
1.00506
0.804318
0.732753
0.876976
1.01129
0.796344
0.964157
0.74191
0.935226
1.27038
1.28304
1.36739
0.97461
1.11131
1.24079
1.14402
1.05778
0.669451
1.3995
1.26314
1.13395
1.34541
1.24014
1.35179
1.37426
1.21364
1.21784
1.27742
1.19829
1.25867
1.17264
0.924821
0.942416
1.02724
1.57678
1.5117
1.39594
1.62785
1.48865
1.62839
1.43654
1.2684
1.62805
1.75891
1.27155
1.51281
1.12439
0.900115
1.11832
1.39983
1.70782
1.48405
1.4365
1.5869
1.40766
1.35338
1.53744
1.47177
1.13422
1.02382
1.03865
1.15432
1.2659
1.44528
1.17639
1.45442
1.18924
1.32062
1.53167
1.16132
0.776811
0.897733
0.985134
1.0354
1.2313
1.03861
1.07289
1.02958
1.49558
1.24985
1.25258
1.45496
1.75289
1.97864
1.8833
1.94176
1.93789
1.68354
1.359
1.54028
1.61562
2.09234
2.08442
1.42296
0.853329
1.17422
1.11741
1.1955
0.910722
1.13825
1.224
1.18472
0.943497
1.2081
1.08154
1.24314
1.3198
1.2633
1.24325
1.00024
1.25116
1.24239
1.88449
1.71147
1.342
1.449
1.48111
1.58733
1.67567
1.88215
1.48588
1.39695
1.40089
1.79754
1.36629
1.43501
0.816211
1.00626
1.34001
1.44945
1.31473
0.93458
0.988122
1.2096
0.838353
0.928371
1.10044
0.809173
0.99895
1.23929
1.36881
1.26837
0.666155
0.786858
0.745179
0.693667
0.948698
1.27528
1.52137
1.12808
0.964483
1.27258
1.5165
1.56907
1.51268
1.46368
0.853005
0.66078
0.817765
0.838917
1.19722
1.18583
1.30697
1.41982
0.911255
1.25445
1.21813
1.24067
1.76923
1.71176
1.3659
1.57725
1.36093
1.31022
1.14071
1.08764
1.12441
1.21398
1.45637
1.75502
2.32978
1.94485
1.81039
1.87653
1.89804
2.09608
1.63489
1.82633
1.27147
1.18768
1.24274
1.04175
1.38403
1.06345
1.24592
1.67077
1.48769
1.61155
1.67695
1.45477
1.74394
1.76882
1.65463
1.53735
1.88424
1.55817
1.06094
0.952553
1.25852
1.10169
1.24451
1.4446
1.16409
1.24806
1.12554
1.44895
1.48717
1.39191
1.95347
1.84159
2.25668
1.97914
1.90157
1.75762
1.59075
1.62671
1.23734
1.61785
1.4217
1.72504
1.64493
1.63568
1.84005
1.61871
1.18105
1.38447
1.18244
1.59132
1.72177
1.98991
2.72304
2.5428
2.00644
1.98823
1.69306
1.98157
2.1274
1.83664
1.382
1.11228
1.16895
1.50355
1.56255
1.75764
1.3045
1.07666
0.589608
1.01966
0.910587
1.03518
1.07742
1.09149
1.2464
1.09204
1.05585
1.00883
1.32302
1.16989
0.970679
1.01096
1.07827
1.08865
0.891177
1.24932
1.4403
1.7109
1.07397
1.03221
1.19016
1.18078
1.27956
0.746531
0.72987
0.842894
0.818104
1.00337
1.3104
1.06433
1.19457
0.72612
0.812505
1.09998
0.975431
0.602112
0.738736
1.04436
0.929239
1.24062
0.857784
0.687295
0.672718
1.01143
1.05051
1.11925
1.05855
1.49357
1.70323
1.74592
1.48857
1.50733
1.34842
1.89838
1.53937
1.52238
1.49024
1.09167
1.22674
1.15696
1.22395
1.23552
0.985275
1.45429
1.52193
1.91732
1.82588
1.46867
1.35433
1.84667
1.59235
1.37149
1.64953
1.27301
1.35507
1.56243
1.89639
1.87197
1.88284
2.14702
1.96694
2.0428
1.94372
2.08515
1.58226
1.20398
0.881908
1.18265
1.34283
1.17449
1.15777
1.70468
1.72775
1.43823
1.32992
1.40347
1.37139
0.932272
1.35903
1.57587
1.67728
2.00101
1.81261
1.5431
1.70304
1.45124
1.18911
1.57576
1.43722
1.38453
1.69153
2.30412
1.96439
1.69445
1.78715
1.29035
1.18866
1.88759
2.16986
2.14157
1.83108
1.59688
1.73061
1.71201
2.02994
2.09064
2.1344
2.08403
2.4577
2.27567
1.53852
1.38062
1.52942
1.72437
1.64925
1.51293
1.43204
1.15129
1.14079
0.842129
1.48152
1.4234
1.73981
2.11053
2.33529
2.38046
2.42207
2.10857
1.71506
1.40015
1.40907
1.70347
1.47242
1.08991
0.761281
0.613519
1.16892
0.940621
1.36507
1.10406
1.1437
1.15374
1.31244
2.03145
2.21646
2.55458
2.69129
3.04208
2.76744
2.04062
1.74266
1.6494
1.63962
1.86003
1.7837
1.89147
1.79465
1.76525
1.63408
1.40382
1.49076
1.19198
0.670226
0.708563
0.962329
1.24324
1.33496
1.72599
1.72018
1.48286
1.60241
1.32625
1.70492
1.62441
1.52826
1.78093
1.6143
1.37091
1.23793
1.20226
1.10654
1.43548
1.18672
1.31328
1.28746
1.11329
0.933304
1.06722
0.580092
0.85767
0.986294
1.03746
1.04883
1.1759
1.02734
0.89981
1.02698
1.14812
1.23335
0.912994
0.81018
1.06804
0.827661
0.901453
0.834054
1.21047
1.23709
1.3638
1.46651
1.18823
1.47916
0.951239
1.01681
1.0459
1.57546
1.12701
1.38407
1.24746
1.30402
1.11485
1.05946
0.977947
1.18257
1.14675
1.29942
1.84264
1.66876
1.16884
0.898003
1.24136
1.21443
1.76418
1.17149
1.50307
1.67253
1.46396
1.33076
1.25138
1.22372
1.08336
1.40738
1.42102
1.36246
1.38131
1.05411
1.32908
1.07901
1.11395
1.21428
1.82548
1.50445
1.59463
1.47704
1.55703
1.14698
1.13269
1.08033
1.15468
1.04093
1.38733
1.12095
1.21851
1.25083
1.01974
1.17518
1.20314
1.50408
1.49815
1.54313
0.829281
1.14365
1.14468
1.08904
1.17803
1.32304
1.17808
1.4262
1.64801
1.8396
1.7764
1.70089
1.41967
1.68909
1.71485
1.8545
2.01432
1.54294
1.12583
1.2137
1.10502
1.33416
1.52636
1.48889
1.43452
1.37404
1.65065
1.69326
1.27398
1.49044
1.31603
1.39878
1.42779
1.4829
1.13547
0.932735
0.774419
0.61101
0.633717
0.798167
1.04743
0.96741
1.01754
1.47059
1.29641
1.37755
1.23304
1.24299
1.14013
1.25305
1.35845
1.23334
1.26745
1.59714
1.65874
1.37744
1.13428
0.937184
0.721532
0.809934
0.731189
0.70564
0.919379
0.900058
0.361643
0.568747
0.879002
0.617795
0.588712
0.371224
0.0508823
0.132579
0.322722
0.239296
0.471095
0.446151
0.00653838
0.137343
0.659439
0.766071
0.953261
0.720804
0.649601
1.0736
0.804815
0.653009
0.975104
0.83455
0.987465
1.31577
1.1349
0.965097
1.22686
1.09016
1.53202
1.13627
0.754287
0.894239
1.01604
0.968489
0.849976
1.08934
0.78744
0.71338
0.737619
0.340859
0.58985
0.216308
0.449299
0.305669
0.388784
0.520445
0.82609
0.635792
0.276109
0.713468
0.743094
0.807879
0.754208
0.793233
1.0457
1.20481
1.53257
1.43984
1.0576
0.810273
1.58961
1.90067
2.16105
2.06177
1.88803
1.84241
1.66191
1.50959
1.08282
1.08458
1.17156
1.32798
1.85521
1.84909
1.96135
1.81597
1.74568
1.41009
1.43795
1.01757
0.96164
0.83564
0.905358
0.996028
1.03117
1.12762
1.01616
0.789451
0.822183
0.998553
0.856734
0.533726
0.59256
0.425012
0.383598
0.770059
0.551362
0.755733
0.827982
0.51159
0.85459
1.00993
1.33324
1.2727
1.28576
1.33567
1.23038
1.02323
1.01645
0.716922
0.524032
0.187102
0.438621
0.675247
0.784061
1.00807
0.780338
0.610539
0.505237
0.328433
0.923995
0.597549
0.567748
0.576623
0.594445
0.771737
1.0201
1.36609
1.41946
1.38235
1.35586
1.44438
1.33217
1.54025
2.08827
2.17058
1.8623
1.70245
1.3979
1.41422
1.29243
1.42583
1.47847
1.5451
1.67985
1.66925
1.81053
2.05359
1.68975
1.20971
1.81945
1.57196
1.79902
1.67633
1.77648
1.61182
1.3981
1.07033
1.36453
1.43059
1.40973
1.3668
1.28777
0.729297
0.863819
1.03741
1.1148
1.03563
0.910348
0.965556
0.874217
0.772019
0.972555
1.20773
1.17523
1.46756
1.23489
1.0498
0.891417
0.969328
0.818409
0.736423
0.663744
1.36677
1.38529
1.12215
1.16488
1.27155
1.14893
0.771866
1.23649
0.871878
0.823557
1.03457
1.60395
1.63545
1.7678
1.4664
1.85488
1.86992
1.6824
1.8558
1.38462
0.685409
1.04335
1.4177
1.43928
1.24695
1.31211
1.3388
1.36673
1.46867
1.21108
1.49307
1.74543
1.41821
1.42723
1.59365
1.80329
1.4432
1.73023
2.10075
1.92725
1.90114
1.62406
1.18738
1.5719
1.38979
1.55093
1.12517
1.24059
1.16901
1.46397
1.57714
2.16334
2.02279
1.42021
1.44272
1.68927
1.32352
1.26878
1.34582
1.48938
1.45608
1.49113
1.10726
1.08324
1.10411
1.37086
1.13715
1.20751
0.980813
0.675379
0.909156
0.907825
0.867041
0.629068
0.745538
0.862856
0.949178
1.67092
1.43966
1.36818
1.87185
1.55045
1.58885
2.01134
1.76993
1.83604
1.89062
2.45546
2.06205
2.12055
2.3554
2.22146
1.67028
1.42439
1.24137
1.5176
1.92513
2.30338
2.25665
1.95837
2.03691
1.841
1.67144
1.93479
2.02498
1.9265
1.76122
1.66527
1.68922
1.7899
1.8217
1.85072
1.68439
1.71249
1.678
1.41579
1.69537
1.30785
1.47679
1.67242
1.89155
1.80555
2.05646
1.80368
1.69707
1.72762
1.64072
1.85696
1.73508
1.96948
1.39293
1.32259
1.37623
1.3152
1.60149
1.79756
1.6669
1.61848
1.47112
1.55631
1.11547
1.10015
1.04081
0.997895
1.0263
0.973037
1.25049
1.39618
1.43405
1.32727
1.29246
1.42915
1.36106
1.32364
1.50758
1.7913
1.72191
1.3715
1.36347
1.26344
1.15103
1.5081
1.56547
1.87964
2.17731
2.01867
2.01419
1.68275
1.3352
1.4806
2.07835
1.76634
1.53371
1.35785
1.58223
1.88955
1.94533
2.32494
2.34005
2.05501
1.95746
1.61861
1.93219
2.47542
2.41493
2.28305
2.15137
2.01379
2.48399
2.03325
1.90496
2.28278
2.04555
2.11373
2.3656
2.05335
1.99859
1.82737
1.92377
2.11978
1.654
1.73929
1.66916
1.78619
2.05851
2.13726
1.85591
1.74466
2.05715
1.48237
1.69561
1.56518
1.39473
1.38611
1.28243
1.46369
1.22763
0.75351
0.794104
1.05996
0.950294
1.05497
1.39041
1.02956
1.0343
1.4927
1.52252
0.987527
1.14833
1.32871
1.68622
1.90017
1.59032
1.42822
1.17151
1.45296
1.59276
1.77879
1.79748
1.66333
1.53436
1.90392
1.89235
1.59735
1.50573
1.3161
1.43067
1.51393
1.92479
1.73517
1.96993
1.83846
1.86579
1.97819
2.14013
1.96801
1.8891
1.88924
1.44469
1.68732
1.56394
1.47261
1.49659
1.697
1.72893
1.39748
1.78991
1.87368
1.53187
1.33552
1.14136
0.878595
0.964275
1.0507
1.11637
1.09017
1.19924
1.22878
1.11319
1.3251
0.994172
0.948245
1.14649
1.35842
1.44123
1.55707
1.49058
1.86294
1.64819
1.86188
1.78255
1.29577
1.1071
1.29412
1.29489
0.997975
0.672177
1.10127
1.06488
1.29679
0.960325
0.932419
0.996993
1.38448
1.58127
1.36999
1.19908
1.25879
1.79668
1.50014
1.46073
1.4821
1.5009
1.37106
1.4415
0.887972
1.7857
1.57759
1.24962
1.17984
1.81164
1.76257
2.35613
2.20857
1.59871
1.99433
1.89439
1.42419
1.48228
1.78649
1.60503
1.96312
1.52689
1.3263
1.64474
1.11216
1.12346
0.868499
0.868184
0.905974
1.1043
1.30861
1.34449
1.22104
1.24418
1.26188
1.77481
2.03819
1.86966
1.91077
1.65559
1.25438
1.25526
1.39084
1.12538
1.06345
1.46013
1.77443
1.73319
1.89487
1.59163
1.35287
1.63859
1.5725
1.70693
1.69931
1.47985
1.19282
1.1365
1.4031
1.52187
1.12214
1.08676
1.04957
0.915919
1.19025
2.13632
2.36532
1.8906
1.44125
1.29114
0.966438
0.945486
1.00233
1.10891
1.28041
1.14582
1.3971
1.42691
1.43055
1.67778
1.42247
1.31911
1.14124
1.34976
1.40467
1.96957
1.94573
1.76305
2.09789
1.62734
1.94866
1.525
1.796
1.44341
1.07169
1.20407
1.34333
1.34604
0.96542
1.36519
1.18459
1.40219
1.35936
1.06803
1.35577
1.37368
0.792363
1.17251
0.795193
0.684568
1.14678
1.16343
0.772615
0.424638
0.837196
0.328706
0.448623
0.414867
0.0950815
-0.0892816
0.384054
0.692949
0.693998
0.7255
0.92488
1.00674
0.889586
0.884166
1.26384
1.36818
1.22879
0.978615
1.24161
1.13508
1.21575
1.36928
1.26739
1.37605
1.71575
1.74861
1.84927
1.78181
1.53228
1.74137
1.53957
1.39476
0.426453
0.636096
0.858565
0.690979
0.803052
1.06459
0.907151
0.705997
0.788859
0.780473
1.25684
0.969348
1.3222
1.60038
1.77472
1.70589
0.934533
0.99403
0.942842
0.993012
0.815874
0.55571
0.486969
0.858173
0.650103
0.608386
-0.0319987
-0.109126
0.296636
0.620171
0.534233
0.959632
0.414467
0.785364
0.693743
0.698059
0.794529
0.405346
0.72497
0.607504
0.608427
0.703844
0.963822
0.608568
0.380623
0.244135
0.373609
0.339653
0.155573
0.441683
0.492849
0.498417
0.554513
0.619138
0.835022
0.833807
0.730871
0.925284
0.755538
0.945966
1.26002
0.829544
0.914727
0.981279
1.01736
1.51728
1.22083
0.925951
1.05607
0.620989
0.751244
0.376179
0.507672
0.553769
0.45371
0.813597
1.13033
0.478399
0.465818
0.232684
0.312504
0.695692
0.532635
0.920648
0.972926
0.641176
0.501537
0.922709
1.19999
0.842137
0.518422
0.414112
0.476372
0.565352
0.527946
0.488608
0.292408
-0.0420947
0.0838374
0.391222
0.675614
0.800693
0.989442
0.971451
0.999181
0.882328
0.497017
0.55395
0.464115
0.882195
0.753292
1.07544
1.13185
1.30277
1.45694
0.961313
0.339717
0.173867
0.0867848
0.139438
0.33075
0.98893
1.29718
1.48706
1.24803
1.22153
1.26766
1.07602
1.01536
0.961746
0.967241
1.20518
0.834872
1.20782
0.840761
1.04635
0.830395
0.515417
0.632525
0.577363
0.721713
1.03279
1.01505
1.15569
0.909664
0.651938
0.609055
1.10352
1.30314
0.972339
0.752801
0.789681
1.36026
1.43422
1.04626
0.582312
0.956399
0.710277
0.933597
0.858511
1.17134
0.98826
0.868249
1.18168
1.09796
1.31046
1.33285
1.42882
0.941612
1.16061
0.851473
0.748358
0.738618
0.883259
0.900418
0.984115
0.805445
0.968214
1.23632
1.34684
1.61843
1.5097
1.67391
1.78744
1.59992
1.39741
1.73281
1.60461
1.48306
1.02562
0.926732
1.13817
1.43673
1.00378
1.36536
1.08184
0.826252
1.02985
1.25736
0.944797
0.88522
0.895599
1.02729
1.38619
1.48023
1.44942
1.23081
0.962572
0.832693
0.732117
1.07372
1.0577
0.796297
0.933553
1.18856
1.50044
1.46236
1.38671
1.53502
1.58387
1.34524
1.33577
1.22537
0.775158
1.57874
1.7306
1.97414
1.90226
2.03447
1.82794
1.48867
1.54818
2.14176
1.64222
1.51328
1.4075
1.46631
1.5137
1.6024
1.41411
1.78739
1.93344
1.42794
0.99835
0.977383
1.43905
1.2516
1.36556
1.07015
1.00683
1.15959
0.873144
0.860173
1.15757
1.209
1.45594
1.48125
1.95557
1.8062
1.84062
1.37473
1.26796
1.45676
1.37134
1.56136
1.11764
1.59161
1.38141
1.19912
1.47665
1.08404
1.29904
1.17226
0.887268
1.21512
1.26698
1.18503
1.51351
1.19874
1.39385
1.23963
1.26323
1.04042
1.04836
0.946051
1.12697
1.00755
1.12131
1.29102
1.13298
0.887055
1.33266
1.21887
1.01129
1.02926
1.37412
1.58394
2.17354
2.24474
1.97704
1.60395
1.63928
1.7676
1.81171
1.75863
1.52804
1.38828
1.63581
1.78531
2.20718
2.24902
2.33011
1.71613
1.43601
1.72544
1.61225
1.13461
1.94765
1.57805
1.6309
1.4676
1.61556
1.02996
0.94696
1.31911
1.16289
0.924446
1.50993
1.90711
2.1761
1.74996
1.37431
1.56502
1.3572
1.44135
1.41129
1.36989
1.34399
1.27421
1.15706
1.45938
1.81588
1.4527
1.8331
1.82208
2.1288
2.14529
2.05403
2.26706
2.44794
2.62021
2.52937
2.41343
2.20161
2.51785
2.62255
2.85286
2.76056
2.32445
2.3222
1.86144
1.88024
1.8916
2.55265
2.62405
2.21176
1.61467
1.87181
2.17772
2.03193
2.40363
2.61886
2.527
2.1353
2.02992
2.19813
1.84751
1.71139
1.9649
1.79942
1.8092
1.72579
1.95163
1.74227
2.22173
1.70064
2.08753
2.42586
2.06725
1.64795
1.28511
1.30598
1.07916
1.50273
1.24801
1.32607
1.25462
1.45952
1.99082
1.59707
1.70853
1.27534
1.80182
1.92617
1.68741
1.88848
1.74536
1.96549
1.47397
1.36875
1.26083
1.37321
1.29517
1.16331
1.27584
1.4645
1.0339
1.27195
0.903609
1.48821
1.35623
1.61804
1.50547
1.65039
1.59304
1.29835
1.46094
1.30921
1.17337
1.48904
1.44979
1.6553
1.50143
1.44038
1.22394
0.797762
1.09561
1.21407
1.36469
1.30203
1.40769
1.4275
1.08231
0.96217
1.6173
1.23104
1.46565
0.990537
1.06497
1.37874
1.84903
1.71724
2.10891
1.94865
1.71857
1.51115
1.47815
1.60257
1.97525
1.95385
1.88068
1.81506
1.90168
2.11107
1.77241
1.62764
1.627
1.939
2.26859
2.0169
1.31355
0.847158
1.0689
1.40497
1.34105
1.8063
1.6796
1.7091
2.00682
1.64021
1.51343
1.34158
0.901918
1.02195
0.711096
0.846892
1.19415
1.3912
1.95255
1.56973
1.28505
1.22728
1.52968
1.46616
1.14354
0.926293
0.993092
1.41331
1.70818
1.43974
1.14694
0.920507
1.19848
1.14906
1.22933
0.867088
1.12025
1.3145
1.70788
1.40941
1.59857
1.60392
1.89492
1.96454
2.16399
1.5942
1.73896
1.70256
1.58575
1.73664
1.79543
2.08103
2.10886
1.7489
2.02388
1.78357
1.74073
1.45321
1.26002
1.34954
1.06676
0.938167
0.864862
0.804149
0.905332
1.3031
1.43441
1.1661
0.816731
1.07103
0.911186
0.592348
0.784639
0.617969
0.838696
0.698796
1.035
0.751575
0.637249
0.982808
0.743811
0.315798
0.667976
0.63671
1.0319
1.20635
1.19047
1.44765
1.10792
1.51058
1.06862
1.18814
1.09027
1.61112
1.35762
1.526
1.73361
1.81494
2.1575
2.35551
2.71228
1.64338
1.71169
1.67665
1.63143
1.841
2.29467
2.19711
2.3659
2.2678
2.29387
2.29569
2.27133
1.97393
1.75594
1.62167
1.53064
1.39448
1.2574
1.30406
1.08903
0.839135
1.14517
1.4969
1.30234
1.57411
1.63072
1.66809
1.22268
1.59163
1.51599
1.46577
1.02715
1.05073
1.44904
1.89583
1.6317
1.3759
1.24212
0.956067
1.10926
1.0687
1.28443
1.52957
1.2955
1.30201
1.61597
1.57097
1.37853
1.70315
1.46189
0.93753
1.14856
0.919463
1.2534
1.25317
1.47142
1.27611
1.3829
1.11174
1.31878
1.0359
1.08382
1.32546
1.49048
1.34789
1.71596
1.4835
1.35273
1.12869
0.83199
1.01956
0.436611
0.362009
0.605108
0.644139
1.10971
0.960804
1.01702
1.02577
1.34287
1.02087
1.05932
1.02564
1.18709
1.21141
1.30623
1.33326
1.30655
1.39385
1.31304
1.63722
1.39038
1.45259
1.28678
0.7997
0.751923
1.12255
0.869189
0.982141
0.801709
0.876005
1.20304
1.27594
1.3653
1.62586
1.47621
1.71665
1.96752
1.92962
1.87156
1.79027
1.77894
1.66946
1.97439
1.38947
1.07129
1.7514
1.0714
0.601909
0.326488
0.364135
0.933666
1.39024
1.29842
1.39761
0.880156
0.641403
0.7973
0.79767
1.27607
1.55819
1.46877
1.61595
1.77165
1.96994
1.91059
1.8088
1.79065
2.01414
2.3
1.92164
1.66292
1.69255
1.5677
1.48897
0.837073
1.12833
1.02178
1.21103
1.32885
1.40672
1.57646
1.4573
1.21069
1.39586
1.22787
1.3028
0.629452
0.572048
0.420042
0.738861
0.674704
1.30562
1.41807
1.30314
1.37639
1.52276
1.60026
1.84028
1.40219
1.9822
1.6033
1.58666
1.42703
1.48601
1.67511
1.69908
1.881
1.51049
1.51413
1.47973
1.69023
1.45268
1.48706
1.69918
1.82529
1.75564
2.16371
2.08687
2.79814
2.40374
1.99543
1.6008
1.64891
1.73574
1.67561
1.95993
2.15082
2.18714
1.94896
1.95791
2.39259
2.15416
1.91368
1.81711
1.76071
2.11363
1.82125
2.26705
2.5656
2.55824
2.41256
2.15996
1.91799
1.86321
1.65533
1.38519
1.21903
1.40778
1.26959
1.42056
1.75558
1.25266
1.09101
1.10551
1.33565
1.18045
1.35485
1.14581
1.25346
1.57087
1.32307
1.47186
1.54342
1.14433
1.64181
1.03672
0.947288
1.47142
1.59339
1.69179
1.18204
1.3593
1.10093
1.38166
1.23881
1.15051
0.894136
1.06956
1.21694
1.42906
1.43528
1.038
0.772773
0.697627
0.875056
1.37155
1.28302
1.72812
1.48481
1.57477
1.60634
1.46535
1.2018
1.05615
0.751209
0.824217
0.823404
1.07161
0.808177
0.626984
0.625674
0.702157
1.15415
1.04135
0.801431
0.935705
1.40854
1.47974
1.63595
1.60457
2.0308
1.83184
1.83793
1.95718
1.18536
1.31609
1.02129
1.43695
1.43222
1.17161
1.34022
1.44196
1.27263
1.27652
1.7297
1.41471
1.40847
1.49682
1.32705
1.33575
1.87491
1.94826
1.56188
1.35065
1.66026
1.4095
1.0307
1.16497
1.18565
0.924814
0.977767
1.00892
1.22879
0.795359
1.06138
1.08559
1.0023
1.52752
1.58167
1.97079
1.75878
1.86878
1.73815
1.81871
1.91895
1.67305
1.84281
1.03632
1.20149
1.1823
0.959028
1.1303
1.57467
1.49554
1.22208
1.01209
1.43921
1.64483
1.78053
1.82661
1.37686
1.57798
1.87619
2.13811
2.14619
2.0351
1.96789
1.83733
1.53816
1.55853
1.46765
1.27911
1.38486
1.5695
1.06335
1.47995
1.55367
1.48361
0.888885
0.592239
0.817944
0.988933
0.601998
1.02212
1.04314
1.09999
1.21586
1.06423
0.931566
0.746221
1.05467
1.16218
1.15853
1.16695
1.25145
0.698283
0.545105
0.90865
0.768707
1.25703
0.911027
1.51086
1.51008
1.69469
2.03001
1.88169
2.2637
2.47004
2.28252
1.79477
1.47583
1.34158
1.26659
1.07347
1.61612
1.41726
1.49727
1.63276
1.75499
1.17136
1.2672
1.11295
0.506206
-0.0179991
0.382118
0.651768
0.877435
0.966507
0.915861
1.41574
0.907982
1.03696
1.13138
1.3276
1.48778
2.08264
1.67805
0.944122
0.9868
0.817754
0.257051
0.00769645
0.349349
0.492292
0.417195
0.0824662
0.0388144
-0.0829535
0.628062
0.438795
0.402257
0.197278
0.0236734
0.610121
0.266573
0.230665
0.404574
0.0886529
0.141243
0.398282
0.490488
0.840026
0.452254
0.854767
0.919068
1.12242
1.15909
1.35991
1.31482
1.47097
1.52371
1.10718
1.32339
1.39588
1.17839
0.942666
0.802531
0.713339
0.666806
0.571805
0.486316
0.684165
0.759153
0.722165
0.944994
1.27444
1.77108
1.4165
1.35901
1.23568
1.08764
1.49544
1.49314
1.03229
0.891714
0.566346
0.0455602
-0.0946346
0.196969
0.520429
0.149862
0.186224
0.497688
1.13781
1.39011
1.26831
1.12222
0.99763
1.08527
0.936321
0.687611
0.83269
0.588272
1.0915
0.902779
0.80952
0.798832
0.916558
0.746586
0.553328
0.595899
0.515666
0.967716
1.23667
1.03596
1.10637
1.28192
1.2278
1.20398
1.45761
1.55091
1.21071
1.45613
1.58522
1.2962
1.05546
1.1539
1.51434
1.63028
1.61851
1.53492
1.28538
1.00309
1.01229
1.16558
0.830289
0.868411
1.0135
1.1934
1.77545
2.34027
1.59703
1.64706
1.53963
0.920128
1.26283
1.12028
1.34748
1.51078
1.48055
1.60933
1.14356
1.28003
1.10503
1.45425
1.11367
1.18438
1.06648
1.02173
1.17193
0.733608
1.37417
1.46646
1.45205
1.41219
1.55029
1.15753
1.37048
1.6049
1.55622
1.41555
1.9496
2.12524
1.66998
1.55403
1.42942
1.40276
1.27893
0.9048
1.13028
1.2564
1.143
1.26497
1.05167
0.582656
0.505764
1.06569
1.53816
2.15427
1.79677
2.25116
2.18911
2.23193
2.53788
2.50519
2.92294
2.69921
2.63419
2.46427
2.86475
2.25034
2.00103
1.90074
1.89457
1.53187
1.512
0.935665
0.834534
1.14142
1.02145
1.44183
1.68488
1.39261
1.5973
1.20913
0.926603
0.984191
0.532758
1.01423
1.37551
1.19786
1.42084
1.20022
1.37726
1.14042
1.09201
1.16748
1.70109
1.88225
1.86405
1.61019
1.55938
1.71575
1.59361
1.70588
1.76361
1.68498
1.08227
0.8187
0.613252
0.631009
0.894903
1.00787
1.19413
1.79024
1.41627
1.41496
1.65107
1.80468
1.73129
1.7867
1.62433
1.77119
2.03896
2.12203
1.91558
1.92221
1.98398
2.14813
2.03506
1.91768
1.84795
1.73833
1.8627
1.6733
1.66381
1.49136
1.51282
1.71125
1.53988
1.51629
1.36995
1.35859
1.04376
1.23172
1.35044
1.38361
1.41829
1.17151
1.25159
1.55041
1.38736
1.05193
0.819723
0.751265
0.717037
0.798252
0.523481
0.61606
1.01349
1.16736
1.03049
0.96739
1.2782
1.37391
0.927329
0.949683
1.30079
1.5034
1.45416
1.51289
1.38768
1.60144
1.73609
1.57806
1.80958
1.87612
1.66749
2.00342
1.68264
1.77445
1.51908
1.35401
1.50559
1.4246
1.37589
1.33103
1.37203
1.6556
1.47536
1.49316
1.45234
1.3368
0.946087
1.17966
1.24288
1.13982
1.06169
1.12381
1.27877
1.16547
1.64765
1.45717
1.60204
1.59129
1.21557
1.22738
1.21088
1.27487
1.32877
1.58887
1.88933
1.8491
1.92126
1.65587
1.69192
1.7522
1.13871
1.32713
1.57388
1.57382
1.49048
1.51397
1.52544
1.36296
1.40742
1.38223
1.50555
1.86252
1.75086
1.40749
1.29067
1.2558
1.31583
1.50623
1.50987
2.14464
1.92257
2.26407
2.23693
2.03231
1.65
2.23695
2.22739
2.09863
1.69221
1.6251
1.71196
1.64975
1.89758
1.69655
1.63708
1.283
1.47178
1.85463
1.51514
1.80345
1.90188
1.76904
1.57705
1.18446
1.11427
1.22742
1.42974
1.13232
1.14108
1.12325
1.56501
1.33637
1.39068
1.77105
2.30796
2.09073
2.12659
2.21059
1.98846
1.46699
0.91673
0.920883
0.886229
1.05009
0.849299
0.975668
1.06118
1.34382
1.32729
1.44298
1.3457
1.20985
1.00168
1.19613
1.22751
1.47019
1.64188
1.35167
1.18622
1.70023
2.19793
2.31268
2.52515
2.30792
2.44133
2.36014
2.14776
1.87231
1.10616
1.4889
1.57041
1.63793
2.08921
2.10716
2.05722
2.00105
1.73361
1.53995
1.9528
1.79302
1.19554
1.06456
1.65979
1.40029
1.04749
1.35604
1.05348
0.914062
1.13302
1.02134
1.45647
2.08386
1.65797
1.49805
1.64518
1.79816
1.90391
1.56078
1.47469
1.53332
1.84953
1.76617
1.81546
1.71061
1.98491
2.55295
2.24951
1.94449
2.0195
1.50369
1.45426
1.67529
1.63984
1.52558
1.47472
2.03746
1.59537
1.52601
1.49187
1.52408
1.58281
1.36006
1.54314
1.08391
1.66997
1.56483
2.3398
2.45669
2.07735
1.56605
1.31423
1.16596
1.32592
0.928412
0.745199
0.7224
1.46204
1.40787
0.945565
0.909657
1.18075
1.25131
1.45805
1.52579
1.0629
1.19388
0.857794
1.15462
1.61115
1.66492
1.61553
1.48902
1.92368
1.58444
1.51231
1.47731
2.17821
2.09681
1.7489
1.77323
1.43323
1.408
1.24852
1.21853
1.02793
1.60453
1.47137
2.01184
1.5986
1.52268
1.60824
1.46275
1.48194
1.48785
1.32656
1.08157
1.47978
1.4819
1.17228
1.26181
1.14192
1.41905
1.38196
1.36129
1.04108
0.770878
1.11598
1.57943
1.66127
1.58456
1.53725
1.39739
1.79455
1.94992
1.78861
2.14545
2.20642
1.84831
1.47654
1.70209
2.06578
1.75686
1.80945
1.82965
2.14744
1.81387
1.76015
1.57396
1.62024
2.22357
2.06325
1.79436
1.57779
1.05522
1.30658
1.45797
1.69921
1.63616
1.59565
1.80123
1.41622
1.80451
1.8297
1.8355
1.66364
1.87048
1.58191
1.30299
1.37672
1.29656
1.51743
1.57685
1.69316
1.77333
1.19239
1.57743
1.63067
1.74767
1.41184
1.80671
1.93901
1.96991
2.34342
2.09638
2.20376
2.09611
2.04718
1.8518
1.72025
2.27535
2.88647
2.9031
3.15426
2.87702
2.08706
2.22836
1.93107
1.32373
1.52341
1.93766
1.70881
2.18241
1.95784
1.55241
1.70087
2.11673
2.40135
1.97919
2.02064
1.84669
1.95027
2.18089
2.57758
2.63431
2.37381
2.01104
2.14952
1.58601
1.32854
1.41694
1.04284
1.0565
1.27893
1.45033
1.70676
1.8956
1.51184
1.65584
1.43116
1.39783
1.73029
1.88395
1.5252
1.48713
1.23732
1.33509
1.64822
1.7901
1.76279
2.13238
2.50524
2.68847
2.6134
2.00597
1.84271
1.99197
2.69691
1.95749
1.46023
1.774
1.51557
1.84282
1.7757
1.46424
1.78868
1.49152
1.79552
1.66502
1.41141
1.45009
1.25769
1.42893
1.41835
1.51162
1.59794
1.78348
1.87628
2.18044
2.13707
1.85466
1.71341
1.4052
1.16098
1.28201
0.833881
0.74831
0.988149
1.25974
1.30409
1.29141
1.01467
0.751712
0.65857
0.907154
0.937831
1.20437
1.07853
1.44472
1.31241
1.42669
0.944585
0.788231
0.940646
0.702545
0.813754
0.987959
0.998009
1.26566
1.39319
1.15514
1.45154
1.19488
0.873764
0.889971
0.760147
0.804669
0.639691
0.832679
0.837375
1.0155
0.743277
0.920113
1.24806
1.3157
1.36773
0.916684
1.19599
1.20303
0.855253
1.01564
1.30836
1.61177
1.47758
1.43629
1.248
1.56963
1.39968
2.08408
2.24043
2.34991
2.01356
2.26347
2.75713
2.2332
2.25279
2.00165
1.95865
2.16166
2.55386
2.53588
2.23024
1.89739
2.11508
1.82806
2.03255
2.05071
1.77042
1.54715
1.92828
1.61594
1.1755
1.29982
1.61063
1.65413
1.11026
1.47968
1.34294
1.23907
1.26436
1.65309
1.96085
1.78394
2.21889
2.19588
1.70052
1.33245
1.77832
1.43547
1.58506
1.94527
2.27877
2.09675
1.92127
1.75055
1.72311
2.19646
1.53967
1.81112
2.03665
1.95821
1.99111
1.54687
1.18281
1.53652
1.16627
1.17312
1.55079
2.07991
1.681
1.6107
1.7048
2.00353
1.58722
1.44375
1.64713
1.62452
1.69591
1.69503
1.95249
2.00829
2.25215
2.63822
2.33637
1.68208
1.75564
1.57986
1.66993
1.49794
1.82544
2.30443
1.9107
1.46582
1.00923
0.975795
1.05343
1.20105
1.25411
1.1726
1.61323
1.89669
1.75965
1.64647
1.42512
1.39282
1.8659
1.99921
2.20372
2.07875
2.16696
1.9839
1.8094
1.68477
1.71249
2.01942
1.89529
1.57766
1.6002
1.78844
1.39115
1.58103
1.58839
1.48683
1.35691
1.42382
1.59252
1.38695
1.35387
1.21406
1.05592
1.02646
1.01146
1.0862
1.1847
1.29903
1.47654
0.902908
1.01187
1.09097
1.45041
1.58615
1.30514
1.12307
0.998549
1.10265
0.974055
0.773368
0.541985
0.757345
0.707977
0.905761
0.540754
0.210211
0.572535
0.503968
0.646619
0.624886
0.885247
1.17421
1.28233
0.949893
0.46952
0.692464
0.782156
0.66584
0.916779
0.822904
0.888089
0.853572
0.905123
0.70298
0.920807
0.942881
0.849694
0.956713
0.306539
0.851286
1.61975
1.41678
1.35446
1.55298
1.05699
1.57582
1.59489
1.51746
0.983523
1.06192
1.45444
1.03451
0.964847
0.608066
0.81044
0.754629
0.742438
1.02271
1.07572
1.18377
1.18091
1.72274
1.71396
1.74244
1.67721
1.58746
1.34391
1.28662
1.33835
1.69727
2.21178
2.57141
1.75918
2.01762
1.94174
2.09844
1.71475
1.436
1.14407
0.95017
1.2576
1.18615
1.22187
1.80033
1.74234
1.72145
1.38635
1.35354
1.45336
1.5339
1.08562
1.58082
1.86044
1.61496
1.19276
1.35972
1.37686
1.05152
0.974537
0.851139
1.19537
1.38431
2.03669
1.71653
2.06583
2.27236
1.59172
1.21426
1.40048
1.6922
1.20352
1.63931
1.38386
1.71814
1.71536
1.59601
1.75665
1.74672
1.79437
1.86839
1.2873
1.20992
1.69429
1.54638
1.43935
1.38622
0.874786
1.03429
1.07312
1.02528
0.79408
0.723994
0.92393
0.880481
1.02871
1.26113
1.1695
1.33544
0.80085
1.16851
1.2305
1.10064
1.27553
0.851944
0.946331
1.16553
1.03764
0.953837
0.754955
0.592997
0.98715
1.00993
1.035
1.21422
1.55827
1.46586
1.64529
1.50768
0.898673
1.28999
1.38515
1.51609
1.53706
1.43648
1.59855
1.83664
1.92791
1.92749
1.7833
1.66288
1.45909
1.9334
1.70761
1.67015
1.53924
1.59896
1.83331
1.79767
1.77932
1.41918
1.40041
1.4313
1.9888
1.46967
1.62556
1.76484
1.89721
2.43638
2.92526
2.63042
2.17311
2.18406
1.94974
1.98979
2.44189
2.29599
1.9433
1.8088
1.51038
1.63135
1.68478
1.59613
1.38698
1.05209
1.24297
1.43825
0.922206
0.981961
1.16047
1.16636
0.990591
1.20563
1.06989
0.753765
1.02861
1.52951
1.37491
1.31451
1.36007
1.6077
1.62488
1.24357
1.40521
1.84825
1.94857
1.8681
2.08315
1.75947
2.04163
2.04239
2.43062
1.91027
2.05891
2.04449
1.99556
2.45941
2.16388
2.36979
2.36279
1.74334
1.40459
1.50458
1.64077
1.37443
1.41063
1.63289
1.36145
1.26758
1.87666
2.15343
2.25327
1.81574
1.62336
1.60024
1.62136
1.71517
1.67805
1.56073
1.54175
1.70523
1.48507
1.31927
1.39454
1.02354
0.747115
0.67534
0.995674
0.917258
1.11856
1.02653
0.616272
0.599165
0.633819
0.32705
0.240616
0.933181
0.497704
0.700738
1.19438
1.44899
1.1689
0.797345
1.36333
1.04513
0.918325
0.728197
0.373397
0.691876
0.775258
0.725122
0.707207
0.392674
0.468686
0.526957
0.538946
1.04845
0.947854
1.07057
1.07497
1.14697
1.00971
0.715468
0.957722
0.932337
1.0654
1.29749
1.2233
1.50914
1.70475
1.95323
1.21971
0.559642
0.80956
1.01733
0.638743
0.950278
1.20948
1.39829
1.71986
1.72255
1.28766
1.52188
1.42016
1.19641
1.20397
1.19391
1.74467
1.69409
1.441
1.52741
1.44778
1.5496
1.02521
1.3372
1.23039
1.62888
1.54921
1.62954
1.67113
1.2391
1.38084
1.32415
1.2603
1.06798
0.85212
0.708043
0.829373
1.01061
0.586707
0.696929
0.490047
0.880647
1.24532
0.775364
1.30556
1.01081
0.950064
1.22849
1.16396
1.20011
0.991602
0.802537
1.03264
0.72482
0.647901
0.562065
0.939071
0.836777
1.06311
1.20182
1.03317
0.867898
0.865892
1.10288
1.0853
1.28275
1.18751
1.195
0.825636
0.809526
0.720003
0.861207
0.686069
0.672707
0.789983
0.239345
0.580288
0.777618
1.23392
1.03979
0.907213
1.3734
1.18252
0.833638
0.881596
0.820634
0.978306
1.30155
0.598464
1.21087
1.45869
1.18977
1.24865
0.989808
1.10301
1.30699
1.34339
1.04338
1.21959
1.42111
1.80411
1.4768
1.651
2.19321
1.74471
1.69063
1.54706
1.18098
1.25692
1.74261
1.02349
0.819695
0.984554
1.20266
1.18309
1.08687
1.06189
0.976377
0.864756
1.14376
1.56811
1.36057
1.63677
0.850544
1.45715
1.2029
1.36464
1.84682
1.91256
1.86459
1.93071
1.90553
1.94113
1.87061
1.21972
1.36899
1.10763
1.24672
1.37803
1.26502
0.849742
1.78759
1.03911
0.930056
0.893429
1.47154
1.71217
1.45191
1.67017
1.96156
1.70061
1.84899
1.54956
2.12213
2.01761
1.93463
1.73273
1.92415
1.82954
1.4064
1.83539
1.77476
1.73787
1.84032
1.66428
1.72426
1.94074
1.98049
1.68062
1.57068
1.63022
1.52143
1.68243
1.6243
1.46281
1.25423
1.43566
1.05134
1.08298
1.01333
1.1223
1.49503
1.24407
1.39799
1.5319
1.3119
1.30562
1.38114
1.70786
1.68307
1.5808
1.78862
1.78505
2.08092
1.67442
1.29269
1.22342
1.55489
1.92185
1.84411
1.75985
1.25343
0.936627
1.46007
1.06762
1.07946
1.04277
0.598873
0.693949
0.543477
1.39121
1.21676
1.42284
1.02589
1.19574
1.46827
1.32914
1.41027
1.47946
1.85798
1.61636
1.61767
1.44324
1.64352
2.00074
2.07318
2.1675
1.86516
1.54973
1.68069
1.58685
1.59691
1.83046
1.69849
1.83948
2.23517
2.3338
1.55711
1.81669
1.41632
1.33487
1.532
1.48748
1.38373
1.32156
1.47692
1.4935
1.52962
1.31368
1.6163
1.88349
1.43124
1.13046
1.13447
1.09608
1.39788
0.912109
0.920236
0.994927
0.751673
1.01098
1.11501
1.15826
1.29874
1.60242
1.92861
1.59046
1.76664
1.80673
1.52734
1.18767
1.18548
1.36585
1.49529
1.64028
1.59699
1.61268
1.56468
1.63772
1.47938
1.36723
1.14767
0.943576
1.10728
0.888602
0.817418
0.85702
0.902554
1.1566
1.58445
1.23971
1.1521
1.00172
1.37971
1.54211
1.62837
1.65017
1.45851
1.15591
1.13887
0.840353
0.736712
0.933911
0.819271
0.698783
1.13681
0.955308
1.2455
1.35392
1.34561
1.3286
1.89726
1.99445
1.82243
1.58609
1.80163
1.54644
1.79644
1.52774
1.95321
1.88915
1.70561
1.90354
1.891
1.65527
1.06262
0.893765
0.923814
1.48346
1.56149
1.34228
1.54053
1.42523
1.56515
1.2484
1.34066
1.94026
1.70233
1.53313
1.48383
1.32495
1.3455
1.53111
1.0067
1.39181
0.827584
0.670204
0.64837
1.03866
1.45941
1.56075
1.3937
1.01417
0.79976
0.88518
1.15137
1.38986
1.47504
1.15366
1.04299
1.30945
1.21502
1.58589
1.62457
1.53974
1.71488
1.56722
1.4977
1.39605
1.1934
1.41522
1.74246
1.73369
1.37055
1.52794
1.2747
1.44751
1.38667
1.28537
1.68026
1.71576
1.59929
1.55657
1.29359
0.993596
0.722607
1.23831
1.17869
1.22841
1.3252
1.6904
1.1032
1.03461
1.26761
1.058
1.23269
1.50124
1.73373
1.54015
1.52738
1.85662
1.41387
1.41332
1.44417
1.82707
1.25728
1.21892
1.13589
1.13054
1.12929
0.526161
0.520924
1.4253
1.27694
1.06247
1.15476
1.10099
1.09378
1.19918
1.39269
1.26267
1.20244
0.831398
0.673048
1.15262
1.04226
0.935189
1.32007
1.34763
1.39866
1.29385
1.21426
1.34591
1.51178
1.31764
1.50593
1.61452
1.48242
1.73823
1.61491
1.70466
1.94348
1.46263
1.60261
1.48554
1.97483
1.94489
1.78579
1.66613
1.49642
1.20159
1.4514
1.52176
1.24139
1.42626
1.59579
1.63184
1.39421
1.74908
1.89589
2.06341
1.95684
1.72361
1.86454
2.00568
1.76918
1.85347
1.21481
1.04485
1.15966
1.0748
1.50542
1.37428
1.43827
1.83949
2.01205
1.83978
2.24295
1.89981
1.70824
1.93245
1.87147
1.6722
2.28501
1.91337
1.91142
1.59993
1.97532
1.64537
1.48554
1.44053
1.83234
1.65631
1.22208
1.54985
1.74254
1.94915
1.41043
1.5983
1.42314
1.76288
1.8401
2.35188
2.60827
2.20766
2.09915
2.30109
2.31544
2.5782
2.12221
2.38979
2.17489
1.97458
1.75145
1.89254
1.49613
1.26066
1.73404
1.6694
1.75062
2.14005
1.89652
1.77472
1.55058
1.43985
1.35927
1.12368
1.55132
1.61134
1.50332
1.57376
1.84796
1.48871
1.11355
1.16969
1.06464
1.61314
1.57247
1.58702
1.58452
1.39798
1.16959
0.982093
1.26034
1.48451
1.33764
1.31366
1.20138
1.18989
1.48831
0.977852
1.1313
0.634186
0.428878
0.669098
0.693813
1.13213
0.763107
0.992565
0.947101
1.18979
1.041
0.844808
0.926179
0.808141
1.01208
1.24952
1.26997
1.36467
1.22056
0.991064
1.13666
1.25733
1.38098
1.32846
1.38544
1.89672
1.61812
1.69483
1.80685
2.12581
1.94052
1.84848
2.12927
2.28409
2.04983
2.08419
1.96603
1.94171
2.20753
1.96446
1.89902
1.78387
1.15279
1.47254
1.42387
1.08816
1.39712
1.75076
1.96798
1.7608
1.65691
1.43614
1.31507
1.73115
1.99676
2.26596
1.8721
1.70452
1.62172
1.8431
1.34113
1.45479
1.60037
1.6633
1.92857
1.7542
1.55673
1.47347
1.76736
1.39385
1.27067
1.02258
1.14888
1.11008
1.40354
1.57481
1.56731
1.87681
1.46319
1.17303
1.458
1.2164
1.41431
1.68458
1.52598
1.34674
1.24728
1.21592
1.66234
1.65589
1.47471
1.20389
1.14247
1.2618
1.19429
1.23759
1.18685
1.12319
1.50942
1.49213
1.50844
1.27923
1.17979
1.12059
1.39421
1.10644
1.3102
1.10439
1.3508
1.14522
1.45165
0.878444
0.775651
1.01806
1.5581
1.67408
1.42665
1.3821
1.36427
1.52373
1.35592
1.69864
1.7713
1.51522
1.44682
1.35268
1.22487
1.45864
1.51178
1.65052
1.44525
1.38503
1.43671
1.62055
1.36215
0.956124
0.788633
1.09337
1.38895
1.2154
0.898354
0.919304
1.06817
1.2425
1.56305
1.59609
1.60916
2.14831
2.22545
1.76262
1.93796
1.67881
1.5294
1.33679
1.56459
1.56681
1.36285
1.46369
1.38826
1.12318
1.05417
0.793138
0.876084
0.988059
1.16177
1.5961
1.65787
1.36564
1.58602
1.08249
0.539766
0.431052
0.517686
0.729824
0.792323
1.19987
1.76138
1.57455
1.55293
1.57099
1.37212
1.63681
2.13869
2.24383
2.2276
2.01457
1.65957
2.07108
2.19701
2.02747
2.44965
1.93934
1.60712
1.82104
2.01268
1.62264
1.72408
1.36909
1.55392
1.36214
1.43066
1.22994
0.960977
1.11069
0.616543
0.850118
1.13659
1.75414
1.92231
1.91875
2.05033
1.7454
1.67888
1.68482
1.98192
1.49549
1.62543
1.98056
2.00792
1.40907
1.91722
2.36036
1.92591
2.08445
1.92995
1.67599
1.70601
1.93217
1.1602
1.3318
1.50631
1.58369
1.92466
1.79136
1.60209
1.37283
1.38418
1.14154
1.37433
1.11791
1.34473
1.3097
1.40768
1.47068
1.35926
1.31851
1.29296
1.32434
1.18089
1.05696
0.814071
1.31181
1.10289
1.26351
1.34173
0.883143
0.62859
0.531314
0.579801
0.491568
0.74905
0.997054
1.27959
1.20917
1.12409
0.999646
0.944213
0.968209
1.03694
1.46022
1.15181
1.03223
1.26436
1.14488
1.16187
1.20283
1.56995
1.51428
1.42503
1.2699
1.16316
1.07027
1.05961
1.01717
0.897964
0.766563
0.727525
0.853326
0.996798
0.989577
0.906615
1.15193
1.23321
1.17599
1.54612
1.58982
1.58483
1.52133
1.23432
1.10246
1.39257
1.62523
1.6611
1.42008
1.04877
1.43194
1.72704
1.53608
1.59902
1.31906
1.58871
1.39513
1.47421
1.19041
1.11628
1.12133
1.10137
1.16172
1.2847
1.31344
1.41279
1.73854
1.56833
2.28782
1.97994
1.47696
1.60836
1.90385
1.83119
1.262
2.05891
1.84509
1.81099
1.89122
2.31407
2.61787
2.28229
2.00696
1.58298
1.43976
1.14548
0.661326
0.962472
0.94985
0.92919
1.5171
1.48414
1.21592
1.44748
1.46286
1.69339
1.7477
1.85628
1.72871
1.77737
2.01328
2.02756
1.89393
1.80186
1.37529
1.43202
1.31665
1.2259
1.56075
1.33922
1.21074
1.00469
1.19277
1.26255
1.50916
1.32826
1.27288
1.04738
0.766352
0.777009
1.12787
1.17917
0.923855
0.890881
0.703433
0.673064
0.44832
0.48627
0.344357
0.9433
0.941456
0.674134
1.05762
0.850807
0.84945
0.721686
0.471282
0.693164
1.27731
1.42869
1.63443
1.39679
1.27534
1.69837
1.33259
1.43206
1.39936
1.23929
1.08939
1.91796
2.34709
1.89522
1.99886
1.52396
1.16391
1.24467
1.34135
1.68895
1.54844
1.57496
0.940628
0.89556
1.41055
0.840316
0.760687
0.742325
0.79489
0.746666
1.0409
0.954854
0.940231
1.09334
1.38613
1.54209
1.02441
0.958606
1.12953
1.32502
1.67999
1.5112
1.85259
1.90178
1.50864
1.72595
1.8324
1.98406
1.85806
1.41354
1.37018
1.389
1.44222
1.86879
1.71295
1.80227
1.71549
1.71533
1.51823
1.62444
1.68705
1.67627
1.79548
1.49721
1.34707
1.14344
1.41553
1.7382
1.27669
1.34805
1.24282
0.795734
0.894434
1.03941
1.05099
1.23363
0.941896
1.32285
1.3514
1.54278
1.67452
1.25199
1.16751
0.892432
1.12123
1.17113
1.31302
1.26807
1.90232
1.69277
1.63915
1.39062
1.36663
1.26268
1.46481
1.27432
1.13691
1.31729
1.23158
1.46
1.07591
0.912738
1.18837
1.71449
2.00994
2.33656
2.60031
2.34785
2.74087
2.49618
2.1321
2.34123
2.56209
1.87889
1.40667
1.3752
1.54979
1.64639
2.06115
2.04825
2.11525
2.08439
2.04075
2.0982
1.84479
1.52895
1.60495
1.93745
1.86965
1.864
2.17383
1.67378
1.58964
1.64264
1.66045
1.10717
1.35285
1.2757
1.44205
1.39863
0.984018
1.21292
0.901544
0.606279
0.805659
0.488489
0.521535
0.711042
0.869497
0.805163
0.974794
0.574437
0.315314
0.532127
0.478228
0.670791
1.0642
0.792812
0.854323
0.549821
0.492308
0.845639
1.06899
1.13375
1.22418
1.59547
1.85817
1.86301
1.89194
2.17031
1.5726
1.23219
1.36008
1.69525
1.63395
1.33338
1.08695
0.985222
1.21148
1.24881
1.41672
1.67077
1.48169
1.43702
2.0282
1.94067
2.00855
1.90839
1.4028
1.38048
1.21851
1.82825
1.76059
1.58899
1.29089
1.26015
1.70853
1.18403
1.77229
1.64601
1.42483
1.08578
1.40768
1.31812
1.53496
1.49124
1.37042
1.148
0.868211
0.963879
1.34605
1.39867
1.53512
1.36582
1.22057
1.60534
1.41884
1.5994
1.71895
1.61112
1.89078
1.9591
1.70573
1.45097
1.52888
1.31446
1.47136
1.00677
1.19295
1.27799
1.33732
1.51909
0.990894
0.906743
1.19484
1.18504
1.13643
1.10141
1.20511
1.23028
1.03273
1.12679
1.20745
0.969195
1.39683
1.05382
1.3967
1.25834
2.0101
1.61931
1.31651
1.3335
1.71718
1.81322
1.89243
1.8292
1.78074
1.58722
1.74783
1.82049
1.96759
1.66939
1.74135
1.24703
1.46876
1.37748
0.998944
1.11022
1.11417
1.1325
1.4664
1.42112
1.39047
1.10893
1.34431
1.54815
1.58584
1.48563
1.75862
1.42793
1.66011
1.43585
0.994035
0.990776
1.11825
0.986606
0.977609
0.634009
0.973142
1.00897
1.38224
0.935419
0.665238
0.525457
0.414686
0.634591
0.949897
1.52295
1.29133
1.34509
1.08123
0.950316
0.813104
0.64467
1.0821
1.09277
1.14705
1.13605
0.760309
0.703063
1.12288
1.25713
1.04216
0.990976
0.881392
1.16235
1.10781
1.24395
1.38913
1.18411
1.20806
1.22752
0.795621
1.33881
1.44523
1.80255
1.53056
1.2969
1.12832
1.01823
0.980492
1.37709
1.52913
1.01106
1.03379
0.758865
0.675064
0.83016
1.2038
0.911933
1.38194
0.748343
0.748739
0.738925
0.553995
1.10647
1.10355
0.952305
0.685053
0.778698
0.491755
0.36131
0.877128
0.4128
0.675482
0.972215
1.01664
1.36776
1.37595
1.45732
1.514
1.58732
1.51792
1.96144
2.01484
2.28411
1.88354
1.42598
0.965097
0.93196
0.749829
1.15829
0.609898
0.682105
1.14355
1.42436
1.64006
1.38671
1.01212
1.49436
0.805533
1.09744
0.994749
1.1769
0.784076
0.859289
1.19151
0.962311
1.16402
0.932706
1.15991
1.51602
0.982012
1.01946
1.02907
1.68321
1.74363
1.03599
1.07186
0.797525
1.12019
0.928397
1.08748
0.964316
0.987461
1.00475
0.798943
0.895158
1.2443
1.33146
0.750072
1.09761
1.27536
1.06953
1.17561
1.31609
0.949848
1.0111
0.949822
0.897314
1.00854
0.975747
1.02176
1.07251
0.905439
1.10263
1.22739
1.07726
1.3519
1.60909
1.29453
1.71137
1.70301
1.49658
1.33073
1.01552
1.00122
1.01599
0.844335
0.939827
1.37834
1.32676
1.32387
0.973982
1.09284
0.762843
0.591446
0.406182
0.539807
1.03457
0.843238
1.00207
0.786269
0.839378
0.45561
0.664095
0.648991
0.34241
0.547841
0.493235
0.780841
0.403594
0.832095
0.73876
0.732894
0.654076
0.319632
0.296163
0.396178
0.887571
1.29755
1.09003
1.60803
1.54118
1.68684
1.4575
1.34758
1.01845
0.738734
0.684508
0.765947
0.60364
1.12531
0.977604
0.380592
0.445605
0.587755
0.715582
0.390122
0.429599
0.600125
0.830914
0.520063
0.303671
0.174583
0.17193
0.299615
0.252168
0.48634
1.52025
1.557
1.68264
1.53057
1.85184
2.18825
1.92463
1.9131
1.24216
1.99892
2.20009
2.2199
2.39113
2.04059
1.18262
1.25761
1.50989
1.08153
1.17176
0.879038
0.655071
0.87468
1.20061
1.13293
1.67268
1.32273
1.3577
1.43824
1.5921
1.82091
1.31181
1.26556
0.589302
0.686758
0.711026
0.957012
1.11702
0.663931
1.09363
0.977143
1.14303
1.28461
0.924593
0.770546
1.02213
0.827902
0.72423
0.930353
0.576662
1.06138
0.616519
0.24534
0.427925
0.905673
0.966896
0.576861
0.755351
0.673427
0.83925
0.848392
0.918785
0.928078
1.32679
1.58406
1.36464
1.19445
1.04598
1.06323
0.877727
0.758803
0.579772
0.690276
1.31409
1.43837
1.20616
1.0676
1.11861
1.2999
0.896147
1.01803
1.30407
1.25758
1.30304
1.00969
0.866153
0.538338
0.545588
0.776525
0.473084
0.516689
0.577299
0.737771
1.18772
1.09519
0.843762
0.932801
0.90421
0.689378
0.754254
0.591776
0.444997
0.673448
0.525178
0.77149
1.04773
1.4122
0.576682
0.431258
0.12328
0.421639
0.246629
0.435213
0.364737
0.398669
0.792621
0.70975
0.941078
1.03964
1.31259
1.29574
1.12407
0.963153
0.795867
0.536033
0.720639
1.29509
1.15304
0.560322
0.698234
0.728193
0.814619
0.896943
1.24843
1.16992
1.0566
0.828217
0.912286
0.977749
1.33398
1.4128
1.41967
1.05837
1.01213
0.823723
0.524768
0.766551
1.15498
0.998047
0.802383
0.816038
1.14982
1.17296
0.864719
1.21415
1.08034
1.5875
1.28285
1.42514
1.81112
2.01223
2.063
1.99663
1.90781
1.82388
1.84583
1.72464
1.62107
1.62429
1.16084
1.33021
1.42735
1.28111
1.309
1.57751
1.49113
1.7312
1.60321
1.77867
1.6862
1.80728
1.37942
1.43989
1.26183
1.15542
1.24887
1.52801
1.66605
2.20429
2.22494
1.63572
1.80731
1.51914
1.52445
1.21126
1.1917
1.14329
1.07984
1.11004
1.33193
1.24708
1.38871
1.39033
1.70638
1.98969
1.85044
2.10849
1.95259
2.23221
2.10862
1.95255
1.78861
2.2833
2.1461
1.98246
2.18153
1.74995
2.10279
2.13689
2.35717
1.56783
1.04418
0.951158
1.1349
1.09035
1.05311
0.976855
0.649031
0.902926
0.916103
0.616374
0.859863
0.795738
0.98527
1.31548
1.71097
1.85221
1.89098
1.89611
1.90926
1.96174
1.24745
1.25847
1.40926
1.18238
1.31577
1.0273
1.11725
1.08552
0.768349
0.807987
1.38382
1.13515
1.11916
1.05615
1.31545
1.34291
1.36593
1.58138
1.50123
2.02704
1.85147
1.79939
2.05635
2.31974
1.83181
1.38003
1.40703
1.27618
1.2921
1.23368
1.79051
1.60384
2.12829
1.98677
1.32696
1.75433
1.42995
1.07182
1.26518
1.00804
0.927079
0.906182
0.809606
0.69349
1.297
1.47503
1.55761
1.4939
1.73218
1.45617
1.63356
1.44325
1.51088
1.83905
2.12879
1.92362
1.74032
1.66037
1.65752
1.10358
1.12899
1.32493
1.26098
1.36059
1.58247
1.7459
1.37982
1.10302
1.30895
1.05856
1.72764
1.54945
1.61233
1.57125
1.91148
1.61679
1.31949
1.79526
1.83921
1.69465
1.85046
1.92446
1.91739
1.84216
1.68327
1.47508
1.93893
1.85635
1.50923
1.36721
1.25956
0.951331
1.17023
1.31811
1.34717
1.04999
1.21691
1.61444
1.38552
1.65811
1.93073
1.52932
1.40546
1.53779
1.45173
1.26407
1.11181
1.26681
1.95638
1.95845
1.69068
1.24386
1.02815
0.951874
1.02316
1.22022
1.63294
2.00362
1.99673
1.50149
1.55772
1.57924
1.80246
1.98459
1.86735
1.86364
2.26634
2.52603
2.39927
2.34949
2.19915
2.29861
2.03774
1.94497
1.99887
1.8959
1.84823
1.72951
1.90358
1.64063
1.72424
1.85601
2.02724
1.84373
2.08616
1.53846
2.34882
2.16004
2.32874
2.45323
2.2386
1.84877
1.59572
2.20006
2.55112
2.22803
2.01578
1.81734
1.89164
1.99118
2.11643
2.42222
2.07759
2.08215
2.19039
1.78843
1.79187
1.99027
1.72646
1.59173
1.58041
1.76403
1.72745
1.5526
1.41079
1.84093
1.72907
1.95742
1.99382
2.14749
2.04647
1.57931
1.59516
1.52573
1.6548
1.5911
1.60521
1.9011
2.02779
1.6917
1.57643
1.60105
1.86446
1.80771
1.66933
1.42999
1.19532
1.38059
1.97066
2.37055
2.28616
2.25008
2.06352
2.05177
1.99876
2.24453
2.75997
2.44941
2.02151
2.13499
1.97862
1.88814
1.82092
1.70497
1.63757
1.64725
1.81937
1.87216
1.33881
1.49642
1.66216
1.69116
1.96761
2.24552
2.49768
2.55085
2.55062
2.37303
1.94383
2.26195
2.04426
1.71592
1.93765
1.79524
1.85294
1.67539
1.62541
1.57011
1.47119
1.82825
1.5533
1.3949
1.34647
1.64969
1.75358
1.56111
1.65438
1.15458
1.47806
1.18588
0.936904
1.12396
0.777924
0.955634
0.595863
0.753839
0.965701
1.09377
1.18173
1.26303
1.35024
1.37352
1.51986
1.27528
1.75257
1.48279
1.65837
1.35876
1.14392
1.01587
1.11574
1.07579
1.3267
1.52444
1.69473
1.65899
1.5848
0.978
0.924664
1.26697
1.00433
1.17794
1.63725
1.82061
1.68678
1.78627
2.26139
2.14221
1.91755
2.03335
1.66631
1.71518
1.5475
1.3873
1.59107
1.97987
2.25469
1.76625
1.7611
1.2784
1.4552
1.42934
1.23966
0.883488
1.10523
0.861063
0.837025
0.935257
1.39395
1.29251
1.5536
1.52288
1.42543
1.34564
1.3937
2.03875
1.43873
1.21996
0.895907
0.886985
1.18589
1.2245
1.3186
1.34327
1.55078
1.49454
1.46644
1.95989
1.87905
1.96725
2.05497
1.45713
1.14865
1.24577
1.12405
0.961669
1.01032
0.949165
0.767901
0.756227
1.00733
1.26935
1.05211
1.07278
1.43998
1.40769
0.967727
1.36616
1.37911
0.718056
0.728583
1.00951
1.21225
0.918717
0.515941
1.06608
1.29071
1.67184
1.40273
1.04463
1.09445
0.980107
0.652611
0.932741
0.760384
0.744862
1.27926
1.16832
1.03904
0.747927
0.793971
0.945032
1.07494
1.29478
1.53873
1.26833
1.77884
1.6962
1.78085
1.67439
2.09349
1.93703
1.64189
1.57616
1.53205
1.23409
1.11181
1.4446
1.60187
1.6434
1.97443
1.80523
2.10452
1.92776
1.92226
1.83359
1.45777
1.58149
1.99188
2.19022
2.34983
2.68692
2.20396
2.08586
2.05485
1.85339
2.02501
2.08593
1.86596
1.89739
1.83409
1.94167
1.84249
1.83171
1.87948
1.86888
1.94954
1.78729
2.19992
1.76731
1.56392
1.26807
1.5372
1.79074
2.04716
1.94286
1.4576
1.38288
1.98068
1.79621
1.43194
1.901
2.17415
1.65414
1.33083
0.777853
1.21626
1.55015
1.33606
1.4709
1.64181
1.76591
2.16386
2.31895
2.63989
2.09575
1.64336
1.6432
1.83921
1.50692
1.45047
1.26969
1.33509
1.26692
1.46293
1.54668
1.58101
2.2075
1.75157
1.38149
1.7298
1.31878
1.19475
1.19997
1.1574
1.65234
1.29834
1.34608
1.29801
1.16834
0.870543
0.959853
1.09066
1.61518
1.3648
0.925729
0.755069
0.674581
0.49905
0.534377
0.56515
0.30167
0.759146
0.83986
0.700039
1.02952
1.0891
1.27403
1.03288
0.832828
1.03776
0.601764
0.385193
0.108582
0.182584
0.491224
0.271569
0.668077
0.576593
0.641868
1.07469
0.602895
0.484713
0.542613
0.514648
0.365169
0.878762
0.450775
0.519033
0.686933
0.832187
1.13372
0.781854
1.1307
1.06957
1.05668
1.06647
0.795
0.966302
0.953602
0.629358
0.597955
0.704747
1.04095
0.673351
1.00643
1.151
1.35107
1.30032
1.24877
0.863111
0.858001
0.776672
1.03211
0.860001
0.872125
0.736553
0.946746
0.716335
0.401914
1.16231
0.919264
1.42298
1.74608
1.7828
1.81095
1.49036
1.61571
1.66148
1.95725
1.97207
1.75064
1.47873
1.30651
1.68692
1.28346
1.32888
1.43228
1.24893
0.995106
1.37547
1.42355
1.91855
1.24328
1.8475
1.79244
2.07162
1.906
1.65452
1.52892
1.54153
1.30047
0.906054
0.318838
0.213176
0.656897
0.704194
1.09736
1.15741
1.06169
1.06774
1.02016
1.09693
0.851701
1.0995
0.734798
0.797559
0.669302
0.669354
1.00061
0.90965
1.02013
1.1458
0.945525
1.17406
1.74525
1.43
1.33569
1.08039
1.48453
1.49411
1.90233
1.8328
1.99069
1.8956
1.6402
1.5564
1.73115
1.87956
2.19698
1.83164
1.58849
1.11434
0.947475
1.37194
1.24565
1.3117
1.1847
1.24787
1.18795
1.08272
0.963675
1.17622
1.57804
1.64587
1.25857
1.2673
0.757657
0.845153
0.511599
0.921256
0.77679
0.964803
1.12166
1.12071
1.11604
1.17846
1.53955
1.49987
1.38427
1.45478
1.43511
1.22827
1.03969
0.887248
1.35648
1.24855
1.03637
1.12804
1.12234
1.00402
0.968667
1.00467
1.18808
1.1562
1.02927
1.04977
1.23903
1.29816
1.62852
1.51344
1.51553
1.0692
0.867917
0.948114
0.731615
0.777303
1.05975
1.1461
1.30083
1.43675
1.84696
1.56497
2.01699
2.24912
2.02593
1.83511
1.80768
1.79021
1.78369
1.0937
1.32045
1.42003
1.58788
1.58244
1.60566
1.77292
1.09009
1.41244
1.1553
