-5.39834
-5.31597
-5.34119
-5.32277
-5.3987
-5.37979
-5.39486
-5.42349
-5.33582
-5.42996
-5.28704
-5.2166
-5.23723
-5.2675
-5.27815
-5.3125
-5.33229
-5.396
-5.31357
-5.29595
-5.24385
-5.38744
-5.52965
-5.55643
-5.56069
-5.62046
-5.60074
-5.59785
-5.62211
-5.56742
-5.58506
-5.58057
-5.54412
-5.54319
-5.53966
-5.48564
-5.3401
-5.49615
-5.57423
-5.48372
-5.53144
-5.54333
-5.44111
-5.49379
-5.397
-5.30377
-5.36428
-5.36916
-5.36947
-5.3852
-5.39606
-5.31846
-5.43841
-5.36399
-5.30542
-5.38787
-5.38944
-5.43637
-5.40342
-5.5097
-5.51429
-5.49212
-5.49851
-5.54999
-5.57182
-5.46896
-5.51531
-5.47858
-5.51381
-5.48012
-5.44765
-5.42748
-5.36796
-5.26633
-5.38331
-5.39834
-5.44242
-5.40034
-5.48655
-5.46644
-5.38974
-5.4495
-5.54888
-5.60419
-5.60083
-5.63471
-5.64111
-5.66748
-5.64483
-5.61708
-5.66744
-5.56612
-5.56421
-5.64448
-5.62536
-5.68838
-5.69776
-5.63588
-5.62498
-5.57624
-5.55859
-5.56917
-5.52622
-5.56488
-5.4764
-5.44378
-5.4415
-5.43709
-5.39613
-5.43087
-5.37009
-5.42685
-5.5596
-5.52227
-5.46864
-5.49011
-5.41553
-5.46047
-5.40309
-5.46444
-5.46079
-5.43276
-5.39475
-5.46398
-5.44654
-5.38283
-5.55683
-5.55996
-5.42574
-5.5973
-5.70516
-5.6465
-5.54818
-5.63923
-5.64571
-5.60811
-5.61721
-5.6101
-5.6601
-5.63484
-5.64694
-5.59908
-5.608
-5.61317
-5.64072
-5.59612
-5.64041
-5.70198
-5.69202
-5.64478
-5.72009
-5.65469
-5.64929
-5.61876
-5.55571
-5.60008
-5.60435
-5.63002
-5.59578
-5.39855
-5.39141
-5.51141
-5.4607
-5.33021
-5.37106
-5.27563
-5.26116
-5.30345
-5.23364
-5.37435
-5.40128
-5.49935
-5.49658
-5.55514
-5.48846
-5.43657
-5.35773
-5.41995
-5.51262
-5.50962
-5.5173
-5.50654
-5.53379
-5.52577
-5.40374
-5.44561
-5.40696
-5.3703
-5.42597
-5.43903
-5.54115
-5.5521
-5.54261
-5.57193
-5.5433
-5.5087
-5.47791
-5.46446
-5.50525
-5.56112
-5.56561
-5.53567
-5.50228
-5.58714
-5.61778
-5.62705
-5.54
-5.50366
-5.38759
-5.48898
-5.42888
-5.44611
-5.40566
-5.39703
-5.4178
-5.45332
-5.4148
-5.4836
-5.42023
-5.44962
-5.48832
-5.3655
-5.48508
-5.45766
-5.46833
-5.47395
-5.50377
-5.56463
-5.48729
-5.41825
-5.40783
-5.49665
-5.533
-5.5331
-5.50797
-5.56094
-5.59579
-5.64254
-5.54811
-5.561
-5.57417
-5.63748
-5.59036
-5.59687
-5.63342
-5.53914
-5.4693
-5.39075
-5.54905
-5.43377
-5.38392
-5.40178
-5.43152
-5.5019
-5.5648
-5.57474
-5.51848
-5.4302
-5.48613
-5.54657
-5.54306
-5.46701
-5.45858
-5.40725
-5.38545
-5.38541
-5.40403
-5.35803
-5.34857
-5.39774
-5.36442
-5.38465
-5.46332
-5.55556
-5.58107
-5.46814
-5.45153
-5.39544
-5.40982
-5.44273
-5.50128
-5.43673
-5.42993
-5.43001
-5.45905
-5.53645
-5.51043
-5.49278
-5.41517
-5.31079
-5.32331
-5.28898
-5.32377
-5.4356
-5.30184
-5.3618
-5.38258
-5.44523
-5.35092
-5.28723
-5.3253
-5.33761
-5.41772
-5.37251
-5.29295
-5.28803
-5.33913
-5.32905
-5.1647
-5.2132
-5.17477
-5.17819
-5.11792
-5.21561
-5.24987
-5.28648
-5.29677
-5.31499
-5.27525
-5.29978
-5.33309
-5.32393
-5.26985
-5.19662
-5.23
-5.31184
-5.34968
-5.34294
-5.43832
-5.39539
-5.4082
-5.33989
-5.37731
-5.25958
-5.36888
-5.35423
-5.38984
-5.39126
-5.31076
-5.38555
-5.43748
-5.32212
-5.3378
-5.29278
-5.20102
-5.2568
-5.35996
-5.37257
-5.39171
-5.35883
-5.30873
-5.3223
-5.33001
-5.34507
-5.35431
-5.30429
-5.3706
-5.36931
-5.36566
-5.37667
-5.34872
-5.34284
-5.29725
-5.37326
-5.40752
-5.41455
-5.39908
-5.27386
-5.36211
-5.30325
-5.38504
-5.39683
-5.39854
-5.42997
-5.46969
-5.46466
-5.45764
-5.48457
-5.44975
-5.41451
-5.37072
-5.44227
-5.54479
-5.59327
-5.6273
-5.54762
-5.50365
-5.47676
-5.42041
-5.38936
-5.42107
-5.33474
-5.27094
-5.34421
-5.32064
-5.32193
-5.40583
-5.40599
-5.32201
-5.35513
-5.38534
-5.36511
-5.34468
-5.38828
-5.38338
-5.36404
-5.42987
-5.41664
-5.37928
-5.38223
-5.42796
-5.37306
-5.43473
-5.45961
-5.3821
-5.3963
-5.40857
-5.41698
-5.44941
-5.42693
-5.4357
-5.49548
-5.49296
-5.43322
-5.42325
-5.3946
-5.3342
-5.3297
-5.35659
-5.30611
-5.38471
-5.44807
-5.39406
-5.43922
-5.43692
-5.40363
-5.50605
-5.37968
-5.33684
-5.33457
-5.42535
-5.53963
-5.52736
-5.44859
-5.54273
-5.55637
-5.57691
-5.45023
-5.4333
-5.37334
-5.43624
-5.35319
-5.36885
-5.48758
-5.51332
-5.56565
-5.47268
-5.40998
-5.41165
-5.50895
-5.51362
-5.51277
-5.51447
-5.50719
-5.52239
-5.57553
-5.55189
-5.54785
-5.60591
-5.55221
-5.54159
-5.48572
-5.4598
-5.45248
-5.39196
-5.44933
-5.41794
-5.52631
-5.60373
-5.62646
-5.56196
-5.55635
-5.53611
-5.46001
-5.49462
-5.45001
-5.45286
-5.44531
-5.48584
-5.40844
-5.42833
-5.39455
-5.45259
-5.35116
-5.46763
-5.484
-5.48653
-5.4829
-5.48759
-5.45409
-5.43279
-5.45735
-5.46736
-5.54242
-5.45643
-5.50927
-5.45712
-5.42583
-5.44252
-5.46048
-5.40258
-5.46098
-5.43243
-5.47181
-5.58676
-5.55916
-5.57004
-5.47904
-5.55276
-5.47426
-5.52372
-5.42249
-5.34504
-5.34095
-5.41789
-5.48204
-5.4351
-5.47837
-5.55894
-5.54858
-5.62895
-5.56365
-5.56575
-5.47897
-5.52231
-5.45705
-5.46543
-5.48082
-5.57724
-5.55322
-5.58166
-5.57786
-5.50651
-5.48693
-5.43104
-5.52582
-5.57638
-5.6192
-5.54184
-5.46145
-5.43298
-5.43562
-5.45202
-5.38957
-5.37957
-5.36716
-5.26388
-5.31047
-5.38579
-5.30604
-5.35316
-5.26945
-5.42354
-5.5503
-5.52273
-5.55791
-5.49743
-5.46705
-5.43435
-5.31537
-5.43472
-5.39723
-5.45575
-5.46577
-5.55199
-5.54084
-5.43356
-5.4484
-5.52117
-5.43063
-5.44596
-5.54785
-5.48604
-5.63613
-5.58131
-5.48111
-5.51872
-5.51726
-5.47606
-5.50318
-5.52992
-5.50255
-5.54349
-5.57685
-5.59403
-5.50403
-5.52424
-5.50924
-5.58541
-5.55249
-5.54678
-5.55087
-5.48736
-5.39774
-5.42263
-5.47868
-5.36396
-5.4279
-5.42274
-5.47149
-5.37559
-5.50282
-5.49492
-5.54556
-5.53466
-5.50658
-5.41573
-5.40031
-5.39383
-5.59047
-5.5415
-5.45055
-5.43457
-5.49663
-5.51861
-5.50298
-5.54939
-5.50448
-5.57775
-5.55907
-5.53161
-5.53754
-5.48441
-5.51953
-5.56511
-5.59228
-5.55409
-5.4677
-5.50514
-5.47273
-5.48326
-5.45208
-5.38827
-5.47905
-5.37571
-5.38444
-5.40533
-5.40396
-5.37473
-5.35563
-5.39547
-5.43368
-5.48868
-5.39325
-5.40029
-5.49588
-5.42538
-5.4939
-5.57875
-5.55867
-5.52261
-5.56622
-5.57556
-5.49432
-5.43948
-5.35636
-5.41881
-5.42897
-5.47858
-5.41757
-5.51953
-5.54645
-5.51862
-5.57604
-5.57057
-5.5281
-5.55639
-5.59728
-5.63154
-5.55656
-5.54439
-5.52093
-5.50041
-5.54019
-5.46986
-5.47567
-5.5662
-5.64187
-5.59805
-5.62944
-5.61553
-5.65138
-5.61784
-5.55436
-5.46797
-5.4353
-5.49419
-5.59091
-5.59747
-5.61326
-5.56082
-5.51646
-5.58493
-5.53999
-5.54738
-5.56372
-5.53859
-5.48376
-5.49678
-5.52
-5.53319
-5.45695
-5.48041
-5.44395
-5.53084
-5.52834
-5.57902
-5.61061
-5.52601
-5.58197
-5.39034
-5.44504
-5.45046
-5.37516
-5.35689
-5.34998
-5.45532
-5.53083
-5.63968
-5.62713
-5.55524
-5.52921
-5.59505
-5.53225
-5.50319
-5.46129
-5.47881
-5.485
-5.50971
-5.4662
-5.39895
-5.39872
-5.45332
-5.38322
-5.32973
-5.40265
-5.43662
-5.38568
-5.39095
-5.31569
-5.41408
-5.34345
-5.36975
-5.37149
-5.4046
-5.46124
-5.48921
-5.46273
-5.47654
-5.50062
-5.52831
-5.5436
-5.5589
-5.59461
-5.47885
-5.45202
-5.49476
-5.47307
-5.35281
-5.43423
-5.55645
-5.56337
-5.58178
-5.5956
-5.55129
-5.56336
-5.56684
-5.54319
-5.49475
-5.45655
-5.43795
-5.39081
-5.37012
-5.40212
-5.46284
-5.47088
-5.40406
-5.44868
-5.42097
-5.49167
-5.3855
-5.50496
-5.58949
-5.50651
-5.60908
-5.55908
-5.57935
-5.59008
-5.52532
-5.52757
-5.53259
-5.51317
-5.57359
-5.64854
-5.62651
-5.57117
-5.53454
-5.54579
-5.61221
-5.51435
-5.51016
-5.40086
-5.37586
-5.37148
-5.28849
-5.29161
-5.34987
-5.35347
-5.28772
-5.3225
-5.34642
-5.31373
-5.46004
-5.39253
-5.43154
-5.4633
-5.39301
-5.48483
-5.35363
-5.36487
-5.41081
-5.43475
-5.43665
-5.39985
-5.43816
-5.40006
-5.39963
-5.42854
-5.45756
-5.42614
-5.34582
-5.41213
-5.30178
-5.37753
-5.44605
-5.52279
-5.42256
-5.42219
-5.38639
-5.4851
-5.51706
-5.57795
-5.53427
-5.39953
-5.34123
-5.32328
-5.43078
-5.44753
-5.34534
-5.48176
-5.50125
-5.53281
-5.50953
-5.55055
-5.61472
-5.54636
-5.49611
-5.41923
-5.43625
-5.34324
-5.43456
-5.50726
-5.50201
-5.50151
-5.54366
-5.52302
-5.52961
-5.46744
-5.53339
-5.4633
-5.50315
-5.54621
-5.49695
-5.46093
-5.45283
-5.54005
-5.5012
-5.48309
-5.51652
-5.45317
-5.58715
-5.5141
-5.47417
-5.48661
-5.42049
-5.34137
-5.28722
-5.26043
-5.34756
-5.40823
-5.42362
-5.38281
-5.39086
-5.37649
-5.41589
-5.42655
-5.41093
-5.40728
-5.47319
-5.5585
-5.48737
-5.5022
-5.42452
-5.45572
-5.5132
-5.42924
-5.48107
-5.49015
-5.3801
-5.37606
-5.44843
-5.55012
-5.42085
-5.33709
-5.29893
-5.27592
-5.33731
-5.3639
-5.44129
-5.47064
-5.4591
-5.39472
-5.41783
-5.36067
-5.4198
-5.37848
-5.32088
-5.2964
-5.29765
-5.26869
-5.24036
-5.16506
-5.26188
-5.36617
-5.51032
-5.49255
-5.57949
-5.60525
-5.57736
-5.52905
-5.59388
-5.58686
-5.58302
-5.47888
-5.49925
-5.44334
-5.39921
-5.44058
-5.39745
-5.42391
-5.45822
-5.44614
-5.46607
-5.50961
-5.45475
-5.47216
-5.458
-5.33724
-5.22181
-5.23599
-5.36256
-5.45125
-5.40602
-5.4271
-5.42863
-5.45555
-5.43129
-5.38595
-5.41779
-5.27378
-5.39892
-5.37408
-5.34202
-5.39152
-5.36195
-5.44161
-5.37519
-5.41002
-5.43145
-5.3887
-5.46616
-5.47152
-5.40563
-5.37828
-5.36977
-5.50223
-5.48529
-5.3343
-5.45147
-5.4507
-5.39151
-5.41112
-5.39227
-5.39507
-5.5297
-5.46444
-5.46726
-5.51821
-5.48133
-5.37523
-5.45409
-5.53509
-5.54619
-5.54815
-5.47951
-5.44327
-5.50453
-5.54653
-5.44569
-5.49559
-5.44509
-5.47276
-5.42418
-5.42044
-5.33235
-5.35458
-5.39507
-5.34612
-5.20003
-5.37132
-5.42946
-5.46277
-5.40285
-5.32007
-5.26478
-5.30543
-5.31985
-5.40546
-5.33306
-5.32427
-5.27309
-5.2784
-5.23055
-5.29573
-5.17614
-5.32855
-5.41416
-5.40216
-5.47122
-5.5505
-5.51864
-5.45873
-5.4404
-5.46576
-5.511
-5.48645
-5.40969
-5.33661
-5.43359
-5.46071
-5.38974
-5.51068
-5.50048
-5.5187
-5.53957
-5.40482
-5.38893
-5.44628
-5.40477
-5.47644
-5.38932
-5.44081
-5.41732
-5.44858
-5.46647
-5.45506
-5.53648
-5.61273
-5.52379
-5.4959
-5.56032
-5.54639
-5.47679
-5.54904
-5.49544
-5.52983
-5.49379
-5.50016
-5.55046
-5.53489
-5.54296
-5.54256
-5.64328
-5.62767
-5.54672
-5.55243
-5.51597
-5.39908
-5.37812
-5.30849
-5.39601
-5.45231
-5.4819
-5.34614
-5.42487
-5.45383
-5.41517
-5.40073
-5.27133
-5.28551
-5.3246
-5.32565
-5.38692
-5.51254
-5.61021
-5.53302
-5.49232
-5.3974
-5.35771
-5.36871
-5.32484
-5.4406
-5.4405
-5.47565
-5.55578
-5.60991
-5.52137
-5.55402
-5.50305
-5.49643
-5.50508
-5.47703
-5.37523
-5.29301
-5.4843
-5.46221
-5.47284
-5.46604
-5.51982
-5.5681
-5.44371
-5.52059
-5.49408
-5.4588
-5.44172
-5.55444
-5.43116
-5.50235
-5.57163
-5.46504
-5.46382
-5.46358
-5.40033
-5.44845
-5.4398
-5.47981
-5.48381
-5.57492
-5.53463
-5.57949
-5.58235
-5.62757
-5.58526
-5.56186
-5.60541
-5.46213
-5.4241
-5.41561
-5.43638
-5.47324
-5.43977
-5.51099
-5.51418
-5.552
-5.5261
-5.43543
-5.4428
-5.43869
-5.50288
-5.40013
-5.31534
-5.29522
-5.44795
-5.41317
-5.48815
-5.45376
-5.30906
-5.39304
-5.37886
-5.37021
-5.51921
-5.55939
-5.55124
-5.50101
-5.52825
-5.51472
-5.60526
-5.50391
-5.47135
-5.42853
-5.36426
-5.4778
-5.5246
-5.51593
-5.41071
-5.41961
-5.41001
-5.48684
-5.53384
-5.46145
-5.40774
-5.36986
-5.31403
-5.38141
-5.42145
-5.40108
-5.38342
-5.34108
-5.35726
-5.4598
-5.56356
-5.59044
-5.56271
-5.54919
-5.56656
-5.43343
-5.46633
-5.43452
-5.47668
-5.45686
-5.41603
-5.30893
-5.35792
-5.38993
-5.39702
-5.48159
-5.47985
-5.44143
-5.54321
-5.50371
-5.52007
-5.32086
-5.31962
-5.36212
-5.37852
-5.42778
-5.3891
-5.34093
-5.40127
-5.52159
-5.35061
-5.48273
-5.43376
-5.4266
-5.53974
-5.51784
-5.52331
-5.54599
-5.53639
-5.48499
-5.45188
-5.42463
-5.43404
-5.5116
-5.41795
-5.41935
-5.4937
-5.61579
-5.64384
-5.48967
-5.5578
-5.55296
-5.51125
-5.45442
-5.53138
-5.56738
-5.56822
-5.53159
-5.5148
-5.37548
-5.37342
-5.43659
-5.50913
-5.47913
-5.54046
-5.63285
-5.55351
-5.48428
-5.46115
-5.45632
-5.48754
-5.50941
-5.46724
-5.43781
-5.48046
-5.46663
-5.55234
-5.64877
-5.46099
-5.55813
-5.50908
-5.55535
-5.63489
-5.58015
-5.49975
-5.47654
-5.52912
-5.52835
-5.56416
-5.50254
-5.47148
-5.42333
-5.51242
-5.4137
-5.37887
-5.39928
-5.33096
-5.3144
-5.28013
-5.19784
-5.17679
-5.29083
-5.35792
-5.33358
-5.33456
-5.32835
-5.29765
-5.38809
-5.40619
-5.53663
-5.58544
-5.52633
-5.56703
-5.57727
-5.6772
-5.71067
-5.69732
-5.73835
-5.6857
-5.63133
-5.58927
-5.60112
-5.67371
-5.64319
-5.61102
-5.58586
-5.67183
-5.60461
-5.56239
-5.56825
-5.58129
-5.63123
-5.62484
-5.63098
-5.66578
-5.65493
-5.57201
-5.52223
-5.51875
-5.43376
-5.45671
-5.41456
-5.43517
-5.36365
-5.4428
-5.31498
-5.34809
-5.36624
-5.38329
-5.35709
-5.38361
-5.34373
-5.40614
-5.37524
-5.34164
-5.32646
-5.37766
-5.3809
-5.39808
-5.45111
-5.42063
-5.4682
-5.44899
-5.4857
-5.39122
-5.56062
-5.63406
-5.63082
-5.59759
-5.47329
-5.468
-5.37913
-5.30102
-5.46415
-5.52141
-5.40183
-5.47418
-5.43204
-5.42143
-5.54819
-5.50049
-5.44506
-5.47962
-5.51916
-5.5461
-5.49909
-5.45412
-5.52619
-5.59479
-5.55128
-5.43317
-5.5329
-5.56069
-5.49332
-5.47238
-5.51755
-5.44438
-5.56742
-5.60422
-5.65128
-5.63333
-5.57451
-5.55199
-5.54293
-5.70243
-5.65447
-5.53417
-5.52209
-5.60524
-5.60793
-5.62323
-5.61646
-5.6458
-5.54738
-5.58177
-5.59134
-5.46156
-5.44839
-5.39151
-5.57185
-5.54426
-5.48377
-5.43284
-5.58946
-5.62104
-5.56476
-5.52581
-5.61241
-5.59211
-5.55489
-5.57649
-5.53939
-5.53849
-5.51381
-5.49356
-5.51284
-5.54281
-5.6357
-5.60046
-5.62078
-5.60631
-5.72226
-5.63429
-5.66184
-5.64993
-5.54143
-5.52461
-5.46794
-5.4726
-5.43064
-5.57562
-5.65382
-5.57504
-5.61128
-5.60943
-5.62601
-5.62808
-5.59705
-5.48334
-5.46003
-5.53778
-5.47104
-5.56806
-5.51511
-5.56114
-5.41037
-5.47891
-5.51322
-5.50593
-5.50088
-5.53335
-5.44378
-5.39012
-5.31194
-5.44362
-5.40501
-5.40011
-5.41979
-5.45103
-5.51377
-5.62302
-5.53707
-5.53882
-5.55702
-5.57602
-5.5153
-5.58025
-5.53324
-5.50515
-5.52263
-5.57866
-5.47202
-5.52937
-5.54057
-5.57727
-5.57709
-5.52122
-5.50244
-5.44068
-5.39411
-5.40609
-5.47305
-5.60391
-5.59908
-5.5433
-5.6006
-5.52173
-5.56516
-5.58052
-5.51816
-5.5451
-5.53184
-5.57859
-5.6029
-5.58571
-5.49892
-5.49356
-5.46418
-5.5472
-5.55681
-5.5418
-5.40733
-5.45536
-5.63404
-5.67654
-5.64883
-5.59008
-5.60752
-5.65057
-5.62697
-5.50658
-5.54987
-5.5142
-5.50201
-5.56607
-5.60003
-5.52577
-5.51744
-5.49252
-5.53199
-5.4648
-5.60013
-5.60669
-5.53305
-5.55294
-5.4812
-5.50824
-5.47152
-5.53565
-5.44559
-5.36076
-5.34726
-5.35035
-5.37153
-5.42718
-5.41908
-5.4676
-5.50916
-5.46485
-5.48716
-5.46874
-5.44323
-5.43635
-5.41914
-5.42381
-5.36125
-5.31734
-5.30162
-5.38523
-5.33
-5.29115
-5.39869
-5.26887
-5.34616
-5.35811
-5.29227
-5.42215
-5.41155
-5.36642
-5.43034
-5.39584
-5.4522
-5.47301
-5.53562
-5.5458
-5.48246
-5.53112
-5.53862
-5.61038
-5.65033
-5.53168
-5.60632
-5.48717
-5.51467
-5.43442
-5.43514
-5.50559
-5.6297
-5.63311
-5.60188
-5.64818
-5.6374
-5.61761
-5.62938
-5.71812
-5.70515
-5.62462
-5.57909
-5.34467
-5.41569
-5.41539
-5.43876
-5.55628
-5.56454
-5.48146
-5.51322
-5.45732
-5.29585
-5.31689
-5.42927
-5.46714
-5.50584
-5.45548
-5.37374
-5.47097
-5.58605
-5.46728
-5.44886
-5.51129
-5.49105
-5.51072
-5.51778
-5.61469
-5.54942
-5.52594
-5.43336
-5.49177
-5.5118
-5.52192
-5.48664
-5.553
-5.45724
-5.45475
-5.53257
-5.5004
-5.50389
-5.47669
-5.42908
-5.42053
-5.35699
-5.3456
-5.36782
-5.52699
-5.56367
-5.49586
-5.50394
-5.50219
-5.5297
-5.55725
-5.52265
-5.54783
-5.57535
-5.58171
-5.63561
-5.48638
-5.42054
-5.4124
-5.4329
-5.42429
-5.47627
-5.40615
-5.36491
-5.36694
-5.43863
-5.39312
-5.24252
-5.28051
-5.36767
-5.35323
-5.20971
-5.27607
-5.22968
-5.3233
-5.40771
-5.45995
-5.42259
-5.43023
-5.42659
-5.4014
-5.40278
-5.40862
-5.40694
-5.47479
-5.40837
-5.29946
-5.30298
-5.37436
-5.4505
-5.44032
-5.35926
-5.48644
-5.56699
-5.64102
-5.694
-5.7001
-5.61265
-5.52814
-5.47002
-5.48906
-5.52999
-5.48564
-5.51906
-5.47344
-5.50777
-5.4742
-5.44937
-5.48335
-5.48012
-5.53041
-5.49253
-5.42532
-5.40928
-5.50114
-5.53579
-5.55898
-5.56406
-5.57364
-5.55623
-5.46172
-5.53927
-5.50589
-5.5252
-5.51592
-5.6163
-5.55316
-5.54627
-5.52966
-5.44452
-5.52385
-5.38335
-5.37347
-5.39587
-5.50579
-5.47606
-5.4439
-5.45723
-5.42507
-5.42515
-5.3382
-5.3385
-5.43564
-5.38168
-5.41295
-5.31965
-5.31229
-5.4014
-5.39159
-5.47303
-5.41589
-5.39054
-5.35494
-5.35359
-5.32095
-5.3642
-5.36989
-5.35816
-5.25312
-5.28218
-5.34722
-5.38716
-5.34962
-5.44326
-5.50933
-5.48661
-5.38077
-5.44797
-5.28785
-5.21945
-5.27922
-5.21592
-5.35432
-5.21551
-5.22298
-5.31667
-5.37269
-5.34515
-5.41165
-5.39494
-5.44619
-5.47567
-5.46983
-5.44413
-5.28863
-5.32431
-5.41755
-5.44825
-5.40875
-5.45014
-5.48342
-5.47316
-5.37944
-5.3389
-5.34928
-5.37225
-5.4349
-5.41888
-5.37008
-5.34185
-5.34147
-5.34851
-5.3233
-5.28089
-5.2866
-5.37069
-5.36928
-5.41378
-5.43895
-5.47184
-5.45964
-5.52847
-5.53494
-5.54224
-5.34546
-5.50064
-5.45635
-5.39557
-5.43631
-5.44623
-5.41698
-5.38613
-5.47934
-5.45519
-5.4048
-5.42512
-5.396
-5.45389
-5.52131
-5.44113
-5.39917
-5.3081
-5.38296
-5.43627
-5.42493
-5.42951
-5.42261
-5.47106
-5.49265
-5.44921
-5.45328
-5.40792
-5.42845
-5.36963
-5.40964
-5.4144
-5.38764
-5.45979
-5.41597
-5.47364
-5.41223
-5.38674
-5.29129
-5.22081
-5.23578
-5.22391
-5.35091
-5.42326
-5.38476
-5.37577
-5.38158
-5.40247
-5.32803
-5.37957
-5.31941
-5.24797
-5.3511
-5.37536
-5.31399
-5.35368
-5.31881
-5.29998
-5.40648
-5.36224
-5.31725
-5.325
-5.4639
-5.52001
-5.44263
-5.48907
-5.51153
-5.43004
-5.47768
-5.46589
-5.4807
-5.49117
-5.47634
-5.46279
-5.4106
-5.55477
-5.54645
-5.51594
-5.52872
-5.47602
-5.51001
-5.50122
-5.50844
-5.47679
-5.47457
-5.47714
-5.44258
-5.35839
-5.33987
-5.43895
-5.40301
-5.42659
-5.45677
-5.42285
-5.43664
-5.42834
-5.3844
-5.43162
-5.39861
-5.40225
-5.50372
-5.46871
-5.40341
-5.34917
-5.31312
-5.28378
-5.31787
-5.25451
-5.46131
-5.48755
-5.46277
-5.47126
-5.50941
-5.63419
-5.49117
-5.48238
-5.52285
-5.53102
-5.49779
-5.4981
-5.55303
-5.5125
-5.60598
-5.56442
-5.65536
-5.64786
-5.63765
-5.67146
-5.5526
-5.47138
-5.41007
-5.35859
-5.4284
-5.46744
-5.50594
-5.52047
-5.62755
-5.55398
-5.45379
-5.5195
-5.55325
-5.55604
-5.49989
-5.51257
-5.49701
-5.51292
-5.45987
-5.51185
-5.45992
-5.43215
-5.50523
-5.54683
-5.55139
-5.53565
-5.44473
-5.46226
-5.39288
-5.44953
-5.37625
-5.40485
-5.49385
-5.62143
-5.59322
-5.59784
-5.52294
-5.47797
-5.52941
-5.46672
-5.5427
-5.55397
-5.52213
-5.53661
-5.42359
-5.33288
-5.24709
-5.344
-5.28086
-5.27804
-5.33831
-5.30095
-5.41278
-5.36985
-5.29772
-5.3253
-5.34808
-5.3174
-5.31003
-5.32917
-5.32616
-5.37038
-5.36675
-5.32232
-5.3915
-5.49616
-5.53538
-5.47318
-5.50454
-5.49346
-5.50582
-5.55132
-5.51832
-5.53609
-5.61541
-5.59055
-5.52519
-5.46896
-5.4686
-5.53576
-5.47243
-5.49639
-5.47001
-5.54721
-5.61777
-5.5636
-5.58043
-5.57109
-5.57411
-5.65663
-5.63784
-5.63931
-5.58792
-5.55668
-5.50179
-5.51676
-5.55855
-5.60851
-5.55054
-5.56243
-5.48912
-5.48802
-5.48561
-5.42146
-5.51239
-5.63149
-5.54313
-5.56399
-5.67262
-5.71483
-5.65786
-5.62087
-5.5944
-5.63646
-5.68111
-5.69741
-5.67084
-5.56038
-5.55189
-5.56219
-5.45906
-5.49085
-5.45577
-5.49043
-5.49435
-5.52282
-5.57974
-5.61831
-5.53472
-5.63388
-5.56236
-5.55753
-5.45346
-5.58579
-5.51425
-5.46141
-5.4213
-5.48304
-5.44847
-5.54084
-5.50962
-5.50591
-5.4967
-5.51715
-5.45358
-5.50603
-5.49701
-5.4664
-5.46121
-5.4014
-5.3755
-5.41933
-5.43475
-5.42828
-5.48935
-5.43725
-5.44942
-5.46977
-5.3909
-5.44212
-5.45395
-5.5237
-5.44669
-5.51241
-5.47823
-5.5144
-5.45107
-5.40494
-5.24194
-5.37786
-5.55607
-5.41603
-5.43565
-5.39024
-5.48084
-5.50408
-5.50831
-5.62946
-5.70107
-5.62562
-5.51611
-5.5042
-5.53185
-5.4819
-5.50282
-5.58985
-5.53954
-5.46505
-5.48921
-5.55728
-5.59713
-5.56257
-5.49238
-5.51691
-5.49302
-5.44894
-5.46171
-5.61723
-5.48056
-5.44613
-5.38954
-5.46108
-5.43563
-5.39916
-5.40112
-5.41827
-5.36383
-5.38439
-5.42104
-5.32823
-5.41291
-5.48413
-5.42991
-5.49079
-5.42421
-5.50979
-5.53736
-5.55476
-5.561
-5.40625
-5.4042
-5.44442
-5.41058
-5.44804
-5.53308
-5.55927
-5.55226
-5.54255
-5.52727
-5.47092
-5.33276
-5.40626
-5.3824
-5.43064
-5.39152
-5.41167
-5.43695
-5.43941
-5.53317
-5.48825
-5.47014
-5.55799
-5.47188
-5.48275
-5.50375
-5.45984
-5.42445
-5.46925
-5.57474
-5.60722
-5.48626
-5.51925
-5.48167
-5.47107
-5.41643
-5.36677
-5.36572
-5.27082
-5.31187
-5.29584
-5.32685
-5.4372
-5.46538
-5.56119
-5.51415
-5.49767
-5.54844
-5.42156
-5.48605
-5.46426
-5.453
-5.44888
-5.49195
-5.61884
-5.55876
-5.48709
-5.50277
-5.51694
-5.49877
-5.51164
-5.4281
-5.49577
-5.35602
-5.3875
-5.3219
-5.26488
-5.1855
-5.30604
-5.35107
-5.36815
-5.36174
-5.36967
-5.43959
-5.44736
-5.46862
-5.43792
-5.44627
-5.37237
-5.31166
-5.32404
-5.37161
-5.30737
-5.30338
-5.27913
-5.32723
-5.41391
-5.38604
-5.31753
-5.40538
-5.43662
-5.4069
-5.42367
-5.42283
-5.43652
-5.44172
-5.52266
-5.51867
-5.65295
-5.69322
-5.6492
-5.52258
-5.37991
-5.55589
-5.45637
-5.42224
-5.40197
-5.48572
-5.41145
-5.46941
-5.42313
-5.45622
-5.46761
-5.45112
-5.49568
-5.44684
-5.51111
-5.51386
-5.51915
-5.50886
-5.44769
-5.42667
-5.37774
-5.38237
-5.40116
-5.42605
-5.37953
-5.32673
-5.28465
-5.15315
-5.28252
-5.3433
-5.45487
-5.54073
-5.4407
-5.45997
-5.49462
-5.47221
-5.45978
-5.48934
-5.46743
-5.57162
-5.48299
-5.41907
-5.52361
-5.4931
-5.52011
-5.40332
-5.40693
-5.37704
-5.33204
-5.34343
-5.25354
-5.31243
-5.40846
-5.5072
-5.48582
-5.49352
-5.5571
-5.43767
-5.52254
-5.45712
-5.52481
-5.50468
-5.54975
-5.51974
-5.53212
-5.61209
-5.62678
-5.62331
-5.63298
-5.58884
-5.61095
-5.53716
-5.56547
-5.46541
-5.38836
-5.43221
-5.46794
-5.46312
-5.55022
-5.46369
-5.5133
-5.50083
-5.51214
-5.50597
-5.53071
-5.46505
-5.47418
-5.42498
-5.42662
-5.33738
-5.34795
-5.39391
-5.53419
-5.40736
-5.43947
-5.47019
-5.51881
-5.51949
-5.53238
-5.5086
-5.54006
-5.52039
-5.45582
-5.38649
-5.30048
-5.30508
-5.42724
-5.47168
-5.49785
-5.53714
-5.47534
-5.62386
-5.67437
-5.49638
-5.55576
-5.52498
-5.6036
-5.52182
-5.51918
-5.60586
-5.64111
-5.61021
-5.53229
-5.49738
-5.51297
-5.50342
-5.44494
-5.47753
-5.42651
-5.42513
-5.38921
-5.35875
-5.34937
-5.3478
-5.33966
-5.32716
-5.35499
-5.27943
-5.30333
-5.27061
-5.29651
-5.28159
-5.30822
-5.43522
-5.41237
-5.39383
-5.4196
-5.45964
-5.51961
-5.55804
-5.49343
-5.57261
-5.46755
-5.47999
-5.44966
-5.42266
-5.41175
-5.41962
-5.49134
-5.37055
-5.30483
-5.51099
-5.46544
-5.46021
-5.44794
-5.43962
-5.38042
-5.31798
-5.47072
-5.35287
-5.34359
-5.23657
-5.29925
-5.38096
-5.33639
-5.36674
-5.42688
-5.44841
-5.45944
-5.38611
-5.44405
-5.47379
-5.52003
-5.53498
-5.46429
-5.43357
-5.53263
-5.52129
-5.52284
-5.48895
-5.37368
-5.41349
-5.44299
-5.48665
-5.57591
-5.59008
-5.58892
-5.54692
-5.52822
-5.41887
-5.47367
-5.49189
-5.4453
-5.49701
-5.4856
-5.42119
-5.56227
-5.59068
-5.54787
-5.53654
-5.47679
-5.47937
-5.45699
-5.44972
-5.45131
-5.48387
-5.53956
-5.54732
-5.58318
-5.52523
-5.51038
-5.50765
-5.50298
-5.50995
-5.56406
-5.47283
-5.34113
-5.29822
-5.3543
-5.40656
-5.40963
-5.44602
-5.44952
-5.43735
-5.42288
-5.42799
-5.48622
-5.4899
-5.4427
-5.34356
-5.37879
-5.50899
-5.4252
-5.38638
-5.3717
-5.40646
-5.53465
-5.51494
-5.50203
-5.46092
-5.4464
-5.3707
-5.4121
-5.4669
-5.43167
-5.46548
-5.49906
-5.39188
-5.37731
-5.43377
-5.38592
-5.36482
-5.40249
-5.38088
-5.37828
-5.43476
-5.47441
-5.46603
-5.45066
-5.5112
-5.4425
-5.43167
-5.47638
-5.45234
-5.44451
-5.40132
-5.44826
-5.55548
-5.49826
-5.5894
-5.53483
-5.46877
-5.47004
-5.55074
-5.52535
-5.57976
-5.62987
-5.58175
-5.60463
-5.57365
-5.39535
-5.39892
-5.42112
-5.51292
-5.51166
-5.48964
-5.48888
-5.50568
-5.53839
-5.36139
-5.46027
-5.38002
-5.4082
-5.32737
-5.38173
-5.4211
-5.3303
-5.25466
-5.16277
-5.2939
-5.38435
-5.39207
-5.3669
-5.42524
-5.46805
-5.45024
-5.51106
-5.43671
-5.42195
-5.41169
-5.47096
-5.43146
-5.44632
-5.37224
-5.35751
-5.34757
-5.45764
-5.56691
-5.5572
-5.49986
-5.52998
-5.38278
-5.41642
-5.35519
-5.4821
-5.50887
-5.51547
-5.47798
-5.51715
-5.54077
-5.46201
-5.42095
-5.51349
-5.48924
-5.44412
-5.41319
-5.4672
-5.47814
-5.49598
-5.43991
-5.47725
-5.4603
-5.55479
-5.52747
-5.35698
-5.40263
-5.38391
-5.31615
-5.37886
-5.45138
-5.50007
-5.46436
-5.43187
-5.49174
-5.35652
-5.41292
-5.44071
-5.49385
-5.54067
-5.61606
-5.46565
-5.48016
-5.40039
-5.41225
-5.47036
-5.45475
-5.42773
-5.41415
-5.40767
-5.42054
-5.33099
-5.46587
-5.44717
-5.38726
-5.42035
-5.43541
-5.42832
-5.45939
-5.45865
-5.36716
-5.38642
-5.40949
-5.36438
-5.44914
-5.48326
-5.53636
-5.46332
-5.5839
-5.63835
-5.51985
-5.52087
-5.45849
-5.58415
-5.50982
-5.47643
-5.49268
-5.44838
-5.493
-5.44245
-5.38829
-5.44839
-5.45626
-5.51693
-5.4995
-5.42484
-5.37434
-5.50848
-5.41238
-5.39078
-5.39734
-5.42968
-5.35087
-5.39362
-5.4573
-5.43087
-5.40578
-5.30907
-5.41081
-5.44229
-5.38308
-5.39715
-5.39724
-5.31702
-5.43578
-5.48982
-5.45498
-5.42477
-5.44673
-5.35615
-5.36276
-5.29001
-5.33296
-5.38369
-5.49716
-5.45698
-5.43009
-5.44956
-5.49049
-5.39831
-5.32768
-5.2878
-5.36858
-5.38482
-5.41396
-5.3973
-5.40762
-5.41498
-5.39439
-5.45531
-5.42816
-5.48149
-5.43342
-5.42688
-5.47838
-5.38438
-5.52536
-5.41783
-5.32934
-5.27178
-5.25251
-5.23856
-5.42562
-5.29507
-5.40229
-5.42993
-5.38498
-5.43404
-5.38068
-5.4205
-5.46274
-5.52053
-5.42429
-5.36395
-5.32698
-5.33805
-5.40646
-5.48067
-5.4764
-5.45897
-5.45146
-5.43267
-5.4179
-5.35045
-5.3942
-5.43191
-5.38219
-5.44405
-5.50379
-5.62005
-5.53789
-5.46543
-5.49122
-5.49658
-5.39297
-5.41971
-5.46954
-5.55923
-5.58285
-5.55824
-5.44401
-5.46592
-5.32816
-5.38418
-5.38624
-5.36251
-5.4426
-5.41389
-5.32431
-5.40361
-5.38163
-5.36708
-5.34406
-5.45361
-5.47311
-5.36842
-5.4651
-5.41084
-5.48629
-5.37246
-5.44151
-5.40354
-5.41935
-5.33136
-5.32507
-5.46678
-5.4259
-5.27082
-5.34565
-5.47227
-5.4101
-5.4506
-5.46586
-5.42407
-5.37297
-5.44222
-5.50969
-5.5107
-5.49075
-5.48659
-5.50099
-5.4628
-5.34571
-5.35721
-5.38856
-5.39993
-5.44878
-5.44052
-5.29536
-5.25269
-5.33399
-5.41382
-5.36119
-5.41635
-5.35815
-5.45202
-5.51233
-5.54323
-5.60738
-5.58082
-5.61502
-5.53778
-5.54512
-5.50729
-5.41847
-5.50548
-5.47494
-5.49903
-5.47334
-5.44186
-5.4529
-5.42058
-5.4248
-5.40929
-5.42115
-5.39212
-5.35955
-5.40796
-5.31059
-5.35384
-5.32711
-5.31714
-5.3484
-5.45942
-5.46016
-5.38565
-5.43388
-5.41638
-5.30809
-5.33445
-5.44574
-5.40589
-5.3996
-5.45752
-5.42752
-5.43446
-5.49062
-5.51876
-5.48241
-5.54927
-5.5499
-5.5436
-5.57605
-5.53597
-5.46279
-5.45951
-5.41092
-5.50178
-5.48876
-5.41425
-5.31169
-5.38011
-5.42901
-5.45349
-5.50563
-5.50128
-5.49343
-5.50034
-5.41836
-5.43909
-5.45248
-5.26942
-5.34981
-5.32996
-5.36988
-5.4017
-5.4737
-5.54635
-5.4463
-5.49112
-5.44131
-5.54932
-5.52604
-5.47323
-5.37677
-5.39774
-5.49107
-5.5232
-5.463
-5.57183
-5.57261
-5.56936
-5.50522
-5.47953
-5.54535
-5.55278
-5.5019
-5.45868
-5.40917
-5.53975
-5.50023
-5.47534
-5.35436
-5.46408
-5.44554
-5.42693
-5.45262
-5.51246
-5.52093
-5.46991
-5.38222
-5.38695
-5.34205
-5.39807
-5.45064
-5.30075
-5.28494
-5.27369
-5.33459
-5.32041
-5.26804
-5.43435
-5.31129
-5.40691
-5.42815
-5.44742
-5.49902
-5.46077
-5.43606
-5.47489
-5.39677
-5.40447
-5.39947
-5.47991
-5.31047
-5.27318
-5.36568
-5.28057
-5.25743
-5.33733
-5.39584
-5.43284
-5.37469
-5.37109
-5.41479
-5.41348
-5.45673
-5.57141
-5.54505
-5.45993
-5.4864
-5.41849
-5.37658
-5.34131
-5.37714
-5.34351
-5.35626
-5.36839
-5.28397
-5.32235
-5.35493
-5.30284
-5.35119
-5.25601
-5.25016
-5.37054
-5.37373
-5.25878
-5.41381
-5.33874
-5.35168
-5.42524
-5.46068
-5.41694
-5.4717
-5.52499
-5.50604
-5.4596
-5.44869
-5.44607
-5.39832
-5.39681
-5.36732
-5.28861
-5.36429
-5.31767
-5.2656
-5.23269
-5.34549
-5.38505
-5.40422
-5.39601
-5.42812
-5.38964
-5.32145
-5.29762
-5.22539
-5.19663
-5.21903
-5.14438
-5.2557
-5.30689
-5.32391
-5.26309
-5.27067
-5.35106
-5.29383
-5.1832
-5.10706
-5.04211
-5.05779
-5.0949
-5.12315
-5.30391
-5.29965
-5.33799
-5.32909
-5.35999
-5.27816
-5.29952
-5.19083
-5.12495
-5.1743
-5.29432
-5.30553
-5.28658
-5.40321
-5.45948
-5.45302
-5.36913
-5.31712
-5.34912
-5.31835
-5.29537
-5.10476
-5.20199
-5.1521
-5.20304
-5.27762
-5.3578
-5.30847
-5.30426
-5.35725
-5.42181
-5.38513
-5.36427
-5.29466
-5.31317
-5.39483
-5.38329
-5.29018
-5.33422
-5.35387
-5.31258
-5.32324
-5.29185
-5.27215
-5.27907
-5.36947
-5.3857
-5.42755
-5.42921
-5.3651
-5.42342
-5.4744
-5.46634
-5.49504
-5.4508
-5.40531
-5.38853
-5.43281
-5.45693
-5.44941
-5.51066
-5.49515
-5.56241
-5.51613
-5.4792
-5.58208
-5.55306
-5.54686
-5.48294
-5.40271
-5.40519
-5.43355
-5.49213
-5.511
-5.51535
-5.47272
-5.44999
-5.47947
-5.47229
-5.42255
-5.37644
-5.32706
-5.42572
-5.31543
-5.37426
-5.25111
-5.33356
-5.40372
-5.38499
-5.3714
-5.37044
-5.36418
-5.41691
-5.45207
-5.5671
-5.586
-5.5689
-5.55435
-5.58218
-5.57912
-5.59222
-5.54293
-5.60758
-5.58666
-5.54057
-5.53759
-5.51023
-5.37267
-5.44344
-5.52407
-5.54203
-5.50821
-5.32055
-5.41317
-5.40445
-5.40899
-5.44432
-5.46021
-5.41653
-5.35301
-5.28597
-5.42345
-5.43099
-5.43203
-5.43691
-5.35846
-5.34171
-5.31837
-5.23265
-5.21314
-5.30154
-5.38307
-5.43959
-5.41275
-5.44209
-5.42886
-5.36324
-5.4677
-5.39543
-5.39734
-5.40542
-5.35922
-5.37087
-5.32717
-5.23113
-5.32928
-5.31114
-5.3417
-5.26071
-5.25245
-5.28963
-5.26574
-5.39793
-5.37213
-5.29216
-5.34325
-5.28963
-5.29817
-5.31828
-5.34023
-5.47348
-5.52235
-5.51841
-5.51923
-5.49862
-5.41527
-5.43692
-5.49395
-5.45704
-5.45517
-5.45217
-5.46148
-5.51155
-5.48134
-5.53264
-5.37721
-5.46016
-5.53128
-5.50331
-5.51389
-5.55915
-5.51765
-5.48412
-5.48652
-5.51843
-5.58316
-5.45502
-5.35718
-5.43767
-5.31566
-5.38735
-5.3682
-5.29273
-5.26725
-5.34214
-5.28851
-5.39364
-5.42351
-5.50504
-5.35576
-5.21252
-5.12834
-5.07316
-5.17221
-5.23205
-5.34763
-5.45119
-5.4194
-5.46026
-5.50741
-5.45183
-5.48657
-5.5259
-5.47476
-5.56435
-5.44083
-5.50604
-5.5518
-5.5326
-5.42928
-5.39383
-5.45013
-5.46739
-5.49491
-5.43101
-5.48683
-5.39781
-5.35358
-5.47175
-5.52886
-5.5737
-5.56303
-5.45793
-5.40462
-5.54167
-5.48213
-5.47656
-5.52455
-5.46165
-5.41222
-5.43232
-5.51898
-5.45422
-5.5475
-5.54078
-5.45943
-5.43837
-5.55595
-5.5215
-5.56071
-5.59433
-5.60518
-5.49449
-5.46187
-5.48255
-5.53826
-5.52357
-5.37918
-5.38956
-5.45787
-5.48905
-5.4642
-5.41492
-5.63408
-5.6259
-5.51129
-5.48518
-5.4102
-5.52176
-5.49895
-5.54229
-5.53185
-5.49506
-5.4811
-5.46759
-5.45575
-5.41135
-5.41419
-5.36945
-5.39739
-5.50136
-5.48142
-5.55354
-5.48665
-5.39448
-5.38465
-5.44061
-5.55166
-5.64311
-5.66744
-5.59274
-5.5264
-5.53021
-5.52773
-5.48679
-5.48854
-5.45687
-5.40887
-5.463
-5.37732
-5.29827
-5.23867
-5.23133
-5.27865
-5.32566
-5.28269
-5.40331
-5.40168
-5.43014
-5.41859
-5.43747
-5.46371
-5.41574
-5.38475
-5.39264
-5.30452
-5.38038
-5.36578
-5.29895
-5.45522
-5.4419
-5.42615
-5.37042
-5.35527
-5.3489
-5.38153
-5.35953
-5.39651
-5.43478
-5.43094
-5.42875
-5.3932
-5.47471
-5.38112
-5.44834
-5.47621
-5.43233
-5.48949
-5.50309
-5.46851
-5.42206
-5.47786
-5.54472
-5.54724
-5.51308
-5.54264
-5.56904
-5.51733
-5.57804
-5.43297
-5.4234
-5.37137
-5.31768
-5.47247
-5.59486
-5.61235
-5.58867
-5.46911
-5.49976
-5.54265
-5.47306
-5.41074
-5.4064
-5.51306
-5.52831
-5.57223
-5.57742
-5.61962
-5.64462
-5.53947
-5.56987
-5.50224
-5.54551
-5.59422
-5.59995
-5.56863
-5.58763
-5.54141
-5.46905
-5.49959
-5.47643
-5.44755
-5.47611
-5.37282
-5.38832
-5.47618
-5.54628
-5.55878
-5.54741
-5.56493
-5.58791
-5.55553
-5.59193
-5.5719
-5.47355
-5.39599
-5.4209
-5.54632
-5.58203
-5.53801
-5.50298
-5.53474
-5.43353
-5.51035
-5.52812
-5.54226
-5.5657
-5.51083
-5.55713
-5.55615
-5.59709
-5.38409
-5.41079
-5.32381
-5.49674
-5.51449
-5.44362
-5.3982
-5.33485
-5.36448
-5.43113
-5.45682
-5.44764
-5.45198
-5.39938
-5.40218
-5.40995
-5.41779
-5.47784
-5.51424
-5.43489
-5.39037
-5.31773
-5.26017
-5.35839
-5.39159
-5.43575
-5.43388
-5.39501
-5.43453
-5.47404
-5.4847
-5.57921
-5.60668
-5.55818
-5.54656
-5.54524
-5.59428
-5.61638
-5.58253
-5.48286
-5.5591
-5.47972
-5.42931
-5.38707
-5.31864
-5.30192
-5.28793
-5.28743
-5.20081
-5.33216
-5.31908
-5.28033
-5.25444
-5.25965
-5.3005
-5.39345
-5.35367
-5.33134
-5.27129
-5.25376
-5.24625
-5.28712
-5.29894
-5.37335
-5.38053
-5.38564
-5.48484
-5.34627
-5.28946
-5.16221
-5.17748
-5.29679
-5.31195
-5.3581
-5.35127
-5.39705
-5.36056
-5.32792
-5.36284
-5.48035
-5.46326
-5.41831
-5.39884
-5.42014
-5.4819
-5.4759
-5.37254
-5.51335
-5.5183
-5.50631
-5.48848
-5.37851
-5.33557
-5.34145
-5.33645
-5.26502
-5.31803
-5.33768
-5.42632
-5.52642
-5.4732
-5.49616
-5.40628
-5.34979
-5.44586
-5.37957
-5.21804
-5.47603
-5.47196
-5.59509
-5.51366
-5.4539
-5.44598
-5.50603
-5.45235
-5.42702
-5.43779
-5.32277
-5.28987
-5.35702
-5.40785
-5.40812
-5.34763
-5.53728
-5.63116
-5.52501
-5.59152
-5.57241
-5.60575
-5.6409
-5.56874
-5.54524
-5.50668
-5.46424
-5.434
-5.51644
-5.55294
-5.51331
-5.57457
-5.58189
-5.53736
-5.52875
-5.54652
-5.51276
-5.39457
-5.42248
-5.32211
-5.38439
-5.32578
-5.44997
-5.5698
-5.5583
-5.5801
-5.63549
-5.55849
-5.70029
-5.6446
-5.64851
-5.63576
-5.71973
-5.66782
-5.63231
-5.51404
-5.58545
-5.51516
-5.54307
-5.52359
-5.48868
-5.49357
-5.50015
-5.57523
-5.57831
-5.59414
-5.54624
-5.54585
-5.39973
-5.56679
-5.51287
-5.47248
-5.39869
-5.44133
-5.53277
-5.52863
-5.57376
-5.52156
-5.5078
-5.57278
-5.55699
-5.54663
-5.62311
-5.52006
-5.53484
-5.49506
-5.50537
-5.43104
-5.48046
-5.4771
-5.4998
-5.47468
-5.39908
-5.36432
-5.38603
-5.37991
-5.42741
-5.41348
-5.38164
-5.40096
-5.51183
-5.54861
-5.64037
-5.53422
-5.57769
-5.56447
-5.55161
-5.59607
-5.53716
-5.50201
-5.56047
-5.57145
-5.52931
-5.47793
-5.5244
-5.40363
-5.4381
-5.41353
-5.45984
-5.38127
-5.26297
-5.42192
-5.45559
-5.4264
-5.32626
-5.48344
-5.51011
-5.59854
-5.54548
-5.53444
-5.49694
-5.43721
-5.45474
-5.44279
-5.44922
-5.39352
-5.34626
-5.32232
-5.38734
-5.42188
-5.3899
-5.44391
-5.32929
-5.38913
-5.34713
-5.41059
-5.4198
-5.49058
-5.43337
-5.46732
-5.4026
-5.52639
-5.5854
-5.47111
-5.51413
-5.46372
-5.49017
-5.50101
-5.50503
-5.44754
-5.3635
-5.33978
-5.4493
-5.52269
-5.45933
-5.3835
-5.37943
-5.35582
-5.49157
-5.59963
-5.54732
-5.51074
-5.61023
-5.52166
-5.55264
-5.56934
-5.51025
-5.50479
-5.58197
-5.58788
-5.65407
-5.60523
-5.53227
-5.38837
-5.37621
-5.45421
-5.47888
-5.40318
-5.40301
-5.37004
-5.36652
-5.41114
-5.34556
-5.27405
-5.38277
-5.35137
-5.2939
-5.46014
-5.43692
-5.50756
-5.41993
-5.51449
-5.55214
-5.5077
-5.52687
-5.43686
-5.5009
-5.44665
-5.45271
-5.36613
-5.33862
-5.2576
-5.3517
-5.41643
-5.34282
-5.41556
-5.37693
-5.31614
-5.41547
-5.45089
-5.36524
-5.37488
-5.3771
-5.28586
-5.36143
-5.32825
-5.29089
-5.3528
-5.34318
-5.3377
-5.33726
-5.43267
-5.42605
-5.38512
-5.4322
-5.4095
-5.41816
-5.36186
-5.39787
-5.44404
-5.46949
-5.4953
-5.52083
-5.48314
-5.57074
-5.56672
-5.6115
-5.53823
-5.55039
-5.57434
-5.50863
-5.49623
-5.52031
-5.49741
-5.52105
-5.54731
-5.55513
-5.55669
-5.58668
-5.49119
-5.47209
-5.43934
-5.48955
-5.57962
-5.55234
-5.4945
-5.49087
-5.49202
-5.53804
-5.54843
-5.56027
-5.55892
-5.56937
-5.64516
-5.66442
-5.60738
-5.56929
-5.51625
-5.56625
-5.55121
-5.49026
-5.55871
-5.56849
-5.60042
-5.52857
-5.53156
-5.45825
-5.48218
-5.47095
-5.37521
-5.42305
-5.46842
-5.48375
-5.39136
-5.47167
-5.49338
-5.47397
-5.43884
-5.44966
-5.53575
-5.53532
-5.45111
-5.49477
-5.53143
-5.48782
-5.40342
-5.45739
-5.51137
-5.42137
-5.47766
-5.37711
-5.4275
-5.46086
-5.598
-5.52852
-5.60516
-5.65639
-5.59995
-5.64598
-5.55205
-5.57401
-5.48375
-5.41116
-5.36698
-5.36538
-5.48763
-5.42339
-5.45818
-5.53305
-5.41464
-5.45625
-5.48272
-5.5668
-5.53947
-5.55947
-5.55961
-5.56988
-5.58781
-5.6445
-5.63262
-5.52109
-5.43369
-5.421
-5.39394
-5.41699
-5.48651
-5.60028
-5.55757
-5.49243
-5.51662
-5.56218
-5.3863
-5.54141
-5.52967
-5.44028
-5.4578
-5.35133
-5.46232
-5.4599
-5.41096
-5.40917
-5.40013
-5.46626
-5.39294
-5.49277
-5.55578
-5.52511
-5.50939
-5.5046
-5.46933
-5.43411
-5.51109
-5.4913
-5.46087
-5.46262
-5.48271
-5.39342
-5.46831
-5.41868
-5.33504
-5.42059
-5.48998
-5.42046
-5.46165
-5.43819
-5.32367
-5.25573
-5.37223
-5.31609
-5.36502
-5.36893
-5.46554
-5.36069
-5.45693
-5.47
-5.53019
-5.50753
-5.46856
-5.47279
-5.48384
-5.5837
-5.53656
-5.61435
-5.48828
-5.49581
-5.47862
-5.40601
-5.46267
-5.51801
-5.54305
-5.53907
-5.62224
-5.51472
-5.544
-5.5742
-5.59877
-5.54093
-5.58433
-5.63068
-5.50402
-5.37179
-5.41427
-5.49865
-5.42056
-5.48681
-5.60576
-5.57999
-5.64569
-5.65009
-5.6692
-5.62771
-5.52343
-5.5867
-5.5632
-5.54759
-5.44992
-5.30822
-5.29332
-5.32456
-5.35315
-5.33357
-5.33366
-5.38707
-5.44397
-5.45915
-5.25692
-5.26506
-5.36011
-5.43053
-5.4686
-5.46177
-5.3234
-5.30691
-5.2973
-5.27432
-5.34989
-5.32773
-5.29723
-5.25305
-5.3387
-5.16408
-5.28382
-5.27602
-5.17552
-5.156
-5.26563
-5.37202
-5.38668
-5.328
-5.38766
-5.37072
-5.43824
-5.43714
-5.45716
-5.47178
-5.47863
-5.46533
-5.52818
-5.50689
-5.40643
-5.28493
-5.26555
-5.24469
-5.31545
-5.3057
-5.31785
-5.20253
-5.27061
-5.25658
-5.37252
-5.44663
-5.44268
-5.46559
-5.52287
-5.43433
-5.33921
-5.38707
-5.45812
-5.41109
-5.47895
-5.49029
-5.38656
-5.3589
-5.32783
-5.33156
-5.39778
-5.33717
-5.41685
-5.28024
-5.31625
-5.26932
-5.3604
-5.36582
-5.25055
-5.19837
-5.21323
-5.24445
-5.31887
-5.34846
-5.26549
-5.20798
-5.21204
-5.32293
-5.34427
-5.34569
-5.3337
-5.28073
-5.3443
-5.40859
-5.34826
-5.32761
-5.43699
-5.48518
-5.48182
-5.51534
-5.47522
-5.51547
-5.48559
-5.43664
-5.42832
-5.50519
-5.5497
-5.5147
-5.5868
-5.64509
-5.67312
-5.52749
-5.55824
-5.5338
-5.52753
-5.43791
-5.4368
-5.45142
-5.3415
-5.47788
-5.40023
-5.55821
-5.56213
-5.46612
-5.53344
-5.48621
-5.44425
-5.48861
-5.48046
-5.48495
-5.52749
-5.44934
-5.48886
-5.44532
-5.33659
-5.35085
-5.42062
-5.38334
-5.39614
-5.29404
-5.33617
-5.42263
-5.39946
-5.41056
-5.41701
-5.41869
-5.37983
-5.38551
-5.46608
-5.46858
-5.50871
-5.60809
-5.5739
-5.5475
-5.52753
-5.40888
-5.45622
-5.41565
-5.30988
-5.34677
-5.26286
-5.43366
-5.54729
-5.43997
-5.4863
-5.45047
-5.46625
-5.5055
-5.55724
-5.45105
-5.53232
-5.56318
-5.60731
-5.53082
-5.56181
-5.50601
-5.4103
-5.4567
-5.43452
-5.47888
-5.49067
-5.39273
-5.38387
-5.42505
-5.44914
-5.45613
-5.38925
-5.45483
-5.33088
-5.38634
-5.37123
-5.36797
-5.45681
-5.5133
-5.56059
-5.51595
-5.44999
-5.53737
-5.5409
-5.53973
-5.48027
-5.57428
-5.53676
-5.56863
-5.53549
-5.56411
-5.55243
-5.53997
-5.5028
-5.55757
-5.51474
-5.56332
-5.51477
-5.45297
-5.45984
-5.43374
-5.53938
-5.51838
-5.49116
-5.49008
-5.51535
-5.61953
-5.4484
-5.47855
-5.53043
-5.47184
-5.46393
-5.42972
-5.44163
-5.48364
-5.48657
-5.48583
-5.49865
-5.46431
-5.49254
-5.56614
-5.54216
-5.53043
-5.38928
-5.4301
-5.44751
-5.40176
-5.44001
-5.43666
-5.47609
-5.51848
-5.43977
-5.40682
-5.50715
-5.42464
-5.5136
-5.55852
-5.51179
-5.45573
-5.37844
-5.43827
-5.45148
-5.42495
-5.47525
-5.48676
-5.44856
-5.46207
-5.54154
-5.54507
-5.55905
-5.52495
-5.49901
-5.45969
-5.51708
-5.4657
-5.51222
-5.50234
-5.45899
-5.53613
-5.59043
-5.56314
-5.54206
-5.53538
-5.49543
-5.5466
-5.54162
-5.56727
-5.4687
-5.51076
-5.50358
-5.47395
-5.40124
-5.35908
-5.38231
-5.36614
-5.36036
-5.4062
-5.50182
-5.43993
-5.44575
-5.32949
-5.31723
-5.45688
-5.58357
-5.53257
-5.53382
-5.50748
-5.56327
-5.50416
-5.49618
-5.51454
-5.56753
-5.47895
-5.49806
-5.48232
-5.46157
-5.48773
-5.48682
-5.55892
-5.48988
-5.48568
-5.32652
-5.38582
-5.47828
-5.47474
-5.49387
-5.46676
-5.43705
-5.39487
-5.47036
-5.49446
-5.47328
-5.36595
-5.46097
-5.44842
-5.59806
-5.56882
-5.47193
-5.48608
-5.49705
-5.58218
-5.57335
-5.51953
-5.59429
-5.58524
-5.55771
-5.62713
-5.5703
-5.51207
-5.50248
-5.53609
-5.64677
-5.62298
-5.61381
-5.63668
-5.59246
-5.51563
-5.44997
-5.51646
-5.57209
-5.50121
-5.44909
-5.45368
-5.47588
-5.46818
-5.61017
-5.64827
-5.60261
-5.60135
-5.56196
-5.56307
-5.54047
-5.50321
-5.59329
-5.51765
-5.51228
-5.54657
-5.44169
-5.43939
-5.5093
-5.46015
-5.49204
-5.48946
-5.51645
-5.53094
-5.52809
-5.52426
-5.49221
-5.42297
-5.3081
-5.40458
-5.40904
-5.38403
-5.36976
-5.32163
-5.44134
-5.41478
-5.52991
-5.54189
-5.53546
-5.59501
-5.50882
-5.5835
-5.52425
-5.44958
-5.47596
-5.43015
-5.42162
-5.47134
-5.41772
-5.41574
-5.42755
-5.4548
-5.36658
-5.43024
-5.55042
-5.57236
-5.50025
-5.52288
-5.49455
-5.45381
-5.5062
-5.50676
-5.5349
-5.42706
-5.46934
-5.47073
-5.34295
-5.37095
-5.26172
-5.3393
-5.34648
-5.39613
-5.42864
-5.4136
-5.51149
-5.4324
-5.47971
-5.40247
-5.4068
-5.41206
-5.3638
-5.42654
-5.48869
-5.45974
-5.50943
-5.41874
-5.39496
-5.3263
-5.17236
-5.23001
-5.35005
-5.35301
-5.43052
-5.35874
-5.30001
-5.35395
-5.45194
-5.51681
-5.50544
-5.44107
-5.40989
-5.36992
-5.48741
-5.53685
-5.63418
-5.52838
-5.53717
-5.51013
-5.51854
-5.49878
-5.4664
-5.50573
-5.51602
-5.5352
-5.46214
-5.50434
-5.5581
-5.53561
-5.52667
-5.50255
-5.55189
-5.46531
-5.4291
-5.36134
-5.511
-5.49874
-5.46932
-5.5014
-5.47649
-5.59513
-5.59248
-5.55001
-5.56533
-5.51347
-5.4517
-5.50195
-5.48266
-5.61671
-5.57638
-5.51852
-5.55262
-5.62305
-5.58791
-5.51821
-5.55152
-5.47824
-5.56318
-5.6073
-5.59933
-5.5267
-5.53249
-5.49572
-5.50935
-5.40599
-5.38846
-5.36439
-5.42767
-5.43971
-5.47541
-5.35282
-5.43111
-5.42716
-5.43466
-5.5144
-5.48925
-5.50727
-5.49882
-5.50264
-5.54493
-5.43766
-5.4173
-5.33206
-5.32936
-5.40066
-5.43107
-5.32938
-5.38982
-5.45111
-5.39433
-5.47678
-5.45923
-5.37533
-5.33241
-5.34368
-5.35885
-5.28923
-5.31296
-5.29219
-5.30365
-5.27894
-5.3798
-5.47567
-5.55442
-5.49166
-5.44627
-5.48041
-5.48135
-5.35623
-5.34931
-5.42604
-5.46036
-5.45179
-5.45616
-5.55343
-5.47481
-5.45846
-5.4394
-5.35462
-5.36821
-5.43733
-5.3977
-5.47587
-5.52943
-5.43096
-5.44494
-5.4544
-5.39733
-5.29097
-5.35071
-5.3958
-5.35497
-5.46841
-5.48874
-5.32094
-5.28752
-5.25934
-5.34305
-5.42264
-5.4093
-5.39637
-5.31829
-5.31466
-5.28702
-5.30089
-5.21364
-5.27445
-5.44534
-5.48694
-5.46602
-5.43825
-5.44242
-5.46709
-5.45993
-5.5361
-5.536
-5.61726
-5.48063
-5.47335
-5.40488
-5.34126
-5.27585
-5.25921
-5.28309
-5.34093
-5.42102
-5.49365
-5.51073
-5.45852
-5.50274
-5.56272
-5.61831
-5.65328
-5.53365
-5.56343
-5.48627
-5.5356
-5.53478
-5.53096
-5.49514
-5.32758
-5.26958
-5.18616
-5.17444
-5.07234
-5.15145
-5.29419
-5.36549
-5.37007
-5.39071
-5.34167
-5.34831
-5.34631
-5.37212
-5.37209
-5.39347
-5.4267
-5.41628
-5.47168
-5.61884
-5.61749
-5.55231
-5.49346
-5.47768
-5.39925
-5.4005
-5.4501
-5.4311
-5.4786
-5.37833
-5.3958
-5.40636
-5.37608
-5.43064
-5.48299
-5.50577
-5.50453
-5.53144
-5.44864
-5.52234
-5.50785
-5.50271
-5.53952
-5.5839
-5.54101
-5.64991
-5.5794
-5.54592
-5.55242
-5.54331
-5.51516
-5.54216
-5.56582
-5.56395
-5.52476
-5.50141
-5.55913
-5.56818
-5.5078
-5.5641
-5.55255
-5.56015
-5.49391
-5.49237
-5.47322
-5.41256
-5.47104
-5.3926
-5.54184
-5.53316
-5.51258
-5.40499
-5.51324
-5.44846
-5.49351
-5.48489
-5.54432
-5.57415
-5.56718
-5.51268
-5.51742
-5.4831
-5.37582
-5.3998
-5.51992
-5.59686
-5.5192
-5.53736
-5.41385
-5.51839
-5.46204
-5.42263
-5.48829
-5.51526
-5.5161
-5.49791
-5.52373
-5.46818
-5.48109
-5.48954
-5.47324
-5.52252
-5.48644
-5.5581
-5.5523
-5.5324
-5.37821
-5.46341
-5.43316
-5.44125
-5.42234
-5.49055
-5.50383
-5.51055
-5.49361
-5.52324
-5.43899
-5.50123
-5.48188
-5.46389
-5.51618
-5.50187
-5.47735
-5.39438
-5.42309
-5.39926
-5.55099
-5.48858
-5.49849
-5.51404
-5.47812
-5.45498
-5.48892
-5.44662
-5.39076
-5.36159
-5.39293
-5.40718
-5.47225
-5.39198
-5.38462
-5.3474
-5.32049
-5.39888
-5.49441
-5.47417
-5.52137
-5.44704
-5.42106
-5.43352
-5.44399
-5.45951
-5.41133
-5.38031
-5.49729
-5.44376
-5.49026
-5.46281
-5.45303
-5.43997
-5.53176
-5.58416
-5.62627
-5.65624
-5.66715
-5.6168
-5.56746
-5.58197
-5.55617
-5.45863
-5.48219
-5.4673
-5.49395
-5.48923
-5.53007
-5.5068
-5.48677
-5.49163
-5.49708
-5.43151
-5.39246
-5.47086
-5.51639
-5.57366
-5.61452
-5.59718
-5.61099
-5.61762
-5.56264
-5.56177
-5.67092
-5.65599
-5.59281
-5.63269
-5.6187
-5.67163
-5.73513
-5.72036
-5.69673
-5.69624
-5.6461
-5.64544
-5.7326
-5.68892
-5.57784
-5.56656
-5.53473
-5.58346
-5.59856
-5.49476
-5.57094
-5.60946
-5.52089
-5.55569
-5.52669
-5.46703
-5.50981
-5.53524
-5.47399
-5.51612
-5.39089
-5.48953
-5.58517
-5.5554
-5.51576
-5.54628
-5.57462
-5.52263
-5.57609
-5.56724
-5.57758
-5.64989
-5.59712
-5.67718
-5.63742
-5.65584
-5.641
-5.6087
-5.54658
-5.5882
-5.66521
-5.55679
-5.55883
-5.56495
-5.56664
-5.55421
-5.50092
-5.47868
-5.42006
-5.42887
-5.52232
-5.57882
-5.41354
-5.36285
-5.32042
-5.35488
-5.36287
-5.37587
-5.40007
-5.41864
-5.52283
-5.5121
-5.49908
-5.48135
-5.36588
-5.36557
-5.33879
-5.37696
-5.40155
-5.49257
-5.48161
-5.55868
-5.57731
-5.60299
-5.58346
-5.56168
-5.55154
-5.53313
-5.57271
-5.61932
-5.60457
-5.56636
-5.58309
-5.65527
-5.64128
-5.67475
-5.66295
-5.55349
-5.60164
-5.56644
-5.53974
-5.63861
-5.56089
-5.53509
-5.45684
-5.46531
-5.45997
-5.44543
-5.46875
-5.51093
-5.51921
-5.59583
-5.64627
-5.72871
-5.664
-5.62491
-5.59142
-5.54116
-5.60097
-5.62873
-5.6454
-5.69181
-5.54407
-5.61269
-5.63655
-5.63901
-5.62567
-5.58514
-5.53758
-5.45144
-5.41358
-5.43036
-5.44054
-5.41024
-5.45004
-5.41818
-5.30446
-5.28805
-5.35368
-5.37838
-5.43518
-5.45029
-5.47155
-5.4515
-5.45143
-5.45568
-5.42693
-5.43896
-5.41119
-5.35954
-5.42355
-5.51726
-5.39398
-5.45687
-5.41026
-5.41585
-5.39945
-5.41648
-5.46756
-5.54348
-5.50937
-5.48607
-5.48079
-5.4878
-5.51328
-5.62104
-5.58277
-5.54095
-5.53471
-5.55243
-5.577
-5.58059
-5.58635
-5.61596
-5.58127
-5.52245
-5.51319
-5.42016
-5.46553
-5.52889
-5.56894
-5.55846
-5.59283
-5.60425
-5.6316
-5.48241
-5.49912
-5.5471
-5.53171
-5.49528
-5.53123
-5.59658
-5.49855
-5.5998
-5.59484
-5.55403
-5.44316
-5.43661
-5.38679
-5.45328
-5.34934
-5.36502
-5.42626
-5.40508
-5.49484
-5.64647
-5.5506
-5.46377
-5.45358
-5.48844
-5.48509
-5.45718
-5.45538
-5.42552
-5.49638
-5.42965
-5.37099
-5.45691
-5.45194
-5.41389
-5.35982
-5.43618
-5.38096
-5.25372
-5.31169
-5.32337
-5.38056
-5.48635
-5.41547
-5.46184
-5.41988
-5.52365
-5.50171
-5.5209
-5.46194
-5.4472
-5.30642
-5.33138
-5.48282
-5.46677
-5.42162
-5.49606
-5.49929
-5.46675
-5.42421
-5.44215
-5.4167
-5.51128
-5.51644
-5.52183
-5.47221
-5.51617
-5.50064
-5.55292
-5.60115
-5.55474
-5.5523
-5.54271
-5.58997
-5.57271
-5.56042
-5.52815
-5.37673
-5.42137
-5.41572
-5.3033
-5.38962
-5.39584
-5.29252
-5.36571
-5.38243
-5.38258
-5.25087
-5.35811
-5.35377
-5.30434
-5.35034
-5.46085
-5.49434
-5.52674
-5.48301
-5.40409
-5.31905
-5.2949
-5.36475
-5.34465
-5.37904
-5.43541
-5.35816
-5.35045
-5.36514
-5.40334
-5.43941
-5.43379
-5.41813
-5.40173
-5.38367
-5.42321
-5.43005
-5.41241
-5.4643
-5.43962
-5.50652
-5.47827
-5.43136
-5.38713
-5.39548
-5.3182
-5.38661
-5.4233
-5.41741
-5.44038
-5.37799
-5.40061
-5.34493
-5.47923
-5.49115
-5.46675
-5.48118
-5.42847
-5.38377
-5.39706
-5.40732
-5.45131
-5.40905
-5.49809
-5.50599
-5.53552
-5.54024
-5.53582
-5.5438
-5.4844
-5.44079
-5.43072
-5.46277
-5.44879
-5.44104
-5.45341
-5.45679
-5.41506
-5.3486
-5.36234
-5.45736
-5.46386
-5.4717
-5.50019
-5.44434
-5.45159
-5.38196
-5.33137
-5.34656
-5.34678
-5.41948
-5.49612
-5.44459
-5.33872
-5.40368
-5.44866
-5.49445
-5.44905
-5.39441
-5.41266
-5.3151
-5.33031
-5.39774
-5.40303
-5.48997
-5.43358
-5.30801
-5.30109
-5.30965
-5.36404
-5.37192
-5.25293
-5.39053
-5.40668
-5.33292
-5.39469
-5.37993
-5.31798
-5.38257
-5.39563
-5.43528
-5.3987
-5.33693
-5.41735
-5.39972
-5.4292
-5.39774
-5.34143
-5.32503
-5.39195
-5.41719
-5.36214
-5.48002
-5.43698
-5.4587
-5.48753
-5.49098
-5.50912
-5.46436
-5.50596
-5.61002
-5.6082
-5.53967
-5.56239
-5.54871
-5.47381
-5.5374
-5.53407
-5.41351
-5.41409
-5.5557
-5.54904
-5.48857
-5.41903
-5.3959
-5.46795
-5.49074
-5.53708
-5.482
-5.46331
-5.41866
-5.40736
-5.43848
-5.46294
-5.39763
-5.3862
-5.45652
-5.45456
-5.50905
-5.46776
-5.45465
-5.35595
-5.39942
-5.33412
-5.35651
-5.33875
-5.32027
-5.27987
-5.30889
-5.33347
-5.33247
-5.43553
-5.37985
-5.43616
-5.43711
-5.41882
-5.37465
-5.36188
-5.43033
-5.35786
-5.36019
-5.41567
-5.4497
-5.50087
-5.56346
-5.56096
-5.53799
-5.52684
-5.55032
-5.51585
-5.49556
-5.49831
-5.46569
-5.5373
-5.56211
-5.49292
-5.45733
-5.43645
-5.43502
-5.43701
-5.34565
-5.38964
-5.35105
-5.36032
-5.47371
-5.5109
-5.46318
-5.46505
-5.55481
-5.61436
-5.51917
-5.52199
-5.47992
-5.56014
-5.56868
-5.56367
-5.45383
-5.40825
-5.46307
-5.48803
-5.45894
-5.34965
-5.43615
-5.46812
-5.45426
-5.44677
-5.47562
-5.47444
-5.60156
-5.37983
-5.4228
-5.50256
-5.52808
-5.38783
-5.37842
-5.25256
-5.29665
-5.45384
-5.35376
-5.37635
-5.48117
-5.46343
-5.39909
-5.45559
-5.36389
-5.44067
-5.48972
-5.40904
-5.51594
-5.52801
-5.60433
-5.61454
-5.60004
-5.55232
-5.50449
-5.50662
-5.52732
-5.53668
-5.54292
-5.42393
-5.35538
-5.41633
-5.38629
-5.45038
-5.55213
-5.55138
-5.52393
-5.56296
-5.58399
-5.46956
-5.40799
-5.43569
-5.40128
-5.47041
-5.51451
-5.45613
-5.47234
-5.40317
-5.40051
-5.45709
-5.53665
-5.53165
-5.45863
-5.41588
-5.51952
-5.53818
-5.5474
-5.58407
-5.544
-5.34628
-5.31801
-5.41785
-5.51204
-5.51395
-5.58656
-5.60152
-5.55877
-5.52737
-5.4935
-5.51717
-5.45526
-5.44979
-5.44762
-5.39642
-5.45376
-5.49039
-5.52446
-5.48724
-5.4792
-5.35156
-5.37557
-5.43255
-5.35044
-5.43711
-5.38995
-5.45583
-5.42224
-5.49965
-5.56465
-5.53199
-5.48067
-5.46462
-5.57558
-5.49291
-5.5412
-5.48191
-5.48556
-5.53829
-5.47267
-5.47325
-5.59511
-5.48565
-5.57663
-5.60375
-5.512
-5.52035
-5.60474
-5.65801
-5.5739
-5.6672
-5.65127
-5.66163
-5.73392
-5.7617
-5.63519
-5.56476
-5.58993
-5.5662
-5.51373
-5.498
-5.52469
-5.52606
-5.4421
-5.41188
-5.4444
-5.52727
-5.46555
-5.4924
-5.50764
-5.49083
-5.51529
-5.48243
-5.39654
-5.38956
-5.36782
-5.3912
-5.42743
-5.379
-5.4262
-5.46023
-5.67199
-5.61002
-5.56602
-5.59173
-5.57966
-5.50045
-5.52701
-5.58613
-5.5797
-5.57699
-5.4884
-5.53616
-5.44733
-5.36743
-5.33495
-5.35265
-5.53796
-5.54831
-5.55986
-5.53739
-5.56124
-5.62457
-5.64711
-5.55878
-5.59864
-5.60193
-5.73907
-5.76743
-5.69063
-5.60201
-5.60591
-5.49274
-5.63985
-5.53949
-5.55835
-5.55982
-5.53462
-5.63111
-5.5481
-5.59968
-5.60203
-5.57223
-5.49978
-5.59187
-5.65891
-5.67779
-5.65072
-5.65493
-5.69576
-5.63178
-5.61875
-5.63782
-5.6313
-5.63427
-5.59262
-5.59054
-5.61706
-5.5813
-5.60831
-5.54714
-5.48652
-5.58789
-5.55784
-5.55064
-5.56704
-5.43457
-5.48192
-5.56047
-5.53511
-5.61558
-5.58314
-5.63839
-5.62037
-5.60352
-5.63883
-5.55679
-5.47555
-5.60581
-5.62611
-5.66956
-5.66162
-5.60678
-5.65007
-5.57207
-5.5396
-5.62695
-5.67329
-5.57
-5.50026
-5.59044
-5.66011
-5.65725
-5.62232
-5.59707
-5.61984
-5.62302
-5.66638
-5.75272
-5.73196
-5.62795
-5.55918
-5.5289
-5.50233
-5.50325
-5.52235
-5.52575
-5.62106
-5.60893
-5.6221
-5.53422
-5.57061
-5.50229
-5.48834
-5.43741
-5.39571
-5.5009
-5.63881
-5.67472
-5.70259
-5.71207
-5.68163
-5.54676
-5.49776
-5.45425
-5.50858
-5.50765
-5.49058
-5.52644
-5.52924
-5.54683
-5.55838
-5.47529
-5.5783
-5.49353
-5.58612
-5.54044
-5.57891
-5.63459
-5.62075
-5.63043
-5.60987
-5.53089
-5.53849
-5.51788
-5.54592
-5.59429
-5.62155
-5.5132
-5.47529
-5.52617
-5.57327
-5.55028
-5.43295
-5.43486
-5.51169
-5.60198
-5.52294
-5.5865
-5.5454
-5.57997
-5.50356
-5.55108
-5.57757
-5.49626
-5.51648
-5.45581
-5.46332
-5.46703
-5.58342
-5.52748
-5.5883
-5.61489
-5.62518
-5.59928
-5.58448
-5.56594
-5.61555
-5.59233
-5.52138
-5.50989
-5.44462
-5.46721
-5.42517
-5.39298
-5.41792
-5.4667
-5.39295
-5.41186
-5.42317
-5.51994
-5.54182
-5.48135
-5.41822
-5.51371
-5.43415
-5.5071
-5.57632
-5.52609
-5.46952
-5.54342
-5.53127
-5.53
-5.52512
-5.43854
-5.41411
-5.4088
-5.46096
-5.52948
-5.57894
-5.57682
-5.50346
-5.50064
-5.54942
-5.53189
-5.46314
-5.41327
-5.42982
-5.45926
-5.43201
-5.41683
-5.48401
-5.48529
-5.51073
-5.59556
-5.42978
-5.41434
-5.33347
-5.34714
-5.31334
-5.34994
-5.41786
-5.40361
-5.27427
-5.39139
-5.42561
-5.41927
-5.42914
-5.42493
-5.40935
-5.45812
-5.36369
-5.3095
-5.41087
-5.51601
-5.51953
-5.42073
-5.48533
-5.48174
-5.56583
-5.58101
-5.54507
-5.59266
-5.58285
-5.51594
-5.50402
-5.44914
-5.44855
-5.36012
-5.40838
-5.36384
-5.48133
-5.52023
-5.46651
-5.48958
-5.44276
-5.52074
-5.38668
-5.46057
-5.50998
-5.44327
-5.5361
-5.49705
-5.52529
-5.59218
-5.51012
-5.50348
-5.52142
-5.44864
-5.51843
-5.47159
-5.50955
-5.48883
-5.52941
-5.50888
-5.50765
-5.48529
-5.51456
-5.47452
-5.44234
-5.4843
-5.54706
-5.45587
-5.46154
-5.49502
-5.51354
-5.43339
-5.40478
-5.26048
-5.28105
-5.35175
-5.43468
-5.42674
-5.4101
-5.40121
-5.42025
-5.47379
-5.52161
-5.47734
-5.42559
-5.33837
-5.31811
-5.28243
-5.42396
-5.50226
-5.43863
-5.45811
-5.56253
-5.37187
-5.4312
-5.42866
-5.45482
-5.43056
-5.54904
-5.57484
-5.50856
-5.53774
-5.56823
-5.44564
-5.37148
-5.31295
-5.40106
-5.48326
-5.44975
-5.4997
-5.46475
-5.47844
-5.47599
-5.46497
-5.49014
-5.52199
-5.46248
-5.3816
-5.45989
-5.36054
-5.37582
-5.32834
-5.29835
-5.30955
-5.26129
-5.2153
-5.21455
-5.23214
-5.27639
-5.31524
-5.24225
-5.23242
-5.19715
-5.19347
-5.29496
-5.2824
-5.40451
-5.40327
-5.40425
-5.26437
-5.22704
-5.30981
-5.45964
-5.39079
-5.31577
-5.35483
-5.26955
-5.2431
-5.25054
-5.33418
-5.36289
-5.3227
-5.41588
-5.44966
-5.40435
-5.41322
-5.40837
-5.41891
-5.37237
-5.4233
-5.31386
-5.4254
-5.33058
-5.2659
-5.32829
-5.42221
-5.51997
-5.49764
-5.54448
-5.46465
-5.53898
-5.52124
-5.56284
-5.51905
-5.4093
-5.48181
-5.44963
-5.53058
-5.39629
-5.39097
-5.4355
-5.38897
-5.41191
-5.36475
-5.46043
-5.48555
-5.51981
-5.47595
-5.49883
-5.51827
-5.49025
-5.45969
-5.52587
-5.46264
-5.5467
-5.41636
-5.45571
-5.39458
-5.41104
-5.38062
-5.41851
-5.48047
-5.42876
-5.46469
-5.50124
-5.43232
-5.44004
-5.38758
-5.4421
-5.43994
-5.49571
-5.57895
-5.51621
-5.48052
-5.45024
-5.4626
-5.4485
-5.45648
-5.52127
-5.56479
-5.41964
-5.50524
-5.4257
-5.53916
-5.53355
-5.47913
-5.36579
-5.40387
-5.31619
-5.35599
-5.39511
-5.4622
-5.4584
-5.44039
-5.39136
-5.39489
-5.38788
-5.39125
-5.37859
-5.32265
-5.39087
-5.42323
-5.43311
-5.36665
-5.30882
-5.37855
-5.54476
-5.63336
-5.5558
-5.46651
-5.4747
-5.39886
-5.43456
-5.43172
-5.37916
-5.46439
-5.48392
-5.53626
-5.62634
-5.61587
-5.68916
-5.67587
-5.5911
-5.56611
-5.44935
-5.51234
-5.58667
-5.59721
-5.52256
-5.51573
-5.57624
-5.61587
-5.60165
-5.49624
-5.4144
-5.48359
-5.54684
-5.58422
-5.53081
-5.53731
-5.523
-5.62523
-5.55891
-5.51078
-5.43041
-5.4822
-5.45399
-5.45324
-5.37215
-5.37897
-5.34434
-5.4636
-5.43947
-5.43468
-5.44425
-5.42444
-5.41383
-5.34388
-5.34137
-5.40049
-5.34891
-5.43291
-5.41687
-5.4805
-5.52009
-5.46509
-5.53319
-5.59167
-5.58541
-5.59272
-5.56052
-5.48041
-5.45037
-5.48772
-5.57624
-5.49926
-5.51688
-5.59839
-5.57548
-5.61906
-5.56736
-5.61089
-5.53363
-5.61149
-5.61662
-5.54941
-5.62391
-5.71514
-5.64303
-5.65405
-5.54975
-5.493
-5.50579
-5.46504
-5.5346
-5.46816
-5.57111
-5.54964
-5.55259
-5.4292
-5.47757
-5.42171
-5.39024
-5.36281
-5.30078
-5.24296
-5.1768
-5.42216
-5.41811
-5.42252
-5.41862
-5.37277
-5.2834
-5.3155
-5.27879
-5.32429
-5.32335
-5.30839
-5.3308
-5.3929
-5.43533
-5.46328
-5.48466
-5.50495
-5.55456
-5.52709
-5.56015
-5.63107
-5.57371
-5.48357
-5.55464
-5.48805
-5.45373
-5.4438
-5.53358
-5.45046
-5.44564
-5.4461
-5.52094
-5.52306
-5.46394
-5.3577
-5.41797
-5.46688
-5.48947
-5.5577
-5.51771
-5.50677
-5.45734
-5.41417
-5.46774
-5.4575
-5.39837
-5.4183
-5.4604
-5.38665
-5.43495
-5.56519
-5.50336
-5.56957
-5.48052
-5.50438
-5.42904
-5.48174
-5.44371
-5.49353
-5.47606
-5.54338
-5.51257
-5.44573
-5.4287
-5.49066
-5.42946
-5.47623
-5.49554
-5.52179
-5.5882
-5.55361
-5.68106
-5.69675
-5.64439
-5.6283
-5.52643
-5.53369
-5.52826
-5.53543
-5.45796
-5.53725
-5.52916
-5.52404
-5.48203
-5.50203
-5.48626
-5.46105
-5.46939
-5.47068
-5.47939
-5.40002
-5.47482
-5.47534
-5.52055
-5.61552
-5.62467
-5.572
-5.60636
-5.57127
-5.62306
-5.60465
-5.52814
-5.52843
-5.49112
-5.41817
-5.46403
-5.38895
-5.34463
-5.34553
-5.36188
-5.39937
-5.39536
-5.42308
-5.3536
-5.48024
-5.56141
-5.4032
-5.58088
-5.6648
-5.69885
-5.68565
-5.55646
-5.4715
-5.49354
-5.4452
-5.55681
-5.61599
-5.59211
-5.57935
-5.4937
-5.42706
-5.42747
-5.39563
-5.38164
-5.33697
-5.35687
-5.38617
-5.41049
-5.37772
-5.29173
-5.38221
-5.4645
-5.4552
-5.45922
-5.49677
-5.62718
-5.57778
-5.59804
-5.53025
-5.52007
-5.49188
-5.43246
-5.45406
-5.50673
-5.46116
-5.50739
-5.49144
-5.62128
-5.65763
-5.68334
-5.61719
-5.63102
-5.50162
-5.47592
-5.50622
-5.48769
-5.4627
-5.44037
-5.37071
-5.47253
-5.36344
-5.44095
-5.44718
-5.48332
-5.4608
-5.4166
-5.39803
-5.36702
-5.43465
-5.44323
-5.43596
-5.40645
-5.47094
-5.46733
-5.43075
-5.40684
-5.42792
-5.33393
-5.33513
-5.19724
-5.28803
-5.38015
-5.45771
-5.45251
-5.43041
-5.43554
-5.37081
-5.33592
-5.32768
-5.38832
-5.37985
-5.27128
-5.32535
-5.37665
-5.39845
-5.39738
-5.33405
-5.40062
-5.32122
-5.23806
-5.23674
-5.26324
-5.31777
-5.34723
-5.35169
-5.38914
-5.46446
-5.49206
-5.45345
-5.47879
-5.44467
-5.36437
-5.47675
-5.50454
-5.5108
-5.47085
-5.49141
-5.45661
-5.50013
-5.50645
-5.42227
-5.48848
-5.48088
-5.4699
-5.55504
-5.44726
-5.56891
-5.58614
-5.45091
-5.40691
-5.36966
-5.50206
-5.45957
-5.52699
-5.46657
-5.47993
-5.50069
-5.55733
-5.50171
-5.46366
-5.44506
-5.45276
-5.52032
-5.59732
-5.61818
-5.58125
-5.48459
-5.51056
-5.40559
-5.4508
-5.43454
-5.44054
-5.46732
-5.54032
-5.5609
-5.61923
-5.58151
-5.56787
-5.51553
-5.59844
-5.63282
-5.63665
-5.59978
-5.48835
-5.50194
-5.5704
-5.53227
-5.42628
-5.406
-5.36786
-5.36927
-5.26392
-5.3228
-5.3303
-5.31006
-5.49719
-5.47835
-5.53276
-5.43522
-5.45203
-5.50516
-5.45469
-5.41733
-5.46324
-5.43233
-5.33304
-5.42371
-5.4283
-5.42301
-5.46437
-5.48331
-5.36637
-5.3479
-5.4512
-5.49777
-5.41024
-5.46106
-5.55117
-5.51958
-5.52293
-5.56133
-5.57021
-5.56117
-5.50513
-5.61063
-5.54895
-5.54049
-5.57307
-5.47813
-5.47714
-5.38163
-5.41559
-5.38799
-5.41639
-5.39918
-5.39946
-5.45383
-5.41787
-5.57548
-5.5403
-5.5232
-5.56172
-5.51788
-5.41518
-5.43956
-5.49256
-5.55639
-5.46903
-5.44177
-5.41004
-5.39936
-5.49255
-5.44109
-5.38074
-5.30396
-5.29655
-5.32611
-5.35144
-5.38028
-5.43545
-5.43537
-5.45294
-5.47755
-5.45778
-5.42382
-5.52507
-5.41772
-5.40228
-5.43269
-5.55447
-5.61138
-5.55985
-5.54597
-5.633
-5.54944
-5.55135
-5.54266
-5.51968
-5.54493
-5.55841
-5.58925
-5.51126
-5.5052
-5.51097
-5.50972
-5.48275
-5.61563
-5.62663
-5.54483
-5.57733
-5.45858
-5.54651
-5.43534
-5.42321
-5.38637
-5.30514
-5.35434
-5.27689
-5.24294
-5.28961
-5.3815
-5.45021
-5.47716
-5.51131
-5.55228
-5.40247
-5.44387
-5.41073
-5.36764
-5.32913
-5.46751
-5.4481
-5.49337
-5.65218
-5.76321
-5.6652
-5.60982
-5.56061
-5.5407
-5.54158
-5.45178
-5.55672
-5.53298
-5.53064
-5.48842
-5.42712
-5.30312
-5.37946
-5.55028
-5.54917
-5.60171
-5.71566
-5.77005
-5.68608
-5.66035
-5.66929
-5.73363
-5.73045
-5.77035
-5.61286
-5.6395
-5.64782
-5.68002
-5.74382
-5.64378
-5.70006
-5.69541
-5.65375
-5.73591
-5.72329
-5.66416
-5.64059
-5.57184
-5.66364
-5.568
-5.56349
-5.50417
-5.51262
-5.4551
-5.46016
-5.43086
-5.41698
-5.53188
-5.49923
-5.47641
-5.51479
-5.56211
-5.58428
-5.60976
-5.63503
-5.66978
-5.67453
-5.62335
-5.60404
-5.61766
-5.54724
-5.47832
-5.36592
-5.44849
-5.46219
-5.4988
-5.53059
-5.44927
-5.45741
-5.56291
-5.58992
-5.63757
-5.74275
-5.77871
-5.69656
-5.64725
-5.73592
-5.71893
-5.63609
-5.48276
-5.42962
-5.45862
-5.47748
-5.51462
-5.49677
-5.56187
-5.61884
-5.58817
-5.62486
-5.51739
-5.56663
-5.59667
-5.59321
-5.55454
-5.59972
-5.64169
-5.62523
-5.6528
-5.54126
-5.48404
-5.51888
-5.51147
-5.48965
-5.50145
-5.51212
-5.49058
-5.45215
-5.52496
-5.45374
-5.43269
-5.49533
-5.53842
-5.52094
-5.44734
-5.41719
-5.38736
-5.42211
-5.45819
-5.53839
-5.54014
-5.51165
-5.57799
-5.58618
-5.56622
-5.50657
-5.39362
-5.22667
-5.3857
-5.38626
-5.40549
-5.55621
-5.48067
-5.51065
-5.47172
-5.45032
-5.44165
-5.39467
-5.51145
-5.4822
-5.50491
-5.42722
-5.49581
-5.48248
-5.51698
-5.52103
-5.47645
-5.59766
-5.45683
-5.42039
-5.43106
-5.47136
-5.44083
-5.52565
-5.48349
-5.45012
-5.47533
-5.50854
-5.3619
-5.33007
-5.43331
-5.43899
-5.45289
-5.47388
-5.50765
-5.621
-5.56129
-5.51615
-5.56165
-5.51624
-5.54789
-5.65304
-5.67085
-5.5633
-5.46672
-5.34541
-5.4188
-5.29934
-5.31236
-5.30425
-5.22724
-5.23722
-5.14317
-5.21562
-5.20229
-5.23908
-5.14818
-5.29357
-5.38376
-5.40892
-5.40509
-5.48735
-5.45942
-5.58382
-5.62692
-5.54017
-5.55869
-5.45708
-5.41333
-5.47559
-5.42291
-5.51841
-5.59426
-5.57027
-5.67839
-5.55626
-5.47412
-5.50551
-5.47855
-5.52447
-5.49122
-5.54436
-5.54935
-5.54272
-5.40827
-5.36654
-5.36621
-5.4178
-5.41609
-5.38722
-5.39585
-5.36597
-5.37373
-5.37179
-5.51986
-5.59562
-5.61342
-5.60902
-5.55192
-5.51727
-5.47299
-5.3606
-5.44744
-5.44881
-5.40128
-5.36822
-5.38988
-5.38881
-5.42248
-5.38394
-5.34287
-5.34462
-5.38478
-5.37889
-5.35583
-5.29712
-5.33709
-5.37517
-5.39859
-5.39826
-5.35552
-5.39555
-5.39635
-5.43962
-5.44291
-5.4117
-5.45142
-5.43731
-5.46544
-5.46608
-5.54037
-5.49392
-5.43586
-5.42689
-5.45153
-5.51373
-5.48804
-5.41653
-5.45931
-5.52131
-5.58489
-5.57914
-5.60406
-5.58404
-5.64719
-5.63834
-5.52238
-5.47077
-5.51327
-5.53197
-5.45963
-5.44508
-5.5609
-5.5571
-5.46769
-5.42873
-5.45597
-5.44014
-5.46025
-5.42591
-5.40488
-5.42092
-5.36015
-5.35858
-5.39103
-5.30063
-5.36843
-5.35925
-5.41522
-5.47433
-5.44109
-5.47798
-5.48593
-5.50325
-5.49968
-5.44563
-5.47611
-5.46312
-5.48376
-5.50467
-5.5658
-5.53256
-5.5268
-5.55087
-5.57152
-5.56135
-5.54464
-5.56387
-5.45191
-5.49597
-5.44913
-5.4717
-5.54644
-5.55782
-5.55937
-5.57284
-5.54876
-5.47846
-5.37709
-5.39673
-5.38687
-5.4434
-5.44956
-5.42948
-5.56955
-5.51173
-5.46529
-5.48137
-5.49025
-5.47517
-5.47873
-5.52663
-5.52721
-5.5111
-5.48551
-5.41577
-5.4504
-5.51861
-5.52624
-5.5278
-5.52672
-5.45533
-5.43642
-5.2988
-5.34126
-5.27352
-5.25959
-5.31012
-5.39206
-5.2455
-5.25165
-5.27951
-5.38584
-5.39823
-5.37469
-5.38804
-5.32769
-5.38176
-5.38513
-5.43585
-5.41217
-5.32959
-5.41029
-5.34718
-5.32256
-5.33959
-5.39126
-5.45818
-5.45624
-5.45654
-5.40411
-5.47072
-5.46868
-5.47561
-5.3988
-5.45704
-5.44162
-5.34343
-5.23135
-5.29709
-5.3031
-5.2737
-5.34662
-5.48629
-5.58318
-5.57158
-5.57613
-5.54529
-5.57954
-5.56085
-5.52612
-5.46982
-5.4763
-5.44403
-5.48119
-5.51632
-5.57603
-5.53112
-5.53006
-5.49368
-5.48848
-5.55462
-5.59827
-5.45365
-5.34354
-5.30741
-5.26781
-5.31472
-5.29296
-5.32033
-5.35858
-5.40166
-5.56879
-5.4679
-5.44327
-5.43551
-5.34907
-5.35162
-5.32429
-5.32899
-5.40581
-5.45481
-5.34871
-5.38854
-5.54794
-5.56927
-5.43251
-5.49499
-5.58867
-5.51896
-5.56336
-5.61181
-5.56897
-5.57897
-5.49441
-5.34249
-5.45501
-5.4751
-5.42771
-5.38669
-5.37107
-5.43755
-5.44623
-5.42973
-5.36143
-5.35476
-5.35347
-5.37347
-5.3153
-5.19828
-5.26548
-5.33897
-5.30771
-5.38953
-5.40917
-5.37461
-5.38673
-5.41761
-5.43947
-5.33099
-5.4015
-5.43913
-5.44731
-5.44826
-5.43893
-5.47163
-5.44354
-5.53283
-5.40441
-5.42304
-5.23884
-5.20653
-5.28702
-5.41334
-5.47626
-5.5109
-5.47291
-5.53094
-5.58065
-5.58145
-5.39333
-5.40286
-5.53821
-5.54116
-5.4801
-5.48663
-5.42514
-5.40768
-5.53352
-5.52054
-5.58319
-5.54938
-5.46209
-5.41872
-5.43702
-5.47145
-5.39253
-5.43352
-5.43018
-5.46143
-5.28471
-5.31255
-5.39734
-5.38151
-5.46482
-5.47015
-5.50029
-5.49887
-5.54406
-5.39799
-5.43368
-5.32105
-5.41875
-5.44738
-5.40796
-5.43041
-5.44186
-5.47408
-5.5012
-5.57406
-5.46738
-5.45025
-5.53036
-5.49867
-5.50832
-5.46386
-5.45074
-5.47105
-5.54738
-5.60423
-5.51554
-5.42256
-5.39939
-5.42419
-5.43785
-5.45789
-5.37605
-5.33344
-5.37648
-5.29672
-5.24882
-5.31216
-5.40207
-5.35463
-5.29939
-5.40706
-5.37786
-5.38866
-5.33065
-5.41539
-5.44767
-5.49451
-5.49231
-5.35671
-5.36787
-5.4313
-5.44979
-5.56614
-5.51591
-5.48437
-5.41202
-5.42501
-5.44613
-5.39995
-5.4968
-5.39478
-5.39346
-5.42879
-5.47481
-5.40951
-5.46049
-5.50108
-5.48905
-5.51184
-5.469
-5.46392
-5.4587
-5.44973
-5.57829
-5.51118
-5.47059
-5.44155
-5.50851
-5.42368
-5.38866
-5.39453
-5.30766
-5.3715
-5.32476
-5.36125
-5.35761
-5.4073
-5.43942
-5.3067
-5.17615
-5.16424
-5.09925
-5.15609
-5.3219
-5.29209
-5.36649
-5.52089
-5.45923
-5.36165
-5.40357
-5.31911
-5.37881
-5.50017
-5.48639
-5.38557
-5.3245
-5.41855
-5.40806
-5.45885
-5.42552
-5.37192
-5.28543
-5.25794
-5.30423
-5.36937
-5.355
-5.49711
-5.56367
-5.54137
-5.59343
-5.60785
-5.56588
-5.50372
-5.46266
-5.42563
-5.50838
-5.47912
-5.51764
-5.52076
-5.44362
-5.38839
-5.46439
-5.47037
-5.51999
-5.50538
-5.45701
-5.40555
-5.41364
-5.3296
-5.23853
-5.20017
-5.22867
-5.39247
-5.46214
-5.41658
-5.24059
-5.42548
-5.52733
-5.43444
-5.50766
-5.45121
-5.45693
-5.52289
-5.43619
-5.48909
-5.42637
-5.47104
-5.51779
-5.5014
-5.52926
-5.49165
-5.49218
-5.46555
-5.4536
-5.41452
-5.37091
-5.27838
-5.29746
-5.35522
-5.37602
-5.42797
-5.47387
-5.46936
-5.55565
-5.57339
-5.52713
-5.47222
-5.45579
-5.4664
-5.52973
-5.58131
-5.60848
-5.54094
-5.52354
-5.46945
-5.4993
-5.42212
-5.45234
-5.44092
-5.5413
-5.58878
-5.55654
-5.60459
-5.56866
-5.53328
-5.53496
-5.45261
-5.43571
-5.49491
-5.44898
-5.53346
-5.60446
-5.58641
-5.61086
-5.5908
-5.62331
-5.56947
-5.55866
-5.52574
-5.58969
-5.556
-5.46421
-5.44853
-5.40566
-5.52847
-5.47039
-5.46686
-5.55424
-5.52025
-5.46709
-5.39782
-5.43216
-5.44561
-5.48672
-5.44062
-5.46664
-5.30277
-5.26102
-5.24319
-5.33062
-5.28562
-5.17939
-5.29952
-5.28596
-5.33154
-5.35087
-5.32297
-5.23752
-5.26345
-5.32763
-5.38888
-5.34194
-5.41402
-5.38004
-5.36452
-5.39715
-5.44312
-5.34682
-5.4245
-5.52322
-5.49377
-5.43934
-5.42098
-5.51965
-5.44916
-5.47079
-5.50093
-5.49968
-5.41755
-5.34908
-5.38956
-5.284
-5.30819
-5.40514
-5.47705
-5.38896
-5.46618
-5.41582
-5.34456
-5.27708
-5.32534
-5.38139
-5.39537
-5.40492
-5.29214
-5.43409
-5.36896
-5.32003
-5.33993
-5.33791
-5.43247
-5.52424
-5.43654
-5.51047
-5.5254
-5.42855
-5.30191
-5.38996
-5.40935
-5.40292
-5.35356
-5.45902
-5.47686
-5.44035
-5.43703
-5.41463
-5.41218
-5.35629
-5.35287
-5.30067
-5.20468
-5.29398
-5.45621
-5.42184
-5.46462
-5.46413
-5.49764
-5.4324
-5.3161
-5.37623
-5.47182
-5.58005
-5.59422
-5.57915
-5.55587
-5.5347
-5.54945
-5.47061
-5.39961
-5.40831
-5.39871
-5.47179
-5.49172
-5.40403
-5.38287
-5.34488
-5.3528
-5.32588
-5.37746
-5.41223
-5.43236
-5.4213
-5.35878
-5.37347
-5.42092
-5.41442
-5.37155
-5.47968
-5.44675
-5.44697
-5.48324
-5.51777
-5.47377
-5.43659
-5.49711
-5.50289
-5.534
-5.56558
-5.56598
-5.57146
-5.52644
-5.50824
-5.46464
-5.43882
-5.56299
-5.52068
-5.4881
-5.40615
-5.38456
-5.48194
-5.5321
-5.56221
-5.52444
-5.53492
-5.60202
-5.6446
-5.58672
-5.5897
-5.53581
-5.62089
-5.70595
-5.62754
-5.64656
-5.60697
-5.60415
-5.55194
-5.47139
-5.47186
-5.53789
-5.6351
-5.58146
-5.55613
-5.58375
-5.54358
-5.57565
-5.54364
-5.57039
-5.54601
-5.59282
-5.54278
-5.54574
-5.54628
-5.5083
-5.65948
-5.54151
-5.36652
-5.40481
-5.4372
-5.39807
-5.52264
-5.41278
-5.41127
-5.41609
-5.53746
-5.54194
-5.45667
-5.53621
-5.56113
-5.63302
-5.59331
-5.61144
-5.63209
-5.5635
-5.55491
-5.53566
-5.529
-5.4278
-5.42046
-5.39694
-5.41262
-5.43985
-5.48971
-5.49402
-5.48057
-5.43007
-5.32935
-5.23802
-5.41948
-5.36351
-5.39101
-5.36741
-5.44525
-5.50291
-5.56939
-5.61677
-5.51118
-5.53469
-5.5226
-5.3998
-5.4038
-5.40428
-5.4775
-5.48085
-5.45957
-5.45248
-5.53924
-5.43466
-5.36364
-5.40057
-5.48892
-5.48914
-5.48391
-5.53891
-5.55824
-5.58576
-5.51604
-5.46323
-5.32812
-5.40529
-5.32826
-5.27963
-5.42937
-5.50787
-5.47861
-5.41783
-5.51733
-5.42997
-5.47182
-5.38853
-5.37997
-5.42218
-5.38334
-5.38776
-5.36042
-5.34881
-5.45895
-5.49284
-5.39427
-5.42497
-5.44255
-5.4536
-5.55453
-5.51909
-5.52217
-5.54103
-5.5709
-5.58183
-5.53604
-5.54328
-5.49072
-5.4529
-5.47224
-5.43054
-5.5637
-5.50084
-5.46935
-5.47579
-5.44259
-5.55481
-5.55119
-5.48779
-5.51162
-5.53068
-5.57801
-5.64426
-5.54943
-5.54317
-5.55369
-5.52269
-5.44099
-5.44983
-5.38144
-5.43432
-5.55128
-5.47872
-5.46561
-5.44689
-5.41571
-5.43464
-5.41259
-5.36657
-5.36542
-5.35313
-5.40687
-5.43465
-5.46588
-5.36384
-5.40242
-5.4002
-5.44647
-5.44624
-5.4018
-5.40278
-5.40093
-5.47955
-5.49826
-5.48553
-5.36329
-5.48142
-5.45954
-5.44267
-5.38928
-5.26566
-5.1369
-5.20705
-5.30712
-5.31503
-5.37295
-5.34062
-5.24065
-5.26264
-5.37371
-5.39616
-5.43709
-5.43956
-5.44301
-5.4523
-5.48608
-5.56255
-5.52727
-5.47195
-5.59815
-5.59585
-5.54208
-5.52497
-5.56685
-5.5356
-5.53885
-5.6216
-5.54069
-5.4571
-5.49421
-5.50677
-5.5018
-5.48117
-5.46545
-5.54639
-5.51445
-5.36886
-5.35908
-5.40009
-5.33728
-5.40975
-5.34665
-5.37395
-5.28336
-5.39719
-5.37149
-5.37079
-5.3734
-5.28448
-5.34896
-5.30626
-5.29
-5.43171
-5.50628
-5.47868
-5.43824
-5.49886
-5.47859
-5.43499
-5.49418
-5.49806
-5.35809
-5.28863
-5.26022
-5.34585
-5.3924
-5.39671
-5.40601
-5.3561
-5.38489
-5.42526
-5.45459
-5.4223
-5.47415
-5.49037
-5.4567
-5.51503
-5.56841
-5.56487
-5.48818
-5.53123
-5.49843
-5.52748
-5.60258
-5.59945
-5.58929
-5.64521
-5.67627
-5.5417
-5.64118
-5.60618
-5.50034
-5.42892
-5.46301
-5.55468
-5.43839
-5.5231
-5.5517
-5.60487
-5.67571
-5.61142
-5.57765
-5.59455
-5.61737
-5.66952
-5.64663
-5.62684
-5.6345
-5.52078
-5.55318
-5.52937
-5.54292
-5.52616
-5.54097
-5.61341
-5.56267
-5.53941
-5.51348
-5.46834
-5.49374
-5.43138
-5.40141
-5.33957
-5.49353
-5.66144
-5.64818
-5.60456
-5.66634
-5.62638
-5.57234
-5.54005
-5.45651
-5.43763
-5.53701
-5.4857
-5.48074
-5.52694
-5.53857
-5.53921
-5.42983
-5.42754
-5.48127
-5.45917
-5.45656
-5.4574
-5.57313
-5.49093
-5.54351
-5.46123
-5.49627
-5.48971
-5.47263
-5.56978
-5.53969
-5.53193
-5.53443
-5.57699
-5.59699
-5.63528
-5.59937
-5.55313
-5.66125
-5.63704
-5.67753
-5.60019
-5.53025
-5.62645
-5.4998
-5.54781
-5.5619
-5.49191
-5.49152
-5.50569
-5.54547
-5.61883
-5.57061
-5.63864
-5.63251
-5.65852
-5.56699
-5.5684
-5.5271
-5.5077
-5.55084
-5.57697
-5.57208
-5.5198
-5.52981
-5.47983
-5.50794
-5.48117
-5.57007
-5.56758
-5.59426
-5.56814
-5.60469
-5.6068
-5.58764
-5.6996
-5.63573
-5.57492
-5.48977
-5.52501
-5.55155
-5.44236
-5.51399
-5.58261
-5.57906
-5.56885
-5.55615
-5.47632
-5.63556
-5.49312
-5.43894
-5.49646
-5.50503
-5.5667
-5.56741
-5.52753
-5.51792
-5.56197
-5.51816
-5.45262
-5.36755
-5.46162
-5.41847
-5.31765
-5.41975
-5.43969
-5.47233
-5.5339
-5.51983
-5.43049
-5.59223
-5.62826
-5.59778
-5.52407
-5.54612
-5.56377
-5.5502
-5.57637
-5.6044
-5.53833
-5.45875
-5.48331
-5.41709
-5.59713
-5.46522
-5.54407
-5.51875
-5.39013
-5.38952
-5.42205
-5.40308
-5.42091
-5.40586
-5.43089
-5.56834
-5.53963
-5.6004
-5.55543
-5.50931
-5.51613
-5.59476
-5.38653
-5.54412
-5.56683
-5.579
-5.4784
-5.42977
-5.47474
-5.40778
-5.3323
-5.39002
-5.36216
-5.44904
-5.32639
-5.36905
-5.39564
-5.42558
-5.39421
-5.42552
-5.5364
-5.43581
-5.44515
-5.45875
-5.42681
-5.45184
-5.43268
-5.38994
-5.36759
-5.45607
-5.48699
-5.46403
-5.46113
-5.42057
-5.43573
-5.45182
-5.50418
-5.46476
-5.57238
-5.56715
-5.59216
-5.55952
-5.4692
-5.52077
-5.48299
-5.43877
-5.46361
-5.47231
-5.45791
-5.39107
-5.39139
-5.42485
-5.3764
-5.39178
-5.31961
-5.40588
-5.47426
-5.49175
-5.4094
-5.3314
-5.35092
-5.36637
-5.46606
-5.54642
-5.43384
-5.51948
-5.52547
-5.52552
-5.60756
-5.59127
-5.62518
-5.42988
-5.50106
-5.451
-5.52801
-5.49782
-5.42729
-5.455
-5.4362
-5.42508
-5.34576
-5.40457
-5.41166
-5.43194
-5.40703
-5.32523
-5.30588
-5.27865
-5.35574
-5.4102
-5.38745
-5.4079
-5.416
-5.36211
-5.40945
-5.38786
-5.29006
-5.26898
-5.46719
-5.4066
-5.48741
-5.5068
-5.47262
-5.50328
-5.53504
-5.53395
-5.51426
-5.50215
-5.48499
-5.51323
-5.44239
-5.38419
-5.46852
-5.55081
-5.53884
-5.53639
-5.46405
-5.55995
-5.56696
-5.54428
-5.59957
-5.54246
-5.5215
-5.52108
-5.47818
-5.42372
-5.3437
-5.42546
-5.3859
-5.37838
-5.45278
-5.5245
-5.53597
-5.49553
-5.46573
-5.42673
-5.42402
-5.43047
-5.42758
-5.39282
-5.421
-5.47521
-5.50967
-5.54913
-5.52291
-5.56982
-5.58844
-5.57845
-5.58864
-5.54629
-5.44112
-5.51874
-5.54051
-5.55116
-5.4845
-5.43558
-5.40948
-5.40721
-5.44845
-5.50226
-5.50277
-5.55939
-5.58596
-5.55381
-5.58225
-5.59465
-5.47855
-5.53521
-5.4885
-5.46398
-5.47663
-5.49729
-5.35258
-5.37452
-5.40708
-5.45847
-5.38315
-5.45079
-5.35612
-5.41027
-5.33429
-5.34323
-5.35728
-5.33226
-5.3332
-5.37416
-5.51057
-5.55337
-5.56925
-5.4523
-5.43943
-5.46734
-5.43135
-5.47662
-5.45851
-5.50911
-5.49375
-5.36262
-5.41297
-5.44822
-5.45279
-5.48181
-5.46726
-5.42314
-5.5377
-5.45394
-5.57904
-5.61669
-5.64411
-5.54509
-5.46645
-5.45428
-5.48362
-5.54653
-5.59357
-5.56185
-5.50241
-5.43134
-5.41037
-5.50074
-5.53973
-5.48118
-5.51214
-5.43055
-5.43597
-5.45651
-5.40163
-5.43395
-5.44381
-5.44796
-5.5085
-5.46271
-5.38782
-5.39812
-5.48462
-5.4451
-5.49101
-5.44682
-5.4684
-5.47784
-5.39987
-5.38938
-5.40121
-5.4138
-5.49603
-5.54371
-5.60445
-5.49088
-5.51589
-5.50025
-5.48153
-5.40142
-5.5199
-5.54522
-5.48864
-5.53869
-5.48972
-5.43043
-5.36981
-5.40824
-5.44334
-5.36269
-5.44351
-5.42316
-5.43497
-5.3425
-5.47639
-5.50492
-5.51138
-5.51939
-5.51674
-5.66109
-5.65191
-5.42522
-5.47431
-5.52946
-5.5096
-5.5338
-5.52414
-5.5018
-5.46679
-5.48921
-5.49297
-5.5792
-5.61182
-5.48414
-5.51036
-5.5376
-5.44713
-5.44236
-5.438
-5.47981
-5.50658
-5.4593
-5.42637
-5.47223
-5.42179
-5.39715
-5.42602
-5.39896
-5.42117
-5.3894
-5.34533
-5.44239
-5.42424
-5.45252
-5.32539
-5.36211
-5.40052
-5.40586
-5.43329
-5.48838
-5.42978
-5.41674
-5.48975
-5.45333
-5.42282
-5.40865
-5.45816
-5.35865
-5.31919
-5.27246
-5.31055
-5.38553
-5.35509
-5.32465
-5.37012
-5.34749
-5.49277
-5.53449
-5.51164
-5.52149
-5.4246
-5.45891
-5.45184
-5.37768
-5.3207
-5.35673
-5.26207
-5.37329
-5.40074
-5.35563
-5.35198
-5.40328
-5.28214
-5.35569
-5.36029
-5.43443
-5.37647
-5.45472
-5.48441
-5.47238
-5.3787
-5.41524
-5.52067
-5.41734
-5.37603
-5.31287
-5.45846
-5.41853
-5.4686
-5.39526
-5.39205
-5.28122
-5.21744
-5.29458
-5.32954
-5.28882
-5.29769
-5.21418
-5.32569
-5.28735
-5.32069
-5.35231
-5.37837
-5.36431
-5.4463
-5.51395
-5.3871
-5.40797
-5.38759
-5.2925
-5.34126
-5.35793
-5.42096
-5.44299
-5.4565
-5.51566
-5.43117
-5.40164
-5.44512
-5.40847
-5.34773
-5.41764
-5.49635
-5.4891
-5.5185
-5.39476
-5.41101
-5.38496
-5.40359
-5.45372
-5.49142
-5.53343
-5.47065
-5.43848
-5.46235
-5.46765
-5.50597
-5.51572
-5.4582
-5.55044
-5.51726
-5.61796
-5.66004
-5.58839
-5.57848
-5.48415
-5.57928
-5.53283
-5.55558
-5.51688
-5.553
-5.58129
-5.55975
-5.57733
-5.51894
-5.47389
-5.45833
-5.43526
-5.464
-5.52778
-5.49772
-5.46012
-5.4194
-5.44248
-5.4357
-5.33739
-5.40548
-5.38566
-5.35266
-5.28879
-5.32725
-5.35851
-5.28762
-5.25347
-5.3113
-5.3067
-5.33335
-5.35499
-5.29434
-5.36057
-5.35996
-5.35354
-5.49257
-5.39942
-5.41813
-5.48601
-5.43449
-5.35255
-5.3013
-5.34514
-5.36691
-5.43737
-5.47501
-5.35675
-5.29909
-5.25537
-5.37568
-5.38111
-5.40432
-5.35007
-5.45154
-5.43336
-5.40522
-5.3833
-5.32755
-5.37228
-5.42423
-5.42661
-5.36925
-5.43782
-5.47589
-5.54878
-5.51501
-5.53694
-5.45799
-5.42303
-5.44664
-5.36557
-5.45771
-5.53645
-5.47678
-5.49192
-5.47096
-5.41187
-5.44361
-5.47376
-5.49322
-5.51974
-5.4157
-5.41774
-5.45295
-5.51583
-5.51677
-5.47446
-5.50005
-5.50805
-5.50816
-5.51856
-5.42611
-5.42312
-5.43132
-5.48667
-5.52276
-5.53956
-5.46601
-5.54326
-5.50227
-5.54327
-5.48337
-5.50414
-5.44798
-5.58286
-5.60533
-5.56163
-5.4467
-5.42493
-5.51007
-5.51015
-5.51939
-5.48612
-5.50028
-5.42622
-5.38354
-5.42912
-5.48587
-5.48814
-5.52183
-5.47987
-5.46685
-5.43819
-5.47781
-5.47674
-5.45034
-5.41756
-5.47099
-5.5723
-5.61972
-5.5483
-5.47085
-5.526
-5.59117
-5.59576
-5.56079
-5.53027
-5.45757
-5.45258
-5.44908
-5.31485
-5.29992
-5.40943
-5.3466
-5.42178
-5.43845
-5.47713
-5.44102
-5.44077
-5.49091
-5.45377
-5.45345
-5.48776
-5.52607
-5.56663
-5.5398
-5.5205
-5.49904
-5.41075
-5.39532
-5.48084
-5.44327
-5.55998
-5.65317
-5.65951
-5.65284
-5.61571
-5.59752
-5.49772
-5.37959
-5.42008
-5.43366
-5.42091
-5.46686
-5.41101
-5.28387
-5.26176
-5.27993
-5.33059
-5.38943
-5.30035
-5.29224
-5.32794
-5.23182
-5.35166
-5.42499
-5.3605
-5.32218
-5.41448
-5.41534
-5.48391
-5.44301
-5.4756
-5.45248
-5.50452
-5.53411
-5.49279
-5.59098
-5.51072
-5.45293
-5.33557
-5.28158
-5.28995
-5.28139
-5.354
-5.37217
-5.37188
-5.31658
-5.42002
-5.37977
-5.29836
-5.27757
-5.4026
-5.30966
-5.23787
-5.35517
-5.3188
-5.35208
-5.40076
-5.39302
-5.34897
-5.50797
-5.46655
-5.43404
-5.42218
-5.34387
-5.35482
-5.39151
-5.44461
-5.42674
-5.47351
-5.42073
-5.48884
-5.45359
-5.44368
-5.42792
-5.40707
-5.41419
-5.41852
-5.42256
-5.42348
-5.45152
-5.48925
-5.5346
-5.40564
-5.47969
-5.44761
-5.42864
-5.53623
-5.58589
-5.61201
-5.59798
-5.63586
-5.58856
-5.55673
-5.49225
-5.4745
-5.514
-5.53194
-5.54567
-5.53988
-5.48719
-5.37434
-5.48479
-5.53647
-5.44728
-5.4852
-5.47658
-5.47777
-5.40811
-5.41511
-5.44074
-5.46922
-5.46734
-5.50412
-5.50663
-5.51572
-5.53652
-5.57165
-5.58022
-5.56407
-5.51673
-5.53894
-5.56624
-5.51559
-5.50095
-5.51478
-5.41539
-5.41446
-5.41846
-5.44373
-5.52622
-5.53982
-5.47884
-5.4449
-5.44217
-5.48952
-5.57419
-5.49106
-5.42072
-5.48785
-5.4735
-5.53721
-5.46648
-5.50217
-5.47801
-5.53565
-5.55162
-5.53645
-5.5224
-5.52141
-5.49584
-5.49107
-5.47013
-5.38385
-5.41754
-5.27313
-5.32959
-5.4441
-5.41689
-5.35032
-5.36997
-5.50849
-5.32982
-5.37552
-5.36875
-5.3461
-5.27114
-5.19616
-5.25076
-5.29778
-5.40703
-5.45064
-5.52855
-5.63759
-5.56881
-5.58255
-5.57055
-5.46341
-5.45474
-5.52656
-5.51117
-5.49601
-5.44399
-5.43309
-5.40073
-5.41198
-5.41065
-5.35536
-5.36071
-5.39272
-5.41015
-5.47525
-5.43553
-5.45643
-5.45154
-5.41011
-5.49402
-5.51442
-5.56116
-5.51757
-5.48152
-5.40761
-5.45612
-5.47271
-5.54087
-5.60631
-5.57919
-5.49124
-5.48053
-5.55497
-5.54344
-5.57865
-5.59878
-5.64981
-5.65802
-5.66777
-5.5329
-5.52778
-5.59608
-5.52288
-5.58212
-5.57783
-5.62809
-5.67343
-5.60839
-5.48794
-5.45967
-5.39923
-5.43848
-5.45927
-5.35449
-5.43218
-5.42794
-5.42361
-5.4708
-5.49578
-5.31383
-5.2244
-5.34236
-5.30864
-5.4238
-5.48659
-5.46728
-5.45073
-5.36949
-5.39224
-5.38172
-5.51802
-5.53344
-5.43716
-5.56874
-5.59119
-5.60872
-5.58572
-5.6111
-5.55016
-5.56262
-5.56492
-5.5317
-5.47977
-5.43349
-5.56258
-5.57498
-5.53289
-5.47107
-5.40638
-5.43855
-5.37526
-5.36614
-5.44068
-5.39454
-5.35396
-5.31604
-5.36538
-5.45897
-5.45489
-5.44615
-5.44242
-5.351
-5.40507
-5.39727
-5.40106
-5.38098
-5.41653
-5.37625
-5.37031
-5.38274
-5.36366
-5.42493
-5.46162
-5.50049
-5.43434
-5.36778
-5.49592
-5.48792
-5.50753
-5.59082
-5.57736
-5.54132
-5.52542
-5.49038
-5.55759
-5.48601
-5.45854
-5.43125
-5.38681
-5.4798
-5.50016
-5.57352
-5.52867
-5.51563
-5.46086
-5.47971
-5.33348
-5.39408
-5.41202
-5.49248
-5.48278
-5.49376
-5.44308
-5.48409
-5.52394
-5.47949
-5.49071
-5.44184
-5.53001
-5.57135
-5.52277
-5.40699
-5.36103
-5.28344
-5.22278
-5.26019
-5.14474
-5.1874
-5.29577
-5.2637
-5.20883
-5.37089
-5.47804
-5.48947
-5.43961
-5.42955
-5.34067
-5.3381
-5.32666
-5.33566
-5.34928
-5.33897
-5.37543
-5.43686
-5.43635
-5.37406
-5.37786
-5.39348
-5.31968
-5.40641
-5.43675
-5.42728
-5.42504
-5.54585
-5.5014
-5.51973
-5.48635
-5.46872
-5.56295
-5.5418
-5.61655
-5.65761
-5.60611
-5.67325
-5.66237
-5.60948
-5.57795
-5.60419
-5.55363
-5.64711
-5.69916
-5.65454
-5.67808
-5.64103
-5.54208
-5.58496
-5.56353
-5.62545
-5.63472
-5.5616
-5.5229
-5.51213
-5.49911
-5.41585
-5.38435
-5.384
-5.35354
-5.27629
-5.41878
-5.49437
-5.47498
-5.41963
-5.44691
-5.51064
-5.55245
-5.59024
-5.54232
-5.54505
-5.49475
-5.43269
-5.47458
-5.48743
-5.36598
-5.37481
-5.36318
-5.37842
-5.48791
-5.51697
-5.54789
-5.41925
-5.46031
-5.49999
-5.57038
-5.55652
-5.46522
-5.57602
-5.44895
-5.48096
-5.51613
-5.6114
-5.52239
-5.53385
-5.48907
-5.499
-5.51995
-5.55645
-5.62905
-5.5983
-5.51566
-5.50861
-5.48477
-5.52031
-5.55987
-5.46551
-5.49338
-5.46927
-5.44321
-5.44384
-5.39002
-5.36712
-5.41262
-5.46907
-5.45676
-5.51264
-5.45028
-5.54236
-5.49142
-5.48001
-5.45217
-5.39161
-5.52198
-5.52398
-5.47246
-5.47467
-5.49711
-5.49696
-5.47403
-5.48649
-5.51435
-5.49551
-5.46443
-5.52978
-5.43857
-5.5304
-5.43972
-5.48429
-5.32342
-5.42156
-5.47339
-5.49284
-5.38426
-5.36406
-5.3368
-5.36102
-5.36685
-5.41097
-5.36709
-5.34992
-5.29268
-5.37037
-5.36334
-5.49409
-5.44289
-5.45051
-5.53177
-5.48087
-5.47578
-5.46184
-5.38335
-5.398
-5.40953
-5.47065
-5.41471
-5.37062
-5.38318
-5.39053
-5.33769
-5.43838
-5.34527
-5.40897
-5.52314
-5.53424
-5.4839
-5.52381
-5.52186
-5.59257
-5.52367
-5.52537
-5.44109
-5.54764
-5.59344
-5.61226
-5.62024
-5.56569
-5.50039
-5.35512
-5.41989
-5.41615
-5.48225
-5.50282
-5.52479
-5.56443
-5.48176
-5.48062
-5.47601
-5.46727
-5.54824
-5.55768
-5.45839
-5.45767
-5.49747
-5.53034
-5.55166
-5.48852
-5.50273
-5.4653
-5.44287
-5.484
-5.48099
-5.46677
-5.5449
-5.43917
-5.4123
-5.31827
-5.36517
-5.44754
-5.49269
-5.53186
-5.52728
-5.4373
-5.37868
-5.4829
-5.48256
-5.54275
-5.56088
-5.54461
-5.48183
-5.55651
-5.44031
-5.59053
-5.57657
-5.5669
-5.61094
-5.46665
-5.47197
-5.51139
-5.57053
-5.55055
-5.59736
-5.63285
-5.52344
-5.63189
-5.58576
-5.52493
-5.52743
-5.44981
-5.45339
-5.45275
-5.43171
-5.42688
-5.40861
-5.308
-5.31587
-5.25102
-5.33124
-5.4207
-5.52679
-5.52168
-5.57401
-5.47754
-5.61399
-5.59246
-5.49952
-5.43639
-5.37579
-5.42563
-5.51316
-5.3985
-5.55573
-5.49292
-5.50836
-5.43085
-5.53588
-5.5467
-5.49654
-5.5621
-5.50265
-5.54864
-5.49495
-5.41627
-5.52945
-5.52965
-5.53536
-5.37362
-5.35678
-5.51408
-5.50582
-5.57303
-5.50633
-5.56195
-5.50193
-5.52625
-5.53551
-5.52804
-5.57861
-5.55671
-5.48394
-5.46368
-5.60351
-5.54183
-5.48825
-5.54477
-5.50934
-5.46953
-5.54258
-5.56019
-5.56515
-5.57275
-5.53441
-5.54426
-5.53294
-5.53073
-5.55746
-5.50639
-5.49622
-5.54116
-5.48278
-5.43448
-5.54207
-5.45537
-5.44922
-5.4886
-5.53168
-5.56737
-5.5666
-5.5712
-5.61556
-5.59919
-5.50126
-5.49077
-5.47446
-5.57629
-5.56932
-5.64951
-5.6756
-5.70575
-5.66025
-5.56206
-5.60584
-5.56366
-5.6034
-5.5889
-5.66784
-5.60988
-5.62743
-5.69723
-5.6654
-5.66447
-5.60304
-5.68684
-5.60291
-5.61712
-5.61204
-5.61969
-5.68372
-5.69487
-5.69249
-5.57705
-5.45997
-5.52007
-5.38647
-5.41602
-5.40392
-5.46552
-5.47789
-5.53132
-5.60551
-5.61823
-5.5909
-5.64199
-5.49814
-5.52597
-5.657
-5.63376
-5.59915
-5.58461
-5.6554
-5.6548
-5.61106
-5.54551
-5.61867
-5.66305
-5.69981
-5.70725
-5.67665
-5.69989
-5.63369
-5.43459
-5.42136
-5.40582
-5.44298
-5.39702
-5.33302
-5.39937
-5.39477
-5.54333
-5.37662
-5.3283
-5.32289
-5.2762
-5.33892
-5.54019
-5.53231
-5.45889
-5.53325
-5.5072
-5.56598
-5.61862
-5.58327
-5.51533
-5.54753
-5.40242
-5.47641
-5.4771
-5.47539
-5.40644
-5.35901
-5.48174
-5.47424
-5.63418
-5.62571
-5.605
-5.54686
-5.50211
-5.62499
-5.51451
-5.56273
-5.53055
-5.47841
-5.56092
-5.60095
-5.55476
-5.58173
-5.60345
-5.55957
-5.64028
-5.54374
-5.64635
-5.72305
-5.69769
-5.57765
-5.55542
-5.63493
-5.59896
-5.59968
-5.55204
-5.54628
-5.54325
-5.57212
-5.4782
-5.41255
-5.47511
-5.49971
-5.5321
-5.52823
-5.56969
-5.57649
-5.61821
-5.60446
-5.4744
-5.44513
-5.50369
-5.52218
-5.52089
-5.46524
-5.53983
-5.54467
-5.48661
-5.47978
-5.47222
-5.52291
-5.56849
-5.63149
-5.61952
-5.57756
-5.61875
-5.62315
-5.64037
-5.60012
-5.49329
-5.51222
-5.57092
-5.5418
-5.53433
-5.59276
-5.55746
-5.60073
-5.64206
-5.60625
-5.61119
-5.54211
-5.50998
-5.43481
-5.6284
-5.66379
-5.71953
-5.66625
-5.71518
-5.67019
-5.68248
-5.65833
-5.58679
-5.59731
-5.55022
-5.52047
-5.46039
-5.47518
-5.52651
-5.56556
-5.58657
-5.63
-5.59441
-5.46707
-5.50165
-5.6294
-5.59776
-5.56777
-5.5459
-5.54886
-5.47595
-5.48756
-5.49763
-5.54282
-5.52869
-5.53251
-5.4469
-5.43311
-5.4291
-5.51126
-5.53359
-5.57014
-5.64374
-5.60353
-5.5079
-5.56005
-5.63039
-5.62
-5.55909
-5.52712
-5.59688
-5.52525
-5.54723
-5.43235
-5.47479
-5.4627
-5.37391
-5.32805
-5.30383
-5.31106
-5.33606
-5.34798
-5.3256
-5.36362
-5.38869
-5.39833
-5.5033
-5.47588
-5.44227
-5.46766
-5.4731
-5.40761
-5.41868
-5.37097
-5.40533
-5.3803
-5.39569
-5.36496
-5.45596
-5.45041
-5.50413
-5.52305
-5.49704
-5.44899
-5.4008
-5.2662
-5.26552
-5.38581
-5.3413
-5.39567
-5.39096
-5.46239
-5.47894
-5.49931
-5.52759
-5.53626
-5.5003
-5.48875
-5.46039
-5.47371
-5.4024
-5.32821
-5.37728
-5.33894
-5.37975
-5.29131
-5.31766
-5.36709
-5.41492
-5.30922
-5.33661
-5.37146
-5.30757
-5.41566
-5.34084
-5.35294
-5.30934
-5.48103
-5.59456
-5.59457
-5.5521
-5.55357
-5.55591
-5.56855
-5.64497
-5.58867
-5.59364
-5.66385
-5.6079
-5.61743
-5.57277
-5.50362
-5.44204
-5.38391
-5.36705
-5.35809
-5.36792
-5.37203
-5.52739
-5.52248
-5.47226
-5.51791
-5.4746
-5.55044
-5.54368
-5.53808
-5.59215
-5.58665
-5.4497
-5.51435
-5.50221
-5.52379
-5.47333
-5.47833
-5.48845
-5.45769
-5.44681
-5.34526
-5.39698
-5.41151
-5.3534
-5.31566
-5.43992
-5.536
-5.51331
-5.55953
-5.55184
-5.5679
-5.43031
-5.47147
-5.34127
-5.37804
-5.51343
-5.4106
-5.46775
-5.55156
-5.50862
-5.57454
-5.58958
-5.5808
-5.59898
-5.6541
-5.50294
-5.46001
-5.45538
-5.46266
-5.38346
-5.4695
-5.43254
-5.47999
-5.46066
-5.37031
-5.31522
-5.37562
-5.40993
-5.43239
-5.41368
-5.53819
-5.53248
-5.49846
-5.49529
-5.4814
-5.41667
-5.38992
-5.48208
-5.54621
-5.50808
-5.57373
-5.40992
-5.45666
-5.44016
-5.45524
-5.3822
-5.43944
-5.49153
-5.37809
-5.37273
-5.40011
-5.35909
-5.33806
-5.35455
-5.37351
-5.41959
-5.46521
-5.37125
-5.35235
-5.43376
-5.46619
-5.47273
-5.53869
-5.4965
-5.46605
-5.44987
-5.53181
-5.48472
-5.39021
-5.45327
-5.39055
-5.3262
-5.44466
-5.48248
-5.44433
-5.43217
-5.44888
-5.48814
-5.45759
-5.3285
-5.32828
-5.39199
-5.46885
-5.50974
-5.51731
-5.51007
-5.47203
-5.37009
-5.30235
-5.30791
-5.41554
-5.40506
-5.40969
-5.36677
-5.29171
-5.31675
-5.32744
-5.26699
-5.21771
-5.26563
-5.2639
-5.29231
-5.24819
-5.29065
-5.31165
-5.31749
-5.35643
-5.37091
-5.40936
-5.35634
-5.41466
-5.39751
-5.36857
-5.3536
-5.40332
-5.34284
-5.44554
-5.23719
-5.293
-5.26762
-5.20969
-5.24666
-5.32285
-5.39671
-5.26043
-5.17208
-5.25388
-5.30453
-5.35591
-5.33225
-5.31176
-5.27266
-5.20761
-5.29128
-5.28573
-5.26916
-5.37584
-5.37873
-5.33137
-5.39287
-5.42064
-5.43004
-5.40175
-5.40148
-5.433
-5.46147
-5.36212
-5.39338
-5.35845
-5.35774
-5.31147
-5.31648
-5.42834
-5.42076
-5.4131
-5.37857
-5.39466
-5.412
-5.34905
-5.32292
-5.39934
-5.45038
-5.42985
-5.35795
-5.3677
-5.39849
-5.45927
-5.49481
-5.49664
-5.37673
-5.29521
-5.30922
-5.3064
-5.33827
-5.33632
-5.36681
-5.30793
-5.19581
-5.2507
-5.33185
-5.30297
-5.32836
-5.35141
-5.3606
-5.37229
-5.39405
-5.38342
-5.36187
-5.35239
-5.46726
-5.4277
-5.41027
-5.40924
-5.34434
-5.30294
-5.25514
-5.26091
-5.2624
-5.27722
-5.37389
-5.31499
-5.35587
-5.42186
-5.36526
-5.40629
-5.37536
-5.40763
-5.43674
-5.44729
-5.46156
-5.38144
-5.4522
-5.49893
-5.50659
-5.42027
-5.40327
-5.43924
-5.40222
-5.51048
-5.44104
-5.50252
-5.56893
-5.50533
-5.5794
-5.54657
-5.61972
-5.57673
-5.54405
-5.51903
-5.50337
-5.47261
-5.45235
-5.45431
-5.42179
-5.48292
-5.38603
-5.43712
-5.38724
-5.46151
-5.52332
-5.5597
-5.53842
-5.547
-5.47632
-5.44532
-5.38083
-5.41177
-5.42425
-5.54926
-5.56801
-5.49179
-5.54746
-5.51233
-5.41923
-5.3951
-5.43458
-5.39996
-5.29697
-5.3277
-5.36008
-5.31359
-5.39218
-5.38603
-5.42244
-5.47542
-5.44813
-5.36499
-5.28388
-5.39284
-5.37753
-5.50674
-5.45244
-5.45875
-5.48494
-5.57892
-5.54455
-5.56628
-5.57951
-5.55975
-5.46629
-5.48511
-5.42675
-5.44276
-5.47687
-5.47222
-5.45275
-5.30426
-5.42157
-5.47535
-5.56884
-5.55145
-5.49267
-5.50545
-5.4672
-5.46997
-5.41741
-5.43913
-5.44284
-5.30579
-5.34868
-5.32212
-5.29965
-5.44143
-5.53412
-5.515
-5.52238
-5.58502
-5.58579
-5.59081
-5.62712
-5.61373
-5.5456
-5.47804
-5.54457
-5.53998
-5.4553
-5.45334
-5.54476
-5.45823
-5.4518
-5.56978
-5.57586
-5.51464
-5.47929
-5.55926
-5.66733
-5.54016
-5.49492
-5.40604
-5.46579
-5.53082
-5.50278
-5.53892
-5.59307
-5.5379
-5.57023
-5.59328
-5.48669
-5.51019
-5.54812
-5.61725
-5.62398
-5.5929
-5.57854
-5.51621
-5.43539
-5.52522
-5.41291
-5.43801
-5.42984
-5.46813
-5.35328
-5.39566
-5.45649
-5.46793
-5.46979
-5.53089
-5.54754
-5.48146
-5.46093
-5.46532
-5.38439
-5.42172
-5.35893
-5.38105
-5.3637
-5.36421
-5.46444
-5.42886
-5.33992
-5.26882
-5.24509
-5.17596
-5.2536
-5.27137
-5.27552
-5.31484
-5.29562
-5.30152
-5.33966
-5.34057
-5.35206
-5.3434
-5.35745
-5.39092
-5.38261
-5.38309
-5.35791
-5.41997
-5.31788
-5.41566
-5.4779
-5.54008
-5.47553
-5.39088
-5.34996
-5.37151
-5.46815
-5.47518
-5.33388
-5.40508
-5.47242
-5.36315
-5.30469
-5.41878
-5.47648
-5.57614
-5.48053
-5.42054
-5.46709
-5.43495
-5.40968
-5.37172
-5.28464
-5.252
-5.17578
-5.30064
-5.41438
-5.41788
-5.39551
-5.46713
-5.46821
-5.51845
-5.49901
-5.51339
-5.46208
-5.43072
-5.4403
-5.28342
-5.37708
-5.44446
-5.36186
-5.47113
-5.48688
-5.48623
-5.50296
-5.38764
-5.47806
-5.47538
-5.47693
-5.50117
-5.55455
-5.53932
-5.52611
-5.39533
-5.45255
-5.5607
-5.59126
-5.62119
-5.65172
-5.64721
-5.63498
-5.68299
-5.59339
-5.55523
-5.58406
-5.5049
-5.48488
-5.44973
-5.51859
-5.57734
-5.53597
-5.62217
-5.66253
-5.73096
-5.70815
-5.64776
-5.69484
-5.60524
-5.61939
-5.6051
-5.52503
-5.62304
-5.64558
-5.64752
-5.65521
-5.6881
-5.56591
-5.66776
-5.66089
-5.61102
-5.57673
-5.50477
-5.57676
-5.51702
-5.52669
-5.5354
-5.53478
-5.6079
-5.56775
-5.55681
-5.62514
-5.63771
-5.60207
-5.52697
-5.6087
-5.54108
-5.51658
-5.47028
-5.47604
-5.47508
-5.54754
-5.55015
-5.57653
-5.50952
-5.56309
-5.56339
-5.59726
-5.54823
-5.57913
-5.65117
-5.48902
-5.56144
-5.4454
-5.39456
-5.37768
-5.3592
-5.42912
-5.38442
-5.38418
-5.33282
-5.34823
-5.37765
-5.43446
-5.4822
-5.39512
-5.48576
-5.47295
-5.43051
-5.46512
-5.54256
-5.46617
-5.4778
-5.36809
-5.52521
-5.35522
-5.38225
-5.30423
-5.32459
-5.3885
-5.41631
-5.41862
-5.44767
-5.53717
-5.66232
-5.68091
-5.58019
-5.57796
-5.46819
-5.45854
-5.47032
-5.46029
-5.48618
-5.45192
-5.53127
-5.47281
-5.55634
-5.54804
-5.58916
-5.57514
-5.50437
-5.5217
-5.51233
-5.4847
-5.53459
-5.46958
-5.33658
-5.42693
-5.44789
-5.49607
-5.39983
-5.41052
-5.31981
-5.3493
-5.31952
-5.34413
-5.38544
-5.39035
-5.37516
-5.3573
-5.29446
-5.37143
-5.44389
-5.51856
-5.56013
-5.44519
-5.4535
-5.43525
-5.47193
-5.46033
-5.48775
-5.50494
-5.52141
-5.45818
-5.38786
-5.36157
-5.46281
-5.44034
-5.56488
-5.54515
-5.62966
-5.53394
-5.56759
-5.55308
-5.51142
-5.50452
-5.49198
-5.51411
-5.45489
-5.44674
-5.47863
-5.47068
-5.48862
-5.53193
-5.5582
-5.59832
-5.46658
-5.48069
-5.51632
-5.51038
-5.51438
-5.54299
-5.54306
-5.5359
-5.5059
-5.51592
-5.55389
-5.56143
-5.50068
-5.50348
-5.42206
-5.43104
-5.41804
-5.52629
-5.55241
-5.56725
-5.6048
-5.60401
-5.52751
-5.51236
-5.44348
-5.4024
-5.31958
-5.38175
-5.2745
-5.20584
-5.24181
-5.29215
-5.30939
-5.32646
-5.35819
-5.52396
-5.46215
-5.46239
-5.43196
-5.43174
-5.41187
-5.37794
-5.53672
-5.46174
-5.52962
