2.6539e-21 0
2.61809e-21 3.58078e-23
2.61235e-21 2.1456e-23
2.60237e-21 1.81582e-23
2.59569e-21 1.55725e-23
2.59758e-21 1.28544e-23
2.58907e-21 1.38023e-23
2.58313e-21 1.33468e-23
2.58795e-21 1.27201e-23
2.5892e-21 1.14461e-23
2.59066e-21 1.04552e-23
2.5882e-21 9.85688e-24
2.58616e-21 9.29313e-24
2.5838e-21 8.92158e-24
2.5868e-21 8.83124e-24
2.58877e-21 8.49342e-24
2.58833e-21 7.99044e-24
2.58338e-21 9.01555e-24
2.57943e-21 9.39839e-24
2.57952e-21 8.91661e-24
2.58178e-21 8.77658e-24
2.57951e-21 8.67058e-24
2.58001e-21 8.30016e-24
2.57996e-21 7.94697e-24
2.57992e-21 7.62259e-24
2.57694e-21 7.90405e-24
2.57791e-21 7.66743e-24
2.57853e-21 7.41404e-24
2.57963e-21 7.23825e-24
2.57915e-21 7.00924e-24
2.57875e-21 6.7912e-24
2.57908e-21 6.58372e-24
2.58106e-21 6.68133e-24
2.57956e-21 6.65296e-24
2.57942e-21 6.46154e-24
2.58075e-21 6.4193e-24
2.57934e-21 6.40137e-24
2.57966e-21 6.23869e-24
2.58176e-21 6.42987e-24
2.58239e-21 6.29917e-24
2.58384e-21 6.31101e-24
2.58312e-21 6.20104e-24
2.58314e-21 6.05515e-24
2.58246e-21 5.95421e-24
2.5838e-21 5.97177e-24
2.58676e-21 6.5451e-24
2.5865e-21 6.40932e-24
2.58525e-21 6.39724e-24
2.58548e-21 6.26948e-24
2.58641e-21 6.21216e-24
2.58536e-21 6.17893e-24
2.58573e-21 6.07032e-24
2.58632e-21 5.9843e-24
2.58557e-21 5.92022e-24
2.58518e-21 5.82464e-24
2.58515e-21 5.7198e-24
2.58542e-21 5.62521e-24
2.58702e-21 5.75265e-24
2.58586e-21 5.77131e-24
2.58525e-21 5.70737e-24
2.5849e-21 5.6234e-24
2.5848e-21 5.53297e-24
2.58543e-21 5.48139e-24
2.58585e-21 5.41127e-24
2.58694e-21 5.43769e-24
2.58658e-21 5.36688e-24
2.58729e-21 5.33417e-24
2.58726e-21 5.25522e-24
2.58907e-21 5.48469e-24
2.58875e-21 5.4151e-24
2.58946e-21 5.38485e-24
2.58882e-21 5.34806e-24
2.58875e-21 5.27472e-24
2.58864e-21 5.20413e-24
2.58812e-21 5.1605e-24
2.58794e-21 5.09534e-24
2.58792e-21 5.02878e-24
2.58744e-21 4.9873e-24
2.58684e-21 4.95999e-24
2.58697e-21 4.8994e-24
2.58688e-21 4.83931e-24
2.58628e-21 4.81751e-24
2.5855e-21 4.82334e-24
2.58596e-21 4.78792e-24
2.58641e-21 4.7525e-24
2.58701e-21 4.73475e-24
2.58745e-21 4.70105e-24
2.58761e-21 4.65016e-24
2.58701e-21 4.6376e-24
2.58805e-21 4.70225e-24
2.58872e-21 4.69909e-24
2.58831e-21 4.66617e-24
2.58765e-21 4.66286e-24
2.58791e-21 4.62046e-24
2.58776e-21 4.57408e-24
2.58806e-21 4.53621e-24
2.58797e-21 4.4901e-24
2.58792e-21 4.44428e-24
2.58852e-21 4.44015e-24
2.5888e-21 4.40437e-24
