-8.47552e-21 0
-8.43893e-21 3.65877e-23
-8.432e-21 2.22337e-23
-8.42153e-21 1.88841e-23
-8.41433e-21 1.63035e-23
-8.41579e-21 1.33914e-23
-8.40732e-21 1.41352e-23
-8.40099e-21 1.37848e-23
-8.4057e-21 1.30395e-23
-8.40692e-21 1.17266e-23
-8.4081e-21 1.06728e-23
-8.40563e-21 1.00509e-23
-8.40364e-21 9.45737e-24
-8.40109e-21 9.12161e-24
-8.40414e-21 9.02382e-24
-8.40589e-21 8.62087e-24
-8.40537e-21 8.11492e-24
-8.40014e-21 9.26775e-24
-8.39611e-21 9.64783e-24
-8.39622e-21 9.15343e-24
-8.39855e-21 9.01422e-24
-8.39611e-21 8.93688e-24
-8.39644e-21 8.54611e-24
-8.39624e-21 8.18468e-24
-8.3961e-21 7.85177e-24
-8.39305e-21 8.13774e-24
-8.39406e-21 7.89554e-24
-8.39473e-21 7.63777e-24
-8.39582e-21 7.45056e-24
-8.39539e-21 7.211e-24
-8.39509e-21 6.9809e-24
-8.39548e-21 6.77043e-24
-8.39746e-21 6.85526e-24
-8.39594e-21 6.82264e-24
-8.39583e-21 6.6258e-24
-8.39711e-21 6.56497e-24
-8.39562e-21 6.55536e-24
-8.39585e-21 6.38459e-24
-8.39792e-21 6.55418e-24
-8.3986e-21 6.42365e-24
-8.39997e-21 6.4133e-24
-8.39927e-21 6.29695e-24
-8.3993e-21 6.14883e-24
-8.39867e-21 6.04073e-24
-8.40013e-21 6.08412e-24
-8.40322e-21 6.70111e-24
-8.40294e-21 6.56278e-24
-8.4017e-21 6.54226e-24
-8.40196e-21 6.41227e-24
-8.40291e-21 6.35525e-24
-8.40188e-21 6.31518e-24
-8.40217e-21 6.19953e-24
-8.40281e-21 6.11532e-24
-8.40211e-21 6.04201e-24
-8.40173e-21 5.94316e-24
-8.40169e-21 5.83619e-24
-8.40199e-21 5.7408e-24
-8.40366e-21 5.88249e-24
-8.40254e-21 5.88907e-24
-8.40187e-21 5.82959e-24
-8.40145e-21 5.74806e-24
-8.40135e-21 5.6555e-24
-8.40198e-21 5.59997e-24
-8.40236e-21 5.52502e-24
-8.40348e-21 5.554e-24
-8.40311e-21 5.48167e-24
-8.40387e-21 5.4518e-24
-8.40382e-21 5.37125e-24
-8.4057e-21 5.61608e-24
-8.40539e-21 5.54352e-24
-8.40617e-21 5.519e-24
-8.4055e-21 5.4827e-24
-8.4054e-21 5.40786e-24
-8.40526e-21 5.33622e-24
-8.40466e-21 5.29932e-24
-8.40448e-21 5.23207e-24
-8.4044e-21 5.1643e-24
-8.40393e-21 5.11938e-24
-8.40331e-21 5.09174e-24
-8.40349e-21 5.03074e-24
-8.40338e-21 4.96926e-24
-8.40279e-21 4.94384e-24
-8.40197e-21 4.95201e-24
-8.40241e-21 4.91199e-24
-8.40285e-21 4.87406e-24
-8.40344e-21 4.8531e-24
-8.4039e-21 4.81899e-24
-8.40412e-21 4.76881e-24
-8.40355e-21 4.74863e-24
-8.40463e-21 4.8176e-24
-8.40533e-21 4.81485e-24
-8.40491e-21 4.78056e-24
-8.40426e-21 4.7728e-24
-8.40447e-21 4.72644e-24
-8.4043e-21 4.67982e-24
-8.40456e-21 4.63846e-24
-8.4045e-21 4.59086e-24
-8.4045e-21 4.54378e-24
-8.40512e-21 4.53964e-24
-8.40542e-21 4.50391e-24
