128.208 0
126.478 1.72984
126.201 1.03652
125.719 0.877206
125.396 0.752295
125.487 0.620983
125.076 0.666779
124.789 0.644772
125.022 0.614497
125.082 0.55295
125.153 0.505081
125.034 0.476178
124.935 0.448943
124.821 0.430994
124.966 0.42663
125.062 0.41031
125.04 0.386012
124.801 0.435534
124.61 0.454028
124.615 0.430754
124.724 0.423989
124.614 0.418869
124.638 0.400974
124.636 0.383912
124.634 0.368241
124.49 0.381838
124.537 0.370407
124.567 0.358166
124.62 0.349674
124.597 0.33861
124.577 0.328077
124.593 0.318054
124.689 0.32277
124.616 0.321399
124.61 0.312152
124.674 0.310111
124.606 0.309245
124.621 0.301386
124.723 0.310622
124.753 0.304308
124.823 0.30488
124.788 0.299567
124.789 0.292519
124.757 0.287643
124.821 0.288491
124.964 0.316188
124.952 0.309629
124.892 0.309045
124.903 0.302873
124.947 0.300104
124.897 0.298499
124.914 0.293252
124.943 0.289096
124.907 0.286001
124.888 0.281384
124.886 0.276319
124.9 0.271749
124.977 0.277906
124.921 0.278807
124.891 0.275719
124.875 0.271662
124.869 0.267293
124.9 0.264801
124.92 0.261414
124.973 0.26269
124.956 0.259269
124.99 0.257689
124.989 0.253876
125.076 0.264961
125.061 0.261599
125.095 0.260138
125.064 0.25836
125.06 0.254818
125.055 0.251407
125.03 0.249299
125.021 0.246152
125.02 0.242936
124.997 0.240932
124.968 0.239613
124.974 0.236686
124.97 0.233783
124.941 0.23273
124.903 0.233012
124.926 0.231301
124.947 0.229589
124.976 0.228732
124.998 0.227104
125.005 0.224645
124.976 0.224039
125.026 0.227162
125.059 0.227009
125.039 0.225419
125.007 0.225259
125.02 0.223211
125.012 0.22097
125.027 0.219141
125.023 0.216913
125.02 0.214699
125.05 0.2145
125.063 0.212772
