646476 0
657219 10743.1
666636 11276.3
681996 17306.6
682893 13435.6
700233 20519
713271 21695.9
725021 22160.9
722401 19718.9
726460 18098.1
722756 16784.2
725575 15579.1
725449 14331.2
730230 14103.1
724401 14365.2
722542 13565.4
725552 13093
733884 14893.1
738650 14871.9
738372 14111.4
734118 14080.8
739047 14301.9
739462 13672.2
740493 13130.7
741222 12615.6
744243 12491.4
742110 12207.6
740735 11843.7
740413 11432.5
739312 11099.5
738465 10768.9
739162 10450.2
738829 10134.1
741454 10175.8
739870 10006.8
739560 9729.86
740806 9544.89
740154 9313.11
737490 9454.26
737021 9226.84
735254 9170.82
735713 8961.6
734830 8795.18
734484 8599.92
731682 8861.32
727942 9439.19
727636 9241.25
729768 9294.65
729677 9103.45
728911 8952.34
730282 8881.55
729312 8762.97
728498 8634.45
728593 8473.57
728306 8323.03
727937 8181.37
727760 8038.49
725178 8310.04
725909 8200.62
726341 8074.32
726655 7947.06
726971 7824.22
726706 7703.58
727195 7598.02
726003 7574.5
726904 7512.98
725869 7471.98
726936 7438.29
725025 7574.93
725329 7472.14
724009 7483.61
724975 7441.98
724852 7340.36
724688 7242.34
725590 7201.79
725838 7110.71
726488 7047.85
726346 6958.35
726662 6876.97
726531 6791.74
726589 6707.62
726896 6632.42
727253 6561.75
726945 6490.51
726360 6440.24
725737 6395.39
725742 6321.46
725027 6289.99
725332 6226.36
724141 6270.92
723638 6221.99
724269 6186.23
724714 6135.53
724888 6072.39
724980 6008.84
724934 5946.09
724805 5885.89
724328 5845
723666 5823.46
723774 5765.94
