3.6325e+07 0
3.58543e+07 470650
3.57866e+07 280052
3.56678e+07 230912
3.55788e+07 199764
3.56216e+07 168610
3.55201e+07 174905
3.54521e+07 166067
3.55143e+07 159120
3.55352e+07 143850
3.55511e+07 131081
3.55208e+07 123434
3.54932e+07 116830
3.54663e+07 111470
3.55008e+07 109364
3.55255e+07 105235
3.55226e+07 98895
3.54643e+07 109938
3.5416e+07 114678
3.5417e+07 108798
3.54431e+07 106725
3.54175e+07 104927
3.54246e+07 100515
3.5425e+07 96236.7
3.54251e+07 92307.1
3.53881e+07 96075.2
3.53991e+07 93091.5
3.54059e+07 89969.2
3.54204e+07 88013.6
3.54129e+07 85363.5
3.54067e+07 82799.1
3.54118e+07 80332.3
3.54381e+07 82178.9
3.54205e+07 81629.8
3.54171e+07 79337.4
3.54347e+07 79086
3.54169e+07 78941.5
3.54206e+07 76920.7
3.54461e+07 79173.1
3.54542e+07 77589.2
3.54719e+07 77703
3.54626e+07 76391.4
3.5462e+07 74596
3.54526e+07 73485.7
3.54678e+07 73416.2
3.55038e+07 80310.3
3.55e+07 78670.5
3.54854e+07 78393.6
3.54884e+07 76834.7
3.55001e+07 76182.8
3.54873e+07 75752.9
3.54913e+07 74390.7
3.54985e+07 73326
3.54885e+07 72646.7
3.5483e+07 71527.5
3.54821e+07 70243.9
3.54856e+07 69089.2
3.55045e+07 70455.5
3.54897e+07 70817.7
3.54819e+07 70064.7
3.54776e+07 69039
3.54765e+07 67925.3
3.54848e+07 67349
3.54909e+07 66569.8
3.55043e+07 66905.4
3.55004e+07 66003.1
3.55089e+07 65572.1
3.55096e+07 64604
3.5532e+07 67480.1
3.5528e+07 66627.3
3.55362e+07 66189.5
3.55285e+07 65710.3
3.55275e+07 64812.2
3.55259e+07 63951.6
3.55198e+07 63385.8
3.55176e+07 62584.2
3.55179e+07 61767.1
3.55113e+07 61329.4
3.55036e+07 61039.4
3.55052e+07 60294.3
3.55041e+07 59555.5
3.54964e+07 59335.3
3.54862e+07 59495.1
3.54921e+07 59078.3
3.54975e+07 58632.9
3.55049e+07 58418.7
3.55109e+07 58051.8
3.55124e+07 57407.2
3.55045e+07 57300.9
3.55173e+07 58086.5
3.55259e+07 58081.6
3.55209e+07 57658.8
3.55125e+07 57657.4
3.55162e+07 57160.9
3.55143e+07 56589.6
3.55183e+07 56140.2
3.55169e+07 55574.5
3.55158e+07 55015.1
3.55233e+07 54961.1
3.55271e+07 54545.5
