-5.82162e-21 0
-5.82084e-21 7.79898e-25
-5.81964e-21 1.27747e-24
-5.81916e-21 1.02505e-24
-5.81864e-21 9.4699e-25
-5.81821e-21 8.84727e-25
-5.81826e-21 7.49091e-25
-5.81786e-21 7.62062e-25
-5.81775e-21 6.8046e-25
-5.81772e-21 6.09493e-25
-5.81745e-21 6.15597e-25
-5.81744e-21 5.61999e-25
-5.81749e-21 5.191e-25
-5.81729e-21 5.19466e-25
-5.81734e-21 4.8631e-25
-5.81712e-21 5.06242e-25
-5.81704e-21 4.82704e-25
-5.81676e-21 5.33199e-25
-5.81668e-21 5.10406e-25
-5.8167e-21 4.84488e-25
-5.81677e-21 4.67326e-25
-5.81659e-21 4.80229e-25
-5.81643e-21 4.87447e-25
-5.81628e-21 4.88805e-25
-5.81618e-21 4.79197e-25
-5.81611e-21 4.67104e-25
-5.81615e-21 4.5123e-25
-5.8162e-21 4.38327e-25
-5.81619e-21 4.2301e-25
-5.81624e-21 4.11204e-25
-5.81634e-21 4.1061e-25
-5.8164e-21 4.0228e-25
-5.81641e-21 3.89911e-25
-5.81638e-21 3.78992e-25
-5.81641e-21 3.68811e-25
-5.81635e-21 3.62347e-25
-5.81628e-21 3.59518e-25
-5.81619e-21 3.61021e-25
-5.81616e-21 3.53088e-25
-5.8162e-21 3.46285e-25
-5.81613e-21 3.4549e-25
-5.81616e-21 3.38398e-25
-5.81616e-21 3.30489e-25
-5.8162e-21 3.25473e-25
-5.81633e-21 3.4351e-25
-5.81646e-21 3.59416e-25
-5.81644e-21 3.52426e-25
-5.81645e-21 3.45236e-25
-5.81647e-21 3.389e-25
-5.8165e-21 3.33571e-25
-5.81652e-21 3.27192e-25
-5.81644e-21 3.30017e-25
-5.81649e-21 3.27314e-25
-5.81654e-21 3.24761e-25
-5.81655e-21 3.19029e-25
-5.81655e-21 3.13288e-25
-5.81657e-21 3.08989e-25
-5.81665e-21 3.12567e-25
-5.81669e-21 3.09566e-25
-5.81662e-21 3.11041e-25
-5.81655e-21 3.14096e-25
-5.81655e-21 3.09016e-25
-5.81654e-21 3.04258e-25
-5.81651e-21 3.01629e-25
-5.81654e-21 2.98762e-25
-5.81653e-21 2.94301e-25
-5.81657e-21 2.92796e-25
-5.81656e-21 2.89091e-25
-5.81663e-21 2.93564e-25
-5.81664e-21 2.89747e-25
-5.81671e-21 2.9279e-25
-5.81668e-21 2.90013e-25
-5.81665e-21 2.87041e-25
-5.81662e-21 2.85081e-25
-5.81653e-21 2.94154e-25
-5.81654e-21 2.90301e-25
-5.81648e-21 2.92414e-25
-5.81649e-21 2.8887e-25
-5.81647e-21 2.85828e-25
-5.81652e-21 2.85348e-25
-5.8165e-21 2.82162e-25
-5.81651e-21 2.78837e-25
-5.81648e-21 2.77537e-25
-5.81645e-21 2.75567e-25
-5.81644e-21 2.7236e-25
-5.81644e-21 2.69266e-25
-5.81645e-21 2.66617e-25
-5.81651e-21 2.68982e-25
-5.81655e-21 2.6939e-25
-5.81659e-21 2.68989e-25
-5.81661e-21 2.66767e-25
-5.8166e-21 2.6388e-25
-5.81662e-21 2.61479e-25
-5.81657e-21 2.6387e-25
-5.81654e-21 2.62399e-25
-5.8165e-21 2.62025e-25
-5.81653e-21 2.60451e-25
-5.81658e-21 2.63015e-25
-5.81659e-21 2.60727e-25
-5.81661e-21 2.58821e-25
