7.72038 0
7.70713 0.0132536
7.71318 0.00975918
7.71521 0.00719086
7.70494 0.0116829
7.70585 0.0095831
7.71196 0.0101453
7.71318 0.00886979
7.71191 0.00792545
7.70433 0.0103784
7.70973 0.0108307
7.71161 0.0100654
7.70671 0.0104749
7.70889 0.00993778
7.70473 0.0101416
7.70301 0.00964222
7.7054 0.00936735
7.70356 0.00902005
7.70504 0.00865862
7.70278 0.00851965
7.70409 0.00820984
7.70444 0.00783568
7.70247 0.00774209
7.70225 0.00741581
7.70151 0.00715137
7.70271 0.00697515
7.70437 0.0069146
7.70374 0.00669344
7.70605 0.00685968
7.70619 0.00662856
7.7047 0.00658273
7.70398 0.00641362
7.70298 0.00629674
7.7028 0.00611142
7.70099 0.00620348
7.70116 0.00603102
7.70243 0.00600298
7.702 0.00585872
7.70026 0.0059651
7.69931 0.00589253
7.69929 0.00574704
7.69914 0.00561063
7.69839 0.00552917
7.69874 0.00541341
7.70018 0.00548389
7.70029 0.00536441
7.69995 0.00526008
7.7009 0.00523767
7.70069 0.00513414
7.7006 0.00503124
7.70122 0.00497117
7.70052 0.00492546
7.70053 0.00483165
7.70097 0.00476116
7.70069 0.00468176
7.70035 0.0046104
7.70054 0.00453302
7.69967 0.0045383
7.69975 0.00446144
7.69955 0.00439121
7.70035 0.00439255
7.7004 0.00432138
7.70039 0.00425224
7.70103 0.00423416
7.70057 0.00419393
7.70043 0.00413222
7.70078 0.00408463
7.70121 0.00404744
7.70125 0.00398856
7.70081 0.00395542
7.70022 0.00394455
7.70064 0.00391217
7.70073 0.00385927
7.70021 0.00384188
7.70045 0.00379805
7.70041 0.00374806
7.70049 0.00370004
7.70104 0.00369279
7.70057 0.00367554
7.7004 0.00363325
7.7005 0.00358962
7.70054 0.00354582
7.70042 0.00350497
7.70031 0.0034647
7.70047 0.00342724
7.70064 0.00339122
7.70038 0.00336206
7.70002 0.00334304
7.7002 0.00331022
7.69988 0.00328903
7.69979 0.0032537
7.69935 0.00324795
7.69942 0.00321343
7.69998 0.00322822
7.70015 0.00319856
7.69996 0.00317082
7.69918 0.00323332
7.69948 0.00321477
7.6995 0.00318217
7.69951 0.00315021
