0.797551 0
0.799591 0.00203969
0.798671 0.0014945
0.797589 0.00151243
0.798899 0.00175744
0.798848 0.00143583
0.798354 0.00131013
0.798175 0.00114874
0.798341 0.0010266
0.799336 0.00135414
0.798603 0.00142746
0.798474 0.00130944
0.799068 0.00134279
0.798777 0.00127666
0.79927 0.00128663
0.799332 0.0012051
0.799202 0.00113937
0.799552 0.00112977
0.799293 0.00109953
0.799634 0.00109736
0.799466 0.0010572
0.799424 0.00100888
0.79964 0.000987761
0.79958 0.000947585
0.799712 0.000918435
0.799675 0.000883181
0.799556 0.000858187
0.799733 0.000845827
0.79947 0.00085738
0.799567 0.000833909
0.799752 0.000827461
0.799916 0.000817886
0.800013 0.000798563
0.799922 0.000779955
0.800104 0.000778729
0.800028 0.000760564
0.799911 0.000748959
0.799884 0.000729459
0.800018 0.00072302
0.800033 0.000704865
0.800025 0.000687506
0.800044 0.000671202
0.800148 0.000663737
0.800174 0.000648968
0.800009 0.000655417
0.80007 0.000643881
0.800163 0.000636911
0.799979 0.000650175
0.799943 0.000637749
0.799952 0.000624918
0.799884 0.000616248
0.800024 0.000620359
0.800028 0.000608551
0.800005 0.000597625
0.80001 0.000586684
0.800015 0.000576134
0.799989 0.000566523
0.800125 0.000572956
0.800136 0.000563278
0.800172 0.000554946
0.800139 0.000546748
0.800173 0.000538911
0.800192 0.000530634
0.800117 0.000527719
0.8002 0.00052616
0.800247 0.000520313
0.800256 0.000512564
0.800235 0.000505426
0.800197 0.000499491
0.800232 0.000493568
0.800257 0.000487215
0.800234 0.000480944
0.800213 0.000474774
0.800257 0.000470292
0.800216 0.000465743
0.800208 0.000459644
0.800201 0.000453692
0.800158 0.000449928
0.800201 0.000446308
0.800218 0.000441024
0.800195 0.000436155
0.800188 0.000430856
0.800174 0.000425886
0.800165 0.000420871
0.800141 0.000416578
0.800125 0.00041201
0.800152 0.000408093
0.800211 0.000407748
0.800187 0.000403834
0.800216 0.000400337
0.800228 0.000396101
0.800285 0.000395908
0.800258 0.000392578
0.800164 0.000399433
0.800117 0.000398019
0.800121 0.000393872
0.800205 0.000398695
0.800166 0.000396472
0.800194 0.000393392
0.800203 0.000389547
