-6.32796 0
-6.32744 0.000520671
-6.32692 0.000600739
-6.32675 0.000457751
-6.32678 0.000356078
-6.32675 0.000292577
-6.32658 0.000298749
-6.3265 0.0002715
-6.32651 0.000239757
-6.3265 0.000214524
-6.32656 0.000201283
-6.32651 0.000189051
-6.32654 0.000176007
-6.32641 0.000208772
-6.32648 0.000205173
-6.32648 0.000192104
-6.32654 0.000187865
-6.32652 0.000178132
-6.3265 0.000169864
-6.32653 0.000164697
-6.32656 0.00016051
-6.32666 0.000179643
-6.32671 0.000180514
-6.32671 0.000172969
-6.32672 0.000166274
-6.32672 0.000159751
-6.32679 0.000170155
-6.3268 0.000164179
-6.32679 0.000158717
-6.32682 0.000155373
-6.32683 0.000150905
-6.32683 0.000146205
-6.32681 0.000144593
-6.32679 0.000140856
-6.32679 0.000136773
-6.32678 0.000133266
-6.32679 0.000129638
-6.32678 0.000126184
-6.32677 0.000123995
-6.32677 0.000120952
-6.32674 0.000123103
-6.32674 0.00012022
-6.32672 0.000119665
-6.32672 0.000116916
-6.32672 0.000114301
-6.32671 0.000112307
-6.3267 0.000110037
-6.32671 0.000107783
-6.32671 0.000105572
-6.32669 0.000104198
-6.3267 0.000102467
-6.32673 0.000104515
-6.32672 0.000103157
-6.3267 0.000103358
-6.32667 0.000106262
-6.32667 0.000104351
-6.32664 0.000106268
-6.32665 0.00010473
-6.32665 0.000102953
-6.32667 0.000103265
-6.32668 0.000101836
-6.32667 0.000100391
-6.32667 9.88971e-05
-6.32668 9.79108e-05
-6.32671 9.86408e-05
-6.32672 9.84175e-05
-6.32673 9.74128e-05
-6.32671 9.88115e-05
-6.32671 9.737e-05
-6.32671 9.59749e-05
-6.32671 9.46691e-05
-6.32671 9.34652e-05
-6.32672 9.25639e-05
-6.3267 9.41576e-05
-6.32667 9.53931e-05
-6.32668 9.42544e-05
-6.32668 9.30441e-05
-6.32668 9.19553e-05
-6.32667 9.12047e-05
-6.32665 9.12336e-05
-6.32667 9.14938e-05
-6.32666 9.07319e-05
-6.32666 8.96361e-05
-6.32667 8.87755e-05
-6.32667 8.77376e-05
-6.32667 8.67287e-05
-6.32667 8.58041e-05
-6.32668 8.4991e-05
-6.32667 8.40548e-05
-6.32667 8.31497e-05
-6.32666 8.27895e-05
-6.32665 8.35935e-05
-6.32664 8.27305e-05
-6.32665 8.19032e-05
-6.32664 8.1089e-05
-6.32664 8.0485e-05
-6.32664 7.9821e-05
-6.32664 7.90634e-05
-6.32665 7.89423e-05
-6.32666 7.89026e-05
