0.0115332	0	0
0.0345996	0	0
0.0576661	0	0
0.0807325	0	0
0.103799	0	0
0.126865	0	0
0.149932	0	0
0.172998	0	0
0.196065	0	0
0.219131	0	0
0.242198	0	0
0.265264	0	0
0.28833	0	0
0.311397	0	0
0.334463	0	0
0.35753	0	0
0.380596	0	0
0.403663	0	0
0.426729	0	0
0.449795	0	0
0.472862	0	0
0.495928	0	0
0.518995	0	0
0.542061	0	0
0.565128	0	0
0.588194	0	0
0.61126	0	0
0.634327	0	0
0.657393	0	0
0.68046	0	0
0.703526	0	0
0.726593	0	0
0.749659	0	0
0.772725	0	0
0.795792	0	0
0.818858	0	0
0.841925	0	0
0.864991	0	0
0.888058	0.000125189	4.9155e-05
0.911124	0.00344899	0.000301645
0.93419	0.0487126	0.00102917
0.957257	0.309638	0.00228581
0.980323	1.03946	0.00412139
1.00339	2.2691	0.00649282
1.02646	3.63729	0.00752761
1.04952	4.58678	0.00884941
1.07259	4.85576	0.00919734
1.09566	4.44077	0.00876208
1.11872	3.62699	0.00888972
1.14179	2.69189	0.00783651
1.16485	1.82478	0.00608071
1.18792	1.15405	0.00457465
1.21099	0.669588	0.00354295
1.23405	0.368122	0.00275427
1.25712	0.18289	0.00210201
1.28019	0.0899301	0.0015638
1.30325	0.0491681	0.00123368
1.32632	0.043128	0.00108791
1.34939	0.0648101	0.00135552
1.37245	0.10849	0.00168535
1.39552	0.185859	0.00204335
1.41859	0.303447	0.00220771
1.44165	0.454223	0.00242519
1.46472	0.629658	0.00285155
1.48778	0.790972	0.00317614
1.51085	0.913739	0.0039739
1.53392	0.965685	0.00400497
1.55698	0.922462	0.00379782
1.58005	0.807383	0.00333129
1.60312	0.644163	0.00272411
1.62618	0.465624	0.00228327
1.64925	0.320062	0.00200932
1.67232	0.224245	0.00200791
1.69538	0.198215	0.00232296
1.71845	0.267083	0.00233992
1.74152	0.448299	0.00280487
1.76458	0.759738	0.00312582
1.78765	1.20723	0.00330767
1.81071	1.72824	0.00387472
1.83378	2.21536	0.00454125
1.85685	2.57391	0.0048744
1.87991	2.6875	0.0060203
1.90298	2.53787	0.00522101
1.92605	2.17462	0.00423077
1.94911	1.68927	0.00385427
1.97218	1.2102	0.00304741
1.99525	0.817136	0.00271519
2.01831	0.559307	0.00295553
2.04138	0.444303	0.00262986
2.06445	0.469389	0.00237744
2.08751	0.591738	0.00220704
2.11058	0.757424	0.0019817
2.13364	0.909714	0.00250638
2.15671	1.00003	0.00247381
2.17978	1.0051	0.00241954
2.20284	0.9171	0.00237963
2.22591	0.788521	0.00222657
2.24898	0.659605	0.00226037
2.27204	0.581332	0.00289088
2.29511	0.580692	0.00317845
