-0.0351882
-0.0355421
-0.035788
-0.0361801
-0.0367315
-0.037191
-0.0376529
-0.038116
-0.0386051
-0.0390426
-0.0395232
-0.0402262
-0.0406538
-0.0407038
-0.0414799
-0.0419315
-0.0426555
-0.0428314
-0.0426589
-0.0433041
-0.0438506
-0.0444084
-0.044823
-0.0453213
-0.0458174
-0.0470456
-0.0477707
-0.0491932
-0.0490633
-0.0498356
-0.0507364
-0.0533489
-0.0529585
-0.0564587
-0.0569712
-0.0561904
-0.0577982
-0.0566137
-0.0584312
-0.0586771
-0.0594066
-0.0627525
-0.0641016
-0.0665869
-0.0670289
-0.0659075
-0.0659081
-0.0685973
-0.0736971
-0.0736225
-0.0725186
-0.0714931
-0.0718735
-0.0716004
-0.070439
-0.069715
-0.0734394
-0.0769781
-0.0781321
-0.0762891
-0.0779158
-0.0778781
-0.0806109
-0.0880682
-0.087006
-0.0821957
-0.0846054
-0.0837422
-0.0817346
-0.0863351
-0.0865361
-0.0859728
-0.089966
-0.090976
-0.0956702
-0.0934154
-0.0942969
-0.0974216
-0.0976922
-0.095792
-0.100398
-0.105742
-0.110471
-0.107623
-0.11167
-0.11276
-0.107407
-0.116554
-0.114434
-0.116763
-0.113549
-0.11076
-0.115115
-0.11092
-0.115833
-0.119578
-0.133248
-0.133449
-0.137911
-0.145778
-0.141854
-0.13597
-0.142978
-0.14093
-0.133306
-0.142119
-0.140623
-0.140828
-0.147473
-0.1523
-0.151092
-0.154487
-0.168756
-0.173939
-0.17905
-0.178858
-0.178061
-0.192627
-0.191948
-0.185909
-0.191776
-0.180988
-0.18092
-0.186569
-0.191953
-0.194208
-0.188889
-0.19381
-0.183406
-0.173915
-0.19194
-0.19725
-0.206014
-0.203443
-0.181043
-0.206624
-0.210587
-0.206536
-0.198214
-0.191291
-0.204115
-0.19912
-0.198805
-0.20277
-0.203651
-0.193293
-0.211469
-0.212697
-0.209956
-0.219337
-0.212408
-0.21288
-0.216542
-0.207241
-0.210695
-0.19928
-0.223123
-0.231856
-0.229305
-0.21115
-0.216312
-0.228518
-0.233288
-0.241653
-0.226819
-0.23748
-0.249482
-0.224211
-0.223527
-0.21932
-0.225751
-0.216
-0.214501
-0.236571
-0.245932
-0.241111
-0.224482
-0.248163
-0.249898
-0.248886
-0.251943
-0.252624
-0.247918
-0.250421
-0.248664
-0.233522
-0.216483
-0.225059
-0.234199
-0.240597
-0.238967
-0.23462
-0.242727
-0.236106
-0.238852
-0.244654
-0.248249
-0.248541
-0.2546
-0.249282
-0.243125
-0.253838
-0.252208
-0.248885
-0.24088
-0.21104
-0.192588
-0.196161
-0.23435
-0.240801
-0.234296
-0.2476
-0.256126
-0.230193
-0.241321
-0.245777
-0.239971
-0.245461
-0.244311
-0.243391
-0.241371
-0.232979
-0.240352
-0.238696
-0.251542
-0.264126
-0.265915
-0.266558
-0.26568
-0.263006
-0.235227
-0.241254
-0.244061
-0.255832
-0.26491
-0.262413
-0.237295
-0.231174
-0.248067
-0.267315
-0.274446
-0.265596
-0.266384
-0.270226
-0.259638
-0.281578
-0.269635
-0.258517
-0.278725
-0.281206
-0.275707
-0.267187
-0.275432
-0.275657
-0.261884
-0.249217
-0.248803
-0.286275
-0.285627
-0.286825
-0.263423
-0.278822
-0.278159
-0.267349
-0.265076
-0.254244
-0.279914
-0.280413
-0.25308
-0.276188
-0.277304
-0.282942
-0.294952
-0.300264
-0.291123
-0.295693
-0.288883
-0.267806
-0.248746
-0.259192
-0.2807
-0.289019
-0.278473
-0.279565
-0.281951
-0.278122
-0.291916
-0.304307
-0.298281
-0.281579
-0.294831
-0.309624
-0.311088
-0.327033
-0.325444
-0.267108
-0.233974
-0.267061
-0.28244
-0.3059
-0.296903
-0.292453
-0.31205
-0.31895
-0.32584
-0.308863
-0.282334
-0.290882
-0.308897
-0.303862
-0.30464
-0.314091
-0.319254
-0.322528
-0.324344
-0.326962
-0.312069
-0.319706
-0.302359
-0.320659
-0.327756
-0.313375
-0.31993
-0.336036
-0.33116
-0.355632
-0.344283
-0.357872
-0.352785
-0.357375
-0.364399
-0.377724
-0.388701
-0.382529
-0.380832
-0.367121
-0.345232
-0.348476
-0.363572
-0.367772
-0.383533
-0.364167
-0.385182
-0.381442
-0.375983
-0.379516
-0.395006
-0.401919
-0.366786
-0.360226
-0.340768
-0.377575
-0.400399
-0.39452
-0.393641
-0.390851
-0.396987
-0.400038
-0.398917
-0.384501
-0.391418
-0.376179
-0.388931
-0.374595
-0.384172
-0.391513
-0.390624
-0.386547
-0.380606
-0.386462
-0.37347
-0.374023
-0.367791
-0.370768
-0.378357
-0.38346
-0.370862
-0.35766
-0.38408
-0.401708
-0.391428
-0.384548
-0.376401
-0.377407
-0.374971
-0.354308
-0.335388
-0.342534
-0.375728
-0.384123
-0.374475
-0.364048
-0.376495
-0.398934
-0.387304
-0.381048
-0.376522
-0.381335
-0.374206
-0.375851
-0.371975
-0.387779
-0.379277
-0.405901
-0.367758
-0.369702
-0.358945
-0.384586
-0.405267
-0.408281
-0.40762
-0.395404
-0.399101
-0.382113
-0.377708
-0.396249
-0.394053
-0.376538
-0.37517
-0.394608
-0.391471
-0.39046
-0.38279
-0.389239
-0.38254
-0.348251
-0.335262
-0.376068
-0.381615
-0.367392
-0.357356
-0.359326
-0.362782
-0.368102
-0.357911
-0.35494
-0.358882
-0.357286
-0.36157
-0.331918
-0.367805
-0.363919
-0.370951
-0.370766
-0.355311
-0.372483
-0.343357
-0.355986
-0.360075
-0.358015
-0.343381
-0.303011
-0.356925
-0.351996
-0.351594
-0.355661
-0.337773
-0.341008
-0.323722
-0.34321
-0.334673
-0.366686
-0.372423
-0.355678
-0.351516
-0.331982
-0.358127
-0.36921
-0.381425
-0.388386
-0.385314
-0.384423
-0.370129
-0.368177
-0.377038
-0.34803
-0.366099
-0.367294
-0.358474
-0.379535
-0.350286
-0.369981
-0.332334
-0.339825
-0.301616
-0.30824
-0.369057
-0.358008
-0.353924
-0.319236
-0.312101
-0.323832
-0.314715
-0.319104
-0.324644
-0.327754
-0.312567
-0.299632
-0.280858
-0.304872
-0.329506
-0.334845
-0.326776
-0.330384
-0.343019
-0.31145
-0.294184
-0.335024
-0.347362
-0.331543
-0.330586
-0.308772
-0.307171
-0.295573
-0.29695
-0.302866
-0.303046
-0.326013
-0.318659
-0.309953
-0.299435
-0.308296
-0.341034
-0.341983
-0.340284
-0.34285
-0.345406
-0.335112
-0.354224
-0.339418
-0.364685
-0.355085
-0.3595
-0.379311
-0.376905
-0.338929
-0.329768
-0.352569
-0.339783
-0.333838
-0.336844
-0.34091
-0.343016
-0.312698
-0.311656
-0.341548
-0.347135
-0.35221
-0.371186
-0.384248
-0.402844
-0.402058
-0.378087
-0.367406
-0.381546
-0.361112
-0.359951
-0.33323
-0.346878
-0.373669
-0.372944
-0.379461
-0.365078
-0.364999
-0.336289
-0.39287
-0.352032
-0.382266
-0.394525
-0.375881
-0.400726
-0.391306
-0.385952
-0.401769
-0.386978
-0.377392
-0.390489
-0.399892
-0.412557
-0.398063
-0.382993
-0.382206
-0.394417
-0.409531
-0.398256
-0.396362
-0.406988
-0.406307
-0.399433
-0.415882
-0.393503
-0.396447
-0.377569
-0.387651
-0.36196
-0.359877
-0.399082
-0.390441
-0.377827
-0.378243
-0.368839
-0.353925
-0.357532
-0.36361
-0.354148
-0.366773
-0.367304
-0.371128
-0.37797
-0.360957
-0.334372
-0.371634
-0.38645
-0.376125
-0.376289
-0.352931
-0.341698
-0.359465
-0.371357
-0.374374
-0.375348
-0.388465
-0.404446
-0.404714
-0.372522
-0.367784
-0.392318
-0.381501
-0.380623
-0.378956
-0.393866
-0.360387
-0.365941
-0.34206
-0.353881
-0.326097
-0.323161
-0.35491
-0.350605
-0.362572
-0.358123
-0.380955
-0.365942
-0.345019
-0.367387
-0.369124
-0.375403
-0.356356
-0.346313
-0.378349
-0.358247
-0.361234
-0.317117
-0.349973
-0.380968
-0.38499
-0.35485
-0.377436
-0.380459
-0.380609
-0.373958
-0.373033
-0.369131
-0.365914
-0.36766
-0.373275
-0.354926
-0.368551
-0.346443
-0.353926
-0.333999
-0.328561
-0.280119
-0.274951
-0.320007
-0.31755
-0.332792
-0.34886
-0.307686
-0.302655
-0.287454
-0.339275
-0.350205
-0.361462
-0.337685
-0.354849
-0.378495
-0.383099
-0.360287
-0.382732
-0.348004
-0.343796
-0.343316
-0.358459
-0.342592
-0.344961
-0.338669
-0.344781
-0.331413
-0.341632
-0.317393
-0.304285
-0.323097
-0.316094
-0.314416
-0.304978
-0.30153
-0.307868
-0.285705
-0.297494
-0.293428
-0.295133
-0.288533
-0.303106
-0.310752
-0.316138
-0.315603
-0.321463
-0.330083
-0.314495
-0.321628
-0.320737
-0.320929
-0.31716
-0.328849
-0.302956
-0.31453
-0.315591
-0.290833
-0.268089
-0.284499
-0.255034
-0.313816
-0.296045
-0.303861
-0.317575
-0.323801
-0.325056
-0.328073
-0.324187
-0.316321
-0.341381
-0.325636
-0.322776
-0.313164
-0.342033
-0.339211
-0.328092
-0.356799
-0.353127
-0.337451
-0.325552
-0.330269
-0.328648
-0.324704
-0.326056
-0.343915
-0.322369
-0.336238
-0.332382
-0.338789
-0.361303
-0.357496
-0.365698
-0.351241
-0.358638
-0.333202
-0.340955
-0.317043
-0.301328
-0.293422
-0.329269
-0.336788
-0.349578
-0.34044
-0.360828
-0.358611
-0.336463
-0.305112
-0.30653
-0.3244
-0.333384
-0.338922
-0.342879
-0.322827
-0.346797
-0.35509
-0.346859
-0.328741
-0.337701
-0.285679
-0.308472
-0.321883
-0.343086
-0.355044
-0.328348
-0.33669
-0.313813
-0.322939
-0.332257
-0.335301
-0.321156
-0.34485
-0.338541
-0.352284
-0.323338
-0.329893
-0.331785
-0.344432
-0.330843
-0.322072
-0.325403
-0.320613
-0.314088
-0.3303
-0.346769
-0.346025
-0.353262
-0.348737
-0.347304
-0.344962
-0.325953
-0.325593
-0.323881
-0.349883
-0.35686
-0.339173
-0.348941
-0.347969
-0.339079
-0.364487
-0.365451
-0.358846
-0.340448
-0.316128
-0.328901
-0.34697
-0.355684
-0.362614
-0.377692
-0.36386
-0.373807
-0.368502
-0.355145
-0.378511
-0.358172
-0.355396
-0.367773
-0.347235
-0.346031
-0.354407
-0.349659
-0.366966
-0.377177
-0.367128
-0.366148
-0.347523
-0.327963
-0.335766
-0.370119
-0.35798
-0.366903
-0.36425
-0.339994
-0.363193
-0.347897
-0.356864
-0.369012
-0.403284
-0.408101
-0.406177
-0.396506
-0.402633
-0.380505
-0.379349
-0.397198
-0.405371
-0.413847
-0.401726
-0.389642
-0.398274
-0.411659
-0.413351
-0.397915
-0.378509
-0.372917
-0.403623
-0.403319
-0.400662
-0.378479
-0.353641
-0.371681
-0.38446
-0.375063
-0.389162
-0.380025
-0.354921
-0.368176
-0.384551
-0.34784
-0.320978
-0.343905
-0.356348
-0.347339
-0.359352
-0.359481
-0.353815
-0.32961
-0.348725
-0.346131
-0.351869
-0.359828
-0.36513
-0.359998
-0.36622
-0.391733
-0.391747
-0.378999
-0.379138
-0.380922
-0.372141
-0.364414
-0.358293
-0.35642
-0.356755
-0.37008
-0.354336
-0.334586
-0.330372
-0.355695
-0.371889
-0.386823
-0.383485
-0.359958
-0.4024
-0.402155
-0.406033
-0.419378
-0.407986
-0.414424
-0.398625
-0.401198
-0.416152
-0.404974
-0.423297
-0.429982
-0.440614
-0.418613
-0.435807
-0.423425
-0.419498
-0.401391
-0.414187
-0.439588
-0.445818
-0.433933
-0.384981
-0.359253
-0.384893
-0.400135
-0.411699
-0.404816
-0.375724
-0.402717
-0.423826
-0.398748
-0.375995
-0.41439
-0.425246
-0.427027
-0.403552
-0.416334
-0.419388
-0.410582
-0.458742
-0.447924
-0.429968
-0.430943
-0.460929
-0.440465
-0.446067
-0.426078
-0.432668
-0.444247
-0.431484
-0.427953
-0.40826
-0.457128
-0.444293
-0.474784
-0.493278
-0.475885
-0.459617
-0.469114
-0.475522
-0.467621
-0.452631
-0.446043
-0.412492
-0.393579
-0.372252
