0.056485
0.0564498
0.0564253
0.0563863
0.0563315
0.0562858
0.0562398
0.0561938
0.0561453
0.0561019
0.0560543
0.0559847
0.055942
0.055937
0.0558603
0.0558155
0.0557441
0.0557265
0.0557437
0.0556798
0.0556261
0.0555712
0.0555305
0.0554828
0.0554349
0.0553146
0.0552431
0.0551058
0.0551168
0.0550419
0.0549529
0.0547116
0.0547416
0.0544202
0.0543582
0.054429
0.0542899
0.0543947
0.0542256
0.0541985
0.0541483
0.0538743
0.0537913
0.053606
0.0535168
0.0535947
0.0535993
0.053436
0.053412
0.0533649
0.0531431
0.0530899
0.0530061
0.0530087
0.0531044
0.0531645
0.0528433
0.052518
0.0524109
0.0525656
0.0524367
0.0524603
0.0523336
0.0519284
0.0518191
0.0521091
0.0521218
0.0521726
0.0521814
0.0518687
0.0517434
0.0517929
0.0514321
0.0513555
0.0513652
0.0514682
0.0510437
0.0510339
0.0511592
0.0510059
0.0508572
0.0502423
0.0512124
0.0509274
0.0519481
0.0510336
0.0533803
0.0499975
0.0500019
0.0505893
0.0496884
0.0497764
0.0493702
0.0495272
0.0491958
0.0490448
0.0485746
0.0504314
0.0503628
0.0519713
0.0522907
0.0542239
0.0522265
0.05224
0.054526
0.0509056
0.0512353
0.0518828
0.0526326
0.0528429
0.0520009
0.054421
0.0514898
0.0523904
0.048756
0.0484629
0.0489805
0.0493331
0.0507561
0.0530946
0.0506697
0.0513146
0.0513014
0.0490184
0.0504423
0.0485867
0.0465442
0.0493707
0.051579
0.0523375
0.0513821
0.0528773
0.0491154
0.0523552
0.056839
0.0531871
0.0522933
0.0527431
0.0566059
0.0596385
0.0544419
0.0541144
0.0515198
0.048654
0.0517474
0.0571978
0.0488624
0.0474171
0.0487522
0.0497288
0.0518912
0.0541681
0.0503009
0.0546851
0.0545202
0.0571418
0.050007
0.0441896
0.0438399
0.0517123
0.049262
0.0473414
0.0522815
0.0469388
0.0520022
0.0520029
0.0490295
0.0569524
0.0552211
0.0561588
0.0503962
0.0526366
0.0509572
0.0453006
0.0441671
0.0471356
0.0552034
0.0458167
0.0468274
0.0468096
0.046757
0.0434583
0.0456696
0.0471092
0.0491057
0.0552713
0.0590061
0.0572697
0.0523359
0.050449
0.048857
0.0490198
0.0476758
0.0517307
0.0460923
0.0484129
0.0488031
0.0498389
0.045833
0.0465292
0.0501979
0.0459449
0.0466914
0.0463552
0.0484414
0.0543638
0.0593551
0.0612333
0.0486343
0.0488647
0.0513938
0.0485723
0.0460552
0.0523107
0.0437326
0.0430782
0.0485854
0.0494233
0.0462059
0.0460387
0.0454803
0.0498362
0.0486099
0.0472052
0.0485066
0.0445108
0.0469746
0.0453923
0.0493508
0.0495699
0.0558912
0.055977
0.0527268
0.0447834
0.0442342
0.0476332
0.0547618
0.0561371
0.0533315
0.04802
0.0426084
0.0486334
0.0486607
0.0505685
0.0552262
0.0494746
0.0518249
0.0559575
0.04967
0.0497086
0.0535233
0.057933
0.0557658
0.0579747
0.0595068
0.0624406
0.0620731
0.0508648
0.0520901
0.0554107
0.0611992
0.0528337
0.0545853
0.0582173
0.0610869
0.0636958
0.0537637
0.0544277
0.0621863
0.0532834
0.0510576
0.0508936
0.0482871
0.0430693
0.0433682
0.0445689
0.0465254
0.0565927
0.0625476
0.0593505
0.052878
0.0503404
0.0533242
0.0503008
0.0472633
0.0497905
0.0499714
0.0467227
0.0541499
0.0607795
0.0574072
0.0589044
0.0590617
0.0503468
0.0537654
0.0699494
0.0774328
0.0674066
0.0647358
0.0593119
0.0617013
0.0628783
0.0551108
0.0512004
0.048314
0.0532958
0.0599165
0.0551193
0.0505848
0.0521542
0.0504202
0.045373
0.0434388
0.0425139
0.0414773
0.0418985
0.0442551
0.0480563
0.0534877
0.0484352
0.0431522
0.0474888
0.0441382
0.0426497
0.0457308
0.0456327
0.0483612
0.0477524
0.0473072
0.0476706
0.0485364
0.0464782
0.0450431
0.0483857
0.0438126
0.0459312
0.0527528
0.0539997
0.045975
0.0475491
0.0440293
0.0525045
0.0514855
0.0450295
0.0479773
0.0539208
0.0473701
0.0475819
0.0594922
0.0637274
0.0655937
0.0561902
0.0488287
0.0450658
0.049738
0.0507378
0.0463058
0.0507154
0.050206
0.0523896
0.0516072
0.054279
0.0526886
0.0502386
0.0485472
0.050176
0.0441436
0.0414461
0.043498
0.0391438
0.0395786
0.0413612
0.0458688
0.0480986
0.041774
0.039498
0.0461291
0.0524135
0.0528056
0.0426409
0.0428555
0.0413633
0.0391995
0.0368609
0.0434472
0.051737
0.0601786
0.0594343
0.0480332
0.0460609
0.0476672
0.0488497
0.0431915
0.0417128
0.0437177
0.0506064
0.0471059
0.0459327
0.0497355
0.0471765
0.047769
0.0468918
0.0546913
0.0484131
0.0592783
0.0596128
0.061581
0.048597
0.0422095
0.042431
0.0410308
0.0457709
0.0457132
0.0497185
0.0497947
0.0430038
0.0409828
0.0423184
0.0401432
0.0363643
0.0374829
0.0375249
0.0387943
0.0405754
0.0364251
0.0414857
0.0464557
0.0384768
0.0360101
0.0402374
0.0450772
0.0404165
0.0424529
0.045742
0.0428758
0.0451793
0.0414599
0.0404573
0.0389637
0.0482553
0.04358
0.0456113
0.0394534
0.0399263
0.0540193
0.0472541
0.0503528
0.0452202
0.0447974
0.0456307
0.0515152
0.0634967
0.0468815
0.0466311
0.0452217
0.0399914
0.0463866
0.0429697
0.0457536
0.0464215
0.0522923
0.0432
0.0416103
0.0506159
0.0557285
0.0624473
0.054677
0.0492256
0.0398954
0.0368555
0.0421349
0.0422447
0.0432993
0.0480974
0.0485063
0.0604743
0.0550662
0.053067
0.0542303
0.0501391
0.0589391
0.051353
0.0608088
0.0601623
0.0730235
0.0733205
0.0533805
0.0539593
0.0469654
0.054193
0.0526594
0.051834
0.0554167
0.0550297
0.0503326
0.0496612
0.0561477
0.0620085
0.0694002
0.0587818
0.0472561
0.0505769
0.0569888
0.053817
0.0472205
0.0524346
0.0553419
0.0469319
0.0424222
0.0503283
0.0454997
0.0522947
0.0467189
0.0486478
0.049328
0.0482362
0.0530196
0.0522402
0.0528514
0.0545497
0.0571034
0.0616184
0.0474048
0.0443645
0.0463179
0.0446566
0.0447911
0.0530802
0.0495509
0.0524024
0.0502262
0.0491499
0.0455612
0.0447851
0.0472276
0.0567987
0.0580433
0.0468489
0.0446168
0.0464223
0.0471092
0.0503723
0.0471081
0.0571163
0.0614181
0.0579507
0.05291
0.0513919
0.0482204
0.0489141
0.0379412
0.0445778
0.0521509
0.053684
0.0478706
0.0534178
0.0547702
0.0621033
0.0565079
0.0502782
0.0538372
0.0500821
0.0548344
0.0527467
0.0617024
0.0473615
0.0553726
0.0460648
0.0467101
0.046516
0.0348508
0.042581
0.0485672
0.0412289
0.050151
0.057411
0.0534398
0.0483413
0.0401334
0.0434352
0.0506574
0.051086
0.0495484
0.0420528
0.0421821
0.0401685
0.042259
0.0476892
0.0470747
0.0471539
0.0489602
0.0470432
0.0478405
0.0532543
0.0563556
0.056715
0.0393723
0.0380025
0.039099
0.0408133
0.0471698
0.0505593
0.0527239
0.0468784
0.0488025
0.0437543
0.0412403
0.0472693
0.0455521
0.0501343
0.0577071
0.0455128
0.0427754
0.0472989
0.0485203
0.0554187
0.0566779
0.0516708
0.050596
0.0484786
0.0444159
0.0427573
0.0401075
0.0398126
0.04848
0.0518441
0.0426027
0.039989
0.0392857
0.0455473
0.0435275
0.0497857
0.0488578
0.0562632
0.0547325
0.0631286
0.0625286
0.0555558
0.0548757
0.0484724
0.0520742
0.043175
0.0452513
0.054436
0.0440023
0.0405765
0.0398472
0.047027
0.0512563
0.0419645
0.0501837
0.0505249
0.0617558
0.0529924
0.0419416
0.0393423
0.0496273
0.0480244
0.0444065
0.0485416
0.0568709
0.0541898
0.0480831
0.0512219
0.0530363
0.05094
0.0576097
0.0512133
0.0585412
0.0564978
0.0632525
0.0598396
0.0730982
0.0706293
0.0597641
0.0640643
0.0618032
0.0573124
0.0758492
0.0786976
0.081154
0.0621152
0.0617277
0.0555759
0.0589321
0.0557617
0.0500718
0.0474873
0.0503934
0.0514491
0.0573905
0.0605874
0.0599825
0.050269
0.0546466
0.0514638
0.0483452
0.045781
0.0472896
0.0409928
0.0485129
0.0538698
0.0441103
0.0423374
0.0465808
0.0485024
0.0450264
0.0418665
0.0498599
0.0463465
0.0427449
0.041327
0.0426019
0.0436315
0.0419928
0.0409608
0.0404265
0.0406353
0.0382868
0.0475186
0.0501317
0.0505083
0.0498304
0.0493032
0.0446015
0.0510505
0.0443302
0.0488412
0.0583516
0.0611533
0.0536206
0.0668366
0.0510762
0.0534705
0.050026
0.0470371
0.0433516
0.0438164
0.0444446
0.0436957
0.0469215
0.0453365
0.0550964
0.0570935
0.06011
0.0515418
0.0531095
0.0553663
0.0449129
0.04359
0.0472034
0.0527638
0.0565148
0.0550904
0.0539505
0.0518676
0.0427286
0.0558205
0.047761
0.0457951
0.0498164
0.0433415
0.04392
0.0410116
0.0460915
0.0441469
0.054074
0.050769
0.062202
0.0689997
0.0661331
0.052517
0.0495382
0.0452099
0.0501143
0.0462486
0.040644
0.0432053
0.0489038
0.0439461
0.0390358
0.0421974
0.0421591
0.0403408
0.0498009
0.0393759
0.0408884
0.0418514
0.0485743
0.0477353
0.0598729
0.0559408
0.0527206
0.0490828
0.0460033
0.0516939
0.0492842
0.0576512
0.0563893
0.0502295
0.05338
0.0593012
0.0527829
0.0486009
0.044583
0.0577807
0.0523431
0.0491814
0.0467316
0.0463916
0.0501178
0.0489519
0.0457294
0.0551219
0.0521306
0.0494844
0.0480772
0.0420039
0.044394
0.0428037
0.0454273
0.0555777
0.0565026
0.053005
0.0511613
0.0493554
0.0505386
0.0492787
0.0489077
0.049942
0.046031
0.0510325
0.0483327
0.052123
0.0603308
0.0560541
0.0519213
0.0506665
0.044775
0.0442856
0.0475368
0.0462194
0.0464849
0.0501532
0.0520763
0.0541878
0.0565436
0.0468584
0.0509185
0.0521218
0.0482551
0.0489615
0.0502324
0.0466921
0.0422377
0.0442266
0.0503348
0.0609
0.0591461
0.0477114
0.0522867
0.0477156
0.0532932
0.0608316
0.0535298
0.0564962
0.057135
0.0486728
0.0417245
0.0434734
0.0431991
0.0521366
0.0474042
0.0556666
0.0558879
0.0523993
0.0515291
0.0419675
0.0505681
0.0491685
0.0473092
0.0406168
0.0401358
0.0501827
0.0532492
0.0591238
0.05035
0.0543317
0.0511328
0.0489355
0.0473176
0.042126
0.0383354
0.0418205
0.0417288
0.0451074
0.050313
0.0469566
0.0455663
0.056256
0.0596806
0.0534991
0.0526512
0.0527169
0.0466019
0.0435248
0.0450045
0.0470291
0.0471146
0.0460393
0.0428145
0.0396289
0.0408317
0.0468087
0.0452691
0.0419353
0.040501
0.0404352
0.039196
0.0371381
0.0421855
0.0456808
0.0454513
0.0455534
0.044537
0.040811
0.0460146
0.0525378
0.0569835
0.0556063
0.0533873
0.0463327
0.0481987
0.0579608
0.056306
0.0550037
0.0502736
0.0453195
0.0557547
0.050768
0.0567411
0.0508527
0.0509713
0.0552145
0.045566
0.0469261
0.0460001
0.0488287
0.0419464
0.0463754
0.0513171
0.0521613
0.0518883
0.0435661
0.0463973
0.0513838
0.0618621
0.0697837
0.0723457
0.0652924
0.0613213
0.0638371
0.0689152
0.0586509
0.0538125
0.0599263
0.0699688
0.0553593
0.0548236
0.0563623
0.0626605
0.0610784
0.056949
0.0653449
0.0534116
0.0535196
0.0552557
0.0581437
0.0551684
0.060781
0.0666234
0.0739374
0.0745557
0.0692646
0.0762534
0.0690951
0.0717799
0.0626043
0.0638891
0.0505775
0.0432387
0.0466166
0.0506231
0.0483556
0.0445156
0.0476608
0.0548266
0.0548027
0.0643788
0.0670886
0.0726655
