-6.01338
-4.85387
-4.04226
-3.22158
-2.62206
-2.25761
-2.34409
-2.02455
-1.55177
-1.78187
-1.60194
-1.10609
-0.701335
-0.584071
-0.310218
-0.620285
-0.602879
-0.471146
-1.04748
-1.28385
-0.770089
-0.397265
-0.209306
-0.225877
-0.420208
-0.331974
-0.585089
-0.832917
-0.462233
-0.204994
0.44041
0.260404
-0.011754
-0.124335
-0.29651
-0.158624
-0.165793
0.0117901
0.176625
-0.0394184
-0.183499
-0.293724
-0.0587248
-0.490049
-0.507159
-0.368313
-0.295191
-0.52357
-0.148294
-0.00738775
-0.204573
0.20804
0.0662646
-0.0436176
-0.108865
-0.583071
-0.690168
-0.801452
-0.886062
-0.535914
-0.561136
-0.609176
-0.160273
0.33773
0.0766244
-0.0471306
0.0504698
-0.185525
-0.571777
-0.150716
0.0473166
0.566636
0.788473
0.753724
0.524884
0.616456
0.0423962
0.49913
0.249171
0.473927
0.872049
1.18686
1.4417
1.04871
0.700536
0.662841
0.526885
0.680266
0.630758
0.588685
0.672504
0.960258
0.748826
0.99467
0.974203
1.09404
1.20937
0.87996
0.879155
0.693311
0.477705
0.350656
0.474478
0.995712
1.26326
1.33875
1.16745
0.72054
0.647179
0.502587
0.593138
0.449805
0.375602
0.14161
0.194642
0.491506
0.434382
0.674779
0.896591
0.376645
0.319963
1.14567
0.918185
1.13975
0.911152
0.935915
0.949516
0.344173
0.396764
0.630168
0.668675
0.36017
0.282598
0.48082
0.454146
0.765952
0.418474
0.201897
0.480018
0.605901
0.561089
0.485534
0.817859
0.795396
0.969998
1.22749
0.987605
1.12321
1.53528
0.588938
0.72465
1.22172
0.81473
0.956756
1.04349
0.815558
0.841422
0.839609
0.759933
1.03253
0.822894
1.14413
1.05218
0.483007
0.15233
-0.0868544
0.410881
0.200066
0.359553
0.590619
0.93583
1.00849
0.755753
0.823292
1.11217
1.8605
1.53558
1.09552
1.12162
0.93363
1.29796
1.02177
1.12689
0.692051
0.441337
1.15313
1.28753
1.5172
1.81011
1.8963
1.67054
2.10554
1.52613
1.15592
1.34327
0.913403
0.781625
0.950793
0.696746
1.05233
0.788405
1.16104
0.520377
1.29446
1.40333
1.61232
1.72221
1.6413
1.4651
1.79163
1.68942
1.45887
1.82448
1.66857
1.02172
1.11127
1.28547
1.96765
2.29822
1.97309
2.18794
1.85634
1.88853
1.51547
1.12694
1.28685
1.07516
1.44875
1.62337
1.51397
1.15916
1.13556
1.3971
1.22263
1.8201
1.46413
1.54154
1.77408
1.72282
1.74813
1.21164
0.999934
0.634429
0.976492
1.71194
1.89652
1.97844
1.59735
1.63314
1.55806
1.3303
1.09484
1.6779
1.63523
1.88384
2.06878
2.56342
1.81584
1.69001
1.4615
1.31404
1.286
1.22638
1.23401
0.974829
1.30658
1.47013
1.40456
1.44002
1.4771
1.506
1.25484
0.97185
1.41545
1.05868
1.09854
1.16869
1.2087
1.3016
1.31068
1.47504
1.32593
1.52675
1.65099
1.18815
1.28412
1.55361
1.85414
1.93846
1.02396
1.22071
1.51557
1.61959
1.31714
1.21342
1.66603
1.36017
1.32087
1.47465
1.79829
1.23258
1.52598
1.54677
1.55272
2.05477
2.00112
2.25581
2.03109
1.75181
1.45313
1.33288
1.07693
1.25767
1.56249
1.77254
1.56975
1.20431
1.17277
1.38422
1.27929
1.09866
1.53502
0.779892
0.959584
0.984003
0.555731
0.860057
0.758206
0.634229
0.515027
1.03027
1.44894
1.5864
1.61835
2.03231
2.31223
2.18711
2.04616
1.88951
1.31423
0.802121
1.26734
1.267
1.19107
0.788729
0.851908
1.3158
1.12814
1.23875
0.895884
1.13541
0.975373
0.912705
0.953445
0.652074
0.559273
0.790632
0.449704
0.604672
0.401005
0.262027
0.352445
0.871626
0.649101
0.630514
0.754683
0.87479
0.558046
0.179561
0.71206
1.20362
0.994356
0.571535
0.67794
0.258379
0.0633358
0.486673
0.688689
1.3325
1.02398
0.951256
1.32696
1.03706
1.09035
1.37729
1.11895
1.45015
1.5908
1.60338
1.20437
1.35826
1.509
1.58082
1.65684
1.62758
1.4322
1.66934
1.7386
2.08491
1.95949
1.53969
1.38357
1.82478
1.93275
1.94606
1.60045
1.64003
1.70194
1.70177
1.9674
1.51732
1.7777
1.50865
1.54886
1.06215
1.21864
1.38542
1.36999
1.31349
1.16658
1.27827
1.53281
1.34822
1.5372
1.263
1.32004
1.08986
1.03623
0.957423
0.682122
1.58181
1.45951
1.376
1.41172
1.82913
2.04552
1.84848
2.00634
2.08966
2.14631
1.93726
2.02532
1.47162
1.41126
1.57882
1.87299
2.12104
1.94343
1.81271
2.05916
2.26874
2.32585
1.65053
1.80341
2.10447
2.16639
1.58664
1.78285
1.43481
1.64519
1.64799
1.71483
1.93087
1.51918
1.50488
1.93842
1.6263
1.87903
1.63189
1.7431
1.30803
1.77633
1.583
1.97559
1.71102
1.65804
1.39335
1.65647
1.46686
1.52013
1.48174
1.48842
1.05388
0.819282
1.42092
1.51806
1.46839
1.85765
1.69775
1.64468
1.81763
1.36721
1.43387
1.31077
1.34598
1.56807
1.36156
1.35199
1.40003
1.42955
1.67614
1.24887
1.15406
1.03027
1.00457
0.97211
1.46207
1.45899
1.10824
1.52595
1.82502
2.031
1.13409
1.63952
1.63603
1.51038
1.90807
1.72257
1.60324
1.60467
1.97303
2.54239
2.03328
1.93196
0.895912
1.19825
1.40119
1.5526
1.67051
1.97207
1.88738
2.01587
1.5726
1.4495
1.16455
1.09203
1.07946
1.18604
0.813237
1.08755
1.4253
1.4585
1.69626
1.7386
1.83835
2.4252
2.34311
2.3175
1.57926
1.69662
1.38987
1.10886
1.41201
1.33491
1.66783
1.14729
1.17954
1.10651
1.47505
1.54329
1.23976
1.00855
1.21419
1.07103
1.04975
0.763017
1.06289
0.972329
0.884516
1.02354
0.859787
0.991658
1.50311
1.29982
1.77556
1.99886
1.85599
1.48227
1.17243
1.30382
1.3919
1.09045
1.1914
1.51289
1.77503
1.85594
1.14272
1.34887
1.07945
1.44653
1.71897
1.70189
1.8701
1.35648
1.47069
1.01642
0.760459
0.392551
0.373991
0.2108
0.499708
0.607469
0.65274
0.604419
0.820551
0.835965
0.856848
0.691895
1.20231
0.992839
1.45493
1.47125
1.7172
1.66418
1.10111
0.890691
0.855166
0.680421
0.374165
0.937411
0.985492
1.09836
0.835354
0.560836
0.927282
0.953797
0.781846
0.784101
1.20345
1.41813
1.6736
1.8329
1.86606
2.20118
1.58774
1.5668
1.46166
1.58972
1.41394
1.6204
1.58302
1.65962
1.60943
1.76034
2.20969
2.03249
1.9448
2.08483
2.05296
2.21749
2.05247
1.99906
1.72707
1.8351
1.8596
1.8292
1.75153
1.42267
1.64291
2.25505
2.28344
2.22284
1.53535
1.57429
1.95123
1.26587
1.2655
1.11648
1.52911
1.56648
1.23704
1.39913
1.50002
2.03979
1.3163
1.59225
1.53406
1.90755
1.82436
1.67363
1.5959
1.70439
1.72154
2.04174
1.80618
1.51062
1.51175
1.65044
1.95475
1.89355
1.78545
1.37622
1.60267
1.65871
2.20867
1.93076
1.90158
1.82011
1.88552
1.80569
1.45725
1.50169
1.56994
1.2455
1.31612
1.02372
0.783245
1.3652
1.04823
0.991281
1.76927
1.36503
1.44559
1.53189
1.65755
1.50021
1.56195
1.54817
1.46796
1.34253
1.08668
1.34989
1.49494
1.17266
1.31127
1.16322
1.05765
0.916792
1.225
1.03139
1.02574
1.40609
1.33285
1.3027
1.04952
1.1027
1.0187
0.728845
0.347561
0.985447
0.86273
0.937643
1.10105
1.10414
0.845719
0.822445
1.596
1.5865
1.37868
1.15362
1.06737
1.4917
1.93167
1.89932
1.38433
1.53225
1.94915
1.59359
1.32931
1.34928
0.946678
0.982353
1.027
1.36871
1.38164
1.29731
1.09814
1.59895
1.38747
1.1317
1.25059
1.61486
2.05775
1.51826
1.04765
1.15753
1.07929
1.43886
1.60481
1.24053
1.44865
1.38531
1.05643
1.03773
1.16884
1.01284
1.06267
0.948153
1.39719
1.15239
1.20603
0.976982
1.08061
1.31873
1.16084
1.21197
0.941413
1.2602
1.23541
1.30693
1.0512
1.30427
1.27184
1.43743
1.26832
1.32094
1.40887
1.42499
1.67661
1.43695
1.80605
1.78102
1.60672
1.25392
1.24065
1.20323
1.03354
0.856072
0.8409
0.677744
0.815562
1.18866
0.945746
1.19666
1.55185
1.6643
1.67208
1.77863
1.43709
1.29137
1.26691
1.61125
1.21147
1.51235
1.39575
1.73586
2.20336
2.2688
1.44948
0.984647
0.63897
0.929455
1.33713
1.42051
1.42979
1.10955
0.837352
0.921004
1.01484
0.693798
0.865523
1.14435
1.53355
1.562
1.59445
1.59122
1.6221
1.27589
1.31769
1.55793
1.904
1.98872
2.18102
2.37552
1.96864
2.15967
2.26786
2.40387
2.84886
2.25798
1.99979
1.7298
1.59263
1.46289
1.10926
1.56516
1.38692
1.31115
1.07611
0.783137
0.912522
1.05199
1.0627
1.08913
1.44979
1.37107
1.15132
0.749259
0.698263
1.16583
0.962954
0.890797
0.885161
1.26523
1.28377
1.21401
1.15903
1.19761
1.15596
1.2224
1.77914
1.235
1.42642
1.165
1.14062
0.907424
0.96578
1.22128
0.92889
0.670315
0.926728
1.35477
1.13931
1.13721
1.05164
1.24065
1.47347
1.22088
1.32305
1.13184
0.749098
1.20162
0.923119
1.28465
1.28598
1.06556
1.16654
0.916356
1.03624
1.27027
1.21554
0.990296
1.57792
1.72491
1.57302
1.48419
1.4851
1.9026
2.13601
1.92986
1.75323
1.66643
1.40332
1.33266
1.84472
1.33424
1.62685
1.81143
1.69853
1.97267
1.86505
1.6078
1.68622
1.74634
1.53942
1.40698
1.41827
1.74288
1.77346
1.79126
1.8593
1.85026
1.93431
2.03779
2.22307
2.26011
2.21122
2.0429
1.84254
1.86703
1.66687
1.46414
1.47329
1.2243
1.44087
1.80672
1.76234
1.6172
1.39653
1.21628
1.73574
1.74584
1.71465
1.40903
1.55127
1.49077
1.30247
1.11386
0.926721
1.12367
1.34707
1.38694
0.860502
0.765859
1.02232
1.75978
1.9554
1.98265
1.52503
1.43345
1.47732
