-6.79309
-6.60927
-6.46418
-6.32103
-6.19826
-6.12594
-6.16958
-6.1076
-5.99775
-6.06004
-6.02539
-5.91687
-5.82631
-5.83455
-5.77796
-5.84439
-5.82899
-5.81939
-5.93003
-5.94991
-5.84028
-5.77544
-5.74171
-5.74017
-5.7694
-5.73047
-5.78195
-5.84013
-5.77981
-5.7209
-5.60546
-5.63005
-5.69906
-5.71037
-5.75844
-5.74331
-5.74284
-5.69621
-5.67238
-5.7161
-5.74086
-5.77276
-5.71939
-5.81739
-5.80843
-5.78411
-5.77355
-5.81733
-5.74013
-5.72057
-5.74268
-5.65331
-5.68173
-5.72937
-5.75629
-5.82241
-5.81132
-5.85535
-5.87874
-5.80026
-5.80517
-5.83753
-5.72947
-5.63167
-5.68222
-5.71229
-5.71318
-5.75737
-5.83578
-5.757
-5.73057
-5.60542
-5.54825
-5.56318
-5.60441
-5.57965
-5.6948
-5.58188
-5.6574
-5.61633
-5.53793
-5.4626
-5.4008
-5.50665
-5.5959
-5.59547
-5.63598
-5.60958
-5.6127
-5.61319
-5.6037
-5.5462
-5.5818
-5.54755
-5.55259
-5.51429
-5.47501
-5.55435
-5.55313
-5.58606
-5.64241
-5.68396
-5.6454
-5.5178
-5.46028
-5.46219
-5.50589
-5.61373
-5.61815
-5.65113
-5.62306
-5.67247
-5.6774
-5.70771
-5.68647
-5.61956
-5.63848
-5.60241
-5.53619
-5.65267
-5.65397
-5.46248
-5.5406
-5.47081
-5.5373
-5.54208
-5.52401
-5.6531
-5.65116
-5.59357
-5.5717
-5.64153
-5.67412
-5.633
-5.62746
-5.55971
-5.64157
-5.67176
-5.63446
-5.61674
-5.62058
-5.63813
-5.54949
-5.5558
-5.52458
-5.49772
-5.5284
-5.49897
-5.40752
-5.63104
-5.57868
-5.48294
-5.56681
-5.53499
-5.50272
-5.5578
-5.55458
-5.54751
-5.546
-5.46929
-5.55247
-5.47796
-5.49193
-5.59565
-5.68166
-5.75333
-5.61618
-5.68636
-5.64404
-5.59708
-5.52855
-5.50425
-5.56132
-5.55008
-5.50231
-5.34255
-5.39121
-5.50376
-5.50994
-5.54174
-5.45349
-5.51755
-5.48354
-5.59037
-5.65877
-5.4988
-5.47338
-5.42641
-5.36932
-5.36018
-5.3958
-5.3168
-5.44386
-5.51211
-5.46764
-5.55705
-5.57935
-5.54734
-5.59967
-5.5272
-5.59653
-5.51474
-5.65816
-5.51118
-5.50485
-5.42847
-5.42708
-5.46016
-5.51676
-5.42573
-5.42442
-5.46821
-5.38799
-5.44053
-5.56393
-5.54904
-5.52993
-5.37272
-5.28018
-5.36169
-5.30993
-5.36363
-5.33636
-5.41428
-5.51126
-5.47528
-5.52394
-5.44304
-5.38743
-5.40103
-5.47535
-5.49714
-5.42982
-5.47277
-5.32089
-5.41471
-5.38823
-5.35263
-5.37161
-5.35049
-5.48406
-5.54391
-5.63058
-5.56647
-5.39973
-5.36594
-5.35421
-5.46311
-5.45587
-5.45587
-5.52908
-5.58804
-5.4518
-5.45752
-5.41043
-5.34766
-5.23118
-5.38445
-5.42004
-5.47123
-5.49814
-5.51784
-5.52813
-5.52119
-5.55184
-5.49569
-5.44256
-5.45417
-5.44777
-5.45508
-5.44137
-5.4981
-5.55529
-5.45908
-5.56404
-5.55925
-5.50643
-5.50803
-5.47264
-5.48175
-5.42987
-5.47336
-5.42826
-5.40189
-5.50319
-5.48275
-5.47194
-5.3995
-5.33632
-5.55139
-5.52533
-5.45948
-5.42132
-5.46559
-5.48388
-5.40715
-5.48322
-5.50813
-5.47002
-5.4115
-5.54446
-5.4894
-5.48443
-5.48539
-5.38445
-5.40904
-5.35562
-5.38947
-5.46015
-5.48959
-5.51826
-5.56939
-5.51931
-5.4649
-5.43148
-5.45925
-5.51928
-5.51279
-5.47624
-5.49749
-5.54784
-5.44788
-5.6021
-5.56625
-5.55256
-5.65518
-5.55881
-5.58484
-5.61394
-5.64372
-5.51565
-5.42762
-5.40226
-5.41322
-5.32234
-5.26274
-5.29892
-5.34458
-5.36934
-5.48589
-5.59867
-5.50583
-5.50419
-5.5152
-5.60656
-5.57421
-5.45656
-5.4876
-5.46121
-5.52685
-5.47498
-5.5274
-5.55994
-5.52758
-5.56491
-5.6012
-5.54716
-5.6255
-5.60032
-5.65519
-5.68554
-5.64784
-5.53906
-5.56914
-5.57734
-5.57283
-5.54702
-5.62035
-5.68449
-5.57951
-5.45793
-5.50031
-5.61924
-5.59607
-5.69206
-5.73226
-5.62212
-5.60413
-5.44176
-5.53036
-5.56595
-5.48717
-5.5557
-5.53587
-5.45591
-5.52029
-5.44648
-5.427
-5.44126
-5.53097
-5.51467
-5.47048
-5.46732
-5.45232
-5.45286
-5.49894
-5.44095
-5.42886
-5.35352
-5.40072
-5.46935
-5.50748
-5.42556
-5.40536
-5.40131
-5.45135
-5.44521
-5.42289
-5.42319
-5.36227
-5.47564
-5.38175
-5.44693
-5.44998
-5.54296
-5.49743
-5.47224
-5.47906
-5.46466
-5.49994
-5.47027
-5.45115
-5.47181
-5.42931
-5.49453
-5.48372
-5.55762
-5.55997
-5.60097
-5.64366
-5.44427
-5.47878
-5.51585
-5.50093
-5.41818
-5.37975
-5.41942
-5.37123
-5.36841
-5.36761
-5.40942
-5.41413
-5.52354
-5.52597
-5.47136
-5.40943
-5.33414
-5.37312
-5.41906
-5.34946
-5.29081
-5.2696
-5.43789
-5.40071
-5.3542
-5.35536
-5.49261
-5.43723
-5.51462
-5.46045
-5.42686
-5.42106
-5.3732
-5.47234
-5.47522
-5.38617
-5.45728
-5.37173
-5.42956
-5.40365
-5.52706
-5.40159
-5.44723
-5.36879
-5.4242
-5.44762
-5.5116
-5.429
-5.50054
-5.47716
-5.49171
-5.48998
-5.57933
-5.64236
-5.51469
-5.49362
-5.50423
-5.4002
-5.42776
-5.448
-5.40777
-5.49326
-5.49092
-5.50702
-5.50687
-5.46165
-5.49603
-5.5036
-5.50236
-5.51328
-5.4355
-5.49533
-5.56217
-5.58837
-5.57911
-5.58939
-5.49154
-5.46835
-5.5691
-5.45821
-5.36845
-5.34157
-5.55891
-5.45101
-5.44202
-5.47319
-5.37335
-5.42895
-5.43329
-5.41598
-5.34624
-5.22814
-5.34415
-5.35384
-5.58179
-5.5097
-5.48769
-5.45112
-5.41455
-5.33135
-5.34528
-5.34049
-5.46529
-5.4905
-5.54699
-5.57876
-5.5537
-5.53659
-5.59417
-5.5363
-5.46564
-5.48301
-5.40273
-5.38214
-5.39274
-5.28032
-5.26627
-5.27499
-5.43845
-5.42653
-5.48894
-5.56591
-5.49994
-5.513
-5.43225
-5.57672
-5.56412
-5.56159
-5.47121
-5.42854
-5.49024
-5.53446
-5.49868
-5.54583
-5.54675
-5.61072
-5.54908
-5.57788
-5.58163
-5.56482
-5.60297
-5.58395
-5.45502
-5.50115
-5.38572
-5.33943
-5.35513
-5.45587
-5.54597
-5.51298
-5.50748
-5.53485
-5.50824
-5.45933
-5.38339
-5.36006
-5.51049
-5.47998
-5.54282
-5.46569
-5.39067
-5.39326
-5.36882
-5.49893
-5.46106
-5.55194
-5.59844
-5.68972
-5.70058
-5.73513
-5.6519
-5.63145
-5.61828
-5.63213
-5.57708
-5.58194
-5.56613
-5.61954
-5.48907
-5.5389
-5.45485
-5.446
-5.3814
-5.3882
-5.53627
-5.59734
-5.60192
-5.65036
-5.71453
-5.58739
-5.55971
-5.53484
-5.57492
-5.63514
-5.54396
-5.54219
-5.58006
-5.58224
-5.50636
-5.48091
-5.41749
-5.37432
-5.37829
-5.32494
-5.45295
-5.43693
-5.46343
-5.45451
-5.46857
-5.44182
-5.45305
-5.41578
-5.42729
-5.41093
-5.28992
-5.31005
-5.3465
-5.32181
-5.31637
-5.26978
-5.31575
-5.31934
-5.36448
-5.33303
-5.32055
-5.32401
-5.34695
-5.42966
-5.3733
-5.24047
-5.24198
-5.2549
-5.39887
-5.39531
-5.31815
-5.50047
-5.51038
-5.51364
-5.42739
-5.42538
-5.49931
-5.4692
-5.44642
-5.34186
-5.4899
-5.44223
-5.44884
-5.34859
-5.3896
-5.42918
-5.44471
-5.41027
-5.42495
-5.35632
-5.39735
-5.4707
-5.46388
-5.45007
-5.36546
-5.41492
-5.42572
-5.51391
-5.46011
-5.41648
-5.29724
-5.38361
-5.3859
-5.4178
-5.39967
-5.42569
-5.47297
-5.47147
-5.44522
-5.50456
-5.48431
-5.54317
-5.6024
-5.44164
-5.50793
-5.5378
-5.37115
-5.46197
-5.42943
-5.44466
-5.43109
-5.46528
-5.42523
-5.4155
-5.43014
-5.4668
-5.52416
-5.47364
-5.42793
-5.52088
-5.49746
-5.55227
-5.56253
-5.58351
-5.49984
-5.53907
-5.52806
-5.43881
-5.4359
-5.46613
-5.52467
-5.53452
-5.53761
-5.59018
-5.6758
-5.53009
-5.54416
-5.53412
-5.48162
-5.4907
-5.53613
-5.55729
-5.38288
-5.4112
-5.45952
-5.52059
-5.51282
-5.41131
-5.3129
-5.32885
-5.46553
-5.44275
-5.33832
-5.4191
-5.46163
-5.47112
-5.56595
-5.56364
-5.55152
-5.49687
-5.46747
-5.50153
-5.54895
-5.4436
-5.49024
-5.53188
-5.4974
-5.43259
-5.33141
-5.46552
-5.5384
-5.53072
-5.51508
-5.43828
-5.3896
-5.46904
-5.41861
-5.45293
-5.5266
-5.53503
-5.5116
-5.54238
-5.53219
-5.56513
-5.46674
-5.5227
-5.49947
-5.56389
-5.52619
-5.47134
-5.52161
-5.51171
-5.57002
-5.48373
-5.48223
-5.45192
-5.50847
-5.48922
-5.4951
-5.45419
-5.50035
-5.47184
-5.44007
-5.45662
-5.40595
-5.46742
-5.37464
-5.38304
-5.4353
-5.50076
-5.50371
-5.49824
-5.51691
-5.5536
-5.55682
-5.60429
-5.56271
-5.48536
-5.55844
-5.51365
-5.42518
-5.42072
-5.40277
-5.36604
-5.43403
-5.45366
-5.48936
-5.40927
-5.50586
-5.45943
-5.48056
-5.41269
-5.31465
-5.27517
-5.46276
-5.57832
-5.64715
-5.56806
-5.48208
-5.43654
-5.43821
-5.48923
-5.55388
-5.53924
-5.52289
-5.60762
-5.60185
-5.5359
-5.4535
-5.46731
-5.46476
-5.43862
-5.43509
-5.49922
-5.49509
-5.43609
-5.3579
-5.32178
-5.27417
-5.23644
-5.33052
-5.28926
-5.26796
-5.24947
-5.15379
-5.27113
-5.33205
-5.40335
-5.43069
-5.47648
-5.54884
-5.43162
-5.46744
-5.45934
-5.51212
-5.57962
-5.5681
-5.53215
-5.53162
-5.51996
-5.44916
-5.47701
-5.51324
-5.58989
-5.58924
-5.4981
-5.51907
-5.53704
-5.56216
-5.457
-5.43973
-5.45275
-5.45825
-5.45979
-5.46203
-5.44198
-5.31853
-5.45858
-5.44213
-5.49592
-5.47894
-5.52308
-5.51429
-5.45167
-5.5094
-5.55449
-5.50353
-5.41704
-5.50424
-5.47484
-5.50693
-5.45389
-5.41918
-5.47825
-5.47921
-5.51591
-5.58523
-5.50544
-5.54485
-5.49269
-5.44606
-5.51616
-5.5111
-5.56674
-5.53202
-5.49149
-5.4949
-5.51955
-5.39237
-5.37346
-5.4121
-5.42681
-5.42153
-5.33141
-5.29181
-5.35794
-5.39568
-5.41569
-5.48048
-5.49462
-5.36554
-5.48898
-5.43657
-5.39228
-5.4194
-5.35187
-5.37905
-5.4381
-5.43205
-5.41989
-5.45496
-5.49996
-5.49855
-5.41819
-5.39944
-5.36187
-5.36128
-5.36221
-5.3467
-5.28876
-5.25681
-5.25454
-5.2895
-5.32862
-5.38861
-5.3749
-5.42409
-5.46531
-5.46533
-5.50213
-5.46518
-5.3828
-5.38139
-5.42436
-5.46964
-5.51964
-5.41865
-5.40721
-5.38675
-5.47138
-5.43175
-5.41895
-5.4521
-5.50398
-5.53944
-5.50542
-5.45335
-5.44417
-5.56731
-5.58836
-5.53848
-5.36409
-5.32293
-5.31048
-5.42934
-5.43967
-5.41575
