1.25104
2.64655
3.52124
4.28405
5.04526
5.79758
5.77893
5.69914
5.99724
6.18858
6.2805
6.65076
7.18582
7.09668
7.05919
6.84173
6.77771
7.08816
6.47184
6.57353
6.74705
7.25315
7.46672
7.31576
7.11862
6.86852
6.96092
6.96596
7.16643
7.87956
8.22688
7.90783
7.97477
7.7001
7.55349
7.5351
7.66316
7.80375
7.37622
7.40391
7.19399
7.43072
7.54664
7.49184
7.44433
7.87408
7.63163
7.68174
7.777
8.11573
7.78919
7.96858
7.93965
7.91458
7.44479
6.80995
7.03398
7.13617
7.01285
6.74224
6.60869
6.54901
6.66301
7.06159
6.9528
6.98411
7.10616
6.8632
6.70115
7.24714
7.36277
7.33572
7.96693
7.77626
7.64301
7.78036
7.489
8.01664
7.83715
8.32161
8.42881
8.22159
8.09338
7.92282
7.89815
7.83276
7.85486
7.89525
7.7115
7.34811
7.17041
6.98923
6.92435
7.0697
6.87618
6.56567
6.85608
7.07083
7.14858
7.24332
6.85325
7.08573
7.0427
7.32134
7.34333
8.08747
7.64596
7.30018
7.44397
7.36011
7.1409
7.3919
7.26739
7.31987
7.27218
7.34497
7.30384
7.96656
7.07744
7.15645
6.99835
7.95452
7.83757
7.44926
7.09259
6.65663
7.25027
7.33904
7.39902
7.24156
7.26517
7.04692
7.05015
7.22462
6.88943
6.98161
6.62124
6.79641
6.90023
7.48665
7.49299
7.41033
7.22265
6.68711
6.97646
7.04035
6.71731
7.16726
7.42837
7.18788
7.47755
8.004
7.67194
7.66881
7.86137
7.84937
7.96236
8.19333
7.94044
7.73056
7.79074
7.81504
7.59751
6.56597
6.54886
6.45764
6.69329
7.21555
7.2068
7.34826
7.70966
7.71342
7.26449
7.39878
7.76689
7.92519
7.82589
7.44399
7.55111
7.67531
7.52675
6.85151
6.74856
6.86768
7.01385
7.3297
7.56545
7.57555
7.55506
7.82021
7.82543
7.65691
8.06636
7.91754
8.07879
7.50537
7.94422
7.84425
7.91342
7.95718
7.53631
7.37928
7.21829
7.00069
7.12472
7.16151
7.35097
7.23466
7.50063
7.78402
7.69739
7.9679
7.55951
8.16681
8.06001
8.38391
8.48383
8.90938
8.40239
8.22052
8.26096
8.10466
8.25803
7.46743
7.60852
7.46116
7.65744
8.32631
8.39072
8.31739
8.22343
8.23375
8.57624
8.25498
8.09327
8.11403
8.13231
8.13358
8.08788
7.90471
8.02916
7.78833
7.55476
7.71677
8.14262
8.2964
8.7472
9.04199
9.2213
8.64223
8.76361
8.68687
9.0784
9.28472
8.95714
8.53461
8.88625
8.37984
8.07022
8.29716
8.24073
7.95527
7.70603
7.49952
7.30663
7.3125
7.38837
7.89072
7.89306
8.31713
8.56709
8.09471
8.47995
8.23174
8.01259
7.89983
7.95216
8.05487
7.81869
8.08224
7.77504
8.01246
7.9459
8.19578
7.85529
7.92085
7.79227
8.30148
7.95645
7.73857
7.62802
8.03581
8.21023
7.57677
7.2942
7.48025
7.58973
7.27663
7.17226
7.31573
7.26657
7.79677
7.58342
7.75055
7.53705
7.72137
8.02508
8.24487
7.75419
7.65435
7.7087
7.34227
7.63093
7.88392
7.41188
7.59445
7.07665
6.52858
6.73975
7.155
7.08392
7.35034
7.13265
7.15189
7.04578
6.57011
6.50498
6.77579
6.67951
6.51404
6.82531
7.13388
7.03187
6.92155
6.75112
7.11324
7.30115
7.97481
7.91764
7.25415
7.2045
7.04803
7.28365
7.39528
6.80444
6.80216
7.27233
7.05833
7.4403
7.91461
7.70649
7.33265
7.1499
7.37563
7.62873
7.20907
7.09429
6.85794
7.1527
6.86416
7.80048
7.59433
7.8291
7.77625
7.83238
8.27349
7.84558
7.62241
7.42062
7.42646
7.83495
7.7864
7.42185
7.17963
7.24935
6.86436
7.20118
7.25338
7.8962
7.60257
7.98295
8.07901
7.86197
7.54166
7.54361
7.95311
8.02129
7.85427
7.97841
7.34623
7.29415
6.9386
7.03708
7.53066
7.78283
7.52355
7.56047
7.80603
8.06184
7.77937
7.91771
7.68516
8.09736
7.99549
7.64929
7.27291
7.54001
7.54604
7.84789
7.81039
6.97681
7.3847
7.28836
7.20023
6.6906
6.801
6.93439
7.09285
7.08938
6.85174
6.68644
6.5633
6.65634
6.95035
7.44889
7.55345
7.18537
7.22554
6.76147
6.79024
6.99505
6.90893
7.05457
7.14464
7.20798
6.88842
6.80551
6.81069
7.1055
7.24907
7.06289
7.52017
7.15058
7.23465
7.60424
7.53766
7.8687
7.6169
7.4816
7.96687
8.12694
8.12179
7.69022
7.50282
7.43915
7.6461
7.17926
7.20859
7.51167
7.52649
7.53012
7.90456
7.84863
7.22704
7.10371
7.17305
7.47239
7.4089
7.49439
7.52993
6.81863
7.32597
7.40812
7.66364
7.58276
7.49617
7.72828
7.86883
7.0453
7.25925
7.14703
7.50072
7.56569
7.72413
8.30019
8.49676
8.42369
8.50185
8.02841
8.05076
8.07457
7.9606
7.95
7.6647
7.56531
7.69346
7.89101
7.48275
7.87105
7.42327
7.45653
7.15778
7.42719
7.38804
8.05981
7.91288
8.11351
7.66303
7.39258
7.19346
7.92461
7.87639
7.73779
7.77036
7.74764
7.95615
8.3024
8.56796
8.63883
8.58609
9.24675
9.5007
8.90713
8.8314
7.91937
7.47605
7.41617
7.6868
8.10342
7.94923
7.73017
7.72269
7.62551
7.53514
7.62957
8.21318
7.852
8.10133
7.81488
7.57342
7.43687
6.90737
7.18106
7.4069
7.50628
7.71769
7.47976
7.51721
7.34807
7.77938
7.79968
7.53775
7.59499
7.65111
8.08749
7.75969
7.48819
6.8876
7.79982
8.45377
8.19743
7.51771
7.30742
7.5087
7.45077
6.90547
7.24274
7.01484
6.47541
6.04728
6.33221
6.25506
6.30975
6.56867
7.16514
7.475
7.83825
8.17773
8.09915
8.10661
8.2716
7.67391
7.45313
7.52445
7.02193
7.30825
7.14818
7.37558
7.34782
7.43526
6.99468
7.24392
7.04762
6.81135
6.79557
6.67381
6.64422
6.55783
6.45573
6.91713
7.12925
6.58287
6.67305
6.8504
6.90952
6.82822
7.06579
6.98906
7.11598
7.17517
7.48672
7.72045
7.62765
7.45063
7.217
6.95549
7.06304
7.33638
7.63493
7.60856
7.58097
7.63968
7.81485
7.62334
7.28226
7.55492
7.6432
7.63994
7.23772
7.3909
7.62692
7.41229
7.399
7.42728
7.30445
7.50373
6.96963
7.50887
7.45798
7.60234
7.78584
7.26736
7.85328
7.71064
7.6175
7.63704
7.70067
7.76231
7.90335
7.6067
7.72772
7.83965
7.49782
7.61419
7.79689
7.80159
7.49373
7.3521
7.368
7.87214
7.97051
8.25926
8.03583
8.26683
8.24336
8.03335
7.95877
7.91264
7.79388
7.44792
7.58818
8.02475
8.06666
8.14025
8.2136
8.6787
8.82701
8.77907
8.64789
8.63948
8.22749
8.48415
8.70895
8.36099
8.47932
8.20833
8.04038
7.5831
7.92097
7.64972
7.73538
7.48782
7.51617
7.97881
7.61218
7.8792
7.72075
7.59803
7.2498
7.4871
7.39683
7.02971
7.17507
7.09415
7.15492
6.7117
6.99036
6.77419
7.16683
7.26643
7.42692
7.70476
7.36765
7.53038
7.37518
6.97688
7.64145
7.50705
7.52397
7.32157
7.51247
7.15156
6.82274
6.3877
6.85604
6.99135
6.93679
7.19673
7.10577
6.79354
6.58739
7.09411
7.27435
7.55732
7.48553
7.67843
7.43448
7.18629
7.01603
7.92888
7.52818
7.19264
7.06631
7.05105
7.01697
7.01932
7.50612
7.20814
7.06698
6.73994
6.44296
7.24125
7.58486
7.48942
6.9989
7.50708
7.47848
7.19397
6.74665
6.4204
6.78788
6.89383
7.23787
7.27286
7.32527
7.34464
7.22066
7.80529
7.62496
7.95882
8.17347
8.30016
8.07478
7.32826
7.04628
7.48589
7.52194
8.02693
7.98312
7.60635
8.03629
8.53773
8.10002
7.95503
7.5496
7.69952
7.6584
7.16853
7.26666
6.95876
7.36091
7.30382
7.23351
7.18998
7.38296
7.43306
7.27089
7.17943
7.03731
6.8005
7.14469
7.60379
7.55202
7.54152
7.68991
7.67712
7.55481
7.47359
7.31868
7.76175
7.55187
7.67025
7.62307
7.85039
8.16962
7.85814
8.3881
7.48403
7.76814
7.65924
8.18566
8.37432
8.39634
8.55572
8.74538
8.89073
8.67008
8.45889
8.52759
8.45129
8.08558
8.28136
7.93823
7.7672
7.83118
7.97711
8.10037
8.31241
7.78049
7.23016
7.1341
7.07325
7.32503
7.79708
7.62778
7.7371
7.97727
7.87075
7.98183
7.81807
8.16787
8.01818
7.66083
7.31864
7.36946
7.04308
7.01021
7.3001
7.06852
7.03112
7.08085
7.40978
7.51817
7.33095
7.12584
7.4523
7.89945
8.19372
8.51935
8.15235
8.25094
8.61541
8.52464
7.79982
7.77251
8.16155
7.49169
6.77036
6.82738
6.72378
6.67624
6.79287
6.74933
6.5828
6.83958
6.77179
7.16355
6.90259
7.16493
7.31429
7.65848
7.42535
7.35709
7.2965
7.32606
7.53871
7.5631
7.16437
7.8643
7.52656
7.37544
7.26715
7.25551
7.07582
7.02329
6.91403
6.96663
7.13212
7.16497
7.21787
7.44673
7.92664
7.82253
7.82193
7.46353
7.27745
7.35961
7.62103
7.9913
8.03255
7.61155
7.71159
6.93124
7.20701
7.18666
7.23647
7.31977
7.46101
7.30555
7.38989
7.15015
7.40678
7.50235
8.07349
7.94445
7.91802
7.32404
7.60277
8.11881
7.75759
8.08078
7.81112
7.49693
7.41553
7.76512
7.77962
7.59976
7.54781
7.9109
7.42187
7.14081
6.92827
7.27683
7.22245
7.02279
7.21758
7.60434
8.06917
7.84688
7.5883
7.44192
7.84434
8.04337
7.38222
7.67428
7.38933
7.52576
7.59366
7.46361
7.9354
7.74019
7.63533
7.87604
7.83327
8.04951
8.26308
8.02018
8.28315
8.12539
7.92796
8.29729
7.7412
7.80958
8.06619
7.59186
7.42176
7.5701
7.60282
7.73515
7.73662
7.55252
7.56384
6.96843
7.09163
7.30912
7.38297
7.65578
7.76422
7.72383
7.96296
8.1478
