-8.71336
-8.45181
-8.28557
-8.15242
-8.01248
-7.88473
-7.88502
-7.89806
-7.84464
-7.80653
-7.78767
-7.71528
-7.62238
-7.63868
-7.64712
-7.68132
-7.69322
-7.64134
-7.74848
-7.72855
-7.70237
-7.60909
-7.57445
-7.59859
-7.6346
-7.68085
-7.65964
-7.66166
-7.62558
-7.49674
-7.43716
-7.49865
-7.48524
-7.53082
-7.55891
-7.56849
-7.54877
-7.51994
-7.59377
-7.59457
-7.62556
-7.58363
-7.56401
-7.57579
-7.5753
-7.49895
-7.54654
-7.53754
-7.52067
-7.465
-7.5209
-7.48312
-7.49178
-7.49856
-7.58607
-7.68822
-7.64755
-7.62762
-7.65256
-7.70076
-7.72426
-7.73413
-7.71936
-7.64463
-7.66092
-7.65297
-7.62945
-7.66854
-7.70057
-7.61254
-7.58708
-7.59749
-7.47465
-7.51068
-7.53529
-7.51509
-7.5618
-7.46325
-7.4975
-7.40906
-7.39044
-7.42659
-7.44776
-7.48341
-7.48768
-7.4935
-7.48921
-7.4827
-7.51783
-7.58505
-7.61974
-7.65351
-7.66103
-7.64095
-7.67656
-7.73092
-7.68036
-7.64301
-7.62847
-7.60928
-7.68282
-7.646
-7.64802
-7.59439
-7.58865
-7.46184
-7.54442
-7.60702
-7.57056
-7.58655
-7.62604
-7.58457
-7.60579
-7.59737
-7.60551
-7.59283
-7.60417
-7.49371
-7.65112
-7.63533
-7.6574
-7.48308
-7.50215
-7.57603
-7.63793
-7.71578
-7.60668
-7.58779
-7.57591
-7.60362
-7.6
-7.64654
-7.64728
-7.61292
-7.6749
-7.65759
-7.72283
-7.69578
-7.67441
-7.56928
-7.57072
-7.58535
-7.618
-7.70623
-7.65803
-7.64461
-7.69845
-7.6205
-7.57715
-7.62011
-7.56458
-7.47675
-7.53372
-7.52987
-7.49248
-7.50011
-7.48692
-7.44127
-7.48004
-7.51754
-7.51349
-7.51425
-7.54808
-7.73384
-7.73261
-7.74912
-7.7065
-7.62207
-7.62148
-7.59383
-7.52837
-7.53241
-7.60793
-7.57685
-7.51881
-7.48418
-7.50742
-7.57113
-7.54918
-7.53349
-7.54756
-7.67892
-7.69317
-7.67227
-7.64391
-7.58716
-7.54333
-7.54393
-7.55287
-7.50475
-7.50831
-7.53455
-7.45884
-7.48901
-7.45462
-7.55535
-7.47504
-7.48909
-7.47753
-7.47983
-7.55477
-7.57951
-7.61137
-7.64818
-7.6277
-7.62065
-7.58926
-7.60496
-7.55923
-7.5103
-7.527
-7.47572
-7.55181
-7.44178
-7.45724
-7.39519
-7.37755
-7.31291
-7.40165
-7.42851
-7.42507
-7.45368
-7.42897
-7.56534
-7.54019
-7.5647
-7.52699
-7.40609
-7.39128
-7.40729
-7.42862
-7.42427
-7.35754
-7.41837
-7.44585
-7.44984
-7.44141
-7.44586
-7.44918
-7.48374
-7.46844
-7.5128
-7.55814
-7.52753
-7.44794
-7.41748
-7.33898
-7.28147
-7.25293
-7.35318
-7.33234
-7.34976
-7.28676
-7.25129
-7.30872
-7.38112
-7.3188
-7.40069
-7.45808
-7.41882
-7.42824
-7.47339
-7.5215
-7.56205
-7.59846
-7.59486
-7.5853
-7.48895
-7.4906
-7.41036
-7.36761
-7.44999
-7.38532
-7.43021
-7.4708
-7.49212
-7.4811
-7.46247
-7.50412
-7.46092
-7.51208
-7.46965
-7.47497
-7.43323
-7.49384
-7.47876
-7.50799
-7.40532
-7.46655
-7.50939
-7.53969
-7.46413
-7.43549
-7.54516
-7.59443
-7.55632
-7.53625
-7.60035
-7.62256
-7.59925
-7.60282
-7.50902
-7.54175
-7.51062
-7.55314
-7.52218
-7.46516
-7.42715
-7.51209
-7.53358
-7.52139
-7.58595
-7.5399
-7.49475
-7.58366
-7.54782
-7.63884
-7.73693
-7.69926
-7.62502
-7.63538
-7.59269
-7.62924
-7.62009
-7.63784
-7.72432
-7.73957
-7.69851
-7.71182
-7.74335
-7.68849
-7.62549
-7.64669
-7.66851
-7.69748
-7.63196
-7.60511
-7.48396
-7.48735
-7.60856
-7.61417
-7.64662
-7.59701
-7.58466
-7.68992
-7.69048
-7.60564
-7.64623
-7.57521
-7.48927
-7.53072
-7.59999
-7.63333
-7.58677
-7.54399
-7.61873
-7.63531
-7.6827
-7.62658
-7.68819
-7.52258
-7.55421
-7.51033
-7.52105
-7.51561
-7.43316
-7.50659
-7.55385
-7.58484
-7.58546
-7.50583
-7.50907
-7.58274
-7.62287
-7.6088
-7.67357
-7.61769
-7.6095
-7.50594
-7.55741
-7.4848
-7.46784
-7.50497
-7.56629
-7.5583
-7.48274
-7.46616
-7.50282
-7.4851
-7.5907
-7.60028
-7.65812
-7.64775
-7.55916
-7.51513
-7.56732
-7.5591
-7.51343
-7.46623
-7.51926
-7.49693
-7.53985
-7.46646
-7.48472
-7.54613
-7.61087
-7.57279
-7.56136
-7.51016
-7.51189
-7.66337
-7.58805
-7.60755
-7.62061
-7.7087
-7.68858
-7.66305
-7.63707
-7.64005
-7.67603
-7.69841
-7.73076
-7.71359
-7.66608
-7.57639
-7.55885
-7.62676
-7.61826
-7.70838
-7.69834
-7.65368
-7.67246
-7.65264
-7.63215
-7.63065
-7.68791
-7.69894
-7.69237
-7.64308
-7.61297
-7.65046
-7.56723
-7.63235
-7.60819
-7.54225
-7.55549
-7.48878
-7.53278
-7.55085
-7.45939
-7.44097
-7.44798
-7.526
-7.5642
-7.57504
-7.539
-7.62413
-7.61723
-7.56652
-7.56053
-7.55649
-7.49647
-7.50652
-7.61844
-7.6367
-7.62094
-7.57078
-7.5763
-7.55027
-7.55279
-7.68123
-7.59276
-7.58757
-7.53617
-7.55566
-7.56927
-7.52834
-7.49387
-7.6378
-7.59065
-7.61575
-7.55319
-7.54366
-7.51827
-7.41942
-7.38187
-7.39227
-7.37521
-7.46565
-7.4563
-7.45902
-7.47853
-7.47894
-7.53763
-7.55475
-7.52918
-7.48972
-7.56143
-7.48897
-7.56971
-7.55952
-7.61607
-7.56934
-7.5793
-7.45631
-7.48148
-7.44346
-7.52419
-7.56728
-7.60258
-7.47792
-7.48926
-7.50766
-7.50614
-7.5121
-7.47574
-7.41623
-7.36844
-7.35063
-7.35618
-7.24966
-7.20332
-7.3116
-7.32521
-7.48942
-7.56668
-7.57627
-7.52602
-7.45189
-7.47943
-7.51596
-7.51477
-7.54443
-7.55963
-7.54052
-7.43909
-7.50189
-7.45484
-7.50019
-7.55204
-7.57893
-7.66685
-7.61493
-7.57192
-7.55695
-7.52708
-7.56755
-7.55733
-7.58765
-7.50364
-7.50759
-7.55322
-7.54714
-7.53365
-7.46362
-7.52394
-7.57303
-7.68191
-7.51494
-7.38778
-7.43936
-7.55512
-7.5964
-7.55879
-7.57285
-7.67249
-7.61228
-7.65468
-7.74251
-7.82149
-7.77435
-7.78861
-7.77755
-7.73491
-7.63223
-7.57278
-7.50254
-7.4498
-7.46134
-7.45452
-7.42702
-7.53384
-7.56858
-7.56557
-7.64217
-7.58897
-7.62668
-7.58308
-7.58784
-7.56925
-7.64877
-7.61338
-7.65126
-7.68641
-7.68607
-7.70999
-7.72087
-7.73519
-7.7539
-7.66632
-7.63841
-7.73273
-7.71267
-7.67992
-7.67104
-7.68534
-7.63746
-7.65536
-7.6337
-7.62227
-7.57066
-7.52903
-7.54426
-7.57907
-7.61638
-7.65691
-7.63873
-7.58992
-7.53793
-7.55219
-7.55389
-7.54499
-7.50795
-7.54182
-7.60001
-7.55551
-7.5449
-7.54102
-7.61322
-7.59108
-7.5462
-7.57989
-7.57981
-7.57537
-7.6046
-7.56968
-7.66404
-7.57268
-7.57528
-7.54807
-7.5113
-7.60473
-7.49806
-7.5246
-7.54936
-7.54291
-7.5353
-7.53307
-7.50365
-7.55122
-7.53468
-7.51254
-7.57077
-7.55058
-7.50891
-7.50757
-7.56564
-7.59191
-7.59418
-7.50602
-7.48211
-7.42804
-7.47607
-7.42943
-7.43053
-7.46488
-7.48045
-7.48701
-7.50327
-7.56628
-7.54488
-7.4694
-7.46245
-7.45219
-7.44036
-7.35457
-7.31904
-7.33007
-7.3528
-7.35302
-7.42979
-7.39012
-7.34814
-7.41442
-7.39281
-7.43607
-7.4657
-7.5419
-7.48213
-7.52864
-7.51864
-7.56139
-7.55449
-7.47449
-7.54145
-7.49342
-7.52241
-7.5444
-7.60887
-7.56938
-7.58337
-7.64984
-7.6256
-7.63783
-7.62836
-7.7062
-7.65361
-7.69275
-7.62103
-7.60422
-7.57719
-7.53082
-7.59595
-7.56678
-7.58511
-7.65781
-7.53717
-7.56875
-7.57203
-7.60752
-7.56779
-7.63551
-7.68998
-7.76281
-7.6758
-7.65186
-7.6588
-7.61721
-7.63305
-7.69091
-7.73309
-7.64505
-7.61305
-7.5625
-7.57236
-7.53723
-7.58622
-7.62899
-7.65951
-7.48917
-7.5624
-7.62052
-7.64957
-7.64864
-7.65594
-7.64977
-7.56051
-7.61786
-7.64071
-7.70558
-7.75681
-7.60903
-7.55067
-7.568
-7.65456
-7.56608
-7.57041
-7.6221
-7.70131
-7.76099
-7.69553
-7.67119
-7.61486
-7.60922
-7.58441
-7.58014
-7.60927
-7.50039
-7.53421
-7.47496
-7.43792
-7.41798
-7.45648
-7.59099
-7.64475
-7.56304
-7.55395
-7.45886
-7.47307
-7.5361
-7.46089
-7.36758
-7.44419
-7.47736
-7.54706
-7.52237
-7.52983
-7.61928
-7.59917
-7.65336
-7.58416
-7.59759
-7.61247
-7.62248
-7.57889
-7.57153
-7.59865
-7.61317
-7.63758
-7.68087
-7.62195
-7.53416
-7.54844
-7.56316
-7.53287
-7.52836
-7.55185
-7.5672
-7.59271
-7.51151
-7.5505
-7.52347
-7.53158
-7.48737
-7.42981
-7.49112
-7.39279
-7.56448
-7.51473
-7.53148
-7.43446
-7.40276
-7.40287
-7.37877
-7.33594
-7.31084
-7.3515
-7.38931
-7.39171
-7.39305
-7.45602
-7.4215
-7.48853
-7.51739
-7.51366
-7.48524
-7.45581
-7.41579
-7.50992
-7.61442
-7.6298
-7.64547
-7.6041
-7.51234
-7.54572
-7.51358
-7.47557
-7.49754
-7.48225
-7.51264
-7.44882
-7.47511
-7.5396
-7.60031
-7.5859
-7.64817
-7.65557
-7.60262
-7.64304
-7.6533
-7.64442
-7.58483
-7.559
-7.59062
-7.63146
-7.57456
-7.49797
-7.44131
-7.37901
-7.44508
-7.42556
-7.35966
-7.38227
-7.51155
-7.51513
-7.44791
-7.56145
-7.69641
-7.68484
-7.70374
-7.7152
-7.69388
-7.69758
-7.72732
-7.6829
-7.68773
-7.62138
-7.66605
-7.61664
-7.59615
-7.53279
-7.57601
-7.58777
-7.5968
-7.58728
-7.5528
-7.54785
-7.62515
-7.496
-7.55789
-7.58691
-7.61224
-7.61596
-7.64221
-7.65122
-7.66573
-7.65722
-7.63008
-7.62807
-7.61691
-7.57675
-7.4937
-7.51646
-7.51687
-7.57159
-7.6023
-7.59044
-7.54576
-7.482
-7.48022
-7.54805
-7.52439
-7.66251
-7.61419
-7.62047
-7.6055
-7.59725
-7.56974
-7.60297
-7.59124
-7.63481
-7.57951
-7.56034
-7.45974
-7.4807
-7.49007
-7.60462
-7.55718
-7.46055
-7.52029
-7.46307
-7.51103
-7.56307
-7.58363
-7.51431
-7.51564
-7.54296
-7.55519
-7.48656
-7.57439
-7.62252
-7.66454
-7.60072
-7.61123
-7.6497
-7.61683
-7.54571
-7.4587
-7.50154
-7.54739
-7.57887
-7.49786
-7.46277
-7.58034
-7.52549
-7.57332
-7.55362
-7.54453
-7.57138
-7.48851
-7.53007
-7.54678
-7.50414
-7.50864
-7.46567
-7.42618
-7.47266
-7.42637
-7.45628
-7.49368
-7.4325
-7.52707
-7.50946
-7.4605
-7.54553
-7.56778
-7.5445
-7.54148
-7.51243
-7.51289
-7.55096
-7.554
-7.65581
-7.63531
-7.59491
-7.57792
-7.531
-7.51945
-7.52093
-7.47348
-7.44175
