97.4564 0
97.1983 0.258051
97.0354 0.220772
96.9094 0.200608
96.8846 0.157355
96.9328 0.137222
96.8861 0.125026
96.8498 0.114198
96.7507 0.141319
96.7359 0.127261
96.7001 0.120544
96.6706 0.113936
96.6576 0.105599
96.6533 0.0978613
96.6431 0.0916691
96.5871 0.102434
96.6015 0.0972943
96.5836 0.0934689
96.6143 0.0935929
96.633 0.0907379
96.6037 0.0911344
96.6295 0.090636
96.6526 0.0896265
96.6347 0.0876563
96.6149 0.0863811
96.6212 0.0832369
96.6264 0.0802611
96.6495 0.0807071
96.6399 0.0784644
96.6282 0.0766949
96.6277 0.0741813
96.6201 0.0722309
96.6346 0.0715085
96.6451 0.0701579
96.6355 0.0688016
96.6348 0.0668666
96.6211 0.0664663
96.6254 0.064836
96.6263 0.063158
96.6118 0.0632231
96.6056 0.0619807
96.6059 0.0604879
96.6226 0.0613955
96.6008 0.0638508
96.618 0.0647591
96.6126 0.0635705
96.6196 0.0625987
96.6081 0.062356
96.6238 0.0630668
96.6271 0.0618809
96.6223 0.060845
96.6054 0.0620229
96.621 0.062819
96.5989 0.0654767
96.6072 0.0648016
96.6012 0.063913
96.6094 0.0633089
96.5951 0.0638146
96.5921 0.0627958
96.5989 0.0621139
96.5931 0.0613667
96.602 0.0610188
96.5968 0.0602614
96.5991 0.0593562
96.595 0.0585804
96.5872 0.0582138
96.6052 0.0601021
96.5976 0.0596957
96.6025 0.0590295
96.5958 0.0585675
96.5955 0.0577373
96.5964 0.0569363
96.6024 0.0564718
96.6018 0.0557068
96.599 0.0550307
96.608 0.0550374
96.5902 0.0571617
96.5761 0.0581477
96.5824 0.0577492
96.5878 0.0572751
96.5708 0.0590485
96.5776 0.0587121
96.5695 0.0585533
96.5739 0.0580181
96.5699 0.0574739
96.5683 0.0568241
96.5703 0.0562049
96.5752 0.0557773
96.572 0.0552438
96.5762 0.0547926
96.5741 0.054229
96.5711 0.0537209
96.5687 0.0531922
96.5601 0.0533282
96.5732 0.0543676
96.5708 0.0538491
96.5792 0.0539439
96.5754 0.0535241
96.5696 0.0533028
96.5673 0.0528175
