-9.02494e-21 0
-9.02336e-21 1.57113e-24
-9.02403e-21 1.12754e-24
-9.02404e-21 7.97352e-25
-9.02413e-21 6.23783e-25
-9.02424e-21 5.21349e-25
-9.02396e-21 5.23214e-25
-9.02388e-21 4.5987e-25
-9.0239e-21 4.06156e-25
-9.02406e-21 3.9341e-25
-9.02397e-21 3.65876e-25
-9.02393e-21 3.36081e-25
-9.0238e-21 3.36583e-25
-9.02385e-21 3.15002e-25
-9.0238e-21 2.97129e-25
-9.02379e-21 2.7801e-25
-9.0237e-21 2.76088e-25
-9.0237e-21 2.603e-25
-9.02365e-21 2.51458e-25
-9.02357e-21 2.52064e-25
-9.02357e-21 2.39773e-25
-9.02356e-21 2.29315e-25
-9.02347e-21 2.34822e-25
-9.02344e-21 2.26767e-25
-9.02343e-21 2.17748e-25
-9.02343e-21 2.09211e-25
-9.02343e-21 2.01327e-25
-9.02347e-21 1.98709e-25
-9.02343e-21 1.95135e-25
-9.02338e-21 1.96678e-25
-9.02337e-21 1.9033e-25
-9.02339e-21 1.85346e-25
-9.02337e-21 1.80409e-25
-9.02337e-21 1.75196e-25
-9.02336e-21 1.70252e-25
-9.02333e-21 1.67886e-25
-9.02333e-21 1.63286e-25
-9.02334e-21 1.59252e-25
-9.02331e-21 1.58298e-25
-9.02329e-21 1.55264e-25
-9.02325e-21 1.56884e-25
-9.02325e-21 1.53103e-25
-9.02323e-21 1.50542e-25
-9.02322e-21 1.48e-25
-9.02324e-21 1.4579e-25
-9.02319e-21 1.50794e-25
-9.02319e-21 1.47576e-25
-9.02318e-21 1.44756e-25
-9.02318e-21 1.41771e-25
-9.02313e-21 1.46676e-25
-9.02314e-21 1.43951e-25
-9.02311e-21 1.45033e-25
-9.02311e-21 1.4234e-25
-9.02316e-21 1.48492e-25
-9.02315e-21 1.45924e-25
-9.02315e-21 1.43517e-25
-9.02314e-21 1.41113e-25
-9.02316e-21 1.39993e-25
-9.02313e-21 1.40155e-25
-9.02315e-21 1.38907e-25
-9.02318e-21 1.39589e-25
-9.02317e-21 1.37375e-25
-9.02315e-21 1.36663e-25
-9.02317e-21 1.35364e-25
-9.02317e-21 1.33285e-25
-9.02319e-21 1.33594e-25
-9.02323e-21 1.36693e-25
-9.02324e-21 1.3542e-25
-9.02324e-21 1.33734e-25
-9.02323e-21 1.32052e-25
-9.0232e-21 1.32813e-25
-9.0232e-21 1.30967e-25
-9.02321e-21 1.29186e-25
-9.0232e-21 1.27581e-25
-9.02318e-21 1.26816e-25
-9.02317e-21 1.26373e-25
-9.02315e-21 1.2527e-25
-9.02316e-21 1.24056e-25
-9.02317e-21 1.22815e-25
-9.02316e-21 1.22169e-25
-9.02315e-21 1.21125e-25
-9.02316e-21 1.19983e-25
-9.02316e-21 1.18537e-25
-9.02316e-21 1.17158e-25
-9.02316e-21 1.15806e-25
-9.02317e-21 1.15652e-25
-9.02318e-21 1.14464e-25
-9.0232e-21 1.1439e-25
-9.02321e-21 1.13816e-25
-9.02321e-21 1.12561e-25
-9.0232e-21 1.11673e-25
-9.02319e-21 1.11113e-25
-9.0232e-21 1.10345e-25
-9.0232e-21 1.09183e-25
-9.0232e-21 1.0803e-25
-9.02323e-21 1.10749e-25
-9.02323e-21 1.09608e-25
-9.02322e-21 1.09302e-25
-9.0232e-21 1.09194e-25
-9.02319e-21 1.0942e-25
