99.7219 0
99.4937 0.228172
99.3673 0.182616
99.4784 0.170391
99.7288 0.283
99.6024 0.263374
99.6791 0.235438
99.7788 0.226975
99.8224 0.204873
99.7414 0.200355
99.8263 0.200126
99.8288 0.182706
99.8264 0.168082
99.8308 0.155674
99.8523 0.146512
99.7946 0.148691
99.8314 0.144434
99.8484 0.137234
99.8217 0.132526
99.843 0.127523
99.8388 0.121374
99.8938 0.128134
99.8801 0.123202
99.868 0.118568
99.8742 0.113894
99.8434 0.113687
99.8433 0.109396
99.8544 0.106003
99.855 0.102284
99.8791 0.10171
99.8704 0.0987533
99.902 0.100684
99.8696 0.102797
99.8905 0.101891
99.9035 0.0997852
99.8939 0.097452
99.8871 0.0950252
99.9068 0.0945694
99.8846 0.0947594
99.8894 0.0924897
99.8771 0.091044
99.8885 0.0895695
99.8754 0.0884299
99.8744 0.0864023
99.8893 0.0857612
99.889 0.0838768
99.8819 0.0823804
99.889 0.080959
99.8934 0.0794117
99.8758 0.079767
99.8791 0.0782571
99.8731 0.0769748
99.8778 0.0756585
99.8862 0.0747147
99.8825 0.0734349
99.8715 0.0729478
99.8837 0.0726774
99.8812 0.0714543
99.8781 0.0703033
99.894 0.0709281
99.8854 0.0702855
99.8865 0.0691519
99.8881 0.0680648
99.893 0.0671671
99.8937 0.0661294
99.9015 0.0655823
99.898 0.0646903
99.8976 0.0637327
99.912 0.0644311
99.8993 0.0647697
99.8996 0.0638517
99.8989 0.0629624
99.8981 0.0620999
99.9096 0.062335
99.9107 0.0615083
99.9146 0.0608197
99.9174 0.0600877
99.9151 0.0593579
99.9225 0.0590692
99.9132 0.0590585
99.901 0.0595849
99.9086 0.0593411
99.9013 0.0590809
99.9051 0.0584994
99.9043 0.057812
99.9057 0.0571511
99.9044 0.0565036
99.9083 0.0559933
99.8983 0.0562565
99.9034 0.0558536
99.9095 0.0555717
99.9047 0.0551699
99.9052 0.0545757
99.9119 0.0544102
99.9142 0.0538808
99.9139 0.0533172
99.9073 0.053173
99.9058 0.0526496
99.921 0.0542899
99.9139 0.0542177
