2.06424e-21 0
2.05952e-21 4.72316e-24
2.0569e-21 3.78014e-24
2.0592e-21 3.5271e-24
2.06439e-21 5.8581e-24
2.06177e-21 5.45185e-24
2.06336e-21 4.87357e-24
2.06542e-21 4.69838e-24
2.06632e-21 4.24087e-24
2.06465e-21 4.14735e-24
2.0664e-21 4.14261e-24
2.06646e-21 3.78202e-24
2.06641e-21 3.4793e-24
2.0665e-21 3.22245e-24
2.06694e-21 3.0328e-24
2.06575e-21 3.0779e-24
2.06651e-21 2.98979e-24
2.06686e-21 2.84074e-24
2.06631e-21 2.7433e-24
2.06675e-21 2.63973e-24
2.06666e-21 2.51245e-24
2.0678e-21 2.65237e-24
2.06752e-21 2.55027e-24
2.06727e-21 2.45435e-24
2.0674e-21 2.3576e-24
2.06676e-21 2.35333e-24
2.06676e-21 2.26449e-24
2.06699e-21 2.19427e-24
2.067e-21 2.11728e-24
2.0675e-21 2.10539e-24
2.06732e-21 2.04419e-24
2.06797e-21 2.08416e-24
2.0673e-21 2.12789e-24
2.06773e-21 2.10914e-24
2.068e-21 2.06555e-24
2.0678e-21 2.01726e-24
2.06766e-21 1.96702e-24
2.06807e-21 1.95759e-24
2.06761e-21 1.96152e-24
2.06771e-21 1.91454e-24
2.06746e-21 1.88461e-24
2.06769e-21 1.85409e-24
2.06742e-21 1.8305e-24
2.0674e-21 1.78853e-24
2.06771e-21 1.77526e-24
2.0677e-21 1.73625e-24
2.06755e-21 1.70527e-24
2.0677e-21 1.67585e-24
2.06779e-21 1.64382e-24
2.06743e-21 1.65118e-24
2.0675e-21 1.61992e-24
2.06737e-21 1.59338e-24
2.06747e-21 1.56613e-24
2.06764e-21 1.54659e-24
2.06757e-21 1.5201e-24
2.06734e-21 1.51002e-24
2.06759e-21 1.50442e-24
2.06754e-21 1.4791e-24
2.06748e-21 1.45528e-24
2.06781e-21 1.46821e-24
2.06763e-21 1.45491e-24
2.06765e-21 1.43144e-24
2.06768e-21 1.40894e-24
2.06778e-21 1.39036e-24
2.0678e-21 1.36888e-24
2.06796e-21 1.35755e-24
2.06789e-21 1.33909e-24
2.06788e-21 1.31927e-24
2.06818e-21 1.33372e-24
2.06792e-21 1.34073e-24
2.06792e-21 1.32173e-24
2.06791e-21 1.30332e-24
2.06789e-21 1.28547e-24
2.06813e-21 1.29033e-24
2.06815e-21 1.27322e-24
2.06823e-21 1.25897e-24
2.06829e-21 1.24381e-24
2.06824e-21 1.22871e-24
2.0684e-21 1.22273e-24
2.0682e-21 1.22251e-24
2.06795e-21 1.23341e-24
2.06811e-21 1.22836e-24
2.06796e-21 1.22297e-24
2.06804e-21 1.21094e-24
2.06802e-21 1.19671e-24
2.06805e-21 1.18303e-24
2.06802e-21 1.16962e-24
2.0681e-21 1.15906e-24
2.0679e-21 1.16451e-24
2.068e-21 1.15617e-24
2.06813e-21 1.15033e-24
2.06803e-21 1.14202e-24
2.06804e-21 1.12972e-24
2.06818e-21 1.12629e-24
2.06822e-21 1.11533e-24
2.06822e-21 1.10367e-24
2.06808e-21 1.10068e-24
2.06805e-21 1.08985e-24
2.06837e-21 1.1238e-24
2.06822e-21 1.12231e-24
