-1.09563e-20 0
-1.09527e-20 3.61625e-24
-1.09502e-20 3.27518e-24
-1.09527e-20 3.42234e-24
-1.0958e-20 5.90681e-24
-1.09553e-20 5.50585e-24
-1.0957e-20 4.96277e-24
-1.0959e-20 4.72959e-24
-1.09599e-20 4.25964e-24
-1.09581e-20 4.21641e-24
-1.09598e-20 4.1735e-24
-1.09597e-20 3.81147e-24
-1.09596e-20 3.50636e-24
-1.09597e-20 3.24737e-24
-1.09602e-20 3.05791e-24
-1.0959e-20 3.10306e-24
-1.09598e-20 3.02879e-24
-1.09603e-20 2.90441e-24
-1.09598e-20 2.78834e-24
-1.09602e-20 2.67205e-24
-1.09601e-20 2.54427e-24
-1.09612e-20 2.66915e-24
-1.09609e-20 2.57249e-24
-1.09606e-20 2.47301e-24
-1.09608e-20 2.37567e-24
-1.09601e-20 2.37408e-24
-1.09601e-20 2.28454e-24
-1.09604e-20 2.21554e-24
-1.09604e-20 2.13802e-24
-1.09609e-20 2.1203e-24
-1.09607e-20 2.05696e-24
-1.09614e-20 2.09632e-24
-1.09607e-20 2.13245e-24
-1.09611e-20 2.11384e-24
-1.09614e-20 2.06982e-24
-1.09612e-20 2.0189e-24
-1.09611e-20 1.96646e-24
-1.09615e-20 1.95546e-24
-1.09611e-20 1.95584e-24
-1.09612e-20 1.91057e-24
-1.09609e-20 1.88494e-24
-1.09612e-20 1.85421e-24
-1.09608e-20 1.84268e-24
-1.09608e-20 1.80033e-24
-1.09612e-20 1.79827e-24
-1.09612e-20 1.75889e-24
-1.09611e-20 1.72678e-24
-1.09612e-20 1.69725e-24
-1.09613e-20 1.6666e-24
-1.0961e-20 1.67149e-24
-1.09611e-20 1.64076e-24
-1.09609e-20 1.61391e-24
-1.0961e-20 1.58668e-24
-1.09612e-20 1.56667e-24
-1.09611e-20 1.54062e-24
-1.09609e-20 1.53473e-24
-1.09611e-20 1.53073e-24
-1.09611e-20 1.50487e-24
-1.09611e-20 1.47957e-24
-1.09614e-20 1.49381e-24
-1.09612e-20 1.48567e-24
-1.09612e-20 1.46213e-24
-1.09612e-20 1.43891e-24
-1.09613e-20 1.41976e-24
-1.09614e-20 1.39796e-24
-1.09615e-20 1.38481e-24
-1.09614e-20 1.36585e-24
-1.09614e-20 1.3458e-24
-1.09617e-20 1.3611e-24
-1.09615e-20 1.36666e-24
-1.09615e-20 1.34736e-24
-1.09615e-20 1.32851e-24
-1.09615e-20 1.31025e-24
-1.09617e-20 1.31965e-24
-1.09617e-20 1.30194e-24
-1.09618e-20 1.28841e-24
-1.09619e-20 1.27284e-24
-1.09618e-20 1.25743e-24
-1.0962e-20 1.25109e-24
-1.09618e-20 1.24668e-24
-1.09615e-20 1.26466e-24
-1.09617e-20 1.25885e-24
-1.09615e-20 1.25212e-24
-1.09616e-20 1.23882e-24
-1.09616e-20 1.22425e-24
-1.09616e-20 1.21036e-24
-1.09616e-20 1.19656e-24
-1.09617e-20 1.18378e-24
-1.09614e-20 1.19038e-24
-1.09616e-20 1.18244e-24
-1.09617e-20 1.17679e-24
-1.09616e-20 1.16775e-24
-1.09616e-20 1.15523e-24
-1.09617e-20 1.1512e-24
-1.09618e-20 1.14046e-24
-1.09618e-20 1.12852e-24
-1.09617e-20 1.1256e-24
-1.09616e-20 1.11415e-24
-1.0962e-20 1.14857e-24
-1.09618e-20 1.14709e-24
