3.85382e+06 0
3.86265e+06 8827.66
3.86564e+06 5908.33
3.86434e+06 4373.58
3.85968e+06 5761.61
3.86351e+06 6064.32
3.86187e+06 5380.67
3.8588e+06 5582.1
3.85824e+06 4954.7
3.85902e+06 4499.1
3.8564e+06 4835.95
3.85642e+06 4414.62
3.85652e+06 4062.04
3.85635e+06 3764.58
3.85624e+06 3506.1
3.85698e+06 3361.93
3.85562e+06 3437.88
3.85538e+06 3250.37
3.85601e+06 3138.58
3.85528e+06 3067.22
3.85517e+06 2919.57
3.85373e+06 3130.92
3.85377e+06 2991.96
3.85383e+06 2865.2
3.85334e+06 2792.66
3.85391e+06 2744.84
3.85399e+06 2642.39
3.85379e+06 2553.94
3.85397e+06 2470.73
3.85327e+06 2488.99
3.85344e+06 2413.41
3.85267e+06 2460.92
3.85375e+06 2617.81
3.8534e+06 2563.2
3.85306e+06 2511.44
3.85337e+06 2459.42
3.85351e+06 2396.15
3.85299e+06 2388.01
3.85353e+06 2386.18
3.85343e+06 2327.57
3.85339e+06 2270.48
3.85293e+06 2263.35
3.85307e+06 2214.25
3.85313e+06 2164.33
3.85272e+06 2156.28
3.85276e+06 2109.45
3.85298e+06 2075.55
3.85286e+06 2035.33
3.85297e+06 1996.08
3.85351e+06 2030.67
3.85347e+06 1991.04
3.85353e+06 1953.32
3.85332e+06 1927.7
3.85285e+06 1948.61
3.85285e+06 1912.85
3.85309e+06 1893.16
3.85272e+06 1895.46
3.85287e+06 1868.25
3.85291e+06 1836.78
3.85264e+06 1825.1
3.85281e+06 1802.49
3.85282e+06 1773.21
3.85278e+06 1745.37
3.85273e+06 1718.42
3.85268e+06 1692.51
3.85262e+06 1668
3.85286e+06 1661.05
3.8528e+06 1637.48
3.85254e+06 1634.48
3.85293e+06 1658.03
3.85278e+06 1642.19
3.85265e+06 1624.28
3.85266e+06 1601.89
3.8524e+06 1601.22
3.85234e+06 1580.58
3.85222e+06 1564.29
3.85212e+06 1547.47
3.85213e+06 1527.55
3.85197e+06 1516.16
3.85216e+06 1508.62
3.8523e+06 1496.29
3.85207e+06 1495.77
3.85217e+06 1481.08
3.85204e+06 1469.33
3.85209e+06 1453.04
3.85207e+06 1436.17
3.85214e+06 1420.87
3.85214e+06 1404.65
3.85237e+06 1407.11
3.85229e+06 1393.61
3.8522e+06 1381.46
3.8524e+06 1381.43
3.85249e+06 1369.26
3.85236e+06 1360.51
3.85234e+06 1346.2
3.85244e+06 1335.76
3.85252e+06 1324.23
3.85255e+06 1310.86
3.85214e+06 1358.52
3.85231e+06 1355.13
