4.10298e+07 0
4.09363e+07 93496.5
4.08767e+07 80372
4.0832e+07 72323.4
4.0823e+07 56745.4
4.08404e+07 49505
4.08236e+07 45092.7
4.08118e+07 40795.1
4.07759e+07 50792.5
4.07698e+07 45839.6
4.0757e+07 43397.2
4.07473e+07 40796.9
4.07425e+07 37831.3
4.07409e+07 35062
4.07373e+07 32836.4
4.07177e+07 36423.6
4.07231e+07 34629.4
4.07162e+07 33362.9
4.07272e+07 33408.9
4.07341e+07 32450.6
4.07237e+07 32592.7
4.07329e+07 32429
4.07409e+07 31981.6
4.07343e+07 31319.7
4.0727e+07 30900.8
4.07294e+07 29783.9
4.07314e+07 28728.9
4.07399e+07 28959.3
4.07365e+07 28152.8
4.07324e+07 27509.7
4.07323e+07 26607.5
4.07299e+07 25875.9
4.07352e+07 25628.8
4.0739e+07 25148.8
4.07351e+07 24721
4.07348e+07 24026.4
4.073e+07 23846.6
4.07316e+07 23262.2
4.0732e+07 22662.4
4.07269e+07 22676.1
4.07249e+07 22204.1
4.0725e+07 21669
4.07311e+07 22033.5
4.07231e+07 22964.4
4.07294e+07 23304.1
4.07275e+07 22866.2
4.07301e+07 22521.7
4.07261e+07 22416.2
4.07318e+07 22696.3
4.07332e+07 22281.3
4.07315e+07 21908.5
4.07253e+07 22348.4
4.07309e+07 22626.7
4.0723e+07 23578.1
4.07261e+07 23357
4.07241e+07 23025.6
4.07269e+07 22794.5
4.07218e+07 22968
4.07208e+07 22598.6
4.07232e+07 22350.8
4.07212e+07 22072.5
4.07246e+07 21968.5
4.07228e+07 21686.3
4.07238e+07 21366.2
4.07223e+07 21086.4
4.07194e+07 20973.1
4.07259e+07 21656.2
4.07232e+07 21502.9
4.0725e+07 21263.1
4.07226e+07 21093.6
4.07225e+07 20794.6
4.07228e+07 20505.9
4.0725e+07 20344.9
4.0725e+07 20068.2
4.07241e+07 19820.2
4.07271e+07 19798.6
4.07206e+07 20595.7
4.07156e+07 20943.9
4.07177e+07 20787.7
4.07196e+07 20613.1
4.07135e+07 21257.4
4.07159e+07 21136.4
4.0713e+07 21083.6
4.07146e+07 20893.5
4.07132e+07 20696.2
4.07126e+07 20461.6
4.07134e+07 20238.1
4.07151e+07 20086.4
4.07141e+07 19888.7
4.07155e+07 19721.9
4.07147e+07 19522.4
4.07136e+07 19340.5
4.07127e+07 19150.8
4.07096e+07 19198.7
4.07143e+07 19558.6
4.07134e+07 19372.3
4.07164e+07 19400.2
4.07151e+07 19244.4
4.0713e+07 19168.7
4.07122e+07 18992.7
