2.01735e-21 0
2.012e-21 5.34166e-24
2.00863e-21 4.56997e-24
2.00602e-21 4.15258e-24
2.00551e-21 3.25725e-24
2.00651e-21 2.8405e-24
2.00554e-21 2.58804e-24
2.00479e-21 2.36391e-24
2.00274e-21 2.92531e-24
2.00243e-21 2.63431e-24
2.00169e-21 2.49525e-24
2.00108e-21 2.35847e-24
2.00081e-21 2.1859e-24
2.00072e-21 2.02573e-24
2.00051e-21 1.89755e-24
1.99935e-21 2.12038e-24
1.99965e-21 2.01399e-24
1.99928e-21 1.93481e-24
1.99992e-21 1.93737e-24
2.0003e-21 1.87827e-24
1.9997e-21 1.88648e-24
2.00023e-21 1.87617e-24
2.00071e-21 1.85527e-24
2.00034e-21 1.81449e-24
1.99993e-21 1.78809e-24
2.00006e-21 1.723e-24
2.00017e-21 1.6614e-24
2.00064e-21 1.67064e-24
2.00045e-21 1.62421e-24
2.0002e-21 1.58758e-24
2.00019e-21 1.53555e-24
2.00004e-21 1.49518e-24
2.00034e-21 1.48023e-24
2.00055e-21 1.45227e-24
2.00035e-21 1.42419e-24
2.00034e-21 1.38414e-24
2.00006e-21 1.37585e-24
2.00014e-21 1.34211e-24
2.00016e-21 1.30737e-24
1.99987e-21 1.30872e-24
1.99974e-21 1.283e-24
1.99974e-21 1.2521e-24
2.00009e-21 1.27089e-24
1.99964e-21 1.32171e-24
1.99999e-21 1.34051e-24
1.99988e-21 1.31591e-24
2.00003e-21 1.29579e-24
1.99979e-21 1.29077e-24
2.00011e-21 1.30548e-24
2.00018e-21 1.28093e-24
2.00008e-21 1.25949e-24
1.99973e-21 1.28387e-24
2.00005e-21 1.30035e-24
1.9996e-21 1.35537e-24
1.99977e-21 1.34139e-24
1.99965e-21 1.323e-24
1.99981e-21 1.3105e-24
1.99952e-21 1.32096e-24
1.99946e-21 1.29987e-24
1.9996e-21 1.28576e-24
1.99948e-21 1.27029e-24
1.99966e-21 1.26309e-24
1.99955e-21 1.24741e-24
1.9996e-21 1.22867e-24
1.99952e-21 1.21261e-24
1.99935e-21 1.20503e-24
1.99973e-21 1.24411e-24
1.99957e-21 1.2357e-24
1.99967e-21 1.22191e-24
1.99953e-21 1.21235e-24
1.99953e-21 1.19516e-24
1.99955e-21 1.17858e-24
1.99967e-21 1.16897e-24
1.99966e-21 1.15313e-24
1.9996e-21 1.13913e-24
1.99979e-21 1.13927e-24
1.99942e-21 1.18325e-24
1.99913e-21 1.20366e-24
1.99926e-21 1.19541e-24
1.99937e-21 1.18559e-24
1.99902e-21 1.2223e-24
1.99916e-21 1.21534e-24
1.99899e-21 1.21205e-24
1.99908e-21 1.20097e-24
1.999e-21 1.18971e-24
1.99896e-21 1.17626e-24
1.99901e-21 1.16344e-24
1.99911e-21 1.15459e-24
1.99904e-21 1.14355e-24
1.99913e-21 1.13421e-24
1.99908e-21 1.12254e-24
1.99902e-21 1.11202e-24
1.99897e-21 1.10108e-24
1.99879e-21 1.10389e-24
1.99906e-21 1.12541e-24
1.99902e-21 1.11468e-24
1.99919e-21 1.11664e-24
1.99911e-21 1.10795e-24
1.99899e-21 1.10337e-24
1.99894e-21 1.09332e-24
