-1.10423e-20 0
-1.10354e-20 6.91279e-24
-1.10327e-20 4.82014e-24
-1.10301e-20 4.28575e-24
-1.10296e-20 3.34691e-24
-1.10308e-20 2.9492e-24
-1.10295e-20 2.78795e-24
-1.10287e-20 2.55309e-24
-1.10266e-20 3.03179e-24
-1.10265e-20 2.71614e-24
-1.10257e-20 2.59185e-24
-1.1025e-20 2.45335e-24
-1.10246e-20 2.29204e-24
-1.10246e-20 2.12246e-24
-1.10243e-20 1.9927e-24
-1.10231e-20 2.19878e-24
-1.10234e-20 2.07592e-24
-1.1023e-20 1.99195e-24
-1.10236e-20 1.97279e-24
-1.10239e-20 1.89635e-24
-1.10233e-20 1.90199e-24
-1.10238e-20 1.88537e-24
-1.10242e-20 1.84394e-24
-1.10238e-20 1.81018e-24
-1.10234e-20 1.78645e-24
-1.10235e-20 1.72132e-24
-1.10236e-20 1.65964e-24
-1.10241e-20 1.68181e-24
-1.10239e-20 1.63972e-24
-1.10236e-20 1.61178e-24
-1.10236e-20 1.55901e-24
-1.10234e-20 1.51583e-24
-1.10237e-20 1.49658e-24
-1.10239e-20 1.46682e-24
-1.10237e-20 1.43915e-24
-1.10237e-20 1.39925e-24
-1.10234e-20 1.39037e-24
-1.10235e-20 1.3569e-24
-1.10235e-20 1.32172e-24
-1.10232e-20 1.32636e-24
-1.1023e-20 1.30486e-24
-1.1023e-20 1.27343e-24
-1.10233e-20 1.2863e-24
-1.10229e-20 1.34154e-24
-1.10232e-20 1.36405e-24
-1.10231e-20 1.34388e-24
-1.10232e-20 1.32329e-24
-1.1023e-20 1.31891e-24
-1.10233e-20 1.33216e-24
-1.10233e-20 1.30541e-24
-1.10232e-20 1.28288e-24
-1.10228e-20 1.31529e-24
-1.10232e-20 1.33131e-24
-1.10228e-20 1.36819e-24
-1.10229e-20 1.35305e-24
-1.10228e-20 1.33515e-24
-1.1023e-20 1.32156e-24
-1.10227e-20 1.32743e-24
-1.10226e-20 1.30776e-24
-1.10227e-20 1.29549e-24
-1.10227e-20 1.27743e-24
-1.10228e-20 1.26947e-24
-1.10227e-20 1.25553e-24
-1.10228e-20 1.23734e-24
-1.10227e-20 1.22128e-24
-1.10225e-20 1.21041e-24
-1.1023e-20 1.26073e-24
-1.10228e-20 1.25023e-24
-1.10229e-20 1.23548e-24
-1.10228e-20 1.22657e-24
-1.10227e-20 1.20959e-24
-1.10227e-20 1.19283e-24
-1.10229e-20 1.18321e-24
-1.10229e-20 1.16726e-24
-1.10228e-20 1.15394e-24
-1.1023e-20 1.15099e-24
-1.10226e-20 1.19791e-24
-1.10223e-20 1.21536e-24
-1.10224e-20 1.20791e-24
-1.10225e-20 1.1966e-24
-1.10222e-20 1.23581e-24
-1.10223e-20 1.22966e-24
-1.10221e-20 1.22587e-24
-1.10222e-20 1.21483e-24
-1.10222e-20 1.20356e-24
-1.10221e-20 1.1896e-24
-1.10222e-20 1.17685e-24
-1.10223e-20 1.16936e-24
-1.10222e-20 1.15745e-24
-1.10223e-20 1.14807e-24
-1.10223e-20 1.13662e-24
-1.10222e-20 1.12666e-24
-1.10222e-20 1.11516e-24
-1.1022e-20 1.11733e-24
-1.10223e-20 1.13813e-24
-1.10222e-20 1.12638e-24
-1.10224e-20 1.12827e-24
-1.10223e-20 1.12044e-24
-1.10222e-20 1.11736e-24
-1.10221e-20 1.10802e-24
