-8.89207e-21 0
-8.89318e-21 1.10691e-24
-8.89327e-21 6.4602e-25
-8.89349e-21 5.06366e-25
-8.89358e-21 4.03936e-25
-8.89354e-21 3.32203e-25
-8.89368e-21 3.1251e-25
-8.89359e-21 2.85244e-25
-8.89355e-21 2.5459e-25
-8.89342e-21 2.61795e-25
-8.89336e-21 2.44904e-25
-8.8932e-21 2.76165e-25
-8.8932e-21 2.54044e-25
-8.8932e-21 2.35243e-25
-8.89321e-21 2.19487e-25
-8.8932e-21 2.0551e-25
-8.89326e-21 2.02626e-25
-8.89344e-21 2.61085e-25
-8.89352e-21 2.58358e-25
-8.89345e-21 2.53361e-25
-8.89343e-21 2.42531e-25
-8.8934e-21 2.32625e-25
-8.89335e-21 2.283e-25
-8.89338e-21 2.20162e-25
-8.89338e-21 2.11204e-25
-8.89336e-21 2.03459e-25
-8.89335e-21 1.96603e-25
-8.89337e-21 1.90402e-25
-8.89339e-21 1.84898e-25
-8.89337e-21 1.79721e-25
-8.89339e-21 1.74916e-25
-8.89339e-21 1.69367e-25
-8.89341e-21 1.65566e-25
-8.89341e-21 1.60633e-25
-8.89341e-21 1.55989e-25
-8.89344e-21 1.53955e-25
-8.89347e-21 1.53647e-25
-8.89346e-21 1.49747e-25
-8.89348e-21 1.46714e-25
-8.8935e-21 1.45337e-25
-8.89347e-21 1.44703e-25
-8.89347e-21 1.41224e-25
-8.8934e-21 1.55709e-25
-8.89341e-21 1.52609e-25
-8.89347e-21 1.61401e-25
-8.8935e-21 1.6061e-25
-8.89351e-21 1.573e-25
-8.89352e-21 1.54063e-25
-8.89354e-21 1.5368e-25
-8.89355e-21 1.50729e-25
-8.89357e-21 1.49064e-25
-8.89357e-21 1.46185e-25
-8.89358e-21 1.43567e-25
-8.89358e-21 1.40884e-25
-8.89356e-21 1.39142e-25
-8.89353e-21 1.39932e-25
-8.89355e-21 1.38171e-25
-8.89355e-21 1.35786e-25
-8.89358e-21 1.36676e-25
-8.89359e-21 1.34775e-25
-8.89354e-21 1.39296e-25
-8.89356e-21 1.38319e-25
-8.89355e-21 1.36525e-25
-8.89355e-21 1.34375e-25
-8.89356e-21 1.32664e-25
-8.89355e-21 1.31056e-25
-8.89355e-21 1.29089e-25
-8.89354e-21 1.28098e-25
-8.89355e-21 1.26512e-25
-8.89355e-21 1.24722e-25
-8.89356e-21 1.23212e-25
-8.89357e-21 1.22247e-25
-8.89358e-21 1.20666e-25
-8.8936e-21 1.22164e-25
-8.89358e-21 1.22018e-25
-8.8936e-21 1.21566e-25
-8.8936e-21 1.19977e-25
-8.8936e-21 1.18451e-25
-8.8936e-21 1.16956e-25
-8.89362e-21 1.17999e-25
-8.89359e-21 1.22172e-25
-8.89359e-21 1.20677e-25
-8.89359e-21 1.19382e-25
-8.89358e-21 1.18851e-25
-8.89358e-21 1.17448e-25
-8.89358e-21 1.16179e-25
-8.89359e-21 1.14897e-25
-8.89355e-21 1.18718e-25
-8.89354e-21 1.17815e-25
-8.89355e-21 1.16819e-25
-8.89356e-21 1.15673e-25
-8.89356e-21 1.14484e-25
-8.89357e-21 1.13361e-25
-8.89357e-21 1.12155e-25
-8.89358e-21 1.11525e-25
-8.89358e-21 1.10564e-25
-8.89358e-21 1.09497e-25
-8.8936e-21 1.09698e-25
-8.8936e-21 1.08749e-25
-8.8936e-21 1.07716e-25
