1.80504 0
1.64337 0.161675
1.61845 0.0966103
1.62244 0.0684302
1.62947 0.05347
1.62918 0.0436591
1.63177 0.0369894
1.64081 0.0332855
1.64751 0.0301099
1.61963 0.0387634
1.6152 0.0353418
1.61608 0.0322746
1.62231 0.0303351
1.62747 0.0285559
1.632 0.0269672
1.6324 0.0252287
1.62402 0.0251367
1.61939 0.0241471
1.61799 0.0228837
1.62001 0.0218027
1.6232 0.0209833
1.62798 0.0205695
1.63147 0.0199625
1.62746 0.0195286
1.62181 0.019566
1.62141 0.0188026
1.62357 0.0182209
1.62169 0.017658
1.62456 0.0172789
1.62432 0.0166947
1.6205 0.0165921
1.62185 0.0161213
1.62015 0.0157168
1.62292 0.015497
1.62072 0.015208
1.62166 0.0148096
1.62332 0.0144983
1.62483 0.0141929
1.62463 0.0138257
1.62222 0.0136891
1.62131 0.0133818
1.62082 0.0130689
1.62229 0.0128466
1.62282 0.0125624
1.62465 0.0124147
1.62553 0.0121742
1.62382 0.0120355
1.62152 0.0120037
1.62382 0.0119783
1.62462 0.0117639
1.62378 0.0115619
1.62443 0.0113565
1.62344 0.0111841
1.62188 0.0110861
1.62108 0.0109118
1.62175 0.0107358
1.6232 0.0106458
1.62527 0.0106625
1.62323 0.0106768
1.62352 0.0105013
1.62302 0.0103394
1.62247 0.0101864
1.62344 0.0100702
1.62377 0.00991719
1.62308 0.00978778
1.62141 0.00978149
1.62163 0.00963679
1.62092 0.00952071
1.62263 0.00953734
1.62114 0.00951842
1.62246 0.00947636
1.62191 0.0093598
1.62125 0.00925482
1.62113 0.00912967
1.62129 0.00900867
1.62342 0.00914047
1.62233 0.00908677
1.62117 0.00904492
1.62132 0.00893106
1.62255 0.00890417
1.62338 0.00883249
1.62283 0.00874169
1.62346 0.00865923
1.6236 0.00855665
1.62206 0.00859443
1.62249 0.0085048
1.62162 0.00845138
1.62206 0.00836602
1.62239 0.00827807
1.6214 0.0082448
1.62136 0.00815382
1.62272 0.00817863
1.62343 0.00812165
1.62251 0.00808668
1.62187 0.00802721
1.6218 0.00794344
1.62182 0.00786116
1.62109 0.00781544
1.6228 0.00792407
1.62238 0.00785571
