0.102592 0
0.109782 0.00718945
0.11068 0.00424687
0.110335 0.00302274
0.109978 0.00236838
0.110051 0.00193516
0.109955 0.00163833
0.109538 0.00147879
0.109204 0.00134646
0.110414 0.00170755
0.110615 0.00155757
0.110527 0.00142457
0.110253 0.00133886
0.110015 0.00126209
0.109807 0.00119326
0.109798 0.00111623
0.110198 0.00112206
0.110387 0.00107466
0.11043 0.00101743
0.110348 0.00096866
0.110179 0.000936754
0.109954 0.000921144
0.109798 0.000893786
0.109978 0.000874469
0.110231 0.000876059
0.110242 0.000841763
0.11013 0.000817752
0.110212 0.000792274
0.110093 0.000773613
0.110125 0.000748046
0.110299 0.000744046
0.110238 0.000722988
0.110299 0.000703435
0.110174 0.000693837
0.110296 0.000684603
0.110265 0.000666028
0.110187 0.000652391
0.110108 0.000639858
0.110111 0.000623242
0.110224 0.000617887
0.110278 0.000605008
0.110308 0.000591191
0.110238 0.000581515
0.110209 0.000568882
0.110138 0.000560558
0.11011 0.000548993
0.110195 0.000543945
0.110302 0.000543024
0.110206 0.000540415
0.110174 0.00053044
0.110222 0.000522138
0.110198 0.000512564
0.110242 0.000504696
0.110313 0.000500397
0.110346 0.000492346
0.110324 0.000484001
0.110258 0.000480025
0.110159 0.000481787
0.11025 0.000482057
0.110236 0.000474159
0.110264 0.0004672
0.11029 0.000460317
0.110249 0.000454748
0.110239 0.000447704
0.110273 0.000442084
0.110353 0.000442609
0.110347 0.000436001
0.110382 0.000431012
0.110315 0.000430004
0.110385 0.000429534
0.110322 0.000428102
0.110353 0.000423225
0.110392 0.000419274
0.110393 0.00041357
0.110386 0.00040808
0.110292 0.000413419
0.110341 0.000410885
0.110395 0.00040919
0.110378 0.000404336
0.110322 0.000403106
0.110282 0.00040011
0.110303 0.000395734
0.110274 0.00039199
0.110263 0.000387439
0.110331 0.000388802
0.110312 0.000384743
0.110353 0.000382495
0.110332 0.000378715
0.110317 0.000374737
0.110356 0.000372671
0.110351 0.000368585
0.110292 0.000369389
0.110254 0.000367333
0.110291 0.000365254
0.11032 0.00036259
0.110319 0.000358797
0.110314 0.00035511
0.110351 0.00035338
0.110277 0.000357414
0.110295 0.000354254
