-4.67078 0
-4.67498 0.00420327
-4.67691 0.00309959
-4.67687 0.00219205
-4.6764 0.0017626
-4.67619 0.00145351
-4.67627 0.00123084
-4.67666 0.00113435
-4.67651 0.00101159
-4.6767 0.00092424
-4.6768 0.000842804
-4.67663 0.000789835
-4.67672 0.000732752
-4.67673 0.000678435
-4.67694 0.000666291
-4.67697 0.000624098
-4.67693 0.000588083
-4.67699 0.00055807
-4.6772 0.000567185
-4.67709 0.000549228
-4.67719 0.000533112
-4.67729 0.000516857
-4.67716 0.000510852
-4.67713 0.00048999
-4.67724 0.000483414
-4.67744 0.000506465
-4.67742 0.000487929
-4.67747 0.000473151
-4.67746 0.000456693
-4.67721 0.000505963
-4.67722 0.000489442
-4.67733 0.000485986
-4.67735 0.000471396
-4.6773 0.000459928
-4.67725 0.000449502
-4.67726 0.000436923
-4.67733 0.000431199
-4.6772 0.000440068
-4.67726 0.000434091
-4.67722 0.000425359
-4.67718 0.00041715
-4.67719 0.000407188
-4.67719 0.000397617
-4.67719 0.000388518
-4.67727 0.000386937
-4.67724 0.00037985
-4.67714 0.000384217
-4.67713 0.000376247
-4.67709 0.000370731
-4.67708 0.000363295
-4.677 0.000365958
-4.67701 0.000359184
-4.67703 0.000352837
-4.67701 0.000346937
-4.67704 0.0003417
-4.67705 0.000335843
-4.67703 0.000330607
-4.67697 0.000330709
-4.67696 0.00032525
-4.67699 0.000321731
-4.67704 0.000319837
-4.67711 0.000323654
-4.67713 0.000318834
-4.67712 0.000314106
-4.67708 0.000311083
-4.67708 0.000306416
-4.67706 0.000302112
-4.67709 0.00029919
-4.67708 0.000295004
-4.67707 0.000291038
-4.67708 0.000287148
-4.67703 0.000287247
-4.67701 0.000284046
-4.67702 0.000280402
-4.67705 0.000277802
-4.67711 0.00028045
-4.67706 0.000280624
-4.677 0.000284355
-4.67697 0.000281656
-4.67693 0.000281722
-4.67691 0.000278953
-4.67692 0.000275744
-4.67692 0.000272402
-4.6769 0.000269607
-4.67684 0.000273312
-4.67684 0.000270143
-4.67678 0.00027382
-4.67681 0.000271953
-4.6768 0.000269015
-4.6768 0.000266011
-4.67683 0.000264883
-4.67683 0.000262074
-4.67686 0.000260321
-4.67687 0.000258016
-4.67689 0.000256058
-4.67689 0.000253388
-4.67691 0.000250979
-4.67691 0.000248529
-4.67691 0.000246006
-4.67689 0.000244757
