-6.47582 0
-6.31835 0.157472
-6.29536 0.0937765
-6.29931 0.0664277
-6.30587 0.0518709
-6.30537 0.0423554
-6.30804 0.035896
-6.31747 0.0324857
-6.32402 0.0293889
-6.29633 0.0381811
-6.292 0.0348059
-6.2927 0.0317811
-6.29903 0.029911
-6.3042 0.0281711
-6.30894 0.0266511
-6.30938 0.0249336
-6.30095 0.0248912
-6.29638 0.0239078
-6.29519 0.0226459
-6.29709 0.0215681
-6.3004 0.0207794
-6.30527 0.0204026
-6.30863 0.0197829
-6.30459 0.0193665
-6.29905 0.0193845
-6.29885 0.0186251
-6.30098 0.0180485
-6.29916 0.0174872
-6.30202 0.0171144
-6.30153 0.0165414
-6.29772 0.0164459
-6.29918 0.0159896
-6.2975 0.0155879
-6.30022 0.0153652
-6.29797 0.0150889
-6.29892 0.0146947
-6.30064 0.0143958
-6.30203 0.0140801
-6.30189 0.013715
-6.29944 0.0135908
-6.29849 0.0132892
-6.298 0.0129782
-6.29948 0.012759
-6.30002 0.0124771
-6.30191 0.0123435
-6.30277 0.0121023
-6.30095 0.0119802
-6.29865 0.0119524
-6.3009 0.0119213
-6.3017 0.0117077
-6.30077 0.0115135
-6.30145 0.01131
-6.30048 0.011137
-6.29889 0.0110435
-6.29812 0.0108681
-6.2988 0.0106939
-6.30023 0.0106021
-6.30224 0.0106084
-6.30019 0.0106268
-6.30051 0.0104532
-6.30006 0.0102901
-6.29958 0.0101341
-6.30057 0.0100204
-6.30089 0.00986776
-6.30016 0.00974169
-6.29849 0.00973799
-6.29869 0.00959366
-6.29801 0.0094761
-6.29971 0.00949224
-6.29821 0.00947655
-6.29954 0.00943713
-6.29895 0.00932415
-6.29826 0.00922129
-6.29815 0.00909646
-6.29834 0.00897642
-6.30053 0.00912354
-6.29939 0.00907586
-6.29816 0.00904276
-6.2983 0.00892856
-6.29948 0.00889562
-6.30029 0.00882221
-6.29975 0.00873087
-6.30038 0.00864861
-6.30051 0.00854591
-6.29891 0.00859514
-6.29933 0.00850531
-6.2984 0.00845834
-6.29886 0.00837429
-6.29918 0.0082859
-6.2982 0.0082526
-6.29818 0.00816142
-6.29955 0.00818716
-6.30029 0.00813216
-6.29939 0.00809525
-6.29876 0.00803409
-6.2987 0.00795023
-6.29873 0.00786791
-6.298 0.00782136
-6.29971 0.00792972
-6.29927 0.00786263
