1.20336 0
1.09558 0.107783
1.07897 0.0644069
1.08163 0.0456201
1.08632 0.0356467
1.08612 0.0291061
1.08784 0.0246596
1.09387 0.0221903
1.09834 0.0200733
1.07975 0.0258423
1.0768 0.0235612
1.07739 0.0215164
1.08154 0.0202234
1.08498 0.0190372
1.088 0.0179781
1.08827 0.0168191
1.08268 0.0167578
1.07959 0.0160981
1.07866 0.0152558
1.08001 0.0145351
1.08214 0.0139889
1.08532 0.013713
1.08765 0.0133083
1.08498 0.0130191
1.08121 0.013044
1.08094 0.0125351
1.08238 0.0121473
1.08113 0.011772
1.08304 0.0115192
1.08288 0.0111298
1.08034 0.0110614
1.08123 0.0107475
1.0801 0.0104779
1.08195 0.0103313
1.08048 0.0101386
1.08111 0.00987307
1.08221 0.00966553
1.08322 0.00946194
1.08309 0.00921713
1.08148 0.00912609
1.08088 0.00892122
1.08054 0.00871258
1.08153 0.00856439
1.08188 0.00837493
1.0831 0.00827648
1.08369 0.00811614
1.08254 0.00802366
1.08101 0.00800246
1.08254 0.00798553
1.08308 0.00784262
1.08252 0.00770795
1.08296 0.00757097
1.0823 0.00745604
1.08125 0.00739074
1.08072 0.00727454
1.08116 0.00715721
1.08214 0.00709723
1.08351 0.00710831
1.08215 0.00711784
1.08234 0.00700084
1.08202 0.00689294
1.08165 0.00679095
1.08229 0.00671345
1.08251 0.00661146
1.08205 0.00652519
1.08094 0.00652099
1.08109 0.00642453
1.08061 0.00634714
1.08176 0.00635823
1.08076 0.00634562
1.08164 0.00631757
1.08128 0.00623986
1.08083 0.00616988
1.08075 0.00608645
1.08086 0.00600578
1.08228 0.00609365
1.08155 0.00605784
1.08078 0.00602994
1.08088 0.00595404
1.0817 0.00593612
1.08225 0.00588833
1.08188 0.00582779
1.08231 0.00577282
1.0824 0.00570443
1.08138 0.00572962
1.08166 0.00566987
1.08108 0.00563425
1.08137 0.00557735
1.08159 0.00551872
1.08093 0.00549653
1.0809 0.00543588
1.08181 0.00545242
1.08229 0.00541443
1.08168 0.00539112
1.08125 0.00535147
1.0812 0.00529563
1.08122 0.00524077
1.08072 0.00521029
1.08187 0.00528271
1.08159 0.00523714
