1.64087 0
1.66049 0.0196203
1.64935 0.0158868
1.64012 0.0145399
1.64546 0.0124647
1.64154 0.0109046
1.64184 0.00922081
1.65288 0.0136277
1.65246 0.0120259
1.64732 0.0119202
1.63905 0.0135869
1.64126 0.0125974
1.64095 0.011592
1.64299 0.0109237
1.64944 0.012041
1.65409 0.0121856
1.65222 0.0115968
1.65082 0.0110234
1.65133 0.0104396
1.65066 0.00992665
1.64841 0.00970675
1.64531 0.00975828
1.64294 0.00962113
1.64642 0.00984761
1.65049 0.0102845
1.64605 0.0108326
1.64346 0.0107424
1.64505 0.0104743
1.64479 0.0101103
1.64132 0.0103641
1.6399 0.0101245
1.63963 0.0098068
1.63888 0.00953401
1.64048 0.00938709
1.64052 0.00911501
1.6411 0.00887705
1.63897 0.00889091
1.63926 0.00865861
1.64036 0.00850475
1.64123 0.00833429
1.64047 0.00816328
1.64156 0.0080406
1.64484 0.00850869
1.6458 0.00836842
1.64578 0.00818038
1.64423 0.00814776
1.64475 0.00798899
1.64588 0.00790248
1.64667 0.00778003
1.64565 0.00769085
1.64603 0.00754789
1.64855 0.00782053
1.65172 0.00829981
1.65044 0.00824489
1.65096 0.00811006
1.65084 0.00796476
1.64862 0.00813145
1.64727 0.00810329
1.64748 0.00796736
1.64682 0.007861
1.64705 0.00773443
1.64671 0.00761598
1.64689 0.00749622
1.64883 0.00762771
1.6476 0.00760937
1.6475 0.0074939
1.64768 0.00738349
1.64957 0.00751505
1.64892 0.00743319
1.64799 0.00738598
1.64751 0.00729713
1.64831 0.00724049
1.64858 0.00714558
1.64959 0.00712002
1.65099 0.00716195
1.65119 0.00707018
1.65108 0.00697865
1.65063 0.00690352
1.64941 0.00692409
1.64965 0.00684124
1.64981 0.00675823
1.65055 0.00671572
1.65023 0.00664185
1.64961 0.00659215
1.64874 0.00657182
1.6473 0.00665181
1.64797 0.00660875
1.64794 0.0065333
1.64706 0.00651827
1.64701 0.00644567
1.64777 0.00641991
1.64779 0.00634977
1.64686 0.00634977
1.64873 0.00655424
1.64928 0.00650841
1.64924 0.0064404
1.65 0.00641862
1.65036 0.006363
1.6509 0.00632141
1.65213 0.00637768
