1.04325 0
1.07344 0.030196
1.07856 0.0181677
1.08274 0.0135095
1.0914 0.0135865
1.09358 0.0113059
1.09242 0.00962612
1.09257 0.00833791
1.09765 0.00893684
1.09781 0.00799496
1.09893 0.0073176
1.09841 0.00670028
1.09908 0.00619942
1.09737 0.00598851
1.0979 0.00560005
1.09943 0.00545705
1.10057 0.00525253
1.09968 0.00503125
1.09871 0.00485782
1.09835 0.00462258
1.09972 0.00460561
1.09976 0.00439148
1.10063 0.00428374
1.09985 0.00417479
1.09988 0.00400449
1.09975 0.00384954
1.10029 0.00374333
1.0993 0.0037411
1.09929 0.00360981
1.09959 0.00350016
1.10035 0.00346953
1.09988 0.00339136
1.0992 0.00335724
1.09875 0.00328801
1.09883 0.00319379
1.09907 0.00311282
1.09951 0.0030596
1.09962 0.00297991
1.10006 0.00293567
1.10038 0.00287931
1.09957 0.00292219
1.09999 0.00288183
1.0996 0.00283968
1.09947 0.00277784
1.09925 0.00272395
1.10017 0.00281727
1.1004 0.00276628
1.09928 0.0029314
1.10001 0.00296393
1.10015 0.00290745
1.10042 0.00286229
1.10041 0.00280671
1.09961 0.0028671
1.10001 0.00284097
1.09974 0.00280164
1.09898 0.0028535
1.09843 0.00285647
1.09874 0.0028241
1.09838 0.00279997
1.09847 0.00275456
1.09852 0.00270938
1.09858 0.00266609
1.09817 0.00265492
1.09864 0.00265504
1.09852 0.00261658
1.0986 0.00257763
1.09869 0.00254061
1.09849 0.00251075
1.09843 0.002475
1.0988 0.00246767
1.09888 0.00243413
1.09844 0.00244019
1.09842 0.00240663
1.09878 0.0024013
1.09927 0.00241783
1.09965 0.00241739
1.0996 0.00238635
1.09986 0.00236988
1.09981 0.0023404
1.09991 0.00231345
1.09982 0.00228676
1.10042 0.00233747
1.10025 0.00231499
1.10037 0.00229009
1.10061 0.00227636
1.10063 0.00224977
1.10027 0.00225256
1.10022 0.00222742
1.10046 0.00221624
1.10052 0.00219223
1.1002 0.00219198
1.10005 0.00217303
1.10058 0.00221415
1.10071 0.00219447
1.10062 0.0021733
1.10054 0.00215219
1.10051 0.0021301
1.10034 0.0021149
1.10034 0.00209343
1.10038 0.0020728
