-3.79529 0
-3.7958 0.000513845
-3.79643 0.000692607
-3.79634 0.000497578
-3.79667 0.000504108
-3.79689 0.000469674
-3.79671 0.000438051
-3.79698 0.000469496
-3.79719 0.00046446
-3.79726 0.000421118
-3.79752 0.000461783
-3.79756 0.000423078
-3.79759 0.000390508
-3.79759 0.000361543
-3.7976 0.000336698
-3.79761 0.00031498
-3.79771 0.000312516
-3.79781 0.000312525
-3.79777 0.000298151
-3.79785 0.000292957
-3.79775 0.000294937
-3.7978 0.000285947
-3.79776 0.000277063
-3.79779 0.000267885
-3.79785 0.000262013
-3.79781 0.000253845
-3.79776 0.000250355
-3.79771 0.000247042
-3.79775 0.000241699
-3.79776 0.000234096
-3.7977 0.000234348
-3.79768 0.000227548
-3.79764 0.000225426
-3.79762 0.00021969
-3.79761 0.000213367
-3.79762 0.000207566
-3.79765 0.000204067
-3.79771 0.000207169
-3.79771 0.000201787
-3.79774 0.000198521
-3.79771 0.000195199
-3.79775 0.000193261
-3.79777 0.000190547
-3.79779 0.000187194
-3.79781 0.0001838
-3.79783 0.000180835
-3.79778 0.000182814
-3.79776 0.000180193
-3.79779 0.000178245
-3.79779 0.000174746
-3.79782 0.00017281
-3.79779 0.000171338
-3.7978 0.000168318
-3.79781 0.000165622
-3.79778 0.000166138
-3.79773 0.000168926
-3.7977 0.000169597
-3.7977 0.000166665
-3.79772 0.000164723
-3.79772 0.000161956
-3.79772 0.000159302
-3.7977 0.000158243
-3.79767 0.000157826
-3.7977 0.000157489
-3.7977 0.00015511
-3.79768 0.000153567
-3.79769 0.000151499
-3.79764 0.000155588
-3.79762 0.000155173
-3.79766 0.000157423
-3.79765 0.000155228
-3.79765 0.000153072
-3.79766 0.000151399
-3.79768 0.000150802
-3.79769 0.000149057
-3.79768 0.000147408
-3.79766 0.000147448
-3.79766 0.000145547
-3.79766 0.000143707
-3.79767 0.000142053
-3.79768 0.000141349
-3.79769 0.000139706
-3.79767 0.000138816
-3.79766 0.000137477
-3.79766 0.000135988
-3.79761 0.000141913
-3.79759 0.000142313
-3.79759 0.000140749
-3.79763 0.000143914
-3.79765 0.000143527
-3.79767 0.00014326
-3.79768 0.000142088
-3.79768 0.000140562
-3.79765 0.000142525
-3.79762 0.000144644
-3.79762 0.00014337
-3.79762 0.000141984
-3.79763 0.000140886
-3.79765 0.000140757
-3.79765 0.000139449
