1.88678 0
1.78703 0.0997489
1.72558 0.0842183
1.67859 0.0758585
1.60489 0.0942567
1.59177 0.0780707
1.6053 0.0673534
1.58689 0.061165
1.54245 0.0698893
1.54326 0.0625161
1.52956 0.0581837
1.51975 0.0540124
1.51488 0.0499223
1.52375 0.0470633
1.52197 0.04385
1.51046 0.0426025
1.49517 0.0428395
1.48994 0.0407262
1.48954 0.0385252
1.48592 0.0367274
1.47847 0.0357196
1.47031 0.0350228
1.46602 0.0337387
1.47159 0.0327796
1.47037 0.0314649
1.47117 0.0302411
1.46873 0.0292013
1.47806 0.0296432
1.4778 0.028604
1.47389 0.0279093
1.47131 0.0271163
1.47658 0.026779
1.48238 0.0265949
1.48595 0.0260466
1.48577 0.0252921
1.48421 0.024629
1.482 0.0240566
1.47948 0.0235493
1.47881 0.0229475
1.47593 0.0225508
1.48097 0.0225645
1.48109 0.022021
1.48073 0.0215059
1.48137 0.0210212
1.48399 0.0207152
1.47936 0.0207815
1.47725 0.0204437
1.48161 0.0204833
1.47643 0.0207203
1.47587 0.0203093
1.47435 0.0199648
1.47681 0.0197305
1.4827 0.020232
1.48113 0.0199158
1.48355 0.0196999
1.49098 0.0207211
1.49566 0.0208859
1.49576 0.0205228
1.49878 0.0203957
1.49783 0.0200751
1.49773 0.0197436
1.49834 0.019432
1.49905 0.0191345
1.49667 0.0189834
1.49718 0.0186962
1.4974 0.018412
1.49757 0.0181359
1.50035 0.0180821
1.50272 0.0179743
1.49962 0.0179833
1.49895 0.0177412
1.501 0.0176129
1.50054 0.0173758
1.4958 0.0177838
1.49417 0.0176203
1.49121 0.0176373
1.4927 0.0174703
1.49132 0.0172998
1.49253 0.017122
1.49142 0.0169427
1.4914 0.0167322
1.48725 0.0170404
1.48902 0.0169273
1.48825 0.0167427
1.4865 0.0166363
1.48665 0.0164424
1.48887 0.0164026
1.4887 0.016216
1.48743 0.016083
1.4867 0.01592
1.48931 0.0159592
1.49061 0.0158386
1.48677 0.0161316
1.4866 0.0159599
1.48801 0.0158532
1.49032 0.0158567
1.49205 0.0157877
1.49219 0.0156263
1.49066 0.0155423
1.48959 0.0154238
