0.0128248	0	0
0.0384745	0	0
0.0641241	0	0
0.0897737	0	0
0.115423	0	0
0.141073	0	0
0.166723	0	0
0.192372	0	0
0.218022	0	0
0.243672	0	0
0.269321	0	0
0.294971	0	0
0.32062	0	0
0.34627	0	0
0.37192	0	0
0.397569	0	0
0.423219	0	0
0.448869	0	0
0.474518	0	0
0.500168	0	0
0.525818	0	0
0.551467	0	0
0.577117	0	0
0.602767	0	0
0.628416	0	0
0.654066	0	0
0.679715	0	0
0.705365	0	0
0.731015	0	0
0.756664	0	0
0.782314	0	0
0.807964	0	0
0.833613	0	0
0.859263	0	0
0.884913	0.00192581	0.00076332
0.910562	0.024771	0.00248665
0.936212	0.17222	0.00732258
0.961861	0.573069	0.0132821
0.987511	1.2407	0.0165486
1.01316	1.91409	0.0221844
1.03881	2.39597	0.0209772
1.06446	2.60247	0.0251983
1.09011	2.55384	0.0241317
1.11576	2.38973	0.0228825
1.14141	2.11922	0.022121
1.16706	1.95792	0.0183102
1.19271	1.74437	0.01858
1.21836	1.52487	0.0178252
1.24401	1.33307	0.0152045
1.26966	1.21761	0.016245
1.29531	1.10541	0.0135353
1.32096	0.990011	0.0140656
1.34661	0.917449	0.0113544
1.37226	0.866388	0.0109445
1.39791	0.81449	0.0128854
1.42355	0.771265	0.0125013
1.4492	0.720749	0.0107734
1.47485	0.721452	0.0104686
1.5005	0.7036	0.0103069
1.52615	0.701301	0.00953232
1.5518	0.683469	0.0109215
1.57745	0.700212	0.0087167
1.6031	0.702045	0.00931298
1.62875	0.699761	0.00883515
1.6544	0.708091	0.0088591
1.68005	0.737089	0.0089644
1.7057	0.767665	0.00938114
1.73135	0.80642	0.00857425
1.757	0.82092	0.00896599
1.78265	0.887591	0.00949026
1.8083	0.905153	0.00923107
1.83395	0.92752	0.0100244
1.8596	0.963851	0.0082675
1.88525	1.00349	0.00819419
1.9109	1.03865	0.00862052
1.93655	1.09862	0.00929196
1.9622	1.13169	0.0102104
1.98785	1.15338	0.00871143
2.0135	1.1971	0.00789869
2.03915	1.18619	0.00817728
2.0648	1.20248	0.00981268
2.09045	1.20533	0.00936554
2.1161	1.21848	0.00822308
2.14174	1.20278	0.00882046
2.16739	1.16314	0.00967889
2.19304	1.14381	0.00905557
2.21869	1.11075	0.00797245
2.24434	1.07786	0.0083025
2.26999	1.06521	0.00789373
2.29564	1.04108	0.0085759
2.32129	0.999231	0.00809695
2.34694	0.981564	0.00935621
2.37259	0.952304	0.00770028
2.39824	0.94594	0.0073342
2.42389	0.926454	0.00771354
2.44954	0.91394	0.00725645
2.47519	0.902669	0.00610989
2.50084	0.900117	0.00709221
2.52649	0.898068	0.00756579
2.55214	0.897142	0.00659738
