-7.56961 0
-7.55007 0.0195328
-7.55485 0.0122461
-7.54267 0.0149421
-7.53693 0.0129197
-7.52954 0.0128784
-7.53311 0.0114551
-7.54164 0.0130795
-7.53959 0.0117145
-7.53428 0.0117472
-7.52673 0.0130378
-7.53206 0.0130404
-7.5326 0.0120076
-7.53292 0.0111215
-7.53405 0.0104158
-7.53569 0.00987939
-7.53553 0.00928141
-7.53238 0.00929941
-7.53219 0.0087985
-7.53088 0.00844834
-7.53084 0.0080361
-7.53473 0.00859302
-7.53288 0.00841622
-7.53513 0.00836605
-7.53509 0.00802456
-7.53218 0.00823908
-7.52946 0.00838296
-7.53176 0.00840006
-7.53319 0.00822925
-7.534 0.0079915
-7.53319 0.00777152
-7.5328 0.00753496
-7.53469 0.00754577
-7.53292 0.00753312
-7.53312 0.00731755
-7.53401 0.00716733
-7.53397 0.0069711
-7.53318 0.00683026
-7.53314 0.00665296
-7.53206 0.00657434
-7.53201 0.00641218
-7.53081 0.00637011
-7.53408 0.00702476
-7.5346 0.00688283
-7.53281 0.00696115
-7.53172 0.00689539
-7.53251 0.00679334
-7.53213 0.00666104
-7.53348 0.00666099
-7.5331 0.00653751
-7.53364 0.00643073
-7.53362 0.00630588
-7.53339 0.00618974
-7.53246 0.00614544
-7.53266 0.00603594
-7.53401 0.00607989
-7.53361 0.00598607
-7.53303 0.00591021
-7.53381 0.00586175
-7.53468 0.00582768
-7.5353 0.00576497
-7.53409 0.00579926
-7.53337 0.00575103
-7.53418 0.0057173
-7.53456 0.00564162
-7.53342 0.00567025
-7.53471 0.0057318
-7.53434 0.00565942
-7.53417 0.00557928
-7.53382 0.00551041
-7.53335 0.005452
-7.53243 0.00545466
-7.53482 0.00588739
-7.53547 0.00584341
-7.53445 0.00585495
-7.53405 0.00579072
-7.53344 0.00574842
-7.53349 0.00567454
-7.53432 0.00566338
-7.53427 0.00559238
-7.53616 0.00583834
-7.53503 0.00587636
-7.53438 0.00584174
-7.5343 0.00577232
-7.5352 0.00577479
-7.53418 0.00579878
-7.53333 0.0057939
-7.53322 0.00572871
-7.53357 0.00567446
-7.53336 0.00561503
-7.53331 0.00555322
-7.53377 0.00551188
-7.53413 0.00546461
-7.53397 0.00540878
-7.5328 0.00547802
-7.53244 0.0054324
-7.53369 0.00551901
-7.53394 0.00546824
-7.53341 0.00543889
-7.53316 0.00539003
