-6.33307 0
-6.33255 0.000520727
-6.33405 0.00152879
-6.33368 0.00114183
-6.33292 0.00116608
-6.33304 0.000959103
-6.33382 0.00112606
-6.33384 0.00097539
-6.33343 0.000953126
-6.33278 0.00106786
-6.33247 0.00101465
-6.33255 0.000929191
-6.33237 0.000872994
-6.33246 0.000813363
-6.33256 0.000763296
-6.3328 0.000755498
-6.33286 0.000712031
-6.33287 0.000671375
-6.33297 0.000643201
-6.33305 0.000614672
-6.33309 0.000586474
-6.33318 0.000565007
-6.33317 0.000539945
-6.33318 0.000517093
-6.33323 0.000498867
-6.33315 0.000486527
-6.33302 0.000486774
-6.33313 0.000483203
-6.33311 0.000466544
-6.33311 0.000450767
-6.33298 0.000454829
-6.33295 0.000441506
-6.33296 0.000428065
-6.33297 0.000415587
-6.33307 0.000414675
-6.3331 0.00040436
-6.33314 0.000395182
-6.3332 0.000388376
-6.3331 0.000389819
-6.33296 0.000405397
-6.33299 0.000396668
-6.33298 0.000387265
-6.33312 0.000403442
-6.33302 0.00040836
-6.33293 0.000407606
-6.33289 0.000401058
-6.33287 0.000393052
-6.33289 0.000385379
-6.33291 0.000378198
-6.33289 0.000371099
-6.33289 0.000363755
-6.3329 0.000356699
-6.33291 0.000350069
-6.33293 0.000344522
-6.333 0.000343821
-6.33307 0.000345613
-6.33306 0.00033974
-6.33308 0.000334735
-6.3331 0.000329866
-6.33311 0.000324396
-6.33312 0.000319086
-6.33307 0.000318093
-6.33309 0.000314256
-6.33311 0.000309851
-6.33308 0.000306592
-6.33315 0.00030953
-6.33318 0.000306378
-6.33317 0.000302141
-6.33321 0.000300512
-6.33324 0.000297862
-6.33322 0.000294545
-6.33326 0.000293164
-6.33332 0.000295764
-6.33331 0.000291962
-6.33325 0.00029347
-6.33324 0.000289927
-6.33322 0.000286417
-6.33327 0.000287164
-6.33329 0.000283922
-6.33336 0.000289444
-6.33339 0.000287487
-6.33339 0.00028396
-6.33341 0.000280991
-6.33341 0.000277632
-6.3334 0.000274418
-6.33338 0.000271994
-6.33337 0.000268927
-6.33337 0.000265855
-6.33337 0.000262859
-6.33334 0.000261851
-6.33332 0.000259548
-6.33333 0.000256939
-6.33336 0.000255967
-6.33335 0.000253597
-6.33332 0.000252196
-6.33335 0.000250786
-6.33337 0.000248937
-6.33332 0.000250729
-6.3333 0.000248953
-6.33328 0.000247697
