1.23653 0
1.21752 0.0190121
1.2208 0.0114547
1.20899 0.0143203
1.20401 0.0121595
1.1965 0.0124445
1.19929 0.0108812
1.2078 0.0126935
1.20617 0.0113129
1.2015 0.0111437
1.19425 0.0124131
1.19951 0.0124907
1.20023 0.0115123
1.20045 0.0106607
1.2015 0.00997906
1.20288 0.00943725
1.20267 0.00886737
1.19951 0.00893638
1.19922 0.00845815
1.19784 0.0081417
1.19775 0.00774482
1.20156 0.00830892
1.19972 0.00814975
1.20195 0.00811734
1.20186 0.00778651
1.19903 0.00799559
1.19644 0.00811821
1.19863 0.00812301
1.20007 0.0079691
1.20089 0.00774217
1.20021 0.00751892
1.19985 0.0072891
1.20174 0.00731248
1.19994 0.00731725
1.20005 0.00710593
1.20091 0.00695914
1.20082 0.00676902
1.19999 0.00664146
1.20004 0.00646912
1.1991 0.00637526
1.19901 0.00621836
1.19783 0.00618228
1.20096 0.00679714
1.20158 0.00667026
1.19988 0.00673921
1.19883 0.00667412
1.19964 0.00658105
1.19924 0.00645486
1.20056 0.00645839
1.2002 0.00633817
1.20074 0.00623588
1.20072 0.00611482
1.20049 0.00600285
1.19953 0.00596839
1.19966 0.00586047
1.20094 0.00589555
1.20055 0.00580453
1.19995 0.00573524
1.20071 0.00568815
1.20157 0.00565788
1.20218 0.00559835
1.20102 0.00562822
1.20028 0.00558773
1.20106 0.00555559
1.20148 0.00548503
1.20027 0.00553369
1.20153 0.00559392
1.20117 0.00552299
1.20096 0.0054463
1.20058 0.0053818
1.20014 0.00532372
1.19917 0.00533713
1.2015 0.00575616
1.20216 0.00571609
1.2012 0.00572155
1.20082 0.00565844
1.20021 0.00561726
1.20022 0.00554478
1.20103 0.0055344
1.20091 0.00546619
1.20277 0.00571052
1.20164 0.00575247
1.20097 0.00572203
1.2009 0.00565402
1.2018 0.00566036
1.2008 0.00568382
1.19996 0.00568055
1.19985 0.00561666
1.2002 0.00556401
1.20002 0.00550478
1.19998 0.00544405
1.20044 0.00540338
1.20077 0.00535554
1.20062 0.00530051
1.19947 0.00536794
1.19909 0.00532544
1.20032 0.00541153
1.20062 0.00536437
1.20011 0.00533466
1.19988 0.00528585
