-0.433759 0
-0.41985 0.0139091
-0.403047 0.0186239
-0.402123 0.0132014
-0.406005 0.0109378
-0.410555 0.0100229
-0.413542 0.00898219
-0.418769 0.00937181
-0.423542 0.0095442
-0.428823 0.0100379
-0.429404 0.0090982
-0.428002 0.00842303
-0.428326 0.00775484
-0.42604 0.00753488
-0.422902 0.00768438
-0.42034 0.00763097
-0.420423 0.00716853
-0.420143 0.00676437
-0.420047 0.00639917
-0.421652 0.0062794
-0.422893 0.00610043
-0.424112 0.00594282
-0.423046 0.00577781
-0.420827 0.00596022
-0.418643 0.0061196
-0.415789 0.00653561
-0.414193 0.00648831
-0.413089 0.00634897
-0.411954 0.00623045
-0.412108 0.00602117
-0.413269 0.00593826
-0.412979 0.005757
-0.412959 0.00557985
-0.412848 0.00541439
-0.413023 0.00526032
-0.414266 0.00526108
-0.416397 0.0055429
-0.41797 0.00561965
-0.420942 0.00622849
-0.423232 0.00648852
-0.424695 0.00649519
-0.426931 0.00672134
-0.42775 0.00661413
-0.427799 0.00646224
-0.428745 0.00638743
-0.43001 0.00637386
-0.429171 0.00629295
-0.428295 0.00622245
-0.427571 0.00613689
-0.427237 0.00602219
-0.42617 0.00599864
-0.425478 0.00592266
-0.42585 0.0058217
-0.426399 0.00573918
-0.427058 0.00567229
-0.427296 0.00557517
-0.427573 0.00548349
-0.427657 0.00538878
-0.427616 0.00529682
-0.427495 0.00520918
-0.427372 0.00512456
-0.427258 0.00504251
-0.427111 0.00496399
-0.426958 0.00488823
-0.427271 0.00482265
-0.427976 0.00480106
-0.428718 0.00478659
-0.428287 0.00473529
-0.428072 0.0046711
-0.427819 0.00461082
-0.428002 0.0045491
-0.428568 0.00452098
-0.428511 0.00445898
-0.428873 0.00441317
-0.429401 0.00438591
-0.430116 0.00438634
-0.43022 0.00433025
-0.430217 0.00427437
-0.430325 0.00422128
-0.430783 0.00419327
-0.431552 0.00421211
-0.432314 0.00422957
-0.43221 0.0041796
-0.432893 0.00418569
-0.433419 0.00416941
-0.433298 0.0041224
-0.433548 0.00408241
-0.433783 0.00404257
-0.434262 0.00402548
-0.43453 0.00398951
-0.434506 0.0039455
-0.434337 0.00390606
-0.43363 0.00392788
-0.433403 0.0038925
-0.433146 0.00385991
-0.432897 0.00382757
-0.432511 0.0038075
-0.431827 0.00383018
-0.431354 0.00382057
-0.431104 0.00379048
