1.80307 0
1.78916 0.0139093
1.77235 0.0186362
1.77143 0.0132099
1.77528 0.0109356
1.77984 0.0100231
1.78281 0.00897802
1.78803 0.00936186
1.79278 0.00952827
1.79806 0.0100217
1.79863 0.00908337
1.79722 0.00841099
1.79754 0.0077436
1.79526 0.00752338
1.79213 0.00767198
1.78957 0.0076185
1.78966 0.00715691
1.78939 0.00675314
1.7893 0.00638842
1.79091 0.00627028
1.79216 0.0060927
1.79338 0.00593571
1.79231 0.00577153
1.79009 0.00595391
1.7879 0.00611469
1.78505 0.00653126
1.78345 0.00648434
1.78235 0.00634522
1.78122 0.00622642
1.78137 0.00601732
1.78254 0.00593564
1.78226 0.00575422
1.78223 0.00557716
1.78212 0.00541176
1.7823 0.00525774
1.78354 0.00525889
1.78568 0.00554208
1.78725 0.00561948
1.79022 0.00622812
1.79252 0.00648878
1.79398 0.00649566
1.79622 0.00672185
1.79704 0.00661504
1.79709 0.00646314
1.79803 0.00638841
1.7993 0.00637526
1.79847 0.00629406
1.79759 0.00622386
1.79686 0.0061385
1.79653 0.00602371
1.79546 0.00600018
1.79477 0.00592437
1.79514 0.00582318
1.79568 0.00574035
1.79634 0.00567329
1.79658 0.00557605
1.79685 0.00548429
1.79693 0.00538955
1.79689 0.0052976
1.79677 0.00520997
1.79664 0.00512537
1.79653 0.00504336
1.79638 0.0049648
1.79623 0.00488899
1.79654 0.00482344
1.79725 0.00480205
1.79799 0.00478788
1.79757 0.00473634
1.79735 0.00467209
1.7971 0.00461176
1.79728 0.00455004
1.79785 0.00452197
1.79779 0.00445996
1.79815 0.0044141
1.79868 0.00438655
1.79939 0.00438678
1.7995 0.00433065
1.79949 0.00427477
1.7996 0.00422162
1.80005 0.00419346
1.80082 0.00421221
1.80158 0.00422945
1.80148 0.00417951
1.80216 0.00418549
1.80269 0.00416931
1.80257 0.00412229
1.80282 0.00408228
1.80305 0.00404244
1.80353 0.00402528
1.8038 0.00398939
1.80378 0.00394537
1.80361 0.00390589
1.8029 0.00392767
1.80267 0.00389224
1.80242 0.00385952
1.80217 0.00382714
1.80179 0.00380691
1.8011 0.00382938
1.80063 0.00381954
1.80038 0.00378934
