0.0557753 0
0.0559383 0.000163041
0.0549427 0.00100003
0.0543058 0.000951655
0.0546079 0.000796653
0.0551716 0.000860736
0.0551296 0.000728671
0.0552114 0.000636335
0.0550004 0.000599574
0.0549719 0.000537028
0.0550796 0.000497552
0.0549442 0.00047395
0.0548836 0.000440163
0.0549376 0.000411066
0.0549249 0.000382891
0.0548886 0.000359996
0.054843 0.000341221
0.0547967 0.000325022
0.0546099 0.000359749
0.0546342 0.000342151
0.0546296 0.000325482
0.0546146 0.000310699
0.0546126 0.000296889
0.0546824 0.00029269
0.0546686 0.000281077
0.0547201 0.000274899
0.0546191 0.000283132
0.0545344 0.000285677
0.0545722 0.000278223
0.0544237 0.000307046
0.0544159 0.000297078
0.0543086 0.000307031
0.054412 0.000315044
0.0544447 0.000307379
0.0544289 0.000298884
0.0544083 0.000291196
0.0543813 0.000284496
0.0544852 0.000295758
0.0544867 0.000288079
0.0544571 0.00028234
0.0544519 0.000275418
0.0545024 0.000273487
0.0545121 0.000267229
0.05452 0.000261204
0.0544687 0.000260446
0.0544321 0.000257325
0.054489 0.000258122
0.0545464 0.000259139
0.0545594 0.000254125
0.0545815 0.000249976
0.054551 0.00024692
0.0545134 0.000245023
0.0545361 0.00024142
0.0545318 0.000236945
0.054552 0.000233473
0.0546012 0.000234483
0.054609 0.000230462
0.0545569 0.000232366
0.0545673 0.000228632
0.0545624 0.000224843
0.0544959 0.000230909
0.0545339 0.000230305
0.0545687 0.000229273
0.0546147 0.000230313
0.0546474 0.000229083
0.0546468 0.000225586
0.0546082 0.000225524
0.0546453 0.000225266
0.0546344 0.000222244
0.0546625 0.00022083
0.0546379 0.000219076
0.0546158 0.000217146
0.0546273 0.000214463
0.0546699 0.000215796
0.0546801 0.00021314
0.0546723 0.000210462
0.0546658 0.00020781
0.0547006 0.000208056
0.0547087 0.000205566
0.0546659 0.00020745
0.0546747 0.000205061
0.0546565 0.000203356
0.0546773 0.000201961
0.0546994 0.000200765
0.0547385 0.000202208
0.0547389 0.000199843
0.0547443 0.000197608
0.0547126 0.0001979
0.0547144 0.000195672
0.0546988 0.000194114
0.0546936 0.000192039
0.0546707 0.000191315
0.054707 0.000192697
0.0547327 0.000192357
0.0547518 0.000191275
0.054764 0.000189665
0.0547898 0.000189461
0.0547988 0.000187736
0.0548093 0.000186124
0.0548078 0.000184259
