6.73626e+07 0
6.70447e+07 317892
6.66178e+07 464714
6.67013e+07 339032
6.681e+07 284252
6.70292e+07 319198
6.71193e+07 284414
6.72054e+07 260937
6.71552e+07 235544
6.69551e+07 290510
6.68759e+07 274452
6.68344e+07 253966
6.69069e+07 244610
6.68755e+07 228632
6.69339e+07 220731
6.701e+07 220037
6.6954e+07 214140
6.70064e+07 208594
6.69768e+07 199520
6.69308e+07 194787
6.70068e+07 200250
6.69399e+07 202312
6.69366e+07 193344
6.68799e+07 193603
6.69032e+07 187153
6.68604e+07 184844
6.69277e+07 190191
6.68871e+07 187712
6.68872e+07 181123
6.6884e+07 175011
6.68625e+07 170633
6.68476e+07 165888
6.68375e+07 161100
6.67764e+07 167795
6.68238e+07 169685
6.68141e+07 165187
6.68175e+07 160697
6.68282e+07 156775
6.68538e+07 154826
6.68705e+07 151828
6.68623e+07 148304
6.6862e+07 144730
6.68756e+07 141975
6.68616e+07 139416
6.68603e+07 136289
6.68465e+07 134008
6.68406e+07 131258
6.6861e+07 130094
6.68404e+07 129051
6.68596e+07 127894
6.68534e+07 125518
6.68454e+07 123338
6.68649e+07 122546
6.68728e+07 120517
6.68584e+07 119176
6.68524e+07 117186
6.68412e+07 115653
6.68418e+07 113643
6.68148e+07 114917
6.68207e+07 113140
6.68091e+07 111874
6.68071e+07 110072
6.68088e+07 108323
6.67999e+07 106983
6.67842e+07 106496
6.67876e+07 104926
6.67842e+07 103403
6.68055e+07 104086
6.67998e+07 102729
6.67981e+07 101265
6.67859e+07 100562
6.67653e+07 101292
6.67635e+07 99909.8
6.67566e+07 98792
6.67344e+07 99958.6
6.67475e+07 99495.2
6.67498e+07 98222
6.67491e+07 96957.3
6.67503e+07 95729.9
6.67624e+07 95298.9
6.67648e+07 94145.4
6.67896e+07 96228.8
6.67781e+07 95754.7
6.67852e+07 94875.4
6.67794e+07 93931.1
6.67832e+07 92911
6.67838e+07 91838.6
6.67773e+07 91020.5
6.67966e+07 92045
6.67891e+07 91325.4
6.67788e+07 90902.2
6.67844e+07 90085.5
6.67957e+07 89815.9
6.67959e+07 88855.5
6.67929e+07 87967.7
6.67791e+07 88122
6.67817e+07 87246.8
6.67916e+07 86921.2
6.67873e+07 86147.5
6.68007e+07 86326.6
