1.99035 0
1.98244 0.00790695
1.99237 0.0109311
2.00592 0.0155952
2.00544 0.0120892
2.00204 0.0104429
2.00455 0.00917737
2.00386 0.00797739
2.00671 0.00758816
2.00269 0.00788824
2.00135 0.0072601
2.00269 0.00676191
2.00362 0.00628891
2.00342 0.00582577
2.00306 0.00543522
2.003 0.00508452
2.00212 0.00485619
2.00194 0.00458197
2.00568 0.00571871
2.00383 0.00573216
2.00374 0.00545298
2.00399 0.00520519
2.00418 0.00497716
2.00277 0.00496846
2.00291 0.00476757
2.00139 0.00482484
2.00204 0.00468788
2.00383 0.00485819
2.0026 0.00484729
2.00522 0.00536854
2.00571 0.00521519
2.00697 0.00520519
2.00494 0.00543967
2.00406 0.00534899
2.00434 0.00520151
2.00461 0.00506187
2.00534 0.00497698
2.00405 0.00501294
2.00374 0.00489242
2.00467 0.00485789
2.00494 0.00474574
2.00427 0.00468037
2.00422 0.00457043
2.00389 0.00447805
2.00453 0.00442525
2.00524 0.00438575
2.0046 0.00433874
2.00364 0.00435483
2.0031 0.00429893
2.00252 0.00425256
2.00307 0.00420516
2.0034 0.00413599
2.00317 0.00406326
2.00312 0.00398766
2.00282 0.00392612
2.00203 0.00393626
2.00192 0.00386805
2.00285 0.00391415
2.00247 0.00386643
2.00244 0.00380154
2.00323 0.00382152
2.00271 0.0037962
2.00209 0.00378615
2.00117 0.00383768
2.00076 0.0038007
2.00077 0.00374269
2.00111 0.00370253
2.00045 0.00370751
2.00051 0.00365391
2.00008 0.00362733
2.00052 0.00360278
2.0011 0.00359969
2.00115 0.00355046
2.0005 0.00356285
2.00063 0.00351765
2.00088 0.00348002
2.00103 0.00343764
2.00051 0.00343349
2.0002 0.0034032
2.00074 0.00340306
2.00029 0.00339081
2.00037 0.00335024
2.00015 0.00331706
1.99975 0.00330221
1.99917 0.00331326
1.99938 0.00328077
1.99929 0.0032441
1.99948 0.00321287
1.99943 0.00317689
1.99973 0.00315537
1.99977 0.00312075
2.00017 0.00311235
1.99973 0.00310974
1.99947 0.00308755
1.99917 0.0030691
1.99897 0.00304419
1.99875 0.00302044
1.99856 0.00299555
1.99836 0.00297196
1.99807 0.00295575
