4.84662e-21 0
4.82298e-21 2.36411e-23
4.789e-21 3.66157e-23
4.7956e-21 2.67186e-23
4.80479e-21 2.26457e-23
4.82244e-21 2.55609e-23
4.82995e-21 2.28718e-23
4.83661e-21 2.08984e-23
4.83243e-21 1.89008e-23
4.81616e-21 2.34564e-23
4.80953e-21 2.22288e-23
4.80638e-21 2.05352e-23
4.81244e-21 1.98365e-23
4.81003e-21 1.85228e-23
4.81477e-21 1.7883e-23
4.8207e-21 1.77477e-23
4.81633e-21 1.7232e-23
4.8205e-21 1.6772e-23
4.81815e-21 1.60382e-23
4.81465e-21 1.56113e-23
4.82075e-21 1.60533e-23
4.81532e-21 1.62408e-23
4.81503e-21 1.55213e-23
4.81062e-21 1.55029e-23
4.81248e-21 1.49865e-23
4.80901e-21 1.48122e-23
4.81466e-21 1.53344e-23
4.8113e-21 1.51556e-23
4.81129e-21 1.46236e-23
4.81091e-21 1.41329e-23
4.80923e-21 1.37719e-23
4.80793e-21 1.33981e-23
4.80708e-21 1.30136e-23
4.80206e-21 1.35868e-23
4.80578e-21 1.37065e-23
4.80501e-21 1.33425e-23
4.80526e-21 1.29794e-23
4.80621e-21 1.26685e-23
4.80826e-21 1.25094e-23
4.80948e-21 1.22537e-23
4.80893e-21 1.19639e-23
4.80884e-21 1.16759e-23
4.80993e-21 1.14529e-23
4.80881e-21 1.12449e-23
4.80862e-21 1.09938e-23
4.80757e-21 1.08038e-23
4.80719e-21 1.0578e-23
4.80888e-21 1.04914e-23
4.80729e-21 1.03974e-23
4.80886e-21 1.03071e-23
4.80829e-21 1.01186e-23
4.8077e-21 9.94001e-24
4.80924e-21 9.87206e-24
4.80992e-21 9.71161e-24
4.80878e-21 9.60113e-24
4.80824e-21 9.44405e-24
4.80731e-21 9.32314e-24
4.80738e-21 9.1613e-24
4.80519e-21 9.2684e-24
4.80559e-21 9.12119e-24
4.80458e-21 9.02641e-24
4.80441e-21 8.88136e-24
4.80452e-21 8.73997e-24
4.80389e-21 8.62515e-24
4.80257e-21 8.59351e-24
4.8028e-21 8.46554e-24
4.80255e-21 8.342e-24
4.80416e-21 8.3746e-24
4.80371e-21 8.26507e-24
4.80354e-21 8.14779e-24
4.80262e-21 8.08435e-24
4.80101e-21 8.1325e-24
4.80092e-21 8.02084e-24
4.80042e-21 7.92776e-24
4.79865e-21 8.01798e-24
4.79971e-21 7.98247e-24
4.79988e-21 7.87981e-24
4.79967e-21 7.78087e-24
4.79978e-21 7.68249e-24
4.80074e-21 7.64752e-24
4.80093e-21 7.55474e-24
4.80293e-21 7.72587e-24
4.80201e-21 7.68726e-24
4.8025e-21 7.61102e-24
4.8021e-21 7.53174e-24
4.80247e-21 7.45295e-24
4.8025e-21 7.36686e-24
4.80204e-21 7.2977e-24
4.80361e-21 7.38375e-24
4.80298e-21 7.32827e-24
4.80218e-21 7.29079e-24
4.80265e-21 7.22612e-24
4.80355e-21 7.20537e-24
4.80357e-21 7.12834e-24
4.80333e-21 7.057e-24
4.80222e-21 7.07122e-24
4.8024e-21 7.00029e-24
4.8032e-21 6.97416e-24
4.80289e-21 6.91039e-24
4.80399e-21 6.92934e-24
