234.136 0
232.994 1.14208
231.353 1.76887
231.671 1.29075
232.115 1.09399
232.968 1.23483
233.331 1.10492
233.653 1.00958
233.45 0.913081
232.665 1.13316
232.345 1.07386
232.192 0.992037
232.485 0.958285
232.368 0.894819
232.597 0.863912
232.884 0.857376
232.673 0.832464
232.874 0.810242
232.761 0.774792
232.592 0.754171
232.887 0.77552
232.624 0.78458
232.61 0.749821
232.397 0.748935
232.487 0.723988
232.319 0.715565
232.592 0.740794
232.43 0.732153
232.43 0.706455
232.411 0.68275
232.33 0.665308
232.267 0.647253
232.226 0.628678
231.984 0.656369
232.163 0.662149
232.126 0.644566
232.138 0.627024
232.184 0.612005
232.283 0.604317
232.342 0.591968
232.316 0.577965
232.311 0.564053
232.364 0.55328
232.31 0.54323
232.301 0.531102
232.25 0.521922
232.232 0.511016
232.313 0.50683
232.236 0.502288
232.312 0.497926
232.285 0.488822
232.256 0.480194
232.33 0.476911
232.363 0.46916
232.308 0.463823
232.282 0.456234
232.237 0.450393
232.241 0.442575
232.135 0.447749
232.154 0.440637
232.105 0.436058
232.097 0.429051
232.102 0.422221
232.072 0.416674
232.008 0.415145
232.02 0.408963
232.007 0.402995
232.085 0.40457
232.063 0.399279
232.055 0.393613
232.011 0.390548
231.933 0.392874
231.929 0.38748
231.904 0.382983
231.819 0.387342
231.87 0.385627
231.878 0.380667
231.868 0.375888
231.873 0.371135
231.92 0.369445
231.929 0.364964
232.026 0.37323
231.981 0.371365
232.005 0.367682
231.985 0.363852
232.003 0.360046
232.005 0.355887
231.982 0.352546
232.058 0.356703
232.028 0.354023
231.989 0.352212
232.012 0.349088
232.056 0.348086
232.057 0.344364
232.045 0.340918
231.991 0.341605
232 0.338178
232.039 0.336916
232.024 0.333835
232.077 0.334751
