-7.28717e-21 0
-7.26257e-21 2.46084e-23
-7.22757e-21 3.77715e-23
-7.23407e-21 2.74879e-23
-7.2439e-21 2.3452e-23
-7.26185e-21 2.62468e-23
-7.26986e-21 2.3584e-23
-7.27658e-21 2.1502e-23
-7.2725e-21 1.93965e-23
-7.25607e-21 2.38982e-23
-7.24946e-21 2.2604e-23
-7.24618e-21 2.08934e-23
-7.25239e-21 2.0197e-23
-7.24997e-21 1.88541e-23
-7.25498e-21 1.82528e-23
-7.26101e-21 1.81085e-23
-7.25643e-21 1.76169e-23
-7.26075e-21 1.71609e-23
-7.25828e-21 1.6419e-23
-7.25467e-21 1.59883e-23
-7.26065e-21 1.63409e-23
-7.25513e-21 1.65284e-23
-7.25483e-21 1.57965e-23
-7.25048e-21 1.57373e-23
-7.25235e-21 1.52108e-23
-7.24894e-21 1.50072e-23
-7.25476e-21 1.55701e-23
-7.25139e-21 1.5377e-23
-7.25149e-21 1.48376e-23
-7.2511e-21 1.434e-23
-7.24941e-21 1.39717e-23
-7.24805e-21 1.35967e-23
-7.24711e-21 1.32112e-23
-7.24205e-21 1.37794e-23
-7.24575e-21 1.38815e-23
-7.24496e-21 1.35139e-23
-7.24535e-21 1.31495e-23
-7.24622e-21 1.2828e-23
-7.24826e-21 1.26618e-23
-7.24952e-21 1.24048e-23
-7.24906e-21 1.2107e-23
-7.24892e-21 1.18162e-23
-7.24989e-21 1.15792e-23
-7.24872e-21 1.13738e-23
-7.24843e-21 1.11219e-23
-7.24737e-21 1.09288e-23
-7.24705e-21 1.06986e-23
-7.2487e-21 1.06023e-23
-7.24705e-21 1.05131e-23
-7.24868e-21 1.0428e-23
-7.24806e-21 1.02401e-23
-7.2475e-21 1.00566e-23
-7.24905e-21 9.98534e-24
-7.24982e-21 9.82882e-24
-7.24865e-21 9.71876e-24
-7.24808e-21 9.56043e-24
-7.24717e-21 9.43513e-24
-7.24724e-21 9.27123e-24
-7.24502e-21 9.37913e-24
-7.2454e-21 9.22922e-24
-7.24436e-21 9.13589e-24
-7.24418e-21 8.98898e-24
-7.24428e-21 8.84566e-24
-7.24369e-21 8.72624e-24
-7.24233e-21 8.69748e-24
-7.24254e-21 8.56719e-24
-7.24228e-21 8.44233e-24
-7.24394e-21 8.48117e-24
-7.24352e-21 8.3678e-24
-7.24334e-21 8.24936e-24
-7.24244e-21 8.18265e-24
-7.24082e-21 8.229e-24
-7.24076e-21 8.11567e-24
-7.24025e-21 8.02148e-24
-7.2385e-21 8.10586e-24
-7.23958e-21 8.07058e-24
-7.23975e-21 7.9669e-24
-7.23951e-21 7.86778e-24
-7.23965e-21 7.76898e-24
-7.24067e-21 7.73858e-24
-7.24089e-21 7.64542e-24
-7.24291e-21 7.81864e-24
-7.242e-21 7.7778e-24
-7.24246e-21 7.69849e-24
-7.242e-21 7.62116e-24
-7.24239e-21 7.5418e-24
-7.24243e-21 7.45472e-24
-7.242e-21 7.38208e-24
-7.24359e-21 7.47019e-24
-7.2429e-21 7.4187e-24
-7.24213e-21 7.37722e-24
-7.24259e-21 7.31108e-24
-7.24349e-21 7.2881e-24
-7.24353e-21 7.21024e-24
-7.24332e-21 7.13682e-24
-7.24219e-21 7.152e-24
-7.24241e-21 7.0811e-24
-7.24323e-21 7.05718e-24
-7.24293e-21 6.99222e-24
-7.24403e-21 7.00973e-24
