-4.32168 0
-4.30906 0.0126139
-4.32426 0.0168559
-4.3448 0.0237434
-4.3441 0.0184049
-4.33866 0.015981
-4.34244 0.0140252
-4.34131 0.0121992
-4.34545 0.0115284
-4.33968 0.011815
-4.33758 0.0108916
-4.33947 0.0101211
-4.34078 0.00940137
-4.34035 0.00871452
-4.33971 0.00813834
-4.33967 0.0076128
-4.33835 0.00727272
-4.33812 0.00686046
-4.34368 0.00854488
-4.34102 0.00853197
-4.34085 0.00811735
-4.34128 0.00775159
-4.3416 0.00741375
-4.33943 0.00742204
-4.33965 0.00712237
-4.33736 0.00721633
-4.33844 0.00702789
-4.3411 0.0072763
-4.3393 0.00724836
-4.34329 0.00806202
-4.34402 0.00783154
-4.34594 0.00782222
-4.34291 0.00816657
-4.34159 0.008031
-4.34196 0.00780683
-4.34235 0.00759666
-4.34342 0.00746659
-4.34149 0.00751984
-4.34103 0.0073392
-4.34236 0.0072761
-4.34272 0.00710548
-4.34163 0.00701831
-4.34157 0.00685341
-4.34106 0.00671577
-4.34202 0.00663468
-4.34311 0.00657986
-4.34217 0.00650568
-4.34074 0.00652858
-4.33992 0.00644597
-4.33903 0.00637764
-4.33987 0.00630692
-4.34033 0.00620162
-4.33993 0.00609646
-4.33983 0.00598343
-4.33932 0.00589587
-4.33812 0.00591099
-4.33792 0.00580979
-4.33931 0.00587427
-4.33873 0.00580292
-4.33867 0.00570573
-4.33987 0.00573915
-4.33904 0.00570625
-4.33811 0.00569259
-4.3367 0.00577662
-4.3361 0.00571889
-4.33608 0.00563159
-4.33662 0.0055729
-4.33561 0.00558314
-4.33571 0.0055026
-4.33509 0.00545846
-4.33575 0.00542077
-4.3366 0.0054132
-4.33667 0.00533894
-4.33564 0.00536628
-4.33584 0.00529792
-4.33624 0.00524352
-4.33646 0.0051796
-4.33568 0.00517289
-4.33522 0.00512767
-4.33604 0.00512938
-4.33538 0.00510817
-4.3355 0.00504684
-4.33515 0.00499747
-4.33453 0.00497727
-4.33365 0.00499591
-4.33394 0.00494597
-4.33382 0.00489022
-4.33414 0.0048448
-4.33406 0.00479071
-4.3345 0.00475774
-4.33457 0.00470567
-4.3352 0.00469668
-4.33453 0.00469353
-4.33411 0.00466289
-4.33365 0.0046359
-4.33331 0.00460005
-4.33302 0.0045618
-4.33273 0.00452416
-4.33242 0.00448862
-4.33201 0.00446273
