-1.5494 0
-1.54916 0.000242558
-1.54901 0.000201725
-1.54936 0.000378252
-1.54893 0.0005195
-1.54842 0.000663407
-1.54851 0.000568177
-1.54842 0.000500466
-1.54828 0.000462759
-1.54845 0.000444628
-1.54841 0.000403906
-1.54843 0.000369575
-1.54842 0.000340332
-1.54848 0.000321434
-1.54832 0.000340185
-1.54818 0.000347124
-1.54808 0.000341729
-1.54809 0.000322345
-1.54806 0.000305884
-1.54802 0.000293993
-1.54804 0.000280432
-1.54802 0.000268111
-1.54799 0.000258147
-1.54797 0.000247608
-1.54797 0.000237528
-1.54802 0.000233834
-1.54798 0.000228762
-1.548 0.00022128
-1.54798 0.00021457
-1.548 0.000208587
-1.54786 0.00024634
-1.54776 0.000255764
-1.54777 0.000248086
-1.54776 0.000240876
-1.54769 0.000244603
-1.54771 0.000238137
-1.54773 0.000232942
-1.54776 0.000228848
-1.54776 0.000223019
-1.54781 0.000224202
-1.54782 0.000218745
-1.54779 0.000215288
-1.54775 0.000214404
-1.54775 0.000209515
-1.54772 0.000207017
-1.54772 0.000202477
-1.54778 0.000208686
-1.5478 0.000205001
-1.54786 0.000210408
-1.54788 0.00020656
-1.5479 0.000203791
-1.54786 0.000202998
-1.54785 0.000199648
-1.54782 0.000197662
-1.54779 0.000196849
-1.54778 0.000193566
-1.54779 0.000190262
-1.54775 0.000190844
-1.54771 0.000191358
-1.54778 0.000199291
-1.54781 0.000198657
-1.54781 0.000195438
-1.54783 0.000193502
-1.54784 0.000190541
-1.54784 0.000187588
-1.54783 0.000184788
-1.54784 0.000182114
-1.54787 0.000181862
-1.54788 0.00017943
-1.54787 0.000177313
-1.54789 0.000177171
-1.5479 0.00017472
-1.54794 0.0001778
-1.54793 0.000175825
-1.54791 0.000174219
-1.54789 0.000173505
-1.54791 0.000172617
-1.5479 0.000170903
-1.5479 0.000168732
-1.54791 0.000166937
-1.54789 0.000165914
-1.54793 0.000169021
-1.54794 0.000167298
-1.54793 0.000165622
-1.54794 0.000164022
-1.54795 0.000162243
-1.54793 0.000161566
-1.54793 0.000159726
-1.54793 0.000157929
-1.54793 0.000156164
-1.54793 0.000154454
-1.54792 0.000153005
-1.5479 0.000152232
-1.54792 0.000151221
-1.54794 0.000151192
-1.54792 0.000150805
-1.54792 0.000149261
-1.54793 0.00014811
-1.54794 0.000147033
-1.54795 0.00014566
