2.98552 0
2.97366 0.0118604
2.98856 0.0163966
3.00888 0.0233928
3.00817 0.0181339
3.00305 0.0156644
3.00683 0.013766
3.0058 0.0119661
3.01006 0.0113822
3.00403 0.0118324
3.00202 0.0108901
3.00403 0.0101429
3.00542 0.00943336
3.00513 0.00873865
3.00459 0.00815283
3.0045 0.00762678
3.00319 0.00728429
3.00292 0.00687296
3.00851 0.00857807
3.00574 0.00859824
3.00562 0.00817947
3.00599 0.00780779
3.00627 0.00746574
3.00416 0.00745269
3.00436 0.00715135
3.00209 0.00723726
3.00306 0.00703182
3.00575 0.00728728
3.00389 0.00727093
3.00783 0.00805281
3.00856 0.00782278
3.01046 0.00780778
3.00741 0.0081595
3.0061 0.00802349
3.00652 0.00780227
3.00691 0.00759281
3.00801 0.00746547
3.00607 0.00751941
3.00561 0.00733863
3.007 0.00728683
3.00741 0.00711861
3.0064 0.00702055
3.00633 0.00685565
3.00583 0.00671707
3.0068 0.00663788
3.00787 0.00657863
3.00691 0.00650811
3.00547 0.00653224
3.00466 0.00644839
3.00378 0.00637883
3.00461 0.00630774
3.00509 0.00620399
3.00476 0.00609489
3.00468 0.00598148
3.00423 0.00588917
3.00304 0.0059044
3.00288 0.00580208
3.00428 0.00587123
3.0037 0.00579964
3.00366 0.00570231
3.00485 0.00573228
3.00406 0.00569431
3.00313 0.00567923
3.00176 0.00575652
3.00114 0.00570106
3.00115 0.00561403
3.00167 0.00555379
3.00067 0.00556127
3.00077 0.00548086
3.00012 0.005441
3.00078 0.00540417
3.00165 0.00539953
3.00173 0.00532569
3.00075 0.00534428
3.00095 0.00527648
3.00133 0.00522004
3.00155 0.00515646
3.00076 0.00515023
3.00031 0.0051048
3.00111 0.00510459
3.00044 0.00508621
3.00056 0.00502537
3.00023 0.0049756
2.99962 0.00495332
2.99876 0.00496989
2.99907 0.00492116
2.99893 0.00486615
2.99922 0.0048193
2.99915 0.00476534
2.9996 0.00473305
2.99966 0.00468112
3.00025 0.00466853
2.9996 0.0046646
2.99921 0.00463132
2.99876 0.00460365
2.99845 0.00456628
2.99812 0.00453066
2.99784 0.00449333
2.99753 0.00445794
2.99711 0.00443363
