-2.44056e-21 0
-2.43959e-21 9.67251e-25
-2.43857e-21 1.16373e-24
-2.43847e-21 8.2874e-25
-2.43911e-21 9.05443e-25
-2.43941e-21 7.98641e-25
-2.43991e-21 8.3788e-25
-2.43997e-21 7.27953e-25
-2.44008e-21 6.5161e-25
-2.4399e-21 6.08661e-25
-2.43992e-21 5.51016e-25
-2.4398e-21 5.18973e-25
-2.43995e-21 5.01265e-25
-2.43995e-21 4.64092e-25
-2.44022e-21 5.09315e-25
-2.44032e-21 4.87683e-25
-2.4401e-21 5.09533e-25
-2.44025e-21 5.03309e-25
-2.44013e-21 4.89807e-25
-2.44002e-21 4.77736e-25
-2.4399e-21 4.702e-25
-2.43981e-21 4.56696e-25
-2.43979e-21 4.36889e-25
-2.43986e-21 4.23483e-25
-2.43987e-21 4.06311e-25
-2.43993e-21 3.95446e-25
-2.4401e-21 4.14874e-25
-2.4401e-21 3.99783e-25
-2.4402e-21 3.99192e-25
-2.44019e-21 3.85909e-25
-2.44018e-21 3.73357e-25
-2.44012e-21 3.66655e-25
-2.44003e-21 3.64582e-25
-2.43999e-21 3.55837e-25
-2.43998e-21 3.46035e-25
-2.43995e-21 3.37403e-25
-2.44009e-21 3.57029e-25
-2.44001e-21 3.56544e-25
-2.44e-21 3.47324e-25
-2.44004e-21 3.40051e-25
-2.44013e-21 3.45317e-25
-2.44007e-21 3.41917e-25
-2.43996e-21 3.52413e-25
-2.4399e-21 3.49608e-25
-2.4398e-21 3.54991e-25
-2.4398e-21 3.47203e-25
-2.43985e-21 3.43592e-25
-2.43982e-21 3.38203e-25
-2.43976e-21 3.35589e-25
-2.43982e-21 3.33847e-25
-2.43977e-21 3.31739e-25
-2.43981e-21 3.27687e-25
-2.43981e-21 3.21449e-25
-2.43989e-21 3.26826e-25
-2.43987e-21 3.22085e-25
-2.43985e-21 3.16806e-25
-2.43987e-21 3.11731e-25
-2.43985e-21 3.06615e-25
-2.43983e-21 3.02349e-25
-2.43981e-21 2.97788e-25
-2.43978e-21 2.94932e-25
-2.43978e-21 2.90152e-25
-2.43976e-21 2.86061e-25
-2.4398e-21 2.84132e-25
-2.43976e-21 2.82093e-25
-2.43974e-21 2.79078e-25
-2.43973e-21 2.74996e-25
-2.43978e-21 2.75423e-25
-2.43982e-21 2.74425e-25
-2.4398e-21 2.70957e-25
-2.43981e-21 2.67327e-25
-2.4398e-21 2.63694e-25
-2.43984e-21 2.62682e-25
-2.43984e-21 2.59176e-25
-2.43985e-21 2.55926e-25
-2.43986e-21 2.53061e-25
-2.43987e-21 2.49865e-25
-2.43984e-21 2.48998e-25
-2.43988e-21 2.49491e-25
-2.43993e-21 2.51239e-25
-2.43996e-21 2.49908e-25
-2.43998e-21 2.48021e-25
-2.43999e-21 2.45045e-25
-2.43996e-21 2.43849e-25
-2.4399e-21 2.47147e-25
-2.43991e-21 2.44529e-25
-2.43992e-21 2.41817e-25
-2.43996e-21 2.41994e-25
-2.43998e-21 2.40376e-25
-2.43992e-21 2.44992e-25
-2.43995e-21 2.43411e-25
-2.43994e-21 2.40814e-25
-2.43993e-21 2.38268e-25
-2.43995e-21 2.36276e-25
-2.43999e-21 2.36778e-25
-2.43997e-21 2.34962e-25
-2.44e-21 2.3473e-25
-2.44003e-21 2.34373e-25
-2.44004e-21 2.32076e-25
-2.44004e-21 2.29758e-25
