1.61648 0
1.6108 0.00567975
1.61447 0.00492381
1.61429 0.00348643
1.61633 0.00338582
1.61414 0.0035273
1.61464 0.0030221
1.6125 0.00338112
1.61232 0.00298726
1.61177 0.00272678
1.61219 0.00250066
1.61082 0.00266237
1.61123 0.00248332
1.61071 0.00235609
1.61139 0.00229534
1.61176 0.00217816
1.61071 0.00229913
1.60995 0.00229661
1.61062 0.00227342
1.6104 0.0021679
1.60995 0.00211085
1.61003 0.0020144
1.60991 0.00192847
1.60938 0.00192269
1.60938 0.00184418
1.60937 0.00177187
1.60948 0.00170886
1.60948 0.0016467
1.60907 0.00164194
1.60944 0.00162961
1.60932 0.00158089
1.60909 0.0015478
1.60896 0.00150534
1.60958 0.00158708
1.6094 0.0015519
1.60964 0.00152663
1.6093 0.00152177
1.60968 0.00152821
1.61 0.00152206
1.60977 0.00150154
1.60975 0.00146462
1.60962 0.00143461
1.60966 0.00140145
1.60977 0.00137339
1.6097 0.00134457
1.60976 0.00131637
1.60979 0.0012885
1.60963 0.00127156
1.60975 0.0012516
1.60949 0.00125462
1.60958 0.00123329
1.60977 0.00122322
1.60979 0.00120009
1.60953 0.00120442
1.60994 0.0012497
1.60977 0.00123874
1.6099 0.00122396
1.60972 0.00121633
1.60979 0.00119789
1.61007 0.00120846
1.61006 0.00118849
1.61001 0.00117015
1.60999 0.00115166
1.60998 0.00113354
1.60984 0.00112506
1.60963 0.00112774
1.60951 0.00111737
1.6098 0.00113926
1.6097 0.00112723
1.60962 0.0011142
1.60934 0.00113211
1.60922 0.00112314
1.60924 0.00110778
1.60964 0.00116523
1.60947 0.00116198
1.60928 0.0011625
1.60939 0.00115229
1.60941 0.00113772
1.60933 0.00112651
1.60943 0.00111695
1.60934 0.00110619
1.60937 0.00109287
1.60962 0.00110792
1.60958 0.00109527
1.60964 0.00108405
1.60963 0.00107149
1.60946 0.00107198
1.60954 0.00106303
1.60945 0.00105539
1.60957 0.00105129
1.60951 0.00104163
1.60965 0.00103951
1.60964 0.00102832
1.60959 0.00101868
1.60963 0.00100896
1.60969 0.00100011
1.60968 0.000989827
1.6098 0.000987311
1.60973 0.000979975
1.60966 0.000972498
