1.37991 0
1.34247 0.0374353
1.31766 0.0329042
1.33495 0.0289854
1.3474 0.0256745
1.35526 0.022387
1.34957 0.0197578
1.36511 0.0231185
1.36061 0.0208806
1.35312 0.0201234
1.35368 0.0182112
1.35335 0.0166277
1.35504 0.015388
1.35673 0.014346
1.35263 0.0139685
1.35297 0.0130707
1.34997 0.0126394
1.35476 0.0128435
1.35477 0.0121488
1.35682 0.0117058
1.35516 0.0112578
1.35463 0.010747
1.35411 0.0102821
1.35285 0.00992454
1.34651 0.01144
1.3473 0.0110195
1.35305 0.0120646
1.3556 0.0119018
1.35507 0.0114964
1.35355 0.01121
1.35109 0.0111186
1.3518 0.0107892
1.35003 0.0106059
1.3517 0.0104247
1.35267 0.0101686
1.35166 0.00993349
1.35274 0.00972117
1.35233 0.00947096
1.35341 0.00928843
1.3539 0.00906633
1.35367 0.0088454
1.3539 0.00863532
1.3526 0.00853163
1.35195 0.0083609
1.3523 0.00818055
1.35349 0.00808804
1.35328 0.00791672
1.35133 0.00799177
1.35296 0.00799587
1.35442 0.00796763
1.35375 0.00783862
1.35205 0.0078717
1.35101 0.0077908
1.35256 0.00780055
1.3542 0.00783047
1.35365 0.00770873
1.35403 0.00758173
1.35254 0.00759808
1.35287 0.00747551
1.35385 0.007415
1.35429 0.00730568
1.35377 0.00720547
1.35274 0.00716546
1.35322 0.00706921
1.35619 0.00756855
1.35532 0.00750435
1.35543 0.00739238
1.35505 0.00729298
1.35292 0.00749426
1.35306 0.00738772
1.35377 0.00731693
1.35464 0.00726696
1.35371 0.00722654
1.35354 0.00713012
1.35362 0.00703488
1.35375 0.00694286
1.35378 0.00685216
1.35322 0.00678718
1.35356 0.00670929
1.35334 0.00662851
1.35258 0.0065896
1.35327 0.00654544
1.35339 0.00646716
1.35291 0.00640764
1.35422 0.00646647
1.35377 0.00640719
1.35461 0.00638942
1.3535 0.00641402
1.35276 0.00638408
1.35235 0.00632613
1.35324 0.00631844
1.35293 0.0062569
1.35383 0.00625418
1.35388 0.0061875
1.35374 0.00612361
1.35299 0.00610537
1.35353 0.00606612
1.35386 0.00601299
1.35357 0.00595889
1.35429 0.00594162
