1.36405 0
1.35843 0.00562849
1.36193 0.00477822
1.36177 0.00338268
1.36377 0.00329972
1.36161 0.003455
1.36212 0.00296533
1.36004 0.00330873
1.35983 0.00292543
1.35929 0.00267233
1.35969 0.00245044
1.35834 0.00261443
1.35874 0.00243863
1.35824 0.00231201
1.35891 0.00225331
1.35926 0.00213752
1.35825 0.00224834
1.35752 0.00224238
1.35817 0.00221933
1.35796 0.00211595
1.35753 0.00205794
1.35761 0.00196376
1.3575 0.00187962
1.35698 0.00187318
1.35699 0.00179672
1.35698 0.00172631
1.35708 0.00166463
1.35708 0.00160408
1.35668 0.00159886
1.35705 0.00158846
1.35693 0.00154115
1.35672 0.00150744
1.3566 0.00146602
1.35721 0.00154816
1.35703 0.00151414
1.35726 0.00149045
1.35694 0.00148573
1.35731 0.00149216
1.35762 0.00148698
1.35739 0.00146674
1.35738 0.00143064
1.35725 0.00140156
1.35729 0.00136911
1.3574 0.00134184
1.35732 0.00131386
1.35739 0.00128655
1.35742 0.00125928
1.35726 0.00124283
1.35738 0.00122277
1.35712 0.00122543
1.35721 0.00120484
1.3574 0.00119576
1.35742 0.00117315
1.35717 0.00117683
1.35757 0.00122179
1.35741 0.00121016
1.35754 0.001196
1.35737 0.00118849
1.35744 0.00117051
1.3577 0.00117955
1.3577 0.00116005
1.35765 0.00114214
1.35763 0.00112406
1.35762 0.00110638
1.35749 0.00109752
1.35728 0.00110016
1.35717 0.00108998
1.35745 0.00111176
1.35736 0.00109992
1.35727 0.00108722
1.357 0.00110543
1.35688 0.00109681
1.35689 0.00108176
1.35729 0.00113706
1.35712 0.00113434
1.35693 0.00113449
1.35704 0.00112457
1.35706 0.0011103
1.35698 0.0010991
1.35708 0.00108972
1.357 0.00107933
1.35702 0.00106638
1.35726 0.00108081
1.35722 0.00106866
1.35728 0.00105748
1.35727 0.00104516
1.3571 0.00104589
1.35719 0.00103716
1.35709 0.00102954
1.35722 0.00102546
1.35716 0.00101602
1.35729 0.00101391
1.35728 0.00100299
1.35723 0.000993548
1.35728 0.000984084
1.35734 0.000975633
1.35732 0.000965593
1.35744 0.000963158
1.35737 0.000956108
1.3573 0.000948919
