-3.91671 0
-3.91514 0.00157203
-3.91705 0.0021141
-3.91678 0.00151876
-3.91617 0.00132518
-3.91537 0.00134257
-3.91488 0.00123892
-3.91501 0.00108171
-3.91448 0.00109182
-3.91427 0.000998986
-3.9141 0.000920512
-3.91385 0.000876589
-3.9139 0.000807859
-3.91366 0.000785248
-3.91349 0.000749973
-3.91339 0.000707969
-3.91355 0.000683599
-3.91338 0.000666566
-3.91333 0.000632908
-3.91323 0.000607452
-3.91322 0.000577964
-3.91324 0.000551488
-3.91324 0.000526977
-3.91319 0.00050679
-3.91331 0.000501311
-3.91337 0.000485052
-3.91348 0.000479922
-3.91338 0.000473007
-3.91334 0.000458801
-3.91344 0.000455263
-3.91343 0.000440423
-3.91347 0.000428097
-3.91347 0.000414921
-3.91349 0.000403141
-3.91356 0.000398084
-3.91352 0.000388915
-3.91355 0.000379069
-3.91355 0.000368961
-3.91352 0.000360753
-3.91344 0.000360081
-3.91353 0.000361793
-3.91349 0.000354641
-3.91355 0.000350358
-3.91355 0.00034234
-3.91367 0.000355318
-3.91367 0.00034752
-3.91357 0.000354505
-3.91362 0.000350385
-3.9137 0.000351233
-3.91365 0.000346605
-3.91359 0.000346683
-3.91367 0.000349184
-3.9137 0.000344165
-3.91369 0.000337899
-3.91359 0.000347117
-3.91365 0.000347651
-3.91361 0.00034383
-3.91363 0.00033825
-3.91365 0.000333269
-3.91368 0.000328343
-3.91364 0.000324666
-3.91364 0.000319402
-3.91363 0.000314713
-3.91364 0.000310041
-3.91362 0.000305984
-3.91359 0.000302643
-3.91362 0.00029919
-3.91357 0.000298058
-3.91368 0.000311856
-3.91373 0.000311791
-3.91379 0.000312867
-3.91381 0.000309153
-3.9138 0.00030515
-3.91384 0.000304121
-3.91387 0.000301438
-3.91388 0.00029783
-3.91382 0.000301499
-3.91387 0.000301627
-3.91389 0.000298594
-3.91387 0.000295137
-3.91394 0.000297656
-3.91395 0.000294328
-3.91386 0.000304303
-3.91384 0.000301499
-3.91379 0.000302326
-3.91375 0.000300433
-3.91375 0.000296987
-3.91374 0.000293736
-3.91378 0.000293169
-3.91383 0.000294678
-3.91382 0.00029165
-3.91385 0.000290237
-3.91382 0.000288754
-3.91379 0.000287237
-3.91375 0.000287036
-3.91374 0.000284458
-3.91375 0.000281885
-3.91373 0.000279569
-3.91372 0.000276904
-3.91373 0.000274216
