14.0035 0
14.2876 0.284098
14.4434 0.22621
14.3032 0.212692
14.2108 0.188917
14.1617 0.161851
14.2087 0.14463
14.0996 0.166124
14.1401 0.152
14.194 0.146252
14.1873 0.132461
14.187 0.12092
14.1696 0.11259
14.1599 0.104682
14.1908 0.102224
14.1878 0.0956692
14.208 0.0921135
14.1742 0.0932079
14.1741 0.0881659
14.1611 0.0846371
14.1744 0.0815941
14.1759 0.0778116
14.1784 0.0743938
14.1864 0.0716743
14.2291 0.0808988
14.2226 0.0779918
14.1793 0.0866503
14.1594 0.0858439
14.1631 0.0829129
14.1744 0.0809052
14.1914 0.0800772
14.1837 0.0779177
14.197 0.0766728
14.1866 0.075101
14.1784 0.073391
14.1837 0.0715221
14.1756 0.070027
14.1777 0.0681913
14.1706 0.0667996
14.1666 0.065233
14.1674 0.0636279
14.1665 0.0621011
14.1748 0.0612014
14.178 0.0598776
14.1749 0.0586144
14.1666 0.0579102
14.1688 0.0567057
14.1823 0.0571321
14.1705 0.0571938
14.1594 0.0571302
14.165 0.05628
14.1791 0.0569557
14.1868 0.0563991
14.1752 0.0565312
14.1635 0.0567173
14.1661 0.0557557
14.1632 0.0548439
14.1746 0.0550708
14.1714 0.0542255
14.164 0.053823
14.1612 0.0530044
14.1657 0.052335
14.1711 0.0517737
14.1669 0.0511262
14.1462 0.0544188
14.1525 0.0539581
14.1514 0.05316
14.1543 0.052458
14.1695 0.0538768
14.1698 0.0531024
14.1657 0.052515
14.1608 0.0520047
14.1686 0.0518703
14.1695 0.0511721
14.1688 0.05049
14.1681 0.0498255
14.1678 0.0491755
14.171 0.0486492
14.1689 0.0480764
14.1712 0.0475291
14.1762 0.0471996
14.1712 0.0468879
14.1713 0.0463197
14.175 0.0459124
14.1652 0.0464081
14.1692 0.0460342
14.164 0.0457939
14.1722 0.0460095
14.1774 0.045779
14.1801 0.0453486
14.1737 0.0452964
14.1756 0.0448399
14.1683 0.044943
14.1677 0.0444667
14.1684 0.044002
14.174 0.043891
14.1698 0.0436342
14.1673 0.0432601
14.1692 0.0428658
14.1637 0.0427987
