-5.98657 0
-5.92885 0.0577249
-5.89354 0.0485515
-5.9192 0.0428615
-5.93727 0.0377994
-5.94826 0.0327614
-5.93923 0.0291249
-5.96269 0.0344444
-5.95539 0.0312398
-5.94394 0.0301969
-5.94462 0.0273225
-5.94388 0.0249531
-5.94646 0.023098
-5.94875 0.0215069
-5.94244 0.0209917
-5.94285 0.0196403
-5.93851 0.0189534
-5.94552 0.0191974
-5.94549 0.018159
-5.94847 0.0174829
-5.94596 0.0168175
-5.94519 0.0160534
-5.94441 0.0153594
-5.94247 0.0148324
-5.93308 0.0170487
-5.93432 0.0164268
-5.94306 0.0180641
-5.94678 0.0178008
-5.94594 0.0171968
-5.94376 0.0167555
-5.94006 0.0166238
-5.94117 0.0161341
-5.93851 0.0158613
-5.94105 0.0155951
-5.94257 0.0152194
-5.94102 0.014872
-5.94266 0.0145572
-5.94204 0.0141826
-5.94363 0.013906
-5.94429 0.0135696
-5.94403 0.013237
-5.94434 0.0129217
-5.94245 0.0127593
-5.94147 0.0125038
-5.94212 0.0122399
-5.9439 0.0121025
-5.94349 0.0118492
-5.94062 0.0119514
-5.94314 0.0119746
-5.94528 0.0119255
-5.9442 0.0117387
-5.94174 0.0117722
-5.94022 0.0116474
-5.94253 0.0116614
-5.94488 0.0116868
-5.94413 0.0115007
-5.94466 0.0113095
-5.94244 0.0113331
-5.94296 0.0111514
-5.94445 0.0110651
-5.94507 0.0109002
-5.9443 0.0107507
-5.94273 0.0106946
-5.94347 0.0105521
-5.94791 0.0112976
-5.94657 0.0112059
-5.94677 0.0110391
-5.94615 0.0108933
-5.94306 0.0111683
-5.94332 0.0110107
-5.94444 0.0109117
-5.94576 0.0108405
-5.94436 0.0107828
-5.94415 0.0106381
-5.94431 0.0104963
-5.94451 0.0103594
-5.94449 0.010224
-5.94369 0.0101234
-5.94422 0.0100085
-5.94388 0.00988853
-5.94281 0.00982441
-5.94386 0.00976072
-5.94395 0.0096428
-5.9432 0.00955608
-5.94512 0.00963578
-5.9444 0.00955007
-5.94567 0.0095241
-5.94399 0.00956422
-5.94293 0.00951576
-5.94236 0.00942633
-5.94368 0.00941449
-5.94325 0.00932141
-5.94457 0.00931427
-5.94461 0.00921476
-5.94436 0.00912067
-5.94323 0.00909641
-5.94405 0.00903973
-5.94453 0.00895975
-5.94409 0.00887976
-5.94516 0.00885573
