-5.8982 0
-5.91712 0.0189155
-5.92499 0.0134621
-5.92425 0.00954811
-5.91903 0.00904888
-5.92084 0.00760496
-5.9218 0.0064994
-5.92013 0.00587097
-5.92192 0.00547797
-5.9206 0.00507384
-5.91988 0.00464636
-5.92071 0.00432165
-5.92178 0.00411889
-5.92153 0.00382161
-5.92022 0.00379091
-5.92214 0.00403004
-5.9219 0.00379305
-5.92216 0.00358561
-5.92218 0.00339171
-5.92293 0.00330335
-5.92109 0.00363834
-5.92137 0.00347969
-5.92187 0.00336246
-5.92164 0.00322728
-5.92149 0.00309914
-5.92258 0.00316931
-5.92193 0.00311774
-5.92121 0.00308965
-5.92138 0.0029863
-5.92139 0.00288505
-5.92098 0.00282019
-5.92119 0.00273902
-5.92092 0.00266913
-5.92185 0.00275205
-5.92216 0.00269048
-5.92161 0.00267117
-5.92124 0.00262448
-5.9216 0.00258
-5.92155 0.00251361
-5.92172 0.00245582
-5.92216 0.00243557
-5.92182 0.00240112
-5.92225 0.00238355
-5.92161 0.00241505
-5.92232 0.00246473
-5.92199 0.00243279
-5.92203 0.00238074
-5.92189 0.00233482
-5.92192 0.00228698
-5.92151 0.0022776
-5.92157 0.00223331
-5.92153 0.00219039
-5.9217 0.00215553
-5.92113 0.00219089
-5.92174 0.00223629
-5.92182 0.0021974
-5.92167 0.00216411
-5.92186 0.00213475
-5.92194 0.00210012
-5.92173 0.00207568
-5.92181 0.00204275
-5.9219 0.0020116
-5.92214 0.00199441
-5.92185 0.00198498
-5.92181 0.00195448
-5.92182 0.00192465
-5.92139 0.00194309
-5.92134 0.00191507
-5.92164 0.00191034
-5.9214 0.00189707
-5.92135 0.00187097
-5.92158 0.00185947
-5.92118 0.00187665
-5.9216 0.00189725
-5.92168 0.00187349
-5.9217 0.00184878
-5.92177 0.00182608
-5.92186 0.00180475
-5.92195 0.00178394
-5.92219 0.00177738
-5.92232 0.00176075
-5.92217 0.0017462
-5.92215 0.00172509
-5.92221 0.00170538
-5.92219 0.00168535
-5.92215 0.00166613
-5.92223 0.00164882
-5.92211 0.00163421
-5.92201 0.00161875
-5.92199 0.00160082
-5.92197 0.00158321
-5.92209 0.00157055
-5.92186 0.00157184
-5.92175 0.00155849
-5.92184 0.00154454
-5.92169 0.00153574
-5.92194 0.00154074
-5.92177 0.00153521
-5.92187 0.00152305
-5.92193 0.00150891
