-3.85499 0
-3.85351 0.00148274
-3.85345 0.000858325
-3.8538 0.000703193
-3.8541 0.000620723
-3.85418 0.000513492
-3.85419 0.00043407
-3.85418 0.000376106
-3.85413 0.000335856
-3.85427 0.000333019
-3.85425 0.000302156
-3.85422 0.00027741
-3.85425 0.000256979
-3.85423 0.000238399
-3.85416 0.000233957
-3.85415 0.00021886
-3.85421 0.000211797
-3.85415 0.000208585
-3.85413 0.000197822
-3.85411 0.000188596
-3.85417 0.000188029
-3.85421 0.000183763
-3.85416 0.000182057
-3.85415 0.000174884
-3.85409 0.000176158
-3.8541 0.000169652
-3.85406 0.000168593
-3.85408 0.000162981
-3.85411 0.000161759
-3.85413 0.000157039
-3.85413 0.000151889
-3.85411 0.000148888
-3.85405 0.000153261
-3.85403 0.000151045
-3.85403 0.000146666
-3.85407 0.000148657
-3.85408 0.000144785
-3.8541 0.000142283
-3.85407 0.000141177
-3.85402 0.000145568
-3.85403 0.000142258
-3.85406 0.000141693
-3.85407 0.00013889
-3.85406 0.000136097
-3.85405 0.000133874
-3.85407 0.000132513
-3.85405 0.000130688
-3.85408 0.000130652
-3.85408 0.000127966
-3.85412 0.000131012
-3.85412 0.000128489
-3.85412 0.000125995
-3.8541 0.000126004
-3.85415 0.00013368
-3.85415 0.000131255
-3.85415 0.000128903
-3.85416 0.000126906
-3.85414 0.000126611
-3.85412 0.000125854
-3.85409 0.000126988
-3.85408 0.000124998
-3.85407 0.000123297
-3.85405 0.000123432
-3.85403 0.000122587
-3.85401 0.000122427
-3.85402 0.000120722
-3.85404 0.000120879
-3.85404 0.000119099
-3.85405 0.00011773
-3.85407 0.000116831
-3.85407 0.000115334
-3.85406 0.00011443
-3.85408 0.000114187
-3.85407 0.000113075
-3.85409 0.000114665
-3.8541 0.000113152
-3.85408 0.00011227
-3.85406 0.000112722
-3.85405 0.000112286
-3.85405 0.000110892
-3.85403 0.000110554
-3.85404 0.000109614
-3.85405 0.000108414
-3.85404 0.000107533
-3.85405 0.0001068
-3.85406 0.000106522
-3.85406 0.000105314
-3.85404 0.000105086
-3.85404 0.000103962
-3.85404 0.00010281
-3.85403 0.000101813
-3.85404 0.000100718
-3.85402 0.000100377
-3.85402 9.93045e-05
-3.85403 9.85929e-05
-3.85403 9.75744e-05
-3.85406 9.95717e-05
-3.85404 0.000100373
-3.85403 9.9381e-05
-3.85404 9.8399e-05
