2.04321 0
2.06361 0.0203982
2.07154 0.0142001
2.07045 0.0101009
2.06494 0.00957036
2.06665 0.00800112
2.06761 0.00682945
2.06595 0.0061423
2.06779 0.00572142
2.06633 0.0053221
2.06563 0.00486482
2.06649 0.00452305
2.06754 0.00429047
2.0673 0.0039792
2.06607 0.00390488
2.06798 0.00412526
2.06769 0.00388577
2.06802 0.00367757
2.06805 0.00347881
2.06882 0.00338806
2.06693 0.00373634
2.06716 0.00357
2.06771 0.00345513
2.06749 0.00331485
2.0674 0.00318096
2.06847 0.00323937
2.06787 0.00317541
2.06713 0.00314672
2.06727 0.00303934
2.06726 0.0029363
2.06685 0.00286926
2.06709 0.00278827
2.06686 0.00271184
2.06782 0.00280006
2.06813 0.00273678
2.06755 0.00272404
2.06717 0.00267647
2.06751 0.00262748
2.06748 0.00255939
2.0677 0.00250401
2.06813 0.00248022
2.06776 0.00244836
2.06818 0.00242683
2.06755 0.00245315
2.06827 0.0025047
2.06792 0.00247432
2.06797 0.00242168
2.06781 0.00237652
2.06784 0.0023278
2.0674 0.00232396
2.06745 0.00227862
2.06741 0.00223483
2.06761 0.00220103
2.06698 0.00224755
2.06759 0.0022891
2.06767 0.00224929
2.06751 0.00221557
2.06772 0.00218711
2.06783 0.0021524
2.06764 0.00212416
2.06772 0.00209059
2.06782 0.00205904
2.06809 0.00204359
2.06781 0.00203055
2.0678 0.0019991
2.0678 0.00196858
2.06735 0.00199012
2.06729 0.00196143
2.06758 0.00195408
2.06734 0.00194154
2.06728 0.00191498
2.06752 0.00190412
2.06711 0.0019234
2.06753 0.00194443
2.06758 0.00191907
2.0676 0.00189374
2.06769 0.00187091
2.0678 0.00185006
2.0679 0.0018294
2.06814 0.00182214
2.06829 0.00180605
2.06813 0.00179163
2.06811 0.00177001
2.06817 0.00175007
2.06814 0.00172968
2.06809 0.00171033
2.06817 0.00169257
2.06807 0.00167641
2.06797 0.00166018
2.06795 0.00164177
2.06794 0.00162366
2.06806 0.00161031
2.06783 0.00160895
2.06773 0.00159516
2.06781 0.00158032
2.06766 0.00157082
2.06789 0.00157128
2.06773 0.0015632
2.06783 0.00155084
2.06789 0.00153634
