2.06986 0
2.01371 0.0561529
1.97649 0.0493563
2.00242 0.0434781
2.0211 0.0385117
2.03289 0.0335805
2.02435 0.0296367
2.04767 0.0346777
2.04091 0.031321
2.02967 0.0301851
2.03053 0.0273168
2.03003 0.0249416
2.03256 0.023082
2.03509 0.021519
2.02895 0.0209527
2.02946 0.0196061
2.02496 0.0189592
2.03214 0.0192653
2.03216 0.0182231
2.03523 0.0175587
2.03274 0.0168868
2.03194 0.0161204
2.03117 0.0154232
2.02928 0.0148868
2.01976 0.01716
2.02095 0.0165292
2.02958 0.0180969
2.0334 0.0178526
2.0326 0.0172446
2.03032 0.0168149
2.02663 0.0166779
2.0277 0.0161838
2.02504 0.0159089
2.02756 0.015637
2.02901 0.0152529
2.02749 0.0149002
2.02911 0.0145818
2.02849 0.0142064
2.03012 0.0139326
2.03085 0.0135995
2.0305 0.0132681
2.03085 0.012953
2.0289 0.0127974
2.02792 0.0125414
2.02845 0.0122708
2.03023 0.0121321
2.02992 0.0118751
2.027 0.0119877
2.02945 0.0119938
2.03162 0.0119514
2.03062 0.0117579
2.02807 0.0118076
2.02652 0.0116862
2.02884 0.0117008
2.0313 0.0117457
2.03048 0.0115631
2.03105 0.0113726
2.02881 0.0113971
2.0293 0.0112133
2.03077 0.0111225
2.03143 0.0109585
2.03066 0.0108082
2.0291 0.0107482
2.02983 0.0106038
2.03429 0.0113528
2.03298 0.0112565
2.03315 0.0110886
2.03257 0.0109395
2.02938 0.0112414
2.02959 0.0110816
2.03065 0.0109754
2.03195 0.0109004
2.03056 0.0108398
2.03031 0.0106952
2.03044 0.0105523
2.03063 0.0104143
2.03067 0.0102782
2.02982 0.0101808
2.03033 0.0100639
2.03 0.00994277
2.02887 0.00988439
2.02991 0.00981816
2.03009 0.00970075
2.02937 0.00961146
2.03134 0.00969971
2.03065 0.00961078
2.03192 0.00958412
2.03025 0.00962103
2.02914 0.00957611
2.02853 0.0094892
2.02985 0.00947766
2.02939 0.00938535
2.03074 0.00938126
2.03082 0.00928125
2.03061 0.00918542
2.02949 0.00915806
2.0303 0.00909918
2.03079 0.00901948
2.03036 0.00893833
2.03143 0.00891243
