1.79999 0
1.79264 0.00735557
1.78881 0.00571468
1.7891 0.00405127
1.78999 0.00326151
1.79309 0.00408085
1.79565 0.00429539
1.79785 0.0043229
1.79787 0.00381252
1.80007 0.00405664
1.80319 0.0048136
1.80402 0.00447347
1.80413 0.00411635
1.80956 0.00663318
1.81408 0.00765511
1.81634 0.00750627
1.81739 0.00712913
1.81681 0.00674657
1.81895 0.00673261
1.82052 0.00657697
1.82046 0.00625624
1.82144 0.00604477
1.82228 0.0058364
1.82108 0.00571475
1.82053 0.00550863
1.82016 0.00530561
1.82082 0.00514811
1.82031 0.00498739
1.81919 0.00493932
1.81845 0.00482901
1.81826 0.00467465
1.81858 0.00453731
1.81837 0.00440252
1.8184 0.00427119
1.81826 0.00414975
1.81759 0.00408816
1.81703 0.00401532
1.81575 0.00411393
1.81399 0.00437747
1.8127 0.00445661
1.81171 0.00445832
1.81042 0.00453627
1.80847 0.00483916
1.80687 0.00499395
1.80534 0.00511539
1.80293 0.0055525
1.80096 0.00577723
1.79969 0.00579721
1.79834 0.0058352
1.79688 0.00590237
1.79547 0.0059538
1.79417 0.00598116
1.79234 0.0061462
1.79118 0.00614236
1.79037 0.00608335
1.78939 0.00605361
1.78838 0.00603148
1.78799 0.00593986
1.78775 0.00584293
1.78696 0.00579902
1.78703 0.00570355
1.78721 0.00561378
1.7871 0.0055251
1.7877 0.0054708
1.78777 0.00538651
1.78826 0.00532646
1.78887 0.00528255
1.78976 0.0052794
1.79066 0.00527878
1.79105 0.00521749
1.79097 0.005144
1.79145 0.0050942
1.79159 0.00502598
1.79159 0.0049576
1.79156 0.00489117
1.79162 0.00482684
1.79129 0.00477509
1.79124 0.00471378
1.79123 0.00465375
1.79109 0.00459727
1.7914 0.00455108
1.79179 0.00451182
1.79215 0.00447175
1.79263 0.004444
1.79294 0.00440201
1.79344 0.00437975
1.79383 0.00434631
1.79404 0.00430175
1.79456 0.00428583
1.79505 0.00426552
1.79527 0.00422418
1.79571 0.00420092
1.79598 0.00416439
1.79639 0.00413992
1.79691 0.00412871
1.7974 0.00411586
1.79781 0.0040937
1.79827 0.00407715
1.79808 0.00404005
1.79813 0.00399975
