0.0533717 0
0.0530777 0.000293952
0.0517367 0.00135172
0.049401 0.00252368
0.047261 0.0028985
0.0454199 0.00299839
0.0447877 0.00261179
0.0453347 0.0023271
0.0470389 0.00266762
0.0483662 0.00273032
0.0494815 0.00270983
0.0511786 0.0029999
0.052635 0.00312026
0.0522049 0.00292065
0.0516001 0.00278544
0.0515012 0.00260741
0.0518327 0.00247156
0.0524637 0.00241415
0.0522539 0.00229318
0.0520636 0.00218381
0.0522007 0.00208173
0.0519679 0.00199845
0.0516895 0.00192978
0.0518419 0.0018539
0.0517679 0.00177974
0.0515612 0.00172236
0.0511763 0.00170145
0.0512842 0.0016431
0.0517268 0.00164606
0.0520977 0.00163292
0.0522236 0.00158438
0.0521058 0.00153859
0.0520137 0.00149407
0.051802 0.00146485
0.0516152 0.00143459
0.0515613 0.00139521
0.0515256 0.00135745
0.0517137 0.00133456
0.0519703 0.00132498
0.0519661 0.00129144
0.0517361 0.00128037
0.0515003 0.00127156
0.0514143 0.00124461
0.0512519 0.00122679
0.0511143 0.00120708
0.0512253 0.00118575
0.0512051 0.00116043
0.0509754 0.00115897
0.0507862 0.00115073
0.050718 0.00112954
0.0507301 0.00110724
0.0507936 0.00108759
0.0509933 0.00108541
0.0509789 0.00106521
0.050817 0.00105813
0.0506817 0.00104783
0.0505701 0.00103532
0.0503572 0.00103935
0.0502171 0.00103114
0.050321 0.00101912
0.0502828 0.001003
0.0502624 0.000986901
0.0503443 0.000974558
0.0503068 0.000959944
0.0504322 0.000953348
0.0504761 0.000939819
0.0504459 0.000926178
0.0503051 0.000923252
0.0501537 0.000922297
0.0501634 0.000909079
0.0502837 0.000904217
0.0502299 0.000893192
0.050209 0.000881118
0.0501958 0.00086923
0.050163 0.000858189
0.0500955 0.000849507
0.0501193 0.00083874
0.0500859 0.000828593
0.0500573 0.000818537
0.0500811 0.000808592
0.0500238 0.000800596
0.0499858 0.000791688
0.0499914 0.000782112
0.0500001 0.000772793
0.0500652 0.000766423
0.0500957 0.000758071
0.050158 0.00075189
0.0502194 0.000745832
0.050137 0.000741993
0.0500273 0.000741861
0.0499762 0.000735437
0.0498864 0.000732921
0.0498582 0.000725546
0.0498275 0.000718444
0.0497834 0.000712206
0.0497533 0.000705389
0.0497616 0.000698129
0.0497883 0.000691481
0.0499785 0.000710414
0.0500886 0.000711838
