1.2 0
1.19509 0.00490371
1.19254 0.00380978
1.19274 0.00270085
1.19333 0.00217434
1.19539 0.00272057
1.1971 0.00286359
1.19857 0.00288193
1.19858 0.00254168
1.20005 0.00270443
1.20212 0.00320907
1.20268 0.00298231
1.20275 0.00274424
1.20637 0.00442212
1.20939 0.00510341
1.21089 0.00500418
1.21159 0.00475275
1.2112 0.00449772
1.21263 0.0044884
1.21368 0.00438465
1.21364 0.00417083
1.21429 0.00402985
1.21485 0.00389093
1.21405 0.00380983
1.21369 0.00367242
1.21344 0.00353707
1.21388 0.00343208
1.21354 0.00332493
1.2128 0.00329288
1.2123 0.00321934
1.21217 0.00311643
1.21238 0.00302487
1.21225 0.00293501
1.21227 0.00284746
1.21217 0.0027665
1.21173 0.00272544
1.21135 0.00267688
1.2105 0.00274262
1.20932 0.00291831
1.20847 0.00297107
1.2078 0.00297221
1.20695 0.00302418
1.20565 0.0032261
1.20458 0.0033293
1.20356 0.00341026
1.20195 0.00370167
1.20064 0.00385149
1.19979 0.0038648
1.1989 0.00389013
1.19792 0.00393491
1.19698 0.0039692
1.19611 0.00398744
1.19489 0.00409746
1.19412 0.00409491
1.19358 0.00405557
1.19293 0.00403574
1.19226 0.00402099
1.19199 0.00395991
1.19184 0.00389528
1.19131 0.00386602
1.19135 0.00380236
1.19147 0.00374252
1.1914 0.0036834
1.1918 0.0036472
1.19185 0.00359101
1.19217 0.00355098
1.19258 0.0035217
1.19317 0.0035196
1.19377 0.00351919
1.19403 0.00347833
1.19398 0.00342933
1.1943 0.00339613
1.1944 0.00335065
1.19439 0.00330507
1.19437 0.00326078
1.19442 0.00321789
1.1942 0.00318339
1.19416 0.00314252
1.19415 0.0031025
1.19406 0.00306485
1.19427 0.00303405
1.19453 0.00300788
1.19477 0.00298117
1.19509 0.00296267
1.19529 0.00293467
1.19563 0.00291983
1.19588 0.00289754
1.19602 0.00286783
1.19638 0.00285722
1.1967 0.00284368
1.19685 0.00281612
1.19714 0.00280061
1.19732 0.00277626
1.19759 0.00275995
1.19794 0.00275247
1.19827 0.00274391
1.19854 0.00272913
1.19885 0.0027181
1.19872 0.00269336
1.19875 0.0026665
