-5.36016 0
-5.40597 0.0458079
-5.41426 0.0277171
-5.42045 0.0205509
-5.43377 0.0207583
-5.43727 0.0173066
-5.43533 0.0147541
-5.43584 0.0127876
-5.44367 0.0137286
-5.44398 0.0122831
-5.44592 0.0112782
-5.44517 0.0103225
-5.44621 0.0095514
-5.44365 0.00920648
-5.44445 0.00860827
-5.44675 0.00837384
-5.44857 0.00807356
-5.44734 0.00771039
-5.44584 0.00744604
-5.44537 0.00707915
-5.44733 0.00701284
-5.44745 0.00668748
-5.4487 0.00651054
-5.44756 0.00633531
-5.44767 0.00607755
-5.44744 0.00584349
-5.4482 0.00567331
-5.44666 0.00568005
-5.44668 0.00548072
-5.44714 0.00531521
-5.44822 0.00525287
-5.44751 0.00513598
-5.44644 0.00509193
-5.44574 0.00498877
-5.44586 0.00484567
-5.44623 0.00472323
-5.44692 0.00464572
-5.44714 0.00452711
-5.4478 0.00445869
-5.44831 0.00437549
-5.44707 0.00444313
-5.44772 0.00438529
-5.44718 0.00431664
-5.44699 0.00422158
-5.44669 0.00413804
-5.44808 0.0042805
-5.44838 0.00419913
-5.44667 0.0044501
-5.4478 0.00450241
-5.44802 0.00441677
-5.44844 0.00434987
-5.44841 0.00426553
-5.44722 0.00435043
-5.44782 0.00431154
-5.44739 0.00425476
-5.44621 0.00434148
-5.44535 0.00435054
-5.44582 0.00430072
-5.44528 0.00426069
-5.44543 0.00419154
-5.4455 0.00412281
-5.44557 0.00405645
-5.44493 0.00404209
-5.44566 0.00404503
-5.44548 0.00398651
-5.44557 0.00392672
-5.44572 0.00387056
-5.44538 0.00382836
-5.44526 0.00377452
-5.44585 0.00376766
-5.44598 0.00371626
-5.44531 0.00372379
-5.44529 0.00367248
-5.44586 0.00366611
-5.44659 0.00369059
-5.44717 0.00368674
-5.44706 0.00363996
-5.44746 0.00361421
-5.44737 0.00356926
-5.44754 0.00352834
-5.44741 0.00348685
-5.44831 0.00356165
-5.44805 0.00352819
-5.44821 0.00348966
-5.44858 0.00346746
-5.44855 0.00342701
-5.44799 0.00343379
-5.44791 0.00339534
-5.44832 0.00338187
-5.44843 0.00334574
-5.44796 0.00334136
-5.44775 0.00331154
-5.44855 0.00337156
-5.44872 0.0033397
-5.44855 0.00330893
-5.44843 0.00327641
-5.44838 0.00324284
-5.44814 0.00321864
-5.44816 0.00318604
-5.44823 0.00315474
