1.56487 0
1.61017 0.045294
1.61783 0.0272515
1.6241 0.0202642
1.6371 0.0203797
1.64038 0.0169589
1.63863 0.0144392
1.63886 0.0125069
1.64648 0.0134053
1.64672 0.0119924
1.6484 0.0109764
1.64762 0.0100504
1.64862 0.00929913
1.64605 0.00898277
1.64685 0.00840008
1.64914 0.00818557
1.65086 0.0078788
1.64953 0.00754687
1.64807 0.00728673
1.64753 0.00693387
1.64958 0.00690841
1.64965 0.00658722
1.65094 0.00642561
1.64977 0.00626219
1.64982 0.00600674
1.64963 0.00577432
1.65044 0.005615
1.64895 0.00561165
1.64893 0.00541472
1.64938 0.00525025
1.65052 0.00520429
1.64982 0.00508703
1.6488 0.00503586
1.64812 0.00493201
1.64825 0.00479069
1.6486 0.00466923
1.64927 0.0045894
1.64943 0.00446987
1.65009 0.0044035
1.65057 0.00431897
1.64936 0.00438329
1.64998 0.00432274
1.64941 0.00425952
1.6492 0.00416676
1.64888 0.00408593
1.65025 0.0042259
1.6506 0.00414941
1.64891 0.0043971
1.65002 0.00444589
1.65023 0.00436117
1.65063 0.00429344
1.65062 0.00421007
1.64942 0.00430065
1.65001 0.00426146
1.64961 0.00420246
1.64847 0.00428024
1.64765 0.0042847
1.64812 0.00423616
1.64757 0.00419996
1.64771 0.00413184
1.64778 0.00406407
1.64787 0.00399913
1.64726 0.00398237
1.64796 0.00398256
1.64779 0.00392487
1.64789 0.00386645
1.64804 0.00381092
1.64774 0.00376613
1.64764 0.00371251
1.6482 0.00370151
1.64832 0.0036512
1.64766 0.00366029
1.64763 0.00360994
1.64817 0.00360196
1.6489 0.00362675
1.64948 0.00362609
1.6494 0.00357952
1.6498 0.00355483
1.64971 0.0035106
1.64987 0.00347017
1.64972 0.00343014
1.65063 0.00350621
1.65038 0.00347248
1.65055 0.00343513
1.65092 0.00341454
1.65094 0.00337466
1.6504 0.00337884
1.65032 0.00334113
1.6507 0.00332436
1.65078 0.00328835
1.6503 0.00328797
1.65008 0.00325955
1.65087 0.00332122
1.65107 0.0032917
1.65093 0.00325994
1.6508 0.00322829
1.65076 0.00319515
1.65051 0.00317235
1.65051 0.00314014
1.65057 0.0031092
