141.012 0
140.015 0.996884
138.58 1.54599
138.009 1.23334
137.72 0.99812
137.783 0.817361
138.793 1.22388
139.643 1.35841
140.033 1.26002
140.387 1.18117
140.39 1.06842
140.553 0.988755
140.896 0.972333
141.087 0.920173
141.368 0.901437
141.497 0.853121
141.512 0.801496
141.541 0.756243
141.507 0.71617
141.485 0.679752
141.478 0.646618
141.589 0.626395
141.532 0.601239
141.498 0.576635
141.47 0.553802
141.397 0.53705
141.335 0.520428
141.335 0.501497
141.396 0.487765
141.452 0.474489
141.388 0.463379
141.256 0.467693
141.255 0.4533
141.162 0.449384
141.103 0.44043
141.157 0.431424
141.207 0.422571
141.374 0.444139
141.458 0.44062
141.388 0.435077
141.333 0.427949
141.363 0.418748
141.514 0.435636
141.636 0.442745
141.704 0.438117
141.787 0.436483
141.855 0.432548
141.979 0.441248
142.076 0.442836
142.1 0.434564
142.157 0.42969
142.173 0.421646
142.128 0.415986
142.119 0.408313
142.121 0.400824
142.178 0.397756
142.258 0.39882
142.254 0.391908
142.306 0.388742
142.328 0.382853
142.312 0.376885
142.372 0.375573
142.433 0.374612
142.514 0.377388
142.485 0.372614
142.497 0.367114
142.513 0.361967
142.513 0.356605
142.444 0.358051
142.426 0.35334
142.476 0.351804
142.504 0.348027
142.505 0.343231
142.52 0.338877
142.536 0.334723
142.572 0.332238
142.638 0.334385
142.669 0.331525
142.678 0.327439
142.69 0.323544
142.688 0.319534
142.661 0.316758
142.663 0.312925
142.683 0.309819
142.74 0.311358
142.778 0.310014
142.818 0.309091
142.857 0.308017
142.859 0.304542
142.862 0.301153
142.932 0.306113
143.006 0.311535
143.079 0.316666
143.147 0.320687
143.174 0.318478
143.174 0.315143
143.201 0.313045
143.194 0.309918
143.205 0.306973
143.214 0.304014
