-6.54103e-22 0
-6.33431e-22 2.06717e-23
-6.03763e-22 3.19787e-23
-5.92002e-22 2.54879e-23
-5.86003e-22 2.06341e-23
-5.87335e-22 1.69003e-23
-6.08263e-22 2.53376e-23
-6.25844e-22 2.81173e-23
-6.33942e-22 2.60858e-23
-6.4126e-22 2.44526e-23
-6.41332e-22 2.21183e-23
-6.44712e-22 2.04721e-23
-6.51837e-22 2.01345e-23
-6.55789e-22 1.90552e-23
-6.61602e-22 1.86675e-23
-6.64284e-22 1.76667e-23
-6.64587e-22 1.65977e-23
-6.6521e-22 1.56609e-23
-6.64501e-22 1.48307e-23
-6.6406e-22 1.40765e-23
-6.639e-22 1.33904e-23
-6.66192e-22 1.29713e-23
-6.65014e-22 1.24504e-23
-6.64318e-22 1.19407e-23
-6.63735e-22 1.14679e-23
-6.62222e-22 1.11215e-23
-6.60952e-22 1.07767e-23
-6.60948e-22 1.03847e-23
-6.62225e-22 1.01011e-23
-6.6338e-22 9.82679e-24
-6.62054e-22 9.5966e-24
-6.59328e-22 9.68359e-24
-6.59313e-22 9.38557e-24
-6.57395e-22 9.30523e-24
-6.5616e-22 9.1194e-24
-6.5728e-22 8.93294e-24
-6.58312e-22 8.74919e-24
-6.61774e-22 9.19287e-24
-6.63496e-22 9.1181e-24
-6.62048e-22 9.00447e-24
-6.60898e-22 8.85707e-24
-6.61528e-22 8.66658e-24
-6.64638e-22 9.01603e-24
-6.67154e-22 9.16078e-24
-6.6856e-22 9.06465e-24
-6.70277e-22 9.0302e-24
-6.71688e-22 8.94791e-24
-6.74254e-22 9.12772e-24
-6.76249e-22 9.15928e-24
-6.76747e-22 8.98804e-24
-6.77919e-22 8.88769e-24
-6.78249e-22 8.72134e-24
-6.77332e-22 8.60428e-24
-6.77146e-22 8.44549e-24
-6.77184e-22 8.2906e-24
-6.78374e-22 8.22765e-24
-6.80031e-22 8.25014e-24
-6.79939e-22 8.10717e-24
-6.81021e-22 8.04176e-24
-6.8148e-22 7.91987e-24
-6.81142e-22 7.79626e-24
-6.82388e-22 7.77007e-24
-6.83661e-22 7.75085e-24
-6.85329e-22 7.80901e-24
-6.84743e-22 7.71019e-24
-6.84993e-22 7.59657e-24
-6.85334e-22 7.49009e-24
-6.85314e-22 7.37914e-24
-6.83892e-22 7.40923e-24
-6.83527e-22 7.31169e-24
-6.84546e-22 7.27962e-24
-6.85126e-22 7.20116e-24
-6.85156e-22 7.1019e-24
-6.85457e-22 7.01172e-24
-6.85792e-22 6.92571e-24
-6.86535e-22 6.87423e-24
-6.87892e-22 6.91887e-24
-6.88537e-22 6.85999e-24
-6.88738e-22 6.77557e-24
-6.8899e-22 6.69509e-24
-6.88943e-22 6.61209e-24
-6.88388e-22 6.55448e-24
-6.88434e-22 6.47519e-24
-6.88848e-22 6.41102e-24
-6.90021e-22 6.44286e-24
-6.90801e-22 6.41514e-24
-6.9164e-22 6.39613e-24
-6.92442e-22 6.37376e-24
-6.9248e-22 6.30185e-24
-6.92541e-22 6.23173e-24
-6.94008e-22 6.33507e-24
-6.9553e-22 6.448e-24
-6.97041e-22 6.55486e-24
-6.9846e-22 6.63832e-24
-6.99028e-22 6.5926e-24
-6.99022e-22 6.52357e-24
-6.99581e-22 6.48013e-24
-6.99431e-22 6.4154e-24
-6.99663e-22 6.35451e-24
-6.99845e-22 6.29327e-24
