2.26484e-21 0
2.26488e-21 3.62004e-26
2.26485e-21 3.94306e-26
2.26479e-21 6.59423e-26
2.2648e-21 5.3215e-26
2.26477e-21 5.69569e-26
2.26475e-21 5.04392e-26
2.26476e-21 4.41391e-26
2.26474e-21 4.18102e-26
2.26474e-21 3.74301e-26
2.26474e-21 3.38575e-26
2.26473e-21 3.56665e-26
2.26472e-21 3.3936e-26
2.26471e-21 3.18484e-26
2.26471e-21 2.98119e-26
2.26471e-21 2.78886e-26
2.2647e-21 2.66378e-26
2.2647e-21 2.63594e-26
2.26469e-21 2.5698e-26
2.26469e-21 2.43812e-26
2.26469e-21 2.32406e-26
2.26469e-21 2.21703e-26
2.26469e-21 2.11944e-26
2.26469e-21 2.06694e-26
2.26469e-21 1.98782e-26
2.26469e-21 1.94675e-26
2.26469e-21 1.92741e-26
2.26469e-21 1.8818e-26
2.26468e-21 1.94361e-26
2.26467e-21 1.96365e-26
2.26467e-21 1.89929e-26
2.26467e-21 1.96854e-26
2.26466e-21 1.94762e-26
2.26467e-21 1.93144e-26
2.26466e-21 1.89445e-26
2.26466e-21 1.84152e-26
2.26467e-21 1.82508e-26
2.26467e-21 1.90272e-26
2.26468e-21 2.12401e-26
2.26469e-21 2.16346e-26
2.26469e-21 2.11128e-26
2.26469e-21 2.06287e-26
2.26469e-21 2.0156e-26
2.2647e-21 2.16903e-26
2.2647e-21 2.14319e-26
2.26471e-21 2.13681e-26
2.26472e-21 2.18642e-26
2.26472e-21 2.15233e-26
2.26472e-21 2.22943e-26
2.26473e-21 2.20654e-26
2.26473e-21 2.17764e-26
2.26472e-21 2.13741e-26
2.26472e-21 2.09801e-26
2.26472e-21 2.08524e-26
2.26472e-21 2.05854e-26
2.26472e-21 2.03847e-26
2.26471e-21 2.00598e-26
2.26471e-21 1.97161e-26
2.26472e-21 1.93791e-26
2.26472e-21 1.91089e-26
2.26471e-21 1.91899e-26
2.26471e-21 1.95512e-26
2.2647e-21 1.95412e-26
2.2647e-21 1.93999e-26
2.2647e-21 1.91068e-26
2.2647e-21 1.95827e-26
2.2647e-21 1.92947e-26
2.2647e-21 1.91074e-26
2.2647e-21 1.88326e-26
2.2647e-21 1.85995e-26
2.2647e-21 1.84871e-26
2.2647e-21 1.8686e-26
2.26471e-21 1.88309e-26
2.26471e-21 1.8719e-26
2.26471e-21 1.85125e-26
2.26471e-21 1.82907e-26
2.26471e-21 1.80588e-26
2.26471e-21 1.80663e-26
2.2647e-21 1.82234e-26
2.2647e-21 1.82779e-26
2.2647e-21 1.81849e-26
2.2647e-21 1.80874e-26
2.26469e-21 1.79307e-26
2.26469e-21 1.77923e-26
2.26469e-21 1.75876e-26
2.26469e-21 1.73879e-26
2.26469e-21 1.71927e-26
2.26469e-21 1.70617e-26
2.26469e-21 1.68767e-26
2.26469e-21 1.68477e-26
2.26469e-21 1.6849e-26
2.26469e-21 1.68807e-26
2.26468e-21 1.69146e-26
2.26468e-21 1.67649e-26
2.26468e-21 1.65876e-26
2.26468e-21 1.64146e-26
2.26468e-21 1.62446e-26
2.26468e-21 1.60911e-26
2.26468e-21 1.59853e-26
2.26468e-21 1.58496e-26
