2.47078e+06 0
2.45362e+06 17157.2
2.42892e+06 26616.2
2.41908e+06 21234.5
2.41404e+06 17202.7
2.41491e+06 14072.3
2.43306e+06 21706.8
2.44805e+06 24041.3
2.45499e+06 22309.4
2.46127e+06 20919.6
2.46124e+06 18922.5
2.46398e+06 17490.1
2.46991e+06 17145.3
2.47313e+06 16197
2.47805e+06 15861.3
2.48025e+06 14999.5
2.48049e+06 14091.6
2.48106e+06 13297.9
2.48041e+06 12595.3
2.47995e+06 11957.8
2.47976e+06 11375.7
2.48175e+06 11025.7
2.48086e+06 10572.3
2.48028e+06 10138.7
2.47983e+06 9735.39
2.47853e+06 9443.77
2.47737e+06 9159.88
2.47735e+06 8826.71
2.47846e+06 8588.52
2.47935e+06 8344.7
2.47821e+06 8150.55
2.47588e+06 8230.34
2.47583e+06 7977.17
2.47422e+06 7905.64
2.47318e+06 7746.06
2.47409e+06 7582.37
2.47493e+06 7422.02
2.47787e+06 7801.15
2.47934e+06 7738.87
2.4781e+06 7643.09
2.47709e+06 7523.09
2.47764e+06 7362.45
2.48026e+06 7651.95
2.4824e+06 7776.04
2.48356e+06 7689.05
2.48497e+06 7651.16
2.48616e+06 7581.4
2.48835e+06 7736.67
2.49005e+06 7765.13
2.49048e+06 7620.44
2.49147e+06 7535.61
2.49175e+06 7394.47
2.49098e+06 7294.3
2.49083e+06 7159.65
2.49086e+06 7028.36
2.49186e+06 6973.19
2.49329e+06 6997.69
2.49319e+06 6876.74
2.4941e+06 6820.28
2.49449e+06 6717.15
2.4942e+06 6612.28
2.49524e+06 6586.37
2.49628e+06 6564.31
2.49774e+06 6622.78
2.49724e+06 6538.82
2.49741e+06 6441.28
2.49771e+06 6351.38
2.49771e+06 6257.28
2.4965e+06 6283.52
2.49619e+06 6200.91
2.49706e+06 6174.65
2.49757e+06 6109.58
2.49759e+06 6025.34
2.49786e+06 5949.24
2.49814e+06 5876.4
2.49876e+06 5831.62
2.4999e+06 5867.59
2.50043e+06 5815.93
2.50061e+06 5744.61
2.50081e+06 5675.86
2.50076e+06 5605.62
2.50028e+06 5557.12
2.50033e+06 5489.95
2.50067e+06 5434.87
2.50165e+06 5459.7
2.50231e+06 5436.09
2.50302e+06 5419.2
2.50371e+06 5402.32
2.50373e+06 5341.31
2.50379e+06 5281.94
2.50502e+06 5367.22
2.50631e+06 5463.12
2.50757e+06 5549.75
2.5088e+06 5626.41
2.50927e+06 5586.55
2.50925e+06 5528.09
2.50974e+06 5492.85
2.50962e+06 5437.93
2.50982e+06 5386.39
2.50997e+06 5334.5
