2.91895e-21 0
2.89831e-21 2.06355e-23
2.86861e-21 3.2002e-23
2.85679e-21 2.55301e-23
2.85081e-21 2.06611e-23
2.8521e-21 1.69194e-23
2.87301e-21 2.53342e-23
2.8906e-21 2.8119e-23
2.89868e-21 2.60825e-23
2.906e-21 2.44502e-23
2.90608e-21 2.21162e-23
2.90944e-21 2.04672e-23
2.91655e-21 2.01273e-23
2.9205e-21 1.90476e-23
2.92631e-21 1.86597e-23
2.92899e-21 1.76596e-23
2.92929e-21 1.6591e-23
2.92991e-21 1.56542e-23
2.92919e-21 1.48247e-23
2.92875e-21 1.40709e-23
2.92859e-21 1.3385e-23
2.93088e-21 1.29664e-23
2.92971e-21 1.24457e-23
2.92901e-21 1.19363e-23
2.92842e-21 1.14637e-23
2.92692e-21 1.11169e-23
2.92564e-21 1.07729e-23
2.92563e-21 1.0381e-23
2.9269e-21 1.00967e-23
2.92805e-21 9.82191e-24
2.92673e-21 9.59194e-24
2.92399e-21 9.68125e-24
2.92398e-21 9.38331e-24
2.92206e-21 9.30225e-24
2.92082e-21 9.1169e-24
2.92194e-21 8.93048e-24
2.92298e-21 8.74722e-24
2.92645e-21 9.19367e-24
2.92818e-21 9.12084e-24
2.92674e-21 9.00609e-24
2.92559e-21 8.85854e-24
2.92622e-21 8.66808e-24
2.92933e-21 9.01766e-24
2.93186e-21 9.16481e-24
2.93326e-21 9.06903e-24
2.93499e-21 9.0352e-24
2.9364e-21 8.95375e-24
2.93897e-21 9.13384e-24
2.94097e-21 9.16671e-24
2.94148e-21 8.99548e-24
2.94264e-21 8.89458e-24
2.94297e-21 8.72807e-24
2.94206e-21 8.61092e-24
2.94187e-21 8.45207e-24
2.9419e-21 8.29705e-24
2.94309e-21 8.23355e-24
2.94475e-21 8.25557e-24
2.94465e-21 8.1125e-24
2.94574e-21 8.04696e-24
2.9462e-21 7.92505e-24
2.94585e-21 7.80152e-24
2.9471e-21 7.77436e-24
2.94836e-21 7.75446e-24
2.95003e-21 7.81194e-24
2.94944e-21 7.71311e-24
2.94969e-21 7.59926e-24
2.95003e-21 7.49272e-24
2.95001e-21 7.38173e-24
2.94859e-21 7.41166e-24
2.94822e-21 7.31414e-24
2.94924e-21 7.28234e-24
2.94983e-21 7.20417e-24
2.94986e-21 7.10488e-24
2.95017e-21 7.01476e-24
2.9505e-21 6.92876e-24
2.95125e-21 6.87732e-24
2.9526e-21 6.92176e-24
2.95325e-21 6.86256e-24
2.95344e-21 6.77799e-24
2.95369e-21 6.69737e-24
2.95364e-21 6.61435e-24
2.95308e-21 6.55689e-24
2.95313e-21 6.47756e-24
2.95354e-21 6.41325e-24
2.95471e-21 6.4451e-24
2.95549e-21 6.41729e-24
2.95633e-21 6.39818e-24
2.95714e-21 6.37596e-24
2.95718e-21 6.30403e-24
2.95723e-21 6.23386e-24
2.9587e-21 6.33653e-24
2.96022e-21 6.44877e-24
2.96173e-21 6.55499e-24
2.96314e-21 6.63823e-24
2.96371e-21 6.59249e-24
2.96371e-21 6.52346e-24
2.96426e-21 6.48003e-24
2.96412e-21 6.41529e-24
2.96435e-21 6.35435e-24
2.96453e-21 6.29308e-24
