18168.3 0
18349.8 181.503
18602 273.106
18700.7 216.845
18690 168.307
18463.3 265.096
19050.2 628.187
19259.3 582.824
19408.3 535.18
19539.8 496.401
19445.5 458.804
19363 426.88
19309.4 396.304
19214.4 379.006
19254.3 355.078
19202.6 336.144
19190.3 315.991
19242.6 302.481
19194.8 290.084
19104.1 289.784
19052.6 280.396
19107.1 272.839
19213.9 281.729
19223.7 269.912
19256.7 260.988
19222.1 253.118
19141.5 256.563
19125.8 247.728
19166.2 242.415
19088.1 246.861
19066.8 239.713
19027.1 235.483
18997.3 230.172
18991.1 223.385
18994.4 216.934
18961.7 213.353
18929.7 209.96
18959.2 206.479
18971 201.466
18949.3 197.559
18900.2 198.846
18920.8 195.147
18927.7 190.678
18945.8 187.175
18920.1 184.773
18884.1 184.262
18888.4 180.35
18914.9 178.536
18931.3 175.625
18941.1 172.354
18954.1 169.442
18954.7 166.152
18957 163.003
18959.6 159.978
18963.7 157.095
18962.2 154.271
19002.2 156.726
18976.9 156.062
18978.2 153.4
18984.9 150.969
18986.3 148.48
18977.1 146.352
18953.7 145.903
19009.5 154.07
19007.4 151.696
18974.1 153.037
18985.5 151.166
19003.5 150.011
18988.4 148.59
18984.3 146.51
18997 144.984
19016.3 144.253
19006 142.631
19015.8 141.03
19020.4 139.213
19015.5 137.456
19017.2 135.669
19006 134.381
19019.2 133.32
19009.6 131.993
18996 131.063
18989.7 129.608
18999.1 128.384
18993 126.994
18989.5 125.54
18994.4 124.17
18994.8 122.735
19015.5 123.081
19000.6 122.605
19009.2 121.542
19012.1 120.235
19026 119.722
19021.8 118.502
19059.4 123.137
19050.8 122.141
19034.8 121.912
19056.6 122.605
19057.5 121.351
19062.3 120.216
19065.3 119.046
